 
****************************************
Report : area
Design : samul_v2_sequential
Version: U-2022.12-SP7
Date   : Sat Dec 23 18:42:35 2023
****************************************

Information: Updating design information... (UID-85)
Library(s) Used:

    saed90nm_typ_ht (File: /home/user37/Downloads/Lab4/ref/models/saed90nm_typ_ht.db)

Number of ports:                        10202
Number of nets:                         12764
Number of cells:                         3798
Number of combinational cells:           3075
Number of sequential cells:               132
Number of macros/black boxes:               0
Number of buf/inv:                        391
Number of references:                       7

Combinational area:              54280.396024
Buf/Inv area:                     2162.073656
Noncombinational area:            4256.870468
Macro/Black Box area:                0.000000
Net Interconnect area:            2264.373813

Total cell area:                 58537.266492
Total area:                      60801.640305
1
