 
****************************************
Report : cell
Design : floating_point_multiplier_sequential
Version: G-2012.06-ICC-SP2
Date   : Tue Dec 29 05:08:08 2015
****************************************

Attributes:
    b - black box (unknown)
    d - dont_touch
    h - hierarchical
    n - noncombinational
    r - removable
    u - contains unmapped logic

Cell                      Reference       Library             Area  Attributes
--------------------------------------------------------------------------------
INV_X32_G1B1I1            INV_X32         NangateOpenCellLibrary_ss0p95vn40c
                                                          8.778000  d
U1                        INV_X4          NangateOpenCellLibrary_ss0p95vn40c
                                                          1.330000  
U2                        AND2_X2         NangateOpenCellLibrary_ss0p95vn40c
                                                          1.330000  
U3                        INV_X1          NangateOpenCellLibrary_ss0p95vn40c
                                                          0.532000  
U4                        NOR2_X2         NangateOpenCellLibrary_ss0p95vn40c
                                                          1.330000  
U6                        INV_X4          NangateOpenCellLibrary_ss0p95vn40c
                                                          1.330000  
U9                        INV_X2          NangateOpenCellLibrary_ss0p95vn40c
                                                          0.798000  
U128                      AND2_X2         NangateOpenCellLibrary_ss0p95vn40c
                                                          1.330000  
U129                      AND2_X2         NangateOpenCellLibrary_ss0p95vn40c
                                                          1.330000  
U130                      AND2_X2         NangateOpenCellLibrary_ss0p95vn40c
                                                          1.330000  
U131                      AND2_X2         NangateOpenCellLibrary_ss0p95vn40c
                                                          1.330000  
U132                      AND2_X2         NangateOpenCellLibrary_ss0p95vn40c
                                                          1.330000  
U133                      AND2_X2         NangateOpenCellLibrary_ss0p95vn40c
                                                          1.330000  
U134                      NOR2_X4         NangateOpenCellLibrary_ss0p95vn40c
                                                          2.394000  
U135                      NOR2_X4         NangateOpenCellLibrary_ss0p95vn40c
                                                          2.394000  
U136                      XOR2_X1         NangateOpenCellLibrary_ss0p95vn40c
                                                          1.596000  
U137                      INV_X1          NangateOpenCellLibrary_ss0p95vn40c
                                                          0.532000  
U138                      INV_X1          NangateOpenCellLibrary_ss0p95vn40c
                                                          0.532000  
U139                      INV_X1          NangateOpenCellLibrary_ss0p95vn40c
                                                          0.532000  
U140                      INV_X1          NangateOpenCellLibrary_ss0p95vn40c
                                                          0.532000  
U141                      INV_X1          NangateOpenCellLibrary_ss0p95vn40c
                                                          0.532000  
U142                      INV_X1          NangateOpenCellLibrary_ss0p95vn40c
                                                          0.532000  
U143                      INV_X1          NangateOpenCellLibrary_ss0p95vn40c
                                                          0.532000  
U144                      INV_X1          NangateOpenCellLibrary_ss0p95vn40c
                                                          0.532000  
U145                      INV_X1          NangateOpenCellLibrary_ss0p95vn40c
                                                          0.532000  
U146                      INV_X1          NangateOpenCellLibrary_ss0p95vn40c
                                                          0.532000  
U147                      INV_X1          NangateOpenCellLibrary_ss0p95vn40c
                                                          0.532000  
U148                      INV_X1          NangateOpenCellLibrary_ss0p95vn40c
                                                          0.532000  
U149                      INV_X1          NangateOpenCellLibrary_ss0p95vn40c
                                                          0.532000  
U150                      INV_X1          NangateOpenCellLibrary_ss0p95vn40c
                                                          0.532000  
U151                      INV_X1          NangateOpenCellLibrary_ss0p95vn40c
                                                          0.532000  
U152                      INV_X1          NangateOpenCellLibrary_ss0p95vn40c
                                                          0.532000  
U153                      INV_X1          NangateOpenCellLibrary_ss0p95vn40c
                                                          0.532000  
U154                      INV_X1          NangateOpenCellLibrary_ss0p95vn40c
                                                          0.532000  
U155                      INV_X1          NangateOpenCellLibrary_ss0p95vn40c
                                                          0.532000  
U156                      INV_X1          NangateOpenCellLibrary_ss0p95vn40c
                                                          0.532000  
U157                      INV_X1          NangateOpenCellLibrary_ss0p95vn40c
                                                          0.532000  
U159                      OAI221_X1       NangateOpenCellLibrary_ss0p95vn40c
                                                          1.596000  
U160                      AOI22_X1        NangateOpenCellLibrary_ss0p95vn40c
                                                          1.330000  
U161                      OAI221_X1       NangateOpenCellLibrary_ss0p95vn40c
                                                          1.596000  
U162                      AOI22_X1        NangateOpenCellLibrary_ss0p95vn40c
                                                          1.330000  
U163                      OAI221_X1       NangateOpenCellLibrary_ss0p95vn40c
                                                          1.596000  
U164                      AOI22_X1        NangateOpenCellLibrary_ss0p95vn40c
                                                          1.330000  
U165                      OAI221_X1       NangateOpenCellLibrary_ss0p95vn40c
                                                          1.596000  
U166                      AOI22_X1        NangateOpenCellLibrary_ss0p95vn40c
                                                          1.330000  
U167                      OAI221_X1       NangateOpenCellLibrary_ss0p95vn40c
                                                          1.596000  
U168                      AOI22_X1        NangateOpenCellLibrary_ss0p95vn40c
                                                          1.330000  
U169                      OAI221_X1       NangateOpenCellLibrary_ss0p95vn40c
                                                          1.596000  
U170                      AOI22_X1        NangateOpenCellLibrary_ss0p95vn40c
                                                          1.330000  
U171                      OAI221_X1       NangateOpenCellLibrary_ss0p95vn40c
                                                          1.596000  
U172                      AOI22_X1        NangateOpenCellLibrary_ss0p95vn40c
                                                          1.330000  
U173                      OAI221_X1       NangateOpenCellLibrary_ss0p95vn40c
                                                          1.596000  
U174                      AOI22_X1        NangateOpenCellLibrary_ss0p95vn40c
                                                          1.330000  
U175                      OAI221_X1       NangateOpenCellLibrary_ss0p95vn40c
                                                          1.596000  
U176                      AOI22_X1        NangateOpenCellLibrary_ss0p95vn40c
                                                          1.330000  
U177                      OAI221_X1       NangateOpenCellLibrary_ss0p95vn40c
                                                          1.596000  
U178                      AOI22_X1        NangateOpenCellLibrary_ss0p95vn40c
                                                          1.330000  
U179                      OAI221_X1       NangateOpenCellLibrary_ss0p95vn40c
                                                          1.596000  
U180                      AOI22_X1        NangateOpenCellLibrary_ss0p95vn40c
                                                          1.330000  
U181                      OAI221_X1       NangateOpenCellLibrary_ss0p95vn40c
                                                          1.596000  
U182                      AOI22_X1        NangateOpenCellLibrary_ss0p95vn40c
                                                          1.330000  
U183                      OAI221_X1       NangateOpenCellLibrary_ss0p95vn40c
                                                          1.596000  
U184                      AOI22_X1        NangateOpenCellLibrary_ss0p95vn40c
                                                          1.330000  
U185                      OAI221_X1       NangateOpenCellLibrary_ss0p95vn40c
                                                          1.596000  
U186                      AOI22_X1        NangateOpenCellLibrary_ss0p95vn40c
                                                          1.330000  
U187                      OAI221_X1       NangateOpenCellLibrary_ss0p95vn40c
                                                          1.596000  
U188                      AOI22_X1        NangateOpenCellLibrary_ss0p95vn40c
                                                          1.330000  
U189                      OAI221_X1       NangateOpenCellLibrary_ss0p95vn40c
                                                          1.596000  
U190                      AOI22_X1        NangateOpenCellLibrary_ss0p95vn40c
                                                          1.330000  
U191                      OAI221_X1       NangateOpenCellLibrary_ss0p95vn40c
                                                          1.596000  
U192                      AOI22_X1        NangateOpenCellLibrary_ss0p95vn40c
                                                          1.330000  
U193                      OAI221_X1       NangateOpenCellLibrary_ss0p95vn40c
                                                          1.596000  
U194                      AOI22_X1        NangateOpenCellLibrary_ss0p95vn40c
                                                          1.330000  
U195                      OAI221_X1       NangateOpenCellLibrary_ss0p95vn40c
                                                          1.596000  
U196                      AOI22_X1        NangateOpenCellLibrary_ss0p95vn40c
                                                          1.330000  
U197                      OAI221_X1       NangateOpenCellLibrary_ss0p95vn40c
                                                          1.596000  
U198                      INV_X1          NangateOpenCellLibrary_ss0p95vn40c
                                                          0.532000  
U199                      AOI22_X1        NangateOpenCellLibrary_ss0p95vn40c
                                                          1.330000  
U207                      NAND2_X1        NangateOpenCellLibrary_ss0p95vn40c
                                                          0.798000  
U208                      AOI22_X1        NangateOpenCellLibrary_ss0p95vn40c
                                                          1.330000  
U209                      AOI22_X1        NangateOpenCellLibrary_ss0p95vn40c
                                                          1.330000  
U210                      AOI22_X2        NangateOpenCellLibrary_ss0p95vn40c
                                                          2.394000  
U211                      NAND2_X4        NangateOpenCellLibrary_ss0p95vn40c
                                                          2.394000  
U213                      OAI221_X1       NangateOpenCellLibrary_ss0p95vn40c
                                                          1.596000  
U214                      INV_X1          NangateOpenCellLibrary_ss0p95vn40c
                                                          0.532000  
U215                      AOI22_X1        NangateOpenCellLibrary_ss0p95vn40c
                                                          1.330000  
U217                      AOI22_X1        NangateOpenCellLibrary_ss0p95vn40c
                                                          1.330000  
U218                      INV_X1          NangateOpenCellLibrary_ss0p95vn40c
                                                          0.532000  
U219                      NOR2_X1         NangateOpenCellLibrary_ss0p95vn40c
                                                          0.798000  
U220                      NAND2_X1        NangateOpenCellLibrary_ss0p95vn40c
                                                          0.798000  
U221                      AOI22_X1        NangateOpenCellLibrary_ss0p95vn40c
                                                          1.330000  
U222                      AOI22_X1        NangateOpenCellLibrary_ss0p95vn40c
                                                          1.330000  
U223                      INV_X1          NangateOpenCellLibrary_ss0p95vn40c
                                                          0.532000  
U224                      AOI22_X1        NangateOpenCellLibrary_ss0p95vn40c
                                                          1.330000  
U225                      INV_X1          NangateOpenCellLibrary_ss0p95vn40c
                                                          0.532000  
U226                      INV_X1          NangateOpenCellLibrary_ss0p95vn40c
                                                          0.532000  
U227                      AOI22_X1        NangateOpenCellLibrary_ss0p95vn40c
                                                          1.330000  
U228                      XNOR2_X1        NangateOpenCellLibrary_ss0p95vn40c
                                                          1.596000  
U229                      INV_X1          NangateOpenCellLibrary_ss0p95vn40c
                                                          0.532000  
U230                      AOI22_X1        NangateOpenCellLibrary_ss0p95vn40c
                                                          1.330000  
U231                      XNOR2_X1        NangateOpenCellLibrary_ss0p95vn40c
                                                          1.596000  
U232                      INV_X1          NangateOpenCellLibrary_ss0p95vn40c
                                                          0.532000  
U233                      AOI22_X1        NangateOpenCellLibrary_ss0p95vn40c
                                                          1.330000  
U234                      XNOR2_X1        NangateOpenCellLibrary_ss0p95vn40c
                                                          1.596000  
U235                      INV_X1          NangateOpenCellLibrary_ss0p95vn40c
                                                          0.532000  
U236                      AOI22_X1        NangateOpenCellLibrary_ss0p95vn40c
                                                          1.330000  
U237                      XNOR2_X1        NangateOpenCellLibrary_ss0p95vn40c
                                                          1.596000  
U238                      INV_X1          NangateOpenCellLibrary_ss0p95vn40c
                                                          0.532000  
U239                      AOI22_X1        NangateOpenCellLibrary_ss0p95vn40c
                                                          1.330000  
U240                      XNOR2_X1        NangateOpenCellLibrary_ss0p95vn40c
                                                          1.596000  
U241                      INV_X1          NangateOpenCellLibrary_ss0p95vn40c
                                                          0.532000  
U242                      AOI22_X1        NangateOpenCellLibrary_ss0p95vn40c
                                                          1.330000  
U243                      XNOR2_X1        NangateOpenCellLibrary_ss0p95vn40c
                                                          1.596000  
U244                      OR2_X1          NangateOpenCellLibrary_ss0p95vn40c
                                                          1.064000  
U245                      OR2_X1          NangateOpenCellLibrary_ss0p95vn40c
                                                          1.064000  
U246                      OR2_X1          NangateOpenCellLibrary_ss0p95vn40c
                                                          1.064000  
U247                      OR2_X1          NangateOpenCellLibrary_ss0p95vn40c
                                                          1.064000  
U248                      OR2_X1          NangateOpenCellLibrary_ss0p95vn40c
                                                          1.064000  
U249                      OR2_X1          NangateOpenCellLibrary_ss0p95vn40c
                                                          1.064000  
U250                      AND4_X2         NangateOpenCellLibrary_ss0p95vn40c
                                                          1.862000  
U251                      INV_X1          NangateOpenCellLibrary_ss0p95vn40c
                                                          0.532000  
U252                      XNOR2_X1        NangateOpenCellLibrary_ss0p95vn40c
                                                          1.596000  
U253                      XOR2_X1         NangateOpenCellLibrary_ss0p95vn40c
                                                          1.596000  
U254                      XOR2_X1         NangateOpenCellLibrary_ss0p95vn40c
                                                          1.596000  
U255                      XOR2_X1         NangateOpenCellLibrary_ss0p95vn40c
                                                          1.596000  
U256                      XOR2_X1         NangateOpenCellLibrary_ss0p95vn40c
                                                          1.596000  
U257                      XOR2_X1         NangateOpenCellLibrary_ss0p95vn40c
                                                          1.596000  
U258                      AND2_X1         NangateOpenCellLibrary_ss0p95vn40c
                                                          1.064000  
U259                      AND2_X1         NangateOpenCellLibrary_ss0p95vn40c
                                                          1.064000  
U260                      AND2_X1         NangateOpenCellLibrary_ss0p95vn40c
                                                          1.064000  
U261                      AND2_X1         NangateOpenCellLibrary_ss0p95vn40c
                                                          1.064000  
U262                      NAND2_X1        NangateOpenCellLibrary_ss0p95vn40c
                                                          0.798000  
U263                      OAI221_X2       NangateOpenCellLibrary_ss0p95vn40c
                                                          2.926000  
U264                      INV_X1          NangateOpenCellLibrary_ss0p95vn40c
                                                          0.532000  
U265                      NAND4_X1        NangateOpenCellLibrary_ss0p95vn40c
                                                          1.330000  
U266                      NAND4_X1        NangateOpenCellLibrary_ss0p95vn40c
                                                          1.330000  
U267                      NOR4_X1         NangateOpenCellLibrary_ss0p95vn40c
                                                          1.330000  
U268                      NOR4_X1         NangateOpenCellLibrary_ss0p95vn40c
                                                          1.330000  
U269                      NOR4_X1         NangateOpenCellLibrary_ss0p95vn40c
                                                          1.330000  
U270                      NOR4_X1         NangateOpenCellLibrary_ss0p95vn40c
                                                          1.330000  
U271                      NOR4_X1         NangateOpenCellLibrary_ss0p95vn40c
                                                          1.330000  
U272                      NOR4_X1         NangateOpenCellLibrary_ss0p95vn40c
                                                          1.330000  
U273                      NOR4_X1         NangateOpenCellLibrary_ss0p95vn40c
                                                          1.330000  
U274                      NOR4_X1         NangateOpenCellLibrary_ss0p95vn40c
                                                          1.330000  
U275                      NOR4_X1         NangateOpenCellLibrary_ss0p95vn40c
                                                          1.330000  
U276                      NOR4_X1         NangateOpenCellLibrary_ss0p95vn40c
                                                          1.330000  
U277                      NAND4_X1        NangateOpenCellLibrary_ss0p95vn40c
                                                          1.330000  
U278                      NOR4_X1         NangateOpenCellLibrary_ss0p95vn40c
                                                          1.330000  
U279                      NOR4_X1         NangateOpenCellLibrary_ss0p95vn40c
                                                          1.330000  
U280                      NOR4_X1         NangateOpenCellLibrary_ss0p95vn40c
                                                          1.330000  
U281                      NAND4_X1        NangateOpenCellLibrary_ss0p95vn40c
                                                          1.330000  
U282                      NOR4_X1         NangateOpenCellLibrary_ss0p95vn40c
                                                          1.330000  
U283                      NOR4_X1         NangateOpenCellLibrary_ss0p95vn40c
                                                          1.330000  
U284                      NOR4_X1         NangateOpenCellLibrary_ss0p95vn40c
                                                          1.330000  
U285                      NOR2_X1         NangateOpenCellLibrary_ss0p95vn40c
                                                          0.798000  
U286                      XNOR2_X1        NangateOpenCellLibrary_ss0p95vn40c
                                                          1.596000  
add_0_root_add_0_root_add_61_cf
                          floating_point_multiplier_sequential_DW01_add_2
                                                          32.452000 h
add_65                    floating_point_multiplier_sequential_DW01_inc_0
                                                          92.036000 h
mult_62                   floating_point_multiplier_sequential_DW02_mult_0
                                                          4856.627956
                                                                    h
reg_overflow_reg          DFF_X1          NangateOpenCellLibrary_ss0p95vn40c
                                                          4.522000  n
reg_result_reg_0_         DFF_X1          NangateOpenCellLibrary_ss0p95vn40c
                                                          4.522000  n
reg_result_reg_1_         DFF_X1          NangateOpenCellLibrary_ss0p95vn40c
                                                          4.522000  n
reg_result_reg_2_         DFF_X1          NangateOpenCellLibrary_ss0p95vn40c
                                                          4.522000  n
reg_result_reg_3_         DFF_X1          NangateOpenCellLibrary_ss0p95vn40c
                                                          4.522000  n
reg_result_reg_4_         DFF_X1          NangateOpenCellLibrary_ss0p95vn40c
                                                          4.522000  n
reg_result_reg_5_         DFF_X1          NangateOpenCellLibrary_ss0p95vn40c
                                                          4.522000  n
reg_result_reg_6_         DFF_X1          NangateOpenCellLibrary_ss0p95vn40c
                                                          4.522000  n
reg_result_reg_7_         DFF_X1          NangateOpenCellLibrary_ss0p95vn40c
                                                          4.522000  n
reg_result_reg_8_         DFF_X1          NangateOpenCellLibrary_ss0p95vn40c
                                                          4.522000  n
reg_result_reg_9_         DFF_X1          NangateOpenCellLibrary_ss0p95vn40c
                                                          4.522000  n
reg_result_reg_10_        DFF_X1          NangateOpenCellLibrary_ss0p95vn40c
                                                          4.522000  n
reg_result_reg_11_        DFF_X1          NangateOpenCellLibrary_ss0p95vn40c
                                                          4.522000  n
reg_result_reg_12_        DFF_X1          NangateOpenCellLibrary_ss0p95vn40c
                                                          4.522000  n
reg_result_reg_13_        DFF_X1          NangateOpenCellLibrary_ss0p95vn40c
                                                          4.522000  n
reg_result_reg_14_        DFF_X1          NangateOpenCellLibrary_ss0p95vn40c
                                                          4.522000  n
reg_result_reg_15_        DFF_X1          NangateOpenCellLibrary_ss0p95vn40c
                                                          4.522000  n
reg_result_reg_16_        DFF_X1          NangateOpenCellLibrary_ss0p95vn40c
                                                          4.522000  n
reg_result_reg_17_        DFF_X1          NangateOpenCellLibrary_ss0p95vn40c
                                                          4.522000  n
reg_result_reg_18_        DFF_X1          NangateOpenCellLibrary_ss0p95vn40c
                                                          4.522000  n
reg_result_reg_19_        DFF_X1          NangateOpenCellLibrary_ss0p95vn40c
                                                          4.522000  n
reg_result_reg_20_        DFF_X1          NangateOpenCellLibrary_ss0p95vn40c
                                                          4.522000  n
reg_result_reg_21_        DFF_X1          NangateOpenCellLibrary_ss0p95vn40c
                                                          4.522000  n
reg_result_reg_22_        DFF_X1          NangateOpenCellLibrary_ss0p95vn40c
                                                          4.522000  n
reg_result_reg_23_        DFF_X1          NangateOpenCellLibrary_ss0p95vn40c
                                                          4.522000  n
reg_result_reg_24_        DFF_X1          NangateOpenCellLibrary_ss0p95vn40c
                                                          4.522000  n
reg_result_reg_25_        DFF_X1          NangateOpenCellLibrary_ss0p95vn40c
                                                          4.522000  n
reg_result_reg_26_        DFF_X1          NangateOpenCellLibrary_ss0p95vn40c
                                                          4.522000  n
reg_result_reg_27_        DFF_X1          NangateOpenCellLibrary_ss0p95vn40c
                                                          4.522000  n
reg_result_reg_28_        DFF_X1          NangateOpenCellLibrary_ss0p95vn40c
                                                          4.522000  n
reg_result_reg_29_        DFF_X1          NangateOpenCellLibrary_ss0p95vn40c
                                                          4.522000  n
reg_result_reg_30_        DFF_X1          NangateOpenCellLibrary_ss0p95vn40c
                                                          4.522000  n
reg_result_reg_31_        DFF_X1          NangateOpenCellLibrary_ss0p95vn40c
                                                          4.522000  n
--------------------------------------------------------------------------------
Total 192 cells                                           5327.181953
1
