 
****************************************
Report : area
Design : floating_point_multiplier_sequential
Version: G-2012.06-ICC-SP2
Date   : Tue Dec 29 05:08:11 2015
****************************************

Library(s) Used:

    NangateOpenCellLibrary_ss0p95vn40c (File: /home/standard_cell_libraries/NangateOpenCellLibrary_PDKv1_3_v2010_12/lib/Front_End/Liberty/NLDM/NangateOpenCellLibrary_ss0p95vn40c.db)

Number of ports:                          101
Number of nets:                           342
Number of cells:                          192
Number of combinational cells:            156
Number of sequential cells:                33
Number of macros:                           0
Number of buf/inv:                         39
Number of references:                      25

Combinational area:       5177.955958
Buf/Inv area:              677.501999
Noncombinational area:     149.225995
Net Interconnect area:      undefined  (Wire load has zero net area)

Total cell area:          5327.181953
Total area:                 undefined
1
