 
****************************************
Report : resources
Design : tree_multiplier
Version: U-2022.12-SP7
Date   : Sat Dec 23 17:07:46 2023
****************************************

Resource Sharing Report for design tree_multiplier in file
        ./source/tree_multiplier.v

===============================================================================
|          |              |            | Contained     |                      |
| Resource | Module       | Parameters | Resources     | Contained Operations |
===============================================================================
| r87      | DW01_add     | width=64   |               | add_69               |
===============================================================================


Implementation Report
===============================================================================
|                    |                  | Current            | Set            |
| Cell               | Module           | Implementation     | Implementation |
===============================================================================
| add_69             | DW01_add         | rpl                |                |
===============================================================================

1
