 
****************************************
Report : qor
Design : tree_multiplier
Version: U-2022.12-SP7
Date   : Sat Dec 23 17:07:46 2023
****************************************


  Timing Path Group (none)
  -----------------------------------
  Levels of Logic:              78.00
  Critical Path Length:         43.29
  Critical Path Slack:         uninit
  Critical Path Clk Period:       n/a
  Total Negative Slack:          0.00
  No. of Violating Paths:        0.00
  Worst Hold Violation:          0.00
  Total Hold Violation:          0.00
  No. of Hold Violations:        0.00
  -----------------------------------


  Cell Count
  -----------------------------------
  Hierarchical Cell Count:       1957
  Hierarchical Port Count:      19908
  Leaf Cell Count:               7363
  Buf/Inv Cell Count:             261
  Buf Cell Count:                   0
  Inv Cell Count:                 261
  CT Buf/Inv Cell Count:            0
  Combinational Cell Count:      7363
  Sequential Cell Count:            0
  Macro Count:                      0
  -----------------------------------


  Area
  -----------------------------------
  Combinational Area:    88419.226554
  Noncombinational Area:     0.000000
  Buf/Inv Area:           1443.225637
  Total Buffer Area:             0.00
  Total Inverter Area:        1443.23
  Macro/Black Box Area:      0.000000
  Net Area:               9139.753529
  -----------------------------------
  Cell Area:             88419.226554
  Design Area:           97558.980083


  Design Rules
  -----------------------------------
  Total Number of Nets:          7672
  Nets With Violations:             0
  Max Trans Violations:             0
  Max Cap Violations:               0
  -----------------------------------


  Hostname: ip-172-31-17-209.ec2.internal

  Compile CPU Statistics
  -----------------------------------------
  Resource Sharing:                    2.24
  Logic Optimization:                  4.97
  Mapping Optimization:                1.64
  -----------------------------------------
  Overall Compile Time:               11.38
  Overall Compile Wall Clock Time:    11.61

  --------------------------------------------------------------------

  Design  WNS: 0.00  TNS: 0.00  Number of Violating Paths: 0


  Design (Hold)  WNS: 0.00  TNS: 0.00  Number of Violating Paths: 0

  --------------------------------------------------------------------


1
