 
****************************************
Report : area
Design : tree_multiplier_sequential
Version: U-2022.12-SP7
Date   : Sat Dec 23 20:34:43 2023
****************************************

Information: Updating design information... (UID-85)
Warning: Design 'tree_multiplier_sequential' contains 1 high-fanout nets. A fanout number of 1000 will be used for delay calculations involving these nets. (TIM-134)
Library(s) Used:

    saed90nm_typ_ht (File: /home/user37/Downloads/Lab4/ref/models/saed90nm_typ_ht.db)

Number of ports:                        20166
Number of nets:                         27862
Number of cells:                         9596
Number of combinational cells:           7445
Number of sequential cells:               131
Number of macros/black boxes:               0
Number of buf/inv:                        341
Number of references:                       7

Combinational area:              88987.853690
Buf/Inv area:                     1885.593649
Noncombinational area:            4224.614468
Macro/Black Box area:                0.000000
Net Interconnect area:            8650.491145

Total cell area:                 93212.468158
Total area:                     101862.959302
1
