 
****************************************
Report : timing
        -path full
        -delay max
        -max_paths 200
Design : halfadder
Version: U-2022.12-SP7
Date   : Sat Dec 23 17:19:06 2023
****************************************

Operating Conditions: TYPICAL   Library: saed90nm_typ_ht
Wire Load Model Mode: enclosed

  Startpoint: a (input port)
  Endpoint: sum (output port)
  Path Group: (none)
  Path Type: max

  Des/Clust/Port     Wire Load Model       Library
  ------------------------------------------------
  halfadder          ForQA                 saed90nm_typ_ht

  Point                                    Incr       Path
  -----------------------------------------------------------
  input external delay                     0.20       0.20 r
  a (in)                                   0.00       0.20 r
  U3/Q (XOR2X1)                            0.22       0.42 f
  sum (out)                                0.17       0.60 f
  data arrival time                                   0.60
  -----------------------------------------------------------
  (Path is unconstrained)


  Startpoint: a (input port)
  Endpoint: carry (output port)
  Path Group: (none)
  Path Type: max

  Des/Clust/Port     Wire Load Model       Library
  ------------------------------------------------
  halfadder          ForQA                 saed90nm_typ_ht

  Point                                    Incr       Path
  -----------------------------------------------------------
  input external delay                     0.20       0.20 f
  a (in)                                   0.00       0.20 f
  U4/Q (AND2X1)                            0.15       0.35 f
  carry (out)                              0.17       0.52 f
  data arrival time                                   0.52
  -----------------------------------------------------------
  (Path is unconstrained)


1
