Information: Propagating switching activity (low effort zero delay simulation). (PWR-6)
Warning: There is no defined clock in the design. (PWR-80)
Warning: Design has unannotated primary inputs. (PWR-414)
 
****************************************
Report : power
        -analysis_effort low
Design : halfadder
Version: U-2022.12-SP7
Date   : Sat Dec 23 17:19:06 2023
****************************************


Library(s) Used:

    saed90nm_typ_ht (File: /home/user37/Downloads/Lab4/ref/models/saed90nm_typ_ht.db)


Operating Conditions: TYPICAL   Library: saed90nm_typ_ht
Wire Load Model Mode: enclosed

Design        Wire Load Model            Library
------------------------------------------------
halfadder              ForQA             saed90nm_typ_ht


Global Operating Voltage = 1.2  
Power-specific unit information :
    Voltage Units = 1V
    Capacitance Units = 1.000000ff
    Time Units = 1ns
    Dynamic Power Units = 1uW    (derived from V,C,T units)
    Leakage Power Units = 1pW


Attributes
----------
i - Including register clock pin internal power


  Cell Internal Power  =   4.7360 uW   (69%)
  Net Switching Power  =   2.1562 uW   (31%)
                         ---------
Total Dynamic Power    =   6.8922 uW  (100%)

Cell Leakage Power     = 413.2859 nW

Information: report_power power group summary does not include estimated clock tree power. (PWR-789)

                 Internal         Switching           Leakage            Total
Power Group      Power            Power               Power              Power   (   %    )  Attrs
--------------------------------------------------------------------------------------------------
io_pad             0.0000            0.0000            0.0000            0.0000  (   0.00%)
memory             0.0000            0.0000            0.0000            0.0000  (   0.00%)
black_box          0.0000            0.0000            0.0000            0.0000  (   0.00%)
clock_network      0.0000            0.0000            0.0000            0.0000  (   0.00%)  i
register           0.0000            0.0000            0.0000            0.0000  (   0.00%)
sequential         0.0000            0.0000            0.0000            0.0000  (   0.00%)
combinational      4.7360            2.1562        4.1329e+05            7.3055  ( 100.00%)
--------------------------------------------------------------------------------------------------
Total              4.7360 uW         2.1562 uW     4.1329e+05 pW         7.3055 uW
1
