 
****************************************
Report : cell
Design : floating_point_multiplier_sequential
Version: G-2012.06-SP2
Date   : Tue Dec 29 05:03:15 2015
****************************************

Attributes:
   BO - reference allows boundary optimization
    b - black box (unknown)
    h - hierarchical
    n - noncombinational
    r - removable
    u - contains unmapped logic

Cell                      Reference       Library             Area  Attributes
--------------------------------------------------------------------------------
U128                      AND2_X1         NangateOpenCellLibrary_ss0p95vn40c
                                                          1.064000  
U129                      AND2_X1         NangateOpenCellLibrary_ss0p95vn40c
                                                          1.064000  
U130                      AND2_X1         NangateOpenCellLibrary_ss0p95vn40c
                                                          1.064000  
U131                      AND2_X1         NangateOpenCellLibrary_ss0p95vn40c
                                                          1.064000  
U132                      AND2_X1         NangateOpenCellLibrary_ss0p95vn40c
                                                          1.064000  
U133                      AND2_X1         NangateOpenCellLibrary_ss0p95vn40c
                                                          1.064000  
U134                      NOR2_X1         NangateOpenCellLibrary_ss0p95vn40c
                                                          0.798000  
U135                      NOR2_X1         NangateOpenCellLibrary_ss0p95vn40c
                                                          0.798000  
U136                      XOR2_X1         NangateOpenCellLibrary_ss0p95vn40c
                                                          1.596000  
U137                      INV_X1          NangateOpenCellLibrary_ss0p95vn40c
                                                          0.532000  
U138                      INV_X1          NangateOpenCellLibrary_ss0p95vn40c
                                                          0.532000  
U139                      INV_X1          NangateOpenCellLibrary_ss0p95vn40c
                                                          0.532000  
U140                      INV_X1          NangateOpenCellLibrary_ss0p95vn40c
                                                          0.532000  
U141                      INV_X1          NangateOpenCellLibrary_ss0p95vn40c
                                                          0.532000  
U142                      INV_X1          NangateOpenCellLibrary_ss0p95vn40c
                                                          0.532000  
U143                      INV_X1          NangateOpenCellLibrary_ss0p95vn40c
                                                          0.532000  
U144                      INV_X1          NangateOpenCellLibrary_ss0p95vn40c
                                                          0.532000  
U145                      INV_X1          NangateOpenCellLibrary_ss0p95vn40c
                                                          0.532000  
U146                      INV_X1          NangateOpenCellLibrary_ss0p95vn40c
                                                          0.532000  
U147                      INV_X1          NangateOpenCellLibrary_ss0p95vn40c
                                                          0.532000  
U148                      INV_X1          NangateOpenCellLibrary_ss0p95vn40c
                                                          0.532000  
U149                      INV_X1          NangateOpenCellLibrary_ss0p95vn40c
                                                          0.532000  
U150                      INV_X1          NangateOpenCellLibrary_ss0p95vn40c
                                                          0.532000  
U151                      INV_X1          NangateOpenCellLibrary_ss0p95vn40c
                                                          0.532000  
U152                      INV_X1          NangateOpenCellLibrary_ss0p95vn40c
                                                          0.532000  
U153                      INV_X1          NangateOpenCellLibrary_ss0p95vn40c
                                                          0.532000  
U154                      INV_X1          NangateOpenCellLibrary_ss0p95vn40c
                                                          0.532000  
U155                      INV_X1          NangateOpenCellLibrary_ss0p95vn40c
                                                          0.532000  
U156                      INV_X1          NangateOpenCellLibrary_ss0p95vn40c
                                                          0.532000  
U157                      INV_X1          NangateOpenCellLibrary_ss0p95vn40c
                                                          0.532000  
U158                      BUF_X1          NangateOpenCellLibrary_ss0p95vn40c
                                                          0.798000  
U159                      OAI221_X1       NangateOpenCellLibrary_ss0p95vn40c
                                                          1.596000  
U160                      AOI22_X1        NangateOpenCellLibrary_ss0p95vn40c
                                                          1.330000  
U161                      OAI221_X1       NangateOpenCellLibrary_ss0p95vn40c
                                                          1.596000  
U162                      AOI22_X1        NangateOpenCellLibrary_ss0p95vn40c
                                                          1.330000  
U163                      OAI221_X1       NangateOpenCellLibrary_ss0p95vn40c
                                                          1.596000  
U164                      AOI22_X1        NangateOpenCellLibrary_ss0p95vn40c
                                                          1.330000  
U165                      OAI221_X1       NangateOpenCellLibrary_ss0p95vn40c
                                                          1.596000  
U166                      AOI22_X1        NangateOpenCellLibrary_ss0p95vn40c
                                                          1.330000  
U167                      OAI221_X1       NangateOpenCellLibrary_ss0p95vn40c
                                                          1.596000  
U168                      AOI22_X1        NangateOpenCellLibrary_ss0p95vn40c
                                                          1.330000  
U169                      OAI221_X1       NangateOpenCellLibrary_ss0p95vn40c
                                                          1.596000  
U170                      AOI22_X1        NangateOpenCellLibrary_ss0p95vn40c
                                                          1.330000  
U171                      OAI221_X1       NangateOpenCellLibrary_ss0p95vn40c
                                                          1.596000  
U172                      AOI22_X1        NangateOpenCellLibrary_ss0p95vn40c
                                                          1.330000  
U173                      OAI221_X1       NangateOpenCellLibrary_ss0p95vn40c
                                                          1.596000  
U174                      AOI22_X1        NangateOpenCellLibrary_ss0p95vn40c
                                                          1.330000  
U175                      OAI221_X1       NangateOpenCellLibrary_ss0p95vn40c
                                                          1.596000  
U176                      AOI22_X1        NangateOpenCellLibrary_ss0p95vn40c
                                                          1.330000  
U177                      OAI221_X1       NangateOpenCellLibrary_ss0p95vn40c
                                                          1.596000  
U178                      AOI22_X1        NangateOpenCellLibrary_ss0p95vn40c
                                                          1.330000  
U179                      OAI221_X1       NangateOpenCellLibrary_ss0p95vn40c
                                                          1.596000  
U180                      AOI22_X1        NangateOpenCellLibrary_ss0p95vn40c
                                                          1.330000  
U181                      OAI221_X1       NangateOpenCellLibrary_ss0p95vn40c
                                                          1.596000  
U182                      AOI22_X1        NangateOpenCellLibrary_ss0p95vn40c
                                                          1.330000  
U183                      OAI221_X1       NangateOpenCellLibrary_ss0p95vn40c
                                                          1.596000  
U184                      AOI22_X1        NangateOpenCellLibrary_ss0p95vn40c
                                                          1.330000  
U185                      OAI221_X1       NangateOpenCellLibrary_ss0p95vn40c
                                                          1.596000  
U186                      AOI22_X1        NangateOpenCellLibrary_ss0p95vn40c
                                                          1.330000  
U187                      OAI221_X1       NangateOpenCellLibrary_ss0p95vn40c
                                                          1.596000  
U188                      AOI22_X1        NangateOpenCellLibrary_ss0p95vn40c
                                                          1.330000  
U189                      OAI221_X1       NangateOpenCellLibrary_ss0p95vn40c
                                                          1.596000  
U190                      AOI22_X1        NangateOpenCellLibrary_ss0p95vn40c
                                                          1.330000  
U191                      OAI221_X1       NangateOpenCellLibrary_ss0p95vn40c
                                                          1.596000  
U192                      AOI22_X1        NangateOpenCellLibrary_ss0p95vn40c
                                                          1.330000  
U193                      OAI221_X1       NangateOpenCellLibrary_ss0p95vn40c
                                                          1.596000  
U194                      AOI22_X1        NangateOpenCellLibrary_ss0p95vn40c
                                                          1.330000  
U195                      OAI221_X1       NangateOpenCellLibrary_ss0p95vn40c
                                                          1.596000  
U196                      AOI22_X1        NangateOpenCellLibrary_ss0p95vn40c
                                                          1.330000  
U197                      OAI221_X1       NangateOpenCellLibrary_ss0p95vn40c
                                                          1.596000  
U198                      INV_X1          NangateOpenCellLibrary_ss0p95vn40c
                                                          0.532000  
U199                      AOI22_X1        NangateOpenCellLibrary_ss0p95vn40c
                                                          1.330000  
U200                      BUF_X1          NangateOpenCellLibrary_ss0p95vn40c
                                                          0.798000  
U201                      BUF_X1          NangateOpenCellLibrary_ss0p95vn40c
                                                          0.798000  
U202                      BUF_X1          NangateOpenCellLibrary_ss0p95vn40c
                                                          0.798000  
U203                      BUF_X1          NangateOpenCellLibrary_ss0p95vn40c
                                                          0.798000  
U204                      INV_X1          NangateOpenCellLibrary_ss0p95vn40c
                                                          0.532000  
U205                      INV_X1          NangateOpenCellLibrary_ss0p95vn40c
                                                          0.532000  
U206                      INV_X1          NangateOpenCellLibrary_ss0p95vn40c
                                                          0.532000  
U207                      NAND2_X1        NangateOpenCellLibrary_ss0p95vn40c
                                                          0.798000  
U208                      AOI22_X1        NangateOpenCellLibrary_ss0p95vn40c
                                                          1.330000  
U209                      AOI22_X1        NangateOpenCellLibrary_ss0p95vn40c
                                                          1.330000  
U210                      AOI22_X1        NangateOpenCellLibrary_ss0p95vn40c
                                                          1.330000  
U211                      NAND2_X1        NangateOpenCellLibrary_ss0p95vn40c
                                                          0.798000  
U212                      NAND2_X1        NangateOpenCellLibrary_ss0p95vn40c
                                                          0.798000  
U213                      OAI221_X1       NangateOpenCellLibrary_ss0p95vn40c
                                                          1.596000  
U214                      INV_X1          NangateOpenCellLibrary_ss0p95vn40c
                                                          0.532000  
U215                      AOI22_X1        NangateOpenCellLibrary_ss0p95vn40c
                                                          1.330000  
U216                      INV_X1          NangateOpenCellLibrary_ss0p95vn40c
                                                          0.532000  
U217                      AOI22_X1        NangateOpenCellLibrary_ss0p95vn40c
                                                          1.330000  
U218                      INV_X1          NangateOpenCellLibrary_ss0p95vn40c
                                                          0.532000  
U219                      NOR2_X1         NangateOpenCellLibrary_ss0p95vn40c
                                                          0.798000  
U220                      NAND2_X1        NangateOpenCellLibrary_ss0p95vn40c
                                                          0.798000  
U221                      AOI22_X1        NangateOpenCellLibrary_ss0p95vn40c
                                                          1.330000  
U222                      AOI22_X1        NangateOpenCellLibrary_ss0p95vn40c
                                                          1.330000  
U223                      INV_X1          NangateOpenCellLibrary_ss0p95vn40c
                                                          0.532000  
U224                      AOI22_X1        NangateOpenCellLibrary_ss0p95vn40c
                                                          1.330000  
U225                      INV_X1          NangateOpenCellLibrary_ss0p95vn40c
                                                          0.532000  
U226                      INV_X1          NangateOpenCellLibrary_ss0p95vn40c
                                                          0.532000  
U227                      AOI22_X1        NangateOpenCellLibrary_ss0p95vn40c
                                                          1.330000  
U228                      XNOR2_X1        NangateOpenCellLibrary_ss0p95vn40c
                                                          1.596000  
U229                      INV_X1          NangateOpenCellLibrary_ss0p95vn40c
                                                          0.532000  
U230                      AOI22_X1        NangateOpenCellLibrary_ss0p95vn40c
                                                          1.330000  
U231                      XNOR2_X1        NangateOpenCellLibrary_ss0p95vn40c
                                                          1.596000  
U232                      INV_X1          NangateOpenCellLibrary_ss0p95vn40c
                                                          0.532000  
U233                      AOI22_X1        NangateOpenCellLibrary_ss0p95vn40c
                                                          1.330000  
U234                      XNOR2_X1        NangateOpenCellLibrary_ss0p95vn40c
                                                          1.596000  
U235                      INV_X1          NangateOpenCellLibrary_ss0p95vn40c
                                                          0.532000  
U236                      AOI22_X1        NangateOpenCellLibrary_ss0p95vn40c
                                                          1.330000  
U237                      XNOR2_X1        NangateOpenCellLibrary_ss0p95vn40c
                                                          1.596000  
U238                      INV_X1          NangateOpenCellLibrary_ss0p95vn40c
                                                          0.532000  
U239                      AOI22_X1        NangateOpenCellLibrary_ss0p95vn40c
                                                          1.330000  
U240                      XNOR2_X1        NangateOpenCellLibrary_ss0p95vn40c
                                                          1.596000  
U241                      INV_X1          NangateOpenCellLibrary_ss0p95vn40c
                                                          0.532000  
U242                      AOI22_X1        NangateOpenCellLibrary_ss0p95vn40c
                                                          1.330000  
U243                      XNOR2_X1        NangateOpenCellLibrary_ss0p95vn40c
                                                          1.596000  
U244                      OR2_X1          NangateOpenCellLibrary_ss0p95vn40c
                                                          1.064000  
U245                      OR2_X1          NangateOpenCellLibrary_ss0p95vn40c
                                                          1.064000  
U246                      OR2_X1          NangateOpenCellLibrary_ss0p95vn40c
                                                          1.064000  
U247                      OR2_X1          NangateOpenCellLibrary_ss0p95vn40c
                                                          1.064000  
U248                      OR2_X1          NangateOpenCellLibrary_ss0p95vn40c
                                                          1.064000  
U249                      OR2_X1          NangateOpenCellLibrary_ss0p95vn40c
                                                          1.064000  
U250                      AND4_X1         NangateOpenCellLibrary_ss0p95vn40c
                                                          1.596000  
U251                      INV_X1          NangateOpenCellLibrary_ss0p95vn40c
                                                          0.532000  
U252                      XNOR2_X1        NangateOpenCellLibrary_ss0p95vn40c
                                                          1.596000  
U253                      XOR2_X1         NangateOpenCellLibrary_ss0p95vn40c
                                                          1.596000  
U254                      XOR2_X1         NangateOpenCellLibrary_ss0p95vn40c
                                                          1.596000  
U255                      XOR2_X1         NangateOpenCellLibrary_ss0p95vn40c
                                                          1.596000  
U256                      XOR2_X1         NangateOpenCellLibrary_ss0p95vn40c
                                                          1.596000  
U257                      XOR2_X1         NangateOpenCellLibrary_ss0p95vn40c
                                                          1.596000  
U258                      AND2_X1         NangateOpenCellLibrary_ss0p95vn40c
                                                          1.064000  
U259                      AND2_X1         NangateOpenCellLibrary_ss0p95vn40c
                                                          1.064000  
U260                      AND2_X1         NangateOpenCellLibrary_ss0p95vn40c
                                                          1.064000  
U261                      AND2_X1         NangateOpenCellLibrary_ss0p95vn40c
                                                          1.064000  
U262                      NAND2_X1        NangateOpenCellLibrary_ss0p95vn40c
                                                          0.798000  
U263                      OAI221_X1       NangateOpenCellLibrary_ss0p95vn40c
                                                          1.596000  
U264                      INV_X1          NangateOpenCellLibrary_ss0p95vn40c
                                                          0.532000  
U265                      NAND4_X1        NangateOpenCellLibrary_ss0p95vn40c
                                                          1.330000  
U266                      NAND4_X1        NangateOpenCellLibrary_ss0p95vn40c
                                                          1.330000  
U267                      NOR4_X1         NangateOpenCellLibrary_ss0p95vn40c
                                                          1.330000  
U268                      NOR4_X1         NangateOpenCellLibrary_ss0p95vn40c
                                                          1.330000  
U269                      NOR4_X1         NangateOpenCellLibrary_ss0p95vn40c
                                                          1.330000  
U270                      NOR4_X1         NangateOpenCellLibrary_ss0p95vn40c
                                                          1.330000  
U271                      NOR4_X1         NangateOpenCellLibrary_ss0p95vn40c
                                                          1.330000  
U272                      NOR4_X1         NangateOpenCellLibrary_ss0p95vn40c
                                                          1.330000  
U273                      NOR4_X1         NangateOpenCellLibrary_ss0p95vn40c
                                                          1.330000  
U274                      NOR4_X1         NangateOpenCellLibrary_ss0p95vn40c
                                                          1.330000  
U275                      NOR4_X1         NangateOpenCellLibrary_ss0p95vn40c
                                                          1.330000  
U276                      NOR4_X1         NangateOpenCellLibrary_ss0p95vn40c
                                                          1.330000  
U277                      NAND4_X1        NangateOpenCellLibrary_ss0p95vn40c
                                                          1.330000  
U278                      NOR4_X1         NangateOpenCellLibrary_ss0p95vn40c
                                                          1.330000  
U279                      NOR4_X1         NangateOpenCellLibrary_ss0p95vn40c
                                                          1.330000  
U280                      NOR4_X1         NangateOpenCellLibrary_ss0p95vn40c
                                                          1.330000  
U281                      NAND4_X1        NangateOpenCellLibrary_ss0p95vn40c
                                                          1.330000  
U282                      NOR4_X1         NangateOpenCellLibrary_ss0p95vn40c
                                                          1.330000  
U283                      NOR4_X1         NangateOpenCellLibrary_ss0p95vn40c
                                                          1.330000  
U284                      NOR4_X1         NangateOpenCellLibrary_ss0p95vn40c
                                                          1.330000  
U285                      NOR2_X1         NangateOpenCellLibrary_ss0p95vn40c
                                                          0.798000  
U286                      XNOR2_X1        NangateOpenCellLibrary_ss0p95vn40c
                                                          1.596000  
add_0_root_add_0_root_add_61_cf
                          floating_point_multiplier_sequential_DW01_add_2
                                                          32.452000 BO, h
add_65                    floating_point_multiplier_sequential_DW01_inc_0
                                                          77.140002 BO, h
mult_62                   floating_point_multiplier_sequential_DW02_mult_0
                                                          2849.658006
                                                                    BO, h
reg_overflow_reg          DFF_X1          NangateOpenCellLibrary_ss0p95vn40c
                                                          4.522000  n
reg_result_reg[0]         DFF_X1          NangateOpenCellLibrary_ss0p95vn40c
                                                          4.522000  n
reg_result_reg[1]         DFF_X1          NangateOpenCellLibrary_ss0p95vn40c
                                                          4.522000  n
reg_result_reg[2]         DFF_X1          NangateOpenCellLibrary_ss0p95vn40c
                                                          4.522000  n
reg_result_reg[3]         DFF_X1          NangateOpenCellLibrary_ss0p95vn40c
                                                          4.522000  n
reg_result_reg[4]         DFF_X1          NangateOpenCellLibrary_ss0p95vn40c
                                                          4.522000  n
reg_result_reg[5]         DFF_X1          NangateOpenCellLibrary_ss0p95vn40c
                                                          4.522000  n
reg_result_reg[6]         DFF_X1          NangateOpenCellLibrary_ss0p95vn40c
                                                          4.522000  n
reg_result_reg[7]         DFF_X1          NangateOpenCellLibrary_ss0p95vn40c
                                                          4.522000  n
reg_result_reg[8]         DFF_X1          NangateOpenCellLibrary_ss0p95vn40c
                                                          4.522000  n
reg_result_reg[9]         DFF_X1          NangateOpenCellLibrary_ss0p95vn40c
                                                          4.522000  n
reg_result_reg[10]        DFF_X1          NangateOpenCellLibrary_ss0p95vn40c
                                                          4.522000  n
reg_result_reg[11]        DFF_X1          NangateOpenCellLibrary_ss0p95vn40c
                                                          4.522000  n
reg_result_reg[12]        DFF_X1          NangateOpenCellLibrary_ss0p95vn40c
                                                          4.522000  n
reg_result_reg[13]        DFF_X1          NangateOpenCellLibrary_ss0p95vn40c
                                                          4.522000  n
reg_result_reg[14]        DFF_X1          NangateOpenCellLibrary_ss0p95vn40c
                                                          4.522000  n
reg_result_reg[15]        DFF_X1          NangateOpenCellLibrary_ss0p95vn40c
                                                          4.522000  n
reg_result_reg[16]        DFF_X1          NangateOpenCellLibrary_ss0p95vn40c
                                                          4.522000  n
reg_result_reg[17]        DFF_X1          NangateOpenCellLibrary_ss0p95vn40c
                                                          4.522000  n
reg_result_reg[18]        DFF_X1          NangateOpenCellLibrary_ss0p95vn40c
                                                          4.522000  n
reg_result_reg[19]        DFF_X1          NangateOpenCellLibrary_ss0p95vn40c
                                                          4.522000  n
reg_result_reg[20]        DFF_X1          NangateOpenCellLibrary_ss0p95vn40c
                                                          4.522000  n
reg_result_reg[21]        DFF_X1          NangateOpenCellLibrary_ss0p95vn40c
                                                          4.522000  n
reg_result_reg[22]        DFF_X1          NangateOpenCellLibrary_ss0p95vn40c
                                                          4.522000  n
reg_result_reg[23]        DFF_X1          NangateOpenCellLibrary_ss0p95vn40c
                                                          4.522000  n
reg_result_reg[24]        DFF_X1          NangateOpenCellLibrary_ss0p95vn40c
                                                          4.522000  n
reg_result_reg[25]        DFF_X1          NangateOpenCellLibrary_ss0p95vn40c
                                                          4.522000  n
reg_result_reg[26]        DFF_X1          NangateOpenCellLibrary_ss0p95vn40c
                                                          4.522000  n
reg_result_reg[27]        DFF_X1          NangateOpenCellLibrary_ss0p95vn40c
                                                          4.522000  n
reg_result_reg[28]        DFF_X1          NangateOpenCellLibrary_ss0p95vn40c
                                                          4.522000  n
reg_result_reg[29]        DFF_X1          NangateOpenCellLibrary_ss0p95vn40c
                                                          4.522000  n
reg_result_reg[30]        DFF_X1          NangateOpenCellLibrary_ss0p95vn40c
                                                          4.522000  n
reg_result_reg[31]        DFF_X1          NangateOpenCellLibrary_ss0p95vn40c
                                                          4.522000  n
--------------------------------------------------------------------------------
Total 195 cells                                           3287.760004
1
