 
****************************************
Report : area
Design : FullAdder_16bit
Version: U-2022.12-SP7
Date   : Wed Dec 13 18:22:06 2023
****************************************

Information: Updating design information... (UID-85)
Library(s) Used:

    saed90nm_typ_ht (File: /home/user37/Downloads/Lab4/ref/models/saed90nm_typ_ht.db)

Number of ports:                          130
Number of nets:                           161
Number of cells:                           64
Number of combinational cells:             48
Number of sequential cells:                 0
Number of macros/black boxes:               0
Number of buf/inv:                          0
Number of references:                      16

Combinational area:                634.060806
Buf/Inv area:                        0.000000
Noncombinational area:               0.000000
Macro/Black Box area:                0.000000
Net Interconnect area:              20.594457

Total cell area:                   634.060806
Total area:                        654.655263
1
