 
****************************************
Report : area
Design : carry_select_adder
Version: U-2022.12-SP7
Date   : Wed Dec 13 18:21:42 2023
****************************************

Information: Updating design information... (UID-85)
Library(s) Used:

    saed90nm_typ_ht (File: /home/user37/Downloads/Lab4/ref/models/saed90nm_typ_ht.db)

Number of ports:                          489
Number of nets:                           622
Number of cells:                          218
Number of combinational cells:            165
Number of sequential cells:                 0
Number of macros/black boxes:               0
Number of buf/inv:                          1
Number of references:                       7

Combinational area:               2119.680024
Buf/Inv area:                        5.529600
Noncombinational area:               0.000000
Macro/Black Box area:                0.000000
Net Interconnect area:              75.173083

Total cell area:                  2119.680024
Total area:                       2194.853107
1
