 
****************************************
Report : qor
Design : csa_64
Version: U-2022.12-SP7
Date   : Sat Dec 23 17:40:14 2023
****************************************


  Timing Path Group (none)
  -----------------------------------
  Levels of Logic:              21.00
  Critical Path Length:          4.72
  Critical Path Slack:         uninit
  Critical Path Clk Period:       n/a
  Total Negative Slack:          0.00
  No. of Violating Paths:        0.00
  Worst Hold Violation:          0.00
  Total Hold Violation:          0.00
  No. of Hold Violations:        0.00
  -----------------------------------


  Cell Count
  -----------------------------------
  Hierarchical Cell Count:        156
  Hierarchical Port Count:       1464
  Leaf Cell Count:                518
  Buf/Inv Cell Count:               2
  Buf Cell Count:                   0
  Inv Cell Count:                   2
  CT Buf/Inv Cell Count:            0
  Combinational Cell Count:       518
  Sequential Cell Count:            0
  Macro Count:                      0
  -----------------------------------


  Area
  -----------------------------------
  Combinational Area:     6647.500881
  Noncombinational Area:     0.000000
  Buf/Inv Area:             11.980800
  Total Buffer Area:             0.00
  Total Inverter Area:          11.98
  Macro/Black Box Area:      0.000000
  Net Area:                262.529060
  -----------------------------------
  Cell Area:              6647.500881
  Design Area:            6910.029941


  Design Rules
  -----------------------------------
  Total Number of Nets:           655
  Nets With Violations:             0
  Max Trans Violations:             0
  Max Cap Violations:               0
  -----------------------------------


  Hostname: ip-172-31-17-209.ec2.internal

  Compile CPU Statistics
  -----------------------------------------
  Resource Sharing:                    0.12
  Logic Optimization:                  0.36
  Mapping Optimization:                0.14
  -----------------------------------------
  Overall Compile Time:                1.09
  Overall Compile Wall Clock Time:     1.33

  --------------------------------------------------------------------

  Design  WNS: 0.00  TNS: 0.00  Number of Violating Paths: 0


  Design (Hold)  WNS: 0.00  TNS: 0.00  Number of Violating Paths: 0

  --------------------------------------------------------------------


1
