 
****************************************
Report : area
Design : csa_64
Version: U-2022.12-SP7
Date   : Sat Dec 23 17:40:14 2023
****************************************

Information: Updating design information... (UID-85)
Library(s) Used:

    saed90nm_typ_ht (File: /home/user37/Downloads/Lab4/ref/models/saed90nm_typ_ht.db)

Number of ports:                         1658
Number of nets:                          2119
Number of cells:                          682
Number of combinational cells:            518
Number of sequential cells:                 0
Number of macros/black boxes:               0
Number of buf/inv:                          2
Number of references:                       4

Combinational area:               6647.500881
Buf/Inv area:                       11.980800
Noncombinational area:               0.000000
Macro/Black Box area:                0.000000
Net Interconnect area:             262.529060

Total cell area:                  6647.500881
Total area:                       6910.029941
1
