====================================================================================================
| Flow Information                                                                                 |
----------------------------------------------------------------------------------------------------
| Flow         | Design Compiler                                                                   |
====================================================================================================
| Design Information                                      | Value                                  |
====================================================================================================
| Number of Scenarios                                     | 0                                      |
| Leaf Cell Count                                         | 313                                    |
| Number of User Hierarchies                              | 1                                      |
| Sequential Cell Count                                   | 132                                    |
| Macro Count                                             | 0                                      |
| Number of Power Domains                                 | 0                                      |
| Number of Path Groups                                   | 2                                      |
| Number of VT Class                                      | 1                                      |
| Number of Clocks                                        | 1                                      |
| Number of Dont Touch Cells                              | 106                                    |
| Number of Dont Touch Nets                               | 0                                      |
| Number of Size Only Cells                               | 0                                      |
| Design with UPF Data                                    | false                                  |
====================================================================================================

Information: There are 34 potential problems in your design. Please run 'check_design' for more information. (LINT-99)



  Beginning Pass 1 Mapping
  ------------------------
  Processing 'samul_v1'
  Processing 'samul_v1_sequential'
WARNING: cell slow_clk_reg ignores exact_map

  Updating timing information
Information: Updating design information... (UID-85)

  Beginning Implementation Selection
  ----------------------------------
  Building model 'DW01_NAND2'
  Processing 'DW01_NAND2'
  Building model 'DW01_sub_width32' (rpl)
  Processing 'DW01_sub_width32'
  Building model 'DW01_sub_width32' (cla)
  Processing 'DW01_sub_width32'
  Building model 'DW01_inc_width32' (rpl)
  Processing 'DW01_inc_width32'
  Building model 'DW01_add_width33' (rpl)
  Processing 'DW01_add_width33'
  Building model 'DW01_add_width33' (cla)
  Processing 'DW01_add_width33'
  Allocating blocks in 'DW02_mult_A_width32_B_width1'
  Building model 'DW01_MUX'
  Processing 'DW01_MUX'
  Building model 'DW01_mmux_width2'
  Processing 'DW01_mmux_width2'
  Building model 'DW01_mmux_width3'
  Processing 'DW01_mmux_width3'
  Building model 'DW01_mmux_width4'
  Processing 'DW01_mmux_width4'
  Building model 'DW01_mmux_width5'
  Processing 'DW01_mmux_width5'
  Allocating blocks in 'DW01_absval_width32'
  Building model 'DW01_inc_width32' (cla)
  Processing 'DW01_inc_width32'
  Building model 'DW01_absval_width32' (cla)
  Processing 'DW01_absval_width32'
  Allocating blocks in 'DW01_absval_width1'
  Building model 'DW01_inc_width1' (cla)
  Processing 'DW01_inc_width1'
  Building model 'DW01_absval_width1' (cla)
  Processing 'DW01_absval_width1'
  Building model 'DW01_inc_width33' (cla)
  Processing 'DW01_inc_width33'
  Building model 'DW02_mult_A_width32_B_width1' (csa)
  Processing 'DW02_mult_A_width32_B_width1'
  Building model 'DW01_sub_width64' (rpl)
  Processing 'DW01_sub_width64'
  Building model 'DW01_sub_width64' (cla)
  Processing 'DW01_sub_width64'
  Building model 'DW01_inc_width64' (rpl)
  Processing 'DW01_inc_width64'
  Processing 'samul_v1_DW01_inc_0_DW01_inc_1'
  Processing 'samul_v1_DW01_sub_0'
  Processing 'samul_v1_DW01_inc_1_DW01_inc_2'
  Processing 'samul_v1_DW01_sub_1'
  Processing 'samul_v1_DW01_add_0'
  Processing 'samul_v1_DW01_add_1'
  Processing 'samul_v1_DW01_add_2'
  Processing 'samul_v1_DW01_add_3'
  Processing 'samul_v1_DW01_add_4'
  Processing 'samul_v1_DW01_add_5'
  Processing 'samul_v1_DW01_add_6'
  Processing 'samul_v1_DW01_add_7'
  Processing 'samul_v1_DW01_add_8'
  Processing 'samul_v1_DW01_add_9'
  Processing 'samul_v1_DW01_add_10'
  Processing 'samul_v1_DW01_add_11'
  Processing 'samul_v1_DW01_add_12'
  Processing 'samul_v1_DW01_add_13'
  Processing 'samul_v1_DW01_add_14'
  Processing 'samul_v1_DW01_add_15'
  Processing 'samul_v1_DW01_add_16'
  Processing 'samul_v1_DW01_add_17'
  Processing 'samul_v1_DW01_add_18'
  Processing 'samul_v1_DW01_add_19'
  Processing 'samul_v1_DW01_add_20'
  Processing 'samul_v1_DW01_add_21'
  Processing 'samul_v1_DW01_add_22'
  Processing 'samul_v1_DW01_add_23'
  Processing 'samul_v1_DW01_add_24'
  Processing 'samul_v1_DW01_add_25'
  Processing 'samul_v1_DW01_add_26'
  Processing 'samul_v1_DW01_add_27'
  Processing 'samul_v1_DW01_add_28'
  Processing 'samul_v1_DW01_add_29'
  Processing 'samul_v1_DW01_add_30'
  Processing 'samul_v1_DW02_mult_0'
  Processing 'samul_v1_DW02_mult_1'
  Processing 'samul_v1_DW02_mult_2'
  Processing 'samul_v1_DW02_mult_3'
  Processing 'samul_v1_DW02_mult_4'
  Processing 'samul_v1_DW02_mult_5'
  Processing 'samul_v1_DW02_mult_6'
  Processing 'samul_v1_DW02_mult_7'
  Processing 'samul_v1_DW02_mult_8'
  Processing 'samul_v1_DW02_mult_9'
  Processing 'samul_v1_DW02_mult_10'
  Processing 'samul_v1_DW02_mult_11'
  Processing 'samul_v1_DW02_mult_12'
  Processing 'samul_v1_DW02_mult_13'
  Processing 'samul_v1_DW02_mult_14'
  Processing 'samul_v1_DW02_mult_15'
  Processing 'samul_v1_DW02_mult_16'
  Processing 'samul_v1_DW02_mult_17'
  Processing 'samul_v1_DW02_mult_18'
  Processing 'samul_v1_DW02_mult_19'
  Processing 'samul_v1_DW02_mult_20'
  Processing 'samul_v1_DW02_mult_21'
  Processing 'samul_v1_DW02_mult_22'
  Processing 'samul_v1_DW02_mult_23'
  Processing 'samul_v1_DW02_mult_24'
  Processing 'samul_v1_DW02_mult_25'
  Processing 'samul_v1_DW02_mult_26'
  Processing 'samul_v1_DW02_mult_27'
  Processing 'samul_v1_DW02_mult_28'
  Processing 'samul_v1_DW02_mult_29'
  Processing 'samul_v1_DW02_mult_30'
  Processing 'samul_v1_DW01_inc_2_DW01_inc_3'
  Processing 'samul_v1_DW01_sub_2'
Information: Command 'do_operand_isolation' is obsolete and is being ignored.  Please refer to the replacement command 'set power_enable_datapath_gating true' instead. (INFO-118)

  Beginning Mapping Optimizations  (Medium effort)
  -------------------------------

                                  TOTAL                                      
   ELAPSED            WORST NEG   SETUP    DESIGN                            
    TIME      AREA      SLACK     COST    RULE COST         ENDPOINT         
  --------- --------- --------- --------- --------- -------------------------
    0:00:07   52837.2      0.79       1.6       0.0                          
    0:00:07   52837.2      0.79       1.6       0.0                          
    0:00:07   54341.2      0.79       1.6       0.0                          
    0:00:08   55845.3      0.79       1.6       0.0                          
    0:00:08   57349.3      0.79       1.6       0.0                          
Information: Command 'do_operand_isolation' is obsolete and is being ignored.  Please refer to the replacement command 'set power_enable_datapath_gating true' instead. (INFO-118)
    0:00:08   65044.7      0.00       0.0       0.0                          
    0:00:08   65044.7      0.00       0.0       0.0                          
    0:00:08   65044.7      0.00       0.0       0.0                          
    0:00:08   65044.7      0.00       0.0       0.0                          
    0:00:08   65044.7      0.00       0.0       0.0                          
    0:00:09   51000.4      0.00       0.0       0.0                          
    0:00:09   50747.0      0.00       0.0       0.0                          
    0:00:09   50747.0      0.00       0.0       0.0                          
    0:00:09   50747.0      0.00       0.0       0.0                          
    0:00:09   50747.0      0.00       0.0       0.0                          
    0:00:09   50747.0      0.00       0.0       0.0                          
    0:00:09   50747.0      0.00       0.0       0.0                          
    0:00:09   50747.0      0.00       0.0       0.0                          
    0:00:09   50747.0      0.00       0.0       0.0                          



  Beginning Delay Optimization Phase
  ----------------------------------

                                  TOTAL                                      
   ELAPSED            WORST NEG   SETUP    DESIGN                            
    TIME      AREA      SLACK     COST    RULE COST         ENDPOINT         
  --------- --------- --------- --------- --------- -------------------------
    0:00:09   50747.0      0.00       0.0       0.0                          
    0:00:09   50747.0      0.00       0.0       0.0                          
    0:00:09   50747.0      0.00       0.0       0.0                          


  Beginning Area-Recovery Phase  (cleanup)
  -----------------------------

                                  TOTAL                                      
   ELAPSED            WORST NEG   SETUP    DESIGN                            
    TIME      AREA      SLACK     COST    RULE COST         ENDPOINT         
  --------- --------- --------- --------- --------- -------------------------
    0:00:09   50747.0      0.00       0.0       0.0                          
    0:00:09   50747.0      0.00       0.0       0.0                          
    0:00:09   46730.6      0.00       0.0       0.0                          
    0:00:09   46303.0      0.00       0.0       0.0                          
    0:00:09   46225.6      0.00       0.0       0.0                          
    0:00:09   46209.0      0.00       0.0       0.0                          
    0:00:09   46203.5      0.00       0.0       0.0                          
    0:00:09   46203.5      0.00       0.0       0.0                          
    0:00:09   46203.5      0.00       0.0       0.0                          
    0:00:09   46203.5      0.00       0.0       0.0                          
    0:00:09   46203.5      0.00       0.0       0.0                          
    0:00:09   46203.5      0.00       0.0       0.0                          
    0:00:09   46203.5      0.00       0.0       0.0                          
    0:00:09   46203.5      0.00       0.0       0.0                          
    0:00:09   46203.5      0.00       0.0       0.0                          
Loading db file '/home/user37/Downloads/Lab4/ref/models/saed90nm_typ_ht.db'


Note: Symbol # after min delay cost means estimated hold TNS across all active scenarios 


  Optimization Complete
  ---------------------
Information: Total number of MV cells in the design.
----------------------------------------------------------------------------------------------------
 MV Cells                                           Total Number                                   
----------------------------------------------------------------------------------------------------
 Level Shifter:                                     0                                             
 Enable Level Shifter:                              0                                             
 Isolation Cell:                                    0                                             
 Retention Cell:                                    0                                             
 Retention Clamp Cell:                              0                                             
 Switch Cell:                                       0                                             
 Always-On Cell:                                    0                                             
 Repeater Cell:                                     0                                             

----------------------------------------------------------------------------------------------------
Unmapped MV Cells 
----------------------------------------------------------------------------------------------------
0 Isolation Cells are unmapped 
0 Retention Clamp Cells are unmapped 
----------------------------------------------------------------------------------------------------
1
