Information: Propagating switching activity (low effort zero delay simulation). (PWR-6)
Warning: Design has unannotated primary inputs. (PWR-414)
Warning: Design has unannotated sequential cell outputs. (PWR-415)
 
****************************************
Report : power
        -analysis_effort low
Design : samul_v1_sequential
Version: U-2022.12-SP7
Date   : Sat Dec 23 18:38:24 2023
****************************************


Library(s) Used:

    saed90nm_typ_ht (File: /home/user37/Downloads/Lab4/ref/models/saed90nm_typ_ht.db)


Operating Conditions: TYPICAL   Library: saed90nm_typ_ht
Wire Load Model Mode: enclosed

Design        Wire Load Model            Library
------------------------------------------------
samul_v1_sequential    70000             saed90nm_typ_ht
samul_v1               70000             saed90nm_typ_ht
samul_v1_DW01_inc_0_DW01_inc_1
                       8000              saed90nm_typ_ht
samul_v1_DW01_inc_1_DW01_inc_2
                       8000              saed90nm_typ_ht
samul_v1_DW01_add_0    8000              saed90nm_typ_ht
samul_v1_DW01_add_1    8000              saed90nm_typ_ht
samul_v1_DW01_add_2    8000              saed90nm_typ_ht
samul_v1_DW01_add_3    8000              saed90nm_typ_ht
samul_v1_DW01_add_4    8000              saed90nm_typ_ht
samul_v1_DW01_add_5    8000              saed90nm_typ_ht
samul_v1_DW01_add_6    8000              saed90nm_typ_ht
samul_v1_DW01_add_7    8000              saed90nm_typ_ht
samul_v1_DW01_add_8    8000              saed90nm_typ_ht
samul_v1_DW01_add_9    8000              saed90nm_typ_ht
samul_v1_DW01_add_10   8000              saed90nm_typ_ht
samul_v1_DW01_add_11   8000              saed90nm_typ_ht
samul_v1_DW01_add_12   8000              saed90nm_typ_ht
samul_v1_DW01_add_13   8000              saed90nm_typ_ht
samul_v1_DW01_add_14   8000              saed90nm_typ_ht
samul_v1_DW01_add_15   8000              saed90nm_typ_ht
samul_v1_DW01_add_16   8000              saed90nm_typ_ht
samul_v1_DW01_add_17   8000              saed90nm_typ_ht
samul_v1_DW01_add_18   8000              saed90nm_typ_ht
samul_v1_DW01_add_19   8000              saed90nm_typ_ht
samul_v1_DW01_add_20   8000              saed90nm_typ_ht
samul_v1_DW01_add_21   8000              saed90nm_typ_ht
samul_v1_DW01_add_22   8000              saed90nm_typ_ht
samul_v1_DW01_add_23   8000              saed90nm_typ_ht
samul_v1_DW01_add_24   8000              saed90nm_typ_ht
samul_v1_DW01_add_25   8000              saed90nm_typ_ht
samul_v1_DW01_add_26   8000              saed90nm_typ_ht
samul_v1_DW01_add_27   8000              saed90nm_typ_ht
samul_v1_DW01_add_28   8000              saed90nm_typ_ht
samul_v1_DW01_add_29   8000              saed90nm_typ_ht
samul_v1_DW01_add_30   8000              saed90nm_typ_ht
samul_v1_DW02_mult_0   8000              saed90nm_typ_ht
samul_v1_DW02_mult_1   8000              saed90nm_typ_ht
samul_v1_DW02_mult_2   8000              saed90nm_typ_ht
samul_v1_DW02_mult_3   8000              saed90nm_typ_ht
samul_v1_DW02_mult_4   8000              saed90nm_typ_ht
samul_v1_DW02_mult_5   8000              saed90nm_typ_ht
samul_v1_DW02_mult_6   8000              saed90nm_typ_ht
samul_v1_DW02_mult_7   8000              saed90nm_typ_ht
samul_v1_DW02_mult_8   8000              saed90nm_typ_ht
samul_v1_DW02_mult_9   8000              saed90nm_typ_ht
samul_v1_DW02_mult_10  8000              saed90nm_typ_ht
samul_v1_DW02_mult_11  8000              saed90nm_typ_ht
samul_v1_DW02_mult_12  8000              saed90nm_typ_ht
samul_v1_DW02_mult_13  8000              saed90nm_typ_ht
samul_v1_DW02_mult_14  8000              saed90nm_typ_ht
samul_v1_DW02_mult_15  8000              saed90nm_typ_ht
samul_v1_DW02_mult_16  8000              saed90nm_typ_ht
samul_v1_DW02_mult_17  8000              saed90nm_typ_ht
samul_v1_DW02_mult_18  8000              saed90nm_typ_ht
samul_v1_DW02_mult_19  8000              saed90nm_typ_ht
samul_v1_DW02_mult_20  8000              saed90nm_typ_ht
samul_v1_DW02_mult_21  8000              saed90nm_typ_ht
samul_v1_DW02_mult_22  8000              saed90nm_typ_ht
samul_v1_DW02_mult_23  8000              saed90nm_typ_ht
samul_v1_DW02_mult_24  8000              saed90nm_typ_ht
samul_v1_DW02_mult_25  8000              saed90nm_typ_ht
samul_v1_DW02_mult_26  8000              saed90nm_typ_ht
samul_v1_DW02_mult_27  8000              saed90nm_typ_ht
samul_v1_DW02_mult_28  8000              saed90nm_typ_ht
samul_v1_DW02_mult_29  8000              saed90nm_typ_ht
samul_v1_DW02_mult_30  8000              saed90nm_typ_ht
samul_v1_DW01_inc_2_DW01_inc_3
                       8000              saed90nm_typ_ht


Global Operating Voltage = 1.2  
Power-specific unit information :
    Voltage Units = 1V
    Capacitance Units = 1.000000ff
    Time Units = 1ns
    Dynamic Power Units = 1uW    (derived from V,C,T units)
    Leakage Power Units = 1pW


Attributes
----------
i - Including register clock pin internal power


  Cell Internal Power  =  17.5929 uW   (39%)
  Net Switching Power  =  26.9652 uW   (61%)
                         ---------
Total Dynamic Power    =  44.5581 uW  (100%)

Cell Leakage Power     = 682.9908 uW


                 Internal         Switching           Leakage            Total
Power Group      Power            Power               Power              Power   (   %    )  Attrs
--------------------------------------------------------------------------------------------------
io_pad             0.0000            0.0000            0.0000            0.0000  (   0.00%)
memory             0.0000            0.0000            0.0000            0.0000  (   0.00%)
black_box          0.0000            0.0000            0.0000            0.0000  (   0.00%)
clock_network      2.5442            0.0000            0.0000            2.5442  (   0.35%)  i
register           0.5857            1.1123        1.6451e+06            3.3431  (   0.46%)
sequential         0.0000            0.0000        5.1026e+07           51.0255  (   7.01%)
combinational     14.4630           25.8530        6.3032e+08          670.6360  (  92.18%)
--------------------------------------------------------------------------------------------------
Total             17.5929 uW        26.9652 uW     6.8299e+08 pW       727.5488 uW
1
