 
****************************************
Report : area
Design : floating_point_multiplier
Version: U-2022.12-SP7
Date   : Sat Dec 23 21:36:51 2023
****************************************

Information: Updating design information... (UID-85)
Library(s) Used:

    saed90nm_typ_ht (File: /home/user37/Downloads/Lab4/ref/models/saed90nm_typ_ht.db)

Number of ports:                          456
Number of nets:                          2368
Number of cells:                         1468
Number of combinational cells:           1458
Number of sequential cells:                 0
Number of macros/black boxes:               0
Number of buf/inv:                         75
Number of references:                      21

Combinational area:              21970.022243
Buf/Inv area:                      414.720011
Noncombinational area:               0.000000
Macro/Black Box area:                0.000000
Net Interconnect area:            1324.160480

Total cell area:                 21970.022243
Total area:                      23294.182724
1
