 
****************************************
Report : qor
Design : floating_point_multiplier
Version: U-2022.12-SP7
Date   : Sat Dec 23 19:37:25 2023
****************************************


  Timing Path Group (none)
  -----------------------------------
  Levels of Logic:              58.00
  Critical Path Length:         17.64
  Critical Path Slack:         uninit
  Critical Path Clk Period:       n/a
  Total Negative Slack:          0.00
  No. of Violating Paths:        0.00
  Worst Hold Violation:          0.00
  Total Hold Violation:          0.00
  No. of Hold Violations:        0.00
  -----------------------------------


  Cell Count
  -----------------------------------
  Hierarchical Cell Count:          4
  Hierarchical Port Count:        359
  Leaf Cell Count:               1463
  Buf/Inv Cell Count:              77
  Buf Cell Count:                   0
  Inv Cell Count:                  77
  CT Buf/Inv Cell Count:            0
  Combinational Cell Count:      1462
  Sequential Cell Count:            1
  Macro Count:                      0
  -----------------------------------


  Area
  -----------------------------------
  Combinational Area:    21997.670244
  Noncombinational Area:    22.118401
  Buf/Inv Area:            425.779211
  Total Buffer Area:             0.00
  Total Inverter Area:         425.78
  Macro/Black Box Area:      0.000000
  Net Area:               1326.716047
  -----------------------------------
  Cell Area:             22019.788645
  Design Area:           23346.504692


  Design Rules
  -----------------------------------
  Total Number of Nets:          2069
  Nets With Violations:             0
  Max Trans Violations:             0
  Max Cap Violations:               0
  -----------------------------------


  Hostname: ip-172-31-17-209.ec2.internal

  Compile CPU Statistics
  -----------------------------------------
  Resource Sharing:                    2.26
  Logic Optimization:                  0.15
  Mapping Optimization:                0.23
  -----------------------------------------
  Overall Compile Time:                3.00
  Overall Compile Wall Clock Time:     3.26

  --------------------------------------------------------------------

  Design  WNS: 0.00  TNS: 0.00  Number of Violating Paths: 0


  Design (Hold)  WNS: 0.00  TNS: 0.00  Number of Violating Paths: 0

  --------------------------------------------------------------------


1
