 
****************************************
Report : cell
Design : floating_point_multiplier
Version: U-2022.12-SP7
Date   : Sat Dec 23 21:36:51 2023
****************************************

Attributes:
   BO - reference allows boundary optimization
    b - black box (unknown)
    h - hierarchical
    n - noncombinational
    r - removable
    u - contains unmapped logic

Cell                      Reference       Library             Area  Attributes
--------------------------------------------------------------------------------
U105                      AO221X1         saed90nm_typ_ht 12.902400 
U106                      AO22X1          saed90nm_typ_ht 11.980800 
U107                      AO221X1         saed90nm_typ_ht 12.902400 
U108                      AO22X1          saed90nm_typ_ht 11.980800 
U109                      AO221X1         saed90nm_typ_ht 12.902400 
U110                      AO22X1          saed90nm_typ_ht 11.980800 
U111                      AO221X1         saed90nm_typ_ht 12.902400 
U112                      AO22X1          saed90nm_typ_ht 11.980800 
U113                      AO221X1         saed90nm_typ_ht 12.902400 
U114                      AO22X1          saed90nm_typ_ht 11.980800 
U115                      AO221X1         saed90nm_typ_ht 12.902400 
U116                      AO22X1          saed90nm_typ_ht 11.980800 
U117                      AO221X1         saed90nm_typ_ht 12.902400 
U118                      AO22X1          saed90nm_typ_ht 11.980800 
U119                      NOR2X0          saed90nm_typ_ht 5.529600  
U120                      XNOR2X1         saed90nm_typ_ht 13.824000 
U121                      NOR2X0          saed90nm_typ_ht 5.529600  
U122                      AO221X1         saed90nm_typ_ht 12.902400 
U123                      AO22X1          saed90nm_typ_ht 11.980800 
U124                      MUX21X1         saed90nm_typ_ht 11.059200 
U125                      AO21X1          saed90nm_typ_ht 10.137600 
U126                      AO21X1          saed90nm_typ_ht 10.137600 
U127                      NOR3X0          saed90nm_typ_ht 8.294400  
U128                      AO21X1          saed90nm_typ_ht 10.137600 
U129                      AO22X1          saed90nm_typ_ht 11.980800 
U130                      AO21X1          saed90nm_typ_ht 10.137600 
U131                      MUX21X1         saed90nm_typ_ht 11.059200 
U132                      AO21X1          saed90nm_typ_ht 10.137600 
U133                      NOR2X0          saed90nm_typ_ht 5.529600  
U134                      AO22X1          saed90nm_typ_ht 11.980800 
U135                      AO21X1          saed90nm_typ_ht 10.137600 
U136                      MUX21X1         saed90nm_typ_ht 11.059200 
U137                      NOR2X0          saed90nm_typ_ht 5.529600  
U138                      AO21X1          saed90nm_typ_ht 10.137600 
U139                      MUX21X1         saed90nm_typ_ht 11.059200 
U140                      AO221X1         saed90nm_typ_ht 12.902400 
U141                      AO22X1          saed90nm_typ_ht 11.980800 
U142                      AO221X1         saed90nm_typ_ht 12.902400 
U143                      AO22X1          saed90nm_typ_ht 11.980800 
U144                      AO221X1         saed90nm_typ_ht 12.902400 
U145                      AO22X1          saed90nm_typ_ht 11.980800 
U146                      AO221X1         saed90nm_typ_ht 12.902400 
U147                      AO22X1          saed90nm_typ_ht 11.980800 
U148                      AO221X1         saed90nm_typ_ht 12.902400 
U149                      AO22X1          saed90nm_typ_ht 11.980800 
U150                      AO221X1         saed90nm_typ_ht 12.902400 
U151                      AO22X1          saed90nm_typ_ht 11.980800 
U152                      AO221X1         saed90nm_typ_ht 12.902400 
U153                      AO22X1          saed90nm_typ_ht 11.980800 
U154                      AO221X1         saed90nm_typ_ht 12.902400 
U155                      AO22X1          saed90nm_typ_ht 11.980800 
U156                      AO221X1         saed90nm_typ_ht 12.902400 
U157                      AO22X1          saed90nm_typ_ht 11.980800 
U158                      AO221X1         saed90nm_typ_ht 12.902400 
U159                      AO22X1          saed90nm_typ_ht 11.980800 
U160                      AO221X1         saed90nm_typ_ht 12.902400 
U161                      AO22X1          saed90nm_typ_ht 11.980800 
U162                      AO221X1         saed90nm_typ_ht 12.902400 
U163                      AO22X1          saed90nm_typ_ht 11.980800 
U164                      AO221X1         saed90nm_typ_ht 12.902400 
U165                      AO22X1          saed90nm_typ_ht 11.980800 
U166                      AO221X1         saed90nm_typ_ht 12.902400 
U167                      AO22X1          saed90nm_typ_ht 11.980800 
U168                      AO221X1         saed90nm_typ_ht 12.902400 
U169                      AO22X1          saed90nm_typ_ht 11.980800 
U170                      NOR2X0          saed90nm_typ_ht 5.529600  
U171                      AND2X1          saed90nm_typ_ht 7.372800  
U172                      NOR2X0          saed90nm_typ_ht 5.529600  
U173                      INVX0           saed90nm_typ_ht 5.529600  
U174                      INVX0           saed90nm_typ_ht 5.529600  
U175                      NOR2X0          saed90nm_typ_ht 5.529600  
U176                      AND2X1          saed90nm_typ_ht 7.372800  
U177                      NOR2X0          saed90nm_typ_ht 5.529600  
U178                      INVX0           saed90nm_typ_ht 5.529600  
U179                      OAI22X1         saed90nm_typ_ht 12.902400 
U180                      NAND4X0         saed90nm_typ_ht 8.294400  
U181                      NOR4X0          saed90nm_typ_ht 9.216000  
U182                      NOR4X0          saed90nm_typ_ht 9.216000  
U183                      NOR4X0          saed90nm_typ_ht 9.216000  
U184                      NOR4X0          saed90nm_typ_ht 9.216000  
U185                      NAND4X0         saed90nm_typ_ht 8.294400  
U186                      NOR4X0          saed90nm_typ_ht 9.216000  
U187                      NOR4X0          saed90nm_typ_ht 9.216000  
U188                      NOR4X0          saed90nm_typ_ht 9.216000  
U189                      NOR4X0          saed90nm_typ_ht 9.216000  
U190                      NAND4X0         saed90nm_typ_ht 8.294400  
U191                      NOR4X0          saed90nm_typ_ht 9.216000  
U192                      NOR4X0          saed90nm_typ_ht 9.216000  
U193                      NOR4X0          saed90nm_typ_ht 9.216000  
U194                      NOR4X0          saed90nm_typ_ht 9.216000  
U195                      NAND4X0         saed90nm_typ_ht 8.294400  
U196                      NOR4X0          saed90nm_typ_ht 9.216000  
U197                      NOR4X0          saed90nm_typ_ht 9.216000  
U198                      NOR4X0          saed90nm_typ_ht 9.216000  
U199                      NOR4X0          saed90nm_typ_ht 9.216000  
U200                      AND3X1          saed90nm_typ_ht 8.294400  
U201                      XNOR3X1         saed90nm_typ_ht 22.118401 
U202                      OR4X1           saed90nm_typ_ht 10.137600 
U203                      XNOR2X1         saed90nm_typ_ht 13.824000 
U204                      NOR2X0          saed90nm_typ_ht 5.529600  
U205                      MUX21X1         saed90nm_typ_ht 11.059200 
U206                      INVX0           saed90nm_typ_ht 5.529600  
U207                      NOR3X0          saed90nm_typ_ht 8.294400  
U208                      INVX0           saed90nm_typ_ht 5.529600  
U209                      NOR3X0          saed90nm_typ_ht 8.294400  
U210                      XOR2X1          saed90nm_typ_ht 13.824000 
U211                      INVX0           saed90nm_typ_ht 5.529600  
U212                      XNOR2X1         saed90nm_typ_ht 13.824000 
U213                      XNOR2X1         saed90nm_typ_ht 13.824000 
U214                      NAND2X0         saed90nm_typ_ht 5.529600  
U215                      XOR2X1          saed90nm_typ_ht 13.824000 
U216                      AND2X1          saed90nm_typ_ht 7.372800  
U217                      NOR3X0          saed90nm_typ_ht 8.294400  
U218                      INVX0           saed90nm_typ_ht 5.529600  
U219                      INVX0           saed90nm_typ_ht 5.529600  
U220                      NAND3X0         saed90nm_typ_ht 7.372800  
add_2_root_add_30         floating_point_multiplier_DW01_add_3
                                                          227.635197
                                                                    BO, h
add_34                    floating_point_multiplier_DW01_inc_0
                                                          464.486403
                                                                    BO, h
mult_31                   floating_point_multiplier_DW02_mult_0
                                                          20076.134250
                                                                    BO, h
--------------------------------------------------------------------------------
Total 119 cells                                           21970.022243
1
