Information: Propagating switching activity (low effort zero delay simulation). (PWR-6)
Warning: There is no defined clock in the design. (PWR-80)
Warning: Design has unannotated primary inputs. (PWR-414)
Warning: Design has unannotated sequential cell outputs. (PWR-415)
 
****************************************
Report : power
        -analysis_effort low
Design : floating_point_multiplier
Version: U-2022.12-SP7
Date   : Sat Dec 23 19:37:25 2023
****************************************


Library(s) Used:

    saed90nm_typ_ht (File: /home/user37/Downloads/Lab4/ref/models/saed90nm_typ_ht.db)


Operating Conditions: TYPICAL   Library: saed90nm_typ_ht
Wire Load Model Mode: enclosed

Design        Wire Load Model            Library
------------------------------------------------
floating_point_multiplier
                       35000             saed90nm_typ_ht
floating_point_multiplier_DW01_inc_0
                       8000              saed90nm_typ_ht
floating_point_multiplier_DW02_mult_0
                       35000             saed90nm_typ_ht
floating_point_multiplier_DW01_add_2
                       8000              saed90nm_typ_ht
floating_point_multiplier_DW01_add_3
                       8000              saed90nm_typ_ht


Global Operating Voltage = 1.2  
Power-specific unit information :
    Voltage Units = 1V
    Capacitance Units = 1.000000ff
    Time Units = 1ns
    Dynamic Power Units = 1uW    (derived from V,C,T units)
    Leakage Power Units = 1pW


Attributes
----------
i - Including register clock pin internal power


  Cell Internal Power  =  12.2401 mW   (77%)
  Net Switching Power  =   3.6860 mW   (23%)
                         ---------
Total Dynamic Power    =  15.9260 mW  (100%)

Cell Leakage Power     = 329.3380 uW

Information: report_power power group summary does not include estimated clock tree power. (PWR-789)

                 Internal         Switching           Leakage            Total
Power Group      Power            Power               Power              Power   (   %    )  Attrs
--------------------------------------------------------------------------------------------------
io_pad             0.0000            0.0000            0.0000            0.0000  (   0.00%)
memory             0.0000            0.0000            0.0000            0.0000  (   0.00%)
black_box          0.0000            0.0000            0.0000            0.0000  (   0.00%)
clock_network      0.0000            0.0000            0.0000            0.0000  (   0.00%)  i
register           0.0000            0.0000            0.0000            0.0000  (   0.00%)
sequential         0.5071            0.6463        3.4818e+05            1.5016  (   0.01%)
combinational  1.2240e+04        3.6853e+03        3.2899e+08        1.6254e+04  (  99.99%)
--------------------------------------------------------------------------------------------------
Total          1.2240e+04 uW     3.6860e+03 uW     3.2934e+08 pW     1.6255e+04 uW
1
