Information: Propagating switching activity (low effort zero delay simulation). (PWR-6)
Warning: There is no defined clock in the design. (PWR-80)
Warning: Design has unannotated primary inputs. (PWR-414)
 
****************************************
Report : power
        -analysis_effort low
Design : shiftAdder
Version: U-2022.12-SP7
Date   : Sat Dec 23 17:15:09 2023
****************************************


Library(s) Used:

    saed90nm_typ_ht (File: /home/user37/Downloads/Lab4/ref/models/saed90nm_typ_ht.db)


Operating Conditions: TYPICAL   Library: saed90nm_typ_ht
Wire Load Model Mode: enclosed

Design        Wire Load Model            Library
------------------------------------------------
shiftAdder             8000              saed90nm_typ_ht
fulladder_0            ForQA             saed90nm_typ_ht
fulladder_1            ForQA             saed90nm_typ_ht
fulladder_2            ForQA             saed90nm_typ_ht
fulladder_3            ForQA             saed90nm_typ_ht
fulladder_4            ForQA             saed90nm_typ_ht
fulladder_5            ForQA             saed90nm_typ_ht
fulladder_6            ForQA             saed90nm_typ_ht
fulladder_7            ForQA             saed90nm_typ_ht
fulladder_8            ForQA             saed90nm_typ_ht
fulladder_9            ForQA             saed90nm_typ_ht
fulladder_10           ForQA             saed90nm_typ_ht
fulladder_11           ForQA             saed90nm_typ_ht
fulladder_12           ForQA             saed90nm_typ_ht
fulladder_13           ForQA             saed90nm_typ_ht
fulladder_14           ForQA             saed90nm_typ_ht
fulladder_15           ForQA             saed90nm_typ_ht
fulladder_16           ForQA             saed90nm_typ_ht
fulladder_17           ForQA             saed90nm_typ_ht
fulladder_18           ForQA             saed90nm_typ_ht
fulladder_19           ForQA             saed90nm_typ_ht
fulladder_20           ForQA             saed90nm_typ_ht
fulladder_21           ForQA             saed90nm_typ_ht
fulladder_22           ForQA             saed90nm_typ_ht
fulladder_23           ForQA             saed90nm_typ_ht
fulladder_24           ForQA             saed90nm_typ_ht
fulladder_25           ForQA             saed90nm_typ_ht
fulladder_26           ForQA             saed90nm_typ_ht
fulladder_27           ForQA             saed90nm_typ_ht
fulladder_28           ForQA             saed90nm_typ_ht
fulladder_29           ForQA             saed90nm_typ_ht
fulladder_30           ForQA             saed90nm_typ_ht
fulladder_31           ForQA             saed90nm_typ_ht
fulladder_32           ForQA             saed90nm_typ_ht
fulladder_33           ForQA             saed90nm_typ_ht
fulladder_34           ForQA             saed90nm_typ_ht
fulladder_35           ForQA             saed90nm_typ_ht
fulladder_36           ForQA             saed90nm_typ_ht
fulladder_37           ForQA             saed90nm_typ_ht
fulladder_38           ForQA             saed90nm_typ_ht
fulladder_39           ForQA             saed90nm_typ_ht
fulladder_40           ForQA             saed90nm_typ_ht
fulladder_41           ForQA             saed90nm_typ_ht
fulladder_42           ForQA             saed90nm_typ_ht
fulladder_43           ForQA             saed90nm_typ_ht
fulladder_44           ForQA             saed90nm_typ_ht
fulladder_45           ForQA             saed90nm_typ_ht
fulladder_46           ForQA             saed90nm_typ_ht
fulladder_47           ForQA             saed90nm_typ_ht
fulladder_48           ForQA             saed90nm_typ_ht
fulladder_49           ForQA             saed90nm_typ_ht
fulladder_50           ForQA             saed90nm_typ_ht
fulladder_51           ForQA             saed90nm_typ_ht
fulladder_52           ForQA             saed90nm_typ_ht
fulladder_53           ForQA             saed90nm_typ_ht
fulladder_54           ForQA             saed90nm_typ_ht
fulladder_55           ForQA             saed90nm_typ_ht
fulladder_56           ForQA             saed90nm_typ_ht
fulladder_57           ForQA             saed90nm_typ_ht
fulladder_58           ForQA             saed90nm_typ_ht
fulladder_59           ForQA             saed90nm_typ_ht
fulladder_60           ForQA             saed90nm_typ_ht
fulladder_61           ForQA             saed90nm_typ_ht
fulladder_62           ForQA             saed90nm_typ_ht
fulladder_63           ForQA             saed90nm_typ_ht


Global Operating Voltage = 1.2  
Power-specific unit information :
    Voltage Units = 1V
    Capacitance Units = 1.000000ff
    Time Units = 1ns
    Dynamic Power Units = 1uW    (derived from V,C,T units)
    Leakage Power Units = 1pW


Attributes
----------
i - Including register clock pin internal power


  Cell Internal Power  = 713.8249 uW   (75%)
  Net Switching Power  = 240.4120 uW   (25%)
                         ---------
Total Dynamic Power    = 954.2369 uW  (100%)

Cell Leakage Power     =  42.2117 uW

Information: report_power power group summary does not include estimated clock tree power. (PWR-789)

                 Internal         Switching           Leakage            Total
Power Group      Power            Power               Power              Power   (   %    )  Attrs
--------------------------------------------------------------------------------------------------
io_pad             0.0000            0.0000            0.0000            0.0000  (   0.00%)
memory             0.0000            0.0000            0.0000            0.0000  (   0.00%)
black_box          0.0000            0.0000            0.0000            0.0000  (   0.00%)
clock_network      0.0000            0.0000            0.0000            0.0000  (   0.00%)  i
register           0.0000            0.0000            0.0000            0.0000  (   0.00%)
sequential         0.0000            0.0000            0.0000            0.0000  (   0.00%)
combinational    713.8247          240.4121        4.2212e+07          996.4485  ( 100.00%)
--------------------------------------------------------------------------------------------------
Total            713.8247 uW       240.4121 uW     4.2212e+07 pW       996.4485 uW
1
