 
****************************************
Report : timing
        -path full
        -delay max
        -max_paths 10
Design : ripple_carry_adder
Version: U-2022.12-SP7
Date   : Tue Dec 12 16:58:51 2023
****************************************

Operating Conditions: TYPICAL   Library: saed90nm_typ_ht
Wire Load Model Mode: enclosed

  Startpoint: b[0] (input port)
  Endpoint: overflow (output port)
  Path Group: (none)
  Path Type: max

  Des/Clust/Port     Wire Load Model       Library
  ------------------------------------------------
  ripple_carry_adder 8000                  saed90nm_typ_ht
  full_adder_ripple_0
                     ForQA                 saed90nm_typ_ht

  Point                                                   Incr       Path
  --------------------------------------------------------------------------
  input external delay                                    1.00       1.00 r
  b[0] (in)                                               0.00       1.00 r
  full_adder_ripple[0].FA/b (full_adder_ripple_0)         0.00       1.00 r
  full_adder_ripple[0].FA/U3/Q (XOR2X1)                   0.22       1.22 f
  full_adder_ripple[0].FA/U2/Q (AO22X1)                   0.18       1.40 f
  full_adder_ripple[0].FA/cout (full_adder_ripple_0)      0.00       1.40 f
  full_adder_ripple[1].FA/cin (full_adder_ripple_31)      0.00       1.40 f
  full_adder_ripple[1].FA/U2/Q (AO22X1)                   0.17       1.57 f
  full_adder_ripple[1].FA/cout (full_adder_ripple_31)     0.00       1.57 f
  full_adder_ripple[2].FA/cin (full_adder_ripple_30)      0.00       1.57 f
  full_adder_ripple[2].FA/U2/Q (AO22X1)                   0.17       1.75 f
  full_adder_ripple[2].FA/cout (full_adder_ripple_30)     0.00       1.75 f
  full_adder_ripple[3].FA/cin (full_adder_ripple_29)      0.00       1.75 f
  full_adder_ripple[3].FA/U2/Q (AO22X1)                   0.17       1.92 f
  full_adder_ripple[3].FA/cout (full_adder_ripple_29)     0.00       1.92 f
  full_adder_ripple[4].FA/cin (full_adder_ripple_28)      0.00       1.92 f
  full_adder_ripple[4].FA/U2/Q (AO22X1)                   0.17       2.10 f
  full_adder_ripple[4].FA/cout (full_adder_ripple_28)     0.00       2.10 f
  full_adder_ripple[5].FA/cin (full_adder_ripple_27)      0.00       2.10 f
  full_adder_ripple[5].FA/U2/Q (AO22X1)                   0.17       2.27 f
  full_adder_ripple[5].FA/cout (full_adder_ripple_27)     0.00       2.27 f
  full_adder_ripple[6].FA/cin (full_adder_ripple_26)      0.00       2.27 f
  full_adder_ripple[6].FA/U2/Q (AO22X1)                   0.17       2.44 f
  full_adder_ripple[6].FA/cout (full_adder_ripple_26)     0.00       2.44 f
  full_adder_ripple[7].FA/cin (full_adder_ripple_25)      0.00       2.44 f
  full_adder_ripple[7].FA/U2/Q (AO22X1)                   0.17       2.62 f
  full_adder_ripple[7].FA/cout (full_adder_ripple_25)     0.00       2.62 f
  full_adder_ripple[8].FA/cin (full_adder_ripple_24)      0.00       2.62 f
  full_adder_ripple[8].FA/U2/Q (AO22X1)                   0.17       2.79 f
  full_adder_ripple[8].FA/cout (full_adder_ripple_24)     0.00       2.79 f
  full_adder_ripple[9].FA/cin (full_adder_ripple_23)      0.00       2.79 f
  full_adder_ripple[9].FA/U2/Q (AO22X1)                   0.17       2.97 f
  full_adder_ripple[9].FA/cout (full_adder_ripple_23)     0.00       2.97 f
  full_adder_ripple[10].FA/cin (full_adder_ripple_22)     0.00       2.97 f
  full_adder_ripple[10].FA/U2/Q (AO22X1)                  0.17       3.14 f
  full_adder_ripple[10].FA/cout (full_adder_ripple_22)
                                                          0.00       3.14 f
  full_adder_ripple[11].FA/cin (full_adder_ripple_21)     0.00       3.14 f
  full_adder_ripple[11].FA/U2/Q (AO22X1)                  0.17       3.31 f
  full_adder_ripple[11].FA/cout (full_adder_ripple_21)
                                                          0.00       3.31 f
  full_adder_ripple[12].FA/cin (full_adder_ripple_20)     0.00       3.31 f
  full_adder_ripple[12].FA/U2/Q (AO22X1)                  0.17       3.49 f
  full_adder_ripple[12].FA/cout (full_adder_ripple_20)
                                                          0.00       3.49 f
  full_adder_ripple[13].FA/cin (full_adder_ripple_19)     0.00       3.49 f
  full_adder_ripple[13].FA/U2/Q (AO22X1)                  0.17       3.66 f
  full_adder_ripple[13].FA/cout (full_adder_ripple_19)
                                                          0.00       3.66 f
  full_adder_ripple[14].FA/cin (full_adder_ripple_18)     0.00       3.66 f
  full_adder_ripple[14].FA/U2/Q (AO22X1)                  0.17       3.84 f
  full_adder_ripple[14].FA/cout (full_adder_ripple_18)
                                                          0.00       3.84 f
  full_adder_ripple[15].FA/cin (full_adder_ripple_17)     0.00       3.84 f
  full_adder_ripple[15].FA/U2/Q (AO22X1)                  0.17       4.01 f
  full_adder_ripple[15].FA/cout (full_adder_ripple_17)
                                                          0.00       4.01 f
  full_adder_ripple[16].FA/cin (full_adder_ripple_16)     0.00       4.01 f
  full_adder_ripple[16].FA/U2/Q (AO22X1)                  0.17       4.18 f
  full_adder_ripple[16].FA/cout (full_adder_ripple_16)
                                                          0.00       4.18 f
  full_adder_ripple[17].FA/cin (full_adder_ripple_15)     0.00       4.18 f
  full_adder_ripple[17].FA/U2/Q (AO22X1)                  0.17       4.36 f
  full_adder_ripple[17].FA/cout (full_adder_ripple_15)
                                                          0.00       4.36 f
  full_adder_ripple[18].FA/cin (full_adder_ripple_14)     0.00       4.36 f
  full_adder_ripple[18].FA/U2/Q (AO22X1)                  0.17       4.53 f
  full_adder_ripple[18].FA/cout (full_adder_ripple_14)
                                                          0.00       4.53 f
  full_adder_ripple[19].FA/cin (full_adder_ripple_13)     0.00       4.53 f
  full_adder_ripple[19].FA/U2/Q (AO22X1)                  0.17       4.71 f
  full_adder_ripple[19].FA/cout (full_adder_ripple_13)
                                                          0.00       4.71 f
  full_adder_ripple[20].FA/cin (full_adder_ripple_12)     0.00       4.71 f
  full_adder_ripple[20].FA/U2/Q (AO22X1)                  0.17       4.88 f
  full_adder_ripple[20].FA/cout (full_adder_ripple_12)
                                                          0.00       4.88 f
  full_adder_ripple[21].FA/cin (full_adder_ripple_11)     0.00       4.88 f
  full_adder_ripple[21].FA/U2/Q (AO22X1)                  0.17       5.05 f
  full_adder_ripple[21].FA/cout (full_adder_ripple_11)
                                                          0.00       5.05 f
  full_adder_ripple[22].FA/cin (full_adder_ripple_10)     0.00       5.05 f
  full_adder_ripple[22].FA/U2/Q (AO22X1)                  0.17       5.23 f
  full_adder_ripple[22].FA/cout (full_adder_ripple_10)
                                                          0.00       5.23 f
  full_adder_ripple[23].FA/cin (full_adder_ripple_9)      0.00       5.23 f
  full_adder_ripple[23].FA/U2/Q (AO22X1)                  0.17       5.40 f
  full_adder_ripple[23].FA/cout (full_adder_ripple_9)     0.00       5.40 f
  full_adder_ripple[24].FA/cin (full_adder_ripple_8)      0.00       5.40 f
  full_adder_ripple[24].FA/U2/Q (AO22X1)                  0.17       5.58 f
  full_adder_ripple[24].FA/cout (full_adder_ripple_8)     0.00       5.58 f
  full_adder_ripple[25].FA/cin (full_adder_ripple_7)      0.00       5.58 f
  full_adder_ripple[25].FA/U2/Q (AO22X1)                  0.17       5.75 f
  full_adder_ripple[25].FA/cout (full_adder_ripple_7)     0.00       5.75 f
  full_adder_ripple[26].FA/cin (full_adder_ripple_6)      0.00       5.75 f
  full_adder_ripple[26].FA/U2/Q (AO22X1)                  0.17       5.92 f
  full_adder_ripple[26].FA/cout (full_adder_ripple_6)     0.00       5.92 f
  full_adder_ripple[27].FA/cin (full_adder_ripple_5)      0.00       5.92 f
  full_adder_ripple[27].FA/U2/Q (AO22X1)                  0.17       6.10 f
  full_adder_ripple[27].FA/cout (full_adder_ripple_5)     0.00       6.10 f
  full_adder_ripple[28].FA/cin (full_adder_ripple_4)      0.00       6.10 f
  full_adder_ripple[28].FA/U2/Q (AO22X1)                  0.17       6.27 f
  full_adder_ripple[28].FA/cout (full_adder_ripple_4)     0.00       6.27 f
  full_adder_ripple[29].FA/cin (full_adder_ripple_3)      0.00       6.27 f
  full_adder_ripple[29].FA/U2/Q (AO22X1)                  0.17       6.45 f
  full_adder_ripple[29].FA/cout (full_adder_ripple_3)     0.00       6.45 f
  full_adder_ripple[30].FA/cin (full_adder_ripple_2)      0.00       6.45 f
  full_adder_ripple[30].FA/U2/Q (AO22X1)                  0.17       6.62 f
  full_adder_ripple[30].FA/cout (full_adder_ripple_2)     0.00       6.62 f
  full_adder_ripple[31].FA/cin (full_adder_ripple_1)      0.00       6.62 f
  full_adder_ripple[31].FA/U1/Q (XOR2X1)                  0.25       6.87 f
  full_adder_ripple[31].FA/sum (full_adder_ripple_1)      0.00       6.87 f
  U6/Q (XNOR2X1)                                          0.25       7.11 f
  U4/QN (NOR2X0)                                          0.16       7.27 r
  overflow (out)                                          0.22       7.49 r
  data arrival time                                                  7.49
  --------------------------------------------------------------------------
  (Path is unconstrained)


  Startpoint: b[0] (input port)
  Endpoint: sum[31] (output port)
  Path Group: (none)
  Path Type: max

  Des/Clust/Port     Wire Load Model       Library
  ------------------------------------------------
  ripple_carry_adder 8000                  saed90nm_typ_ht
  full_adder_ripple_0
                     ForQA                 saed90nm_typ_ht

  Point                                                   Incr       Path
  --------------------------------------------------------------------------
  input external delay                                    1.00       1.00 r
  b[0] (in)                                               0.00       1.00 r
  full_adder_ripple[0].FA/b (full_adder_ripple_0)         0.00       1.00 r
  full_adder_ripple[0].FA/U3/Q (XOR2X1)                   0.22       1.22 f
  full_adder_ripple[0].FA/U2/Q (AO22X1)                   0.18       1.40 f
  full_adder_ripple[0].FA/cout (full_adder_ripple_0)      0.00       1.40 f
  full_adder_ripple[1].FA/cin (full_adder_ripple_31)      0.00       1.40 f
  full_adder_ripple[1].FA/U2/Q (AO22X1)                   0.17       1.57 f
  full_adder_ripple[1].FA/cout (full_adder_ripple_31)     0.00       1.57 f
  full_adder_ripple[2].FA/cin (full_adder_ripple_30)      0.00       1.57 f
  full_adder_ripple[2].FA/U2/Q (AO22X1)                   0.17       1.75 f
  full_adder_ripple[2].FA/cout (full_adder_ripple_30)     0.00       1.75 f
  full_adder_ripple[3].FA/cin (full_adder_ripple_29)      0.00       1.75 f
  full_adder_ripple[3].FA/U2/Q (AO22X1)                   0.17       1.92 f
  full_adder_ripple[3].FA/cout (full_adder_ripple_29)     0.00       1.92 f
  full_adder_ripple[4].FA/cin (full_adder_ripple_28)      0.00       1.92 f
  full_adder_ripple[4].FA/U2/Q (AO22X1)                   0.17       2.10 f
  full_adder_ripple[4].FA/cout (full_adder_ripple_28)     0.00       2.10 f
  full_adder_ripple[5].FA/cin (full_adder_ripple_27)      0.00       2.10 f
  full_adder_ripple[5].FA/U2/Q (AO22X1)                   0.17       2.27 f
  full_adder_ripple[5].FA/cout (full_adder_ripple_27)     0.00       2.27 f
  full_adder_ripple[6].FA/cin (full_adder_ripple_26)      0.00       2.27 f
  full_adder_ripple[6].FA/U2/Q (AO22X1)                   0.17       2.44 f
  full_adder_ripple[6].FA/cout (full_adder_ripple_26)     0.00       2.44 f
  full_adder_ripple[7].FA/cin (full_adder_ripple_25)      0.00       2.44 f
  full_adder_ripple[7].FA/U2/Q (AO22X1)                   0.17       2.62 f
  full_adder_ripple[7].FA/cout (full_adder_ripple_25)     0.00       2.62 f
  full_adder_ripple[8].FA/cin (full_adder_ripple_24)      0.00       2.62 f
  full_adder_ripple[8].FA/U2/Q (AO22X1)                   0.17       2.79 f
  full_adder_ripple[8].FA/cout (full_adder_ripple_24)     0.00       2.79 f
  full_adder_ripple[9].FA/cin (full_adder_ripple_23)      0.00       2.79 f
  full_adder_ripple[9].FA/U2/Q (AO22X1)                   0.17       2.97 f
  full_adder_ripple[9].FA/cout (full_adder_ripple_23)     0.00       2.97 f
  full_adder_ripple[10].FA/cin (full_adder_ripple_22)     0.00       2.97 f
  full_adder_ripple[10].FA/U2/Q (AO22X1)                  0.17       3.14 f
  full_adder_ripple[10].FA/cout (full_adder_ripple_22)
                                                          0.00       3.14 f
  full_adder_ripple[11].FA/cin (full_adder_ripple_21)     0.00       3.14 f
  full_adder_ripple[11].FA/U2/Q (AO22X1)                  0.17       3.31 f
  full_adder_ripple[11].FA/cout (full_adder_ripple_21)
                                                          0.00       3.31 f
  full_adder_ripple[12].FA/cin (full_adder_ripple_20)     0.00       3.31 f
  full_adder_ripple[12].FA/U2/Q (AO22X1)                  0.17       3.49 f
  full_adder_ripple[12].FA/cout (full_adder_ripple_20)
                                                          0.00       3.49 f
  full_adder_ripple[13].FA/cin (full_adder_ripple_19)     0.00       3.49 f
  full_adder_ripple[13].FA/U2/Q (AO22X1)                  0.17       3.66 f
  full_adder_ripple[13].FA/cout (full_adder_ripple_19)
                                                          0.00       3.66 f
  full_adder_ripple[14].FA/cin (full_adder_ripple_18)     0.00       3.66 f
  full_adder_ripple[14].FA/U2/Q (AO22X1)                  0.17       3.84 f
  full_adder_ripple[14].FA/cout (full_adder_ripple_18)
                                                          0.00       3.84 f
  full_adder_ripple[15].FA/cin (full_adder_ripple_17)     0.00       3.84 f
  full_adder_ripple[15].FA/U2/Q (AO22X1)                  0.17       4.01 f
  full_adder_ripple[15].FA/cout (full_adder_ripple_17)
                                                          0.00       4.01 f
  full_adder_ripple[16].FA/cin (full_adder_ripple_16)     0.00       4.01 f
  full_adder_ripple[16].FA/U2/Q (AO22X1)                  0.17       4.18 f
  full_adder_ripple[16].FA/cout (full_adder_ripple_16)
                                                          0.00       4.18 f
  full_adder_ripple[17].FA/cin (full_adder_ripple_15)     0.00       4.18 f
  full_adder_ripple[17].FA/U2/Q (AO22X1)                  0.17       4.36 f
  full_adder_ripple[17].FA/cout (full_adder_ripple_15)
                                                          0.00       4.36 f
  full_adder_ripple[18].FA/cin (full_adder_ripple_14)     0.00       4.36 f
  full_adder_ripple[18].FA/U2/Q (AO22X1)                  0.17       4.53 f
  full_adder_ripple[18].FA/cout (full_adder_ripple_14)
                                                          0.00       4.53 f
  full_adder_ripple[19].FA/cin (full_adder_ripple_13)     0.00       4.53 f
  full_adder_ripple[19].FA/U2/Q (AO22X1)                  0.17       4.71 f
  full_adder_ripple[19].FA/cout (full_adder_ripple_13)
                                                          0.00       4.71 f
  full_adder_ripple[20].FA/cin (full_adder_ripple_12)     0.00       4.71 f
  full_adder_ripple[20].FA/U2/Q (AO22X1)                  0.17       4.88 f
  full_adder_ripple[20].FA/cout (full_adder_ripple_12)
                                                          0.00       4.88 f
  full_adder_ripple[21].FA/cin (full_adder_ripple_11)     0.00       4.88 f
  full_adder_ripple[21].FA/U2/Q (AO22X1)                  0.17       5.05 f
  full_adder_ripple[21].FA/cout (full_adder_ripple_11)
                                                          0.00       5.05 f
  full_adder_ripple[22].FA/cin (full_adder_ripple_10)     0.00       5.05 f
  full_adder_ripple[22].FA/U2/Q (AO22X1)                  0.17       5.23 f
  full_adder_ripple[22].FA/cout (full_adder_ripple_10)
                                                          0.00       5.23 f
  full_adder_ripple[23].FA/cin (full_adder_ripple_9)      0.00       5.23 f
  full_adder_ripple[23].FA/U2/Q (AO22X1)                  0.17       5.40 f
  full_adder_ripple[23].FA/cout (full_adder_ripple_9)     0.00       5.40 f
  full_adder_ripple[24].FA/cin (full_adder_ripple_8)      0.00       5.40 f
  full_adder_ripple[24].FA/U2/Q (AO22X1)                  0.17       5.58 f
  full_adder_ripple[24].FA/cout (full_adder_ripple_8)     0.00       5.58 f
  full_adder_ripple[25].FA/cin (full_adder_ripple_7)      0.00       5.58 f
  full_adder_ripple[25].FA/U2/Q (AO22X1)                  0.17       5.75 f
  full_adder_ripple[25].FA/cout (full_adder_ripple_7)     0.00       5.75 f
  full_adder_ripple[26].FA/cin (full_adder_ripple_6)      0.00       5.75 f
  full_adder_ripple[26].FA/U2/Q (AO22X1)                  0.17       5.92 f
  full_adder_ripple[26].FA/cout (full_adder_ripple_6)     0.00       5.92 f
  full_adder_ripple[27].FA/cin (full_adder_ripple_5)      0.00       5.92 f
  full_adder_ripple[27].FA/U2/Q (AO22X1)                  0.17       6.10 f
  full_adder_ripple[27].FA/cout (full_adder_ripple_5)     0.00       6.10 f
  full_adder_ripple[28].FA/cin (full_adder_ripple_4)      0.00       6.10 f
  full_adder_ripple[28].FA/U2/Q (AO22X1)                  0.17       6.27 f
  full_adder_ripple[28].FA/cout (full_adder_ripple_4)     0.00       6.27 f
  full_adder_ripple[29].FA/cin (full_adder_ripple_3)      0.00       6.27 f
  full_adder_ripple[29].FA/U2/Q (AO22X1)                  0.17       6.45 f
  full_adder_ripple[29].FA/cout (full_adder_ripple_3)     0.00       6.45 f
  full_adder_ripple[30].FA/cin (full_adder_ripple_2)      0.00       6.45 f
  full_adder_ripple[30].FA/U2/Q (AO22X1)                  0.17       6.62 f
  full_adder_ripple[30].FA/cout (full_adder_ripple_2)     0.00       6.62 f
  full_adder_ripple[31].FA/cin (full_adder_ripple_1)      0.00       6.62 f
  full_adder_ripple[31].FA/U1/Q (XOR2X1)                  0.25       6.87 f
  full_adder_ripple[31].FA/sum (full_adder_ripple_1)      0.00       6.87 f
  sum[31] (out)                                           0.25       7.12 f
  data arrival time                                                  7.12
  --------------------------------------------------------------------------
  (Path is unconstrained)


  Startpoint: b[0] (input port)
  Endpoint: cout (output port)
  Path Group: (none)
  Path Type: max

  Des/Clust/Port     Wire Load Model       Library
  ------------------------------------------------
  ripple_carry_adder 8000                  saed90nm_typ_ht
  full_adder_ripple_0
                     ForQA                 saed90nm_typ_ht

  Point                                                   Incr       Path
  --------------------------------------------------------------------------
  input external delay                                    1.00       1.00 r
  b[0] (in)                                               0.00       1.00 r
  full_adder_ripple[0].FA/b (full_adder_ripple_0)         0.00       1.00 r
  full_adder_ripple[0].FA/U3/Q (XOR2X1)                   0.22       1.22 f
  full_adder_ripple[0].FA/U2/Q (AO22X1)                   0.18       1.40 f
  full_adder_ripple[0].FA/cout (full_adder_ripple_0)      0.00       1.40 f
  full_adder_ripple[1].FA/cin (full_adder_ripple_31)      0.00       1.40 f
  full_adder_ripple[1].FA/U2/Q (AO22X1)                   0.17       1.57 f
  full_adder_ripple[1].FA/cout (full_adder_ripple_31)     0.00       1.57 f
  full_adder_ripple[2].FA/cin (full_adder_ripple_30)      0.00       1.57 f
  full_adder_ripple[2].FA/U2/Q (AO22X1)                   0.17       1.75 f
  full_adder_ripple[2].FA/cout (full_adder_ripple_30)     0.00       1.75 f
  full_adder_ripple[3].FA/cin (full_adder_ripple_29)      0.00       1.75 f
  full_adder_ripple[3].FA/U2/Q (AO22X1)                   0.17       1.92 f
  full_adder_ripple[3].FA/cout (full_adder_ripple_29)     0.00       1.92 f
  full_adder_ripple[4].FA/cin (full_adder_ripple_28)      0.00       1.92 f
  full_adder_ripple[4].FA/U2/Q (AO22X1)                   0.17       2.10 f
  full_adder_ripple[4].FA/cout (full_adder_ripple_28)     0.00       2.10 f
  full_adder_ripple[5].FA/cin (full_adder_ripple_27)      0.00       2.10 f
  full_adder_ripple[5].FA/U2/Q (AO22X1)                   0.17       2.27 f
  full_adder_ripple[5].FA/cout (full_adder_ripple_27)     0.00       2.27 f
  full_adder_ripple[6].FA/cin (full_adder_ripple_26)      0.00       2.27 f
  full_adder_ripple[6].FA/U2/Q (AO22X1)                   0.17       2.44 f
  full_adder_ripple[6].FA/cout (full_adder_ripple_26)     0.00       2.44 f
  full_adder_ripple[7].FA/cin (full_adder_ripple_25)      0.00       2.44 f
  full_adder_ripple[7].FA/U2/Q (AO22X1)                   0.17       2.62 f
  full_adder_ripple[7].FA/cout (full_adder_ripple_25)     0.00       2.62 f
  full_adder_ripple[8].FA/cin (full_adder_ripple_24)      0.00       2.62 f
  full_adder_ripple[8].FA/U2/Q (AO22X1)                   0.17       2.79 f
  full_adder_ripple[8].FA/cout (full_adder_ripple_24)     0.00       2.79 f
  full_adder_ripple[9].FA/cin (full_adder_ripple_23)      0.00       2.79 f
  full_adder_ripple[9].FA/U2/Q (AO22X1)                   0.17       2.97 f
  full_adder_ripple[9].FA/cout (full_adder_ripple_23)     0.00       2.97 f
  full_adder_ripple[10].FA/cin (full_adder_ripple_22)     0.00       2.97 f
  full_adder_ripple[10].FA/U2/Q (AO22X1)                  0.17       3.14 f
  full_adder_ripple[10].FA/cout (full_adder_ripple_22)
                                                          0.00       3.14 f
  full_adder_ripple[11].FA/cin (full_adder_ripple_21)     0.00       3.14 f
  full_adder_ripple[11].FA/U2/Q (AO22X1)                  0.17       3.31 f
  full_adder_ripple[11].FA/cout (full_adder_ripple_21)
                                                          0.00       3.31 f
  full_adder_ripple[12].FA/cin (full_adder_ripple_20)     0.00       3.31 f
  full_adder_ripple[12].FA/U2/Q (AO22X1)                  0.17       3.49 f
  full_adder_ripple[12].FA/cout (full_adder_ripple_20)
                                                          0.00       3.49 f
  full_adder_ripple[13].FA/cin (full_adder_ripple_19)     0.00       3.49 f
  full_adder_ripple[13].FA/U2/Q (AO22X1)                  0.17       3.66 f
  full_adder_ripple[13].FA/cout (full_adder_ripple_19)
                                                          0.00       3.66 f
  full_adder_ripple[14].FA/cin (full_adder_ripple_18)     0.00       3.66 f
  full_adder_ripple[14].FA/U2/Q (AO22X1)                  0.17       3.84 f
  full_adder_ripple[14].FA/cout (full_adder_ripple_18)
                                                          0.00       3.84 f
  full_adder_ripple[15].FA/cin (full_adder_ripple_17)     0.00       3.84 f
  full_adder_ripple[15].FA/U2/Q (AO22X1)                  0.17       4.01 f
  full_adder_ripple[15].FA/cout (full_adder_ripple_17)
                                                          0.00       4.01 f
  full_adder_ripple[16].FA/cin (full_adder_ripple_16)     0.00       4.01 f
  full_adder_ripple[16].FA/U2/Q (AO22X1)                  0.17       4.18 f
  full_adder_ripple[16].FA/cout (full_adder_ripple_16)
                                                          0.00       4.18 f
  full_adder_ripple[17].FA/cin (full_adder_ripple_15)     0.00       4.18 f
  full_adder_ripple[17].FA/U2/Q (AO22X1)                  0.17       4.36 f
  full_adder_ripple[17].FA/cout (full_adder_ripple_15)
                                                          0.00       4.36 f
  full_adder_ripple[18].FA/cin (full_adder_ripple_14)     0.00       4.36 f
  full_adder_ripple[18].FA/U2/Q (AO22X1)                  0.17       4.53 f
  full_adder_ripple[18].FA/cout (full_adder_ripple_14)
                                                          0.00       4.53 f
  full_adder_ripple[19].FA/cin (full_adder_ripple_13)     0.00       4.53 f
  full_adder_ripple[19].FA/U2/Q (AO22X1)                  0.17       4.71 f
  full_adder_ripple[19].FA/cout (full_adder_ripple_13)
                                                          0.00       4.71 f
  full_adder_ripple[20].FA/cin (full_adder_ripple_12)     0.00       4.71 f
  full_adder_ripple[20].FA/U2/Q (AO22X1)                  0.17       4.88 f
  full_adder_ripple[20].FA/cout (full_adder_ripple_12)
                                                          0.00       4.88 f
  full_adder_ripple[21].FA/cin (full_adder_ripple_11)     0.00       4.88 f
  full_adder_ripple[21].FA/U2/Q (AO22X1)                  0.17       5.05 f
  full_adder_ripple[21].FA/cout (full_adder_ripple_11)
                                                          0.00       5.05 f
  full_adder_ripple[22].FA/cin (full_adder_ripple_10)     0.00       5.05 f
  full_adder_ripple[22].FA/U2/Q (AO22X1)                  0.17       5.23 f
  full_adder_ripple[22].FA/cout (full_adder_ripple_10)
                                                          0.00       5.23 f
  full_adder_ripple[23].FA/cin (full_adder_ripple_9)      0.00       5.23 f
  full_adder_ripple[23].FA/U2/Q (AO22X1)                  0.17       5.40 f
  full_adder_ripple[23].FA/cout (full_adder_ripple_9)     0.00       5.40 f
  full_adder_ripple[24].FA/cin (full_adder_ripple_8)      0.00       5.40 f
  full_adder_ripple[24].FA/U2/Q (AO22X1)                  0.17       5.58 f
  full_adder_ripple[24].FA/cout (full_adder_ripple_8)     0.00       5.58 f
  full_adder_ripple[25].FA/cin (full_adder_ripple_7)      0.00       5.58 f
  full_adder_ripple[25].FA/U2/Q (AO22X1)                  0.17       5.75 f
  full_adder_ripple[25].FA/cout (full_adder_ripple_7)     0.00       5.75 f
  full_adder_ripple[26].FA/cin (full_adder_ripple_6)      0.00       5.75 f
  full_adder_ripple[26].FA/U2/Q (AO22X1)                  0.17       5.92 f
  full_adder_ripple[26].FA/cout (full_adder_ripple_6)     0.00       5.92 f
  full_adder_ripple[27].FA/cin (full_adder_ripple_5)      0.00       5.92 f
  full_adder_ripple[27].FA/U2/Q (AO22X1)                  0.17       6.10 f
  full_adder_ripple[27].FA/cout (full_adder_ripple_5)     0.00       6.10 f
  full_adder_ripple[28].FA/cin (full_adder_ripple_4)      0.00       6.10 f
  full_adder_ripple[28].FA/U2/Q (AO22X1)                  0.17       6.27 f
  full_adder_ripple[28].FA/cout (full_adder_ripple_4)     0.00       6.27 f
  full_adder_ripple[29].FA/cin (full_adder_ripple_3)      0.00       6.27 f
  full_adder_ripple[29].FA/U2/Q (AO22X1)                  0.17       6.45 f
  full_adder_ripple[29].FA/cout (full_adder_ripple_3)     0.00       6.45 f
  full_adder_ripple[30].FA/cin (full_adder_ripple_2)      0.00       6.45 f
  full_adder_ripple[30].FA/U2/Q (AO22X1)                  0.17       6.62 f
  full_adder_ripple[30].FA/cout (full_adder_ripple_2)     0.00       6.62 f
  full_adder_ripple[31].FA/cin (full_adder_ripple_1)      0.00       6.62 f
  full_adder_ripple[31].FA/U2/Q (AO22X1)                  0.19       6.81 f
  full_adder_ripple[31].FA/cout (full_adder_ripple_1)     0.00       6.81 f
  cout (out)                                              0.22       7.03 f
  data arrival time                                                  7.03
  --------------------------------------------------------------------------
  (Path is unconstrained)


  Startpoint: b[0] (input port)
  Endpoint: sum[30] (output port)
  Path Group: (none)
  Path Type: max

  Des/Clust/Port     Wire Load Model       Library
  ------------------------------------------------
  ripple_carry_adder 8000                  saed90nm_typ_ht
  full_adder_ripple_0
                     ForQA                 saed90nm_typ_ht

  Point                                                   Incr       Path
  --------------------------------------------------------------------------
  input external delay                                    1.00       1.00 r
  b[0] (in)                                               0.00       1.00 r
  full_adder_ripple[0].FA/b (full_adder_ripple_0)         0.00       1.00 r
  full_adder_ripple[0].FA/U3/Q (XOR2X1)                   0.22       1.22 f
  full_adder_ripple[0].FA/U2/Q (AO22X1)                   0.18       1.40 f
  full_adder_ripple[0].FA/cout (full_adder_ripple_0)      0.00       1.40 f
  full_adder_ripple[1].FA/cin (full_adder_ripple_31)      0.00       1.40 f
  full_adder_ripple[1].FA/U2/Q (AO22X1)                   0.17       1.57 f
  full_adder_ripple[1].FA/cout (full_adder_ripple_31)     0.00       1.57 f
  full_adder_ripple[2].FA/cin (full_adder_ripple_30)      0.00       1.57 f
  full_adder_ripple[2].FA/U2/Q (AO22X1)                   0.17       1.75 f
  full_adder_ripple[2].FA/cout (full_adder_ripple_30)     0.00       1.75 f
  full_adder_ripple[3].FA/cin (full_adder_ripple_29)      0.00       1.75 f
  full_adder_ripple[3].FA/U2/Q (AO22X1)                   0.17       1.92 f
  full_adder_ripple[3].FA/cout (full_adder_ripple_29)     0.00       1.92 f
  full_adder_ripple[4].FA/cin (full_adder_ripple_28)      0.00       1.92 f
  full_adder_ripple[4].FA/U2/Q (AO22X1)                   0.17       2.10 f
  full_adder_ripple[4].FA/cout (full_adder_ripple_28)     0.00       2.10 f
  full_adder_ripple[5].FA/cin (full_adder_ripple_27)      0.00       2.10 f
  full_adder_ripple[5].FA/U2/Q (AO22X1)                   0.17       2.27 f
  full_adder_ripple[5].FA/cout (full_adder_ripple_27)     0.00       2.27 f
  full_adder_ripple[6].FA/cin (full_adder_ripple_26)      0.00       2.27 f
  full_adder_ripple[6].FA/U2/Q (AO22X1)                   0.17       2.44 f
  full_adder_ripple[6].FA/cout (full_adder_ripple_26)     0.00       2.44 f
  full_adder_ripple[7].FA/cin (full_adder_ripple_25)      0.00       2.44 f
  full_adder_ripple[7].FA/U2/Q (AO22X1)                   0.17       2.62 f
  full_adder_ripple[7].FA/cout (full_adder_ripple_25)     0.00       2.62 f
  full_adder_ripple[8].FA/cin (full_adder_ripple_24)      0.00       2.62 f
  full_adder_ripple[8].FA/U2/Q (AO22X1)                   0.17       2.79 f
  full_adder_ripple[8].FA/cout (full_adder_ripple_24)     0.00       2.79 f
  full_adder_ripple[9].FA/cin (full_adder_ripple_23)      0.00       2.79 f
  full_adder_ripple[9].FA/U2/Q (AO22X1)                   0.17       2.97 f
  full_adder_ripple[9].FA/cout (full_adder_ripple_23)     0.00       2.97 f
  full_adder_ripple[10].FA/cin (full_adder_ripple_22)     0.00       2.97 f
  full_adder_ripple[10].FA/U2/Q (AO22X1)                  0.17       3.14 f
  full_adder_ripple[10].FA/cout (full_adder_ripple_22)
                                                          0.00       3.14 f
  full_adder_ripple[11].FA/cin (full_adder_ripple_21)     0.00       3.14 f
  full_adder_ripple[11].FA/U2/Q (AO22X1)                  0.17       3.31 f
  full_adder_ripple[11].FA/cout (full_adder_ripple_21)
                                                          0.00       3.31 f
  full_adder_ripple[12].FA/cin (full_adder_ripple_20)     0.00       3.31 f
  full_adder_ripple[12].FA/U2/Q (AO22X1)                  0.17       3.49 f
  full_adder_ripple[12].FA/cout (full_adder_ripple_20)
                                                          0.00       3.49 f
  full_adder_ripple[13].FA/cin (full_adder_ripple_19)     0.00       3.49 f
  full_adder_ripple[13].FA/U2/Q (AO22X1)                  0.17       3.66 f
  full_adder_ripple[13].FA/cout (full_adder_ripple_19)
                                                          0.00       3.66 f
  full_adder_ripple[14].FA/cin (full_adder_ripple_18)     0.00       3.66 f
  full_adder_ripple[14].FA/U2/Q (AO22X1)                  0.17       3.84 f
  full_adder_ripple[14].FA/cout (full_adder_ripple_18)
                                                          0.00       3.84 f
  full_adder_ripple[15].FA/cin (full_adder_ripple_17)     0.00       3.84 f
  full_adder_ripple[15].FA/U2/Q (AO22X1)                  0.17       4.01 f
  full_adder_ripple[15].FA/cout (full_adder_ripple_17)
                                                          0.00       4.01 f
  full_adder_ripple[16].FA/cin (full_adder_ripple_16)     0.00       4.01 f
  full_adder_ripple[16].FA/U2/Q (AO22X1)                  0.17       4.18 f
  full_adder_ripple[16].FA/cout (full_adder_ripple_16)
                                                          0.00       4.18 f
  full_adder_ripple[17].FA/cin (full_adder_ripple_15)     0.00       4.18 f
  full_adder_ripple[17].FA/U2/Q (AO22X1)                  0.17       4.36 f
  full_adder_ripple[17].FA/cout (full_adder_ripple_15)
                                                          0.00       4.36 f
  full_adder_ripple[18].FA/cin (full_adder_ripple_14)     0.00       4.36 f
  full_adder_ripple[18].FA/U2/Q (AO22X1)                  0.17       4.53 f
  full_adder_ripple[18].FA/cout (full_adder_ripple_14)
                                                          0.00       4.53 f
  full_adder_ripple[19].FA/cin (full_adder_ripple_13)     0.00       4.53 f
  full_adder_ripple[19].FA/U2/Q (AO22X1)                  0.17       4.71 f
  full_adder_ripple[19].FA/cout (full_adder_ripple_13)
                                                          0.00       4.71 f
  full_adder_ripple[20].FA/cin (full_adder_ripple_12)     0.00       4.71 f
  full_adder_ripple[20].FA/U2/Q (AO22X1)                  0.17       4.88 f
  full_adder_ripple[20].FA/cout (full_adder_ripple_12)
                                                          0.00       4.88 f
  full_adder_ripple[21].FA/cin (full_adder_ripple_11)     0.00       4.88 f
  full_adder_ripple[21].FA/U2/Q (AO22X1)                  0.17       5.05 f
  full_adder_ripple[21].FA/cout (full_adder_ripple_11)
                                                          0.00       5.05 f
  full_adder_ripple[22].FA/cin (full_adder_ripple_10)     0.00       5.05 f
  full_adder_ripple[22].FA/U2/Q (AO22X1)                  0.17       5.23 f
  full_adder_ripple[22].FA/cout (full_adder_ripple_10)
                                                          0.00       5.23 f
  full_adder_ripple[23].FA/cin (full_adder_ripple_9)      0.00       5.23 f
  full_adder_ripple[23].FA/U2/Q (AO22X1)                  0.17       5.40 f
  full_adder_ripple[23].FA/cout (full_adder_ripple_9)     0.00       5.40 f
  full_adder_ripple[24].FA/cin (full_adder_ripple_8)      0.00       5.40 f
  full_adder_ripple[24].FA/U2/Q (AO22X1)                  0.17       5.58 f
  full_adder_ripple[24].FA/cout (full_adder_ripple_8)     0.00       5.58 f
  full_adder_ripple[25].FA/cin (full_adder_ripple_7)      0.00       5.58 f
  full_adder_ripple[25].FA/U2/Q (AO22X1)                  0.17       5.75 f
  full_adder_ripple[25].FA/cout (full_adder_ripple_7)     0.00       5.75 f
  full_adder_ripple[26].FA/cin (full_adder_ripple_6)      0.00       5.75 f
  full_adder_ripple[26].FA/U2/Q (AO22X1)                  0.17       5.92 f
  full_adder_ripple[26].FA/cout (full_adder_ripple_6)     0.00       5.92 f
  full_adder_ripple[27].FA/cin (full_adder_ripple_5)      0.00       5.92 f
  full_adder_ripple[27].FA/U2/Q (AO22X1)                  0.17       6.10 f
  full_adder_ripple[27].FA/cout (full_adder_ripple_5)     0.00       6.10 f
  full_adder_ripple[28].FA/cin (full_adder_ripple_4)      0.00       6.10 f
  full_adder_ripple[28].FA/U2/Q (AO22X1)                  0.17       6.27 f
  full_adder_ripple[28].FA/cout (full_adder_ripple_4)     0.00       6.27 f
  full_adder_ripple[29].FA/cin (full_adder_ripple_3)      0.00       6.27 f
  full_adder_ripple[29].FA/U2/Q (AO22X1)                  0.17       6.45 f
  full_adder_ripple[29].FA/cout (full_adder_ripple_3)     0.00       6.45 f
  full_adder_ripple[30].FA/cin (full_adder_ripple_2)      0.00       6.45 f
  full_adder_ripple[30].FA/U1/Q (XOR2X1)                  0.24       6.69 f
  full_adder_ripple[30].FA/sum (full_adder_ripple_2)      0.00       6.69 f
  sum[30] (out)                                           0.22       6.90 f
  data arrival time                                                  6.90
  --------------------------------------------------------------------------
  (Path is unconstrained)


  Startpoint: b[0] (input port)
  Endpoint: sum[29] (output port)
  Path Group: (none)
  Path Type: max

  Des/Clust/Port     Wire Load Model       Library
  ------------------------------------------------
  ripple_carry_adder 8000                  saed90nm_typ_ht
  full_adder_ripple_0
                     ForQA                 saed90nm_typ_ht

  Point                                                   Incr       Path
  --------------------------------------------------------------------------
  input external delay                                    1.00       1.00 r
  b[0] (in)                                               0.00       1.00 r
  full_adder_ripple[0].FA/b (full_adder_ripple_0)         0.00       1.00 r
  full_adder_ripple[0].FA/U3/Q (XOR2X1)                   0.22       1.22 f
  full_adder_ripple[0].FA/U2/Q (AO22X1)                   0.18       1.40 f
  full_adder_ripple[0].FA/cout (full_adder_ripple_0)      0.00       1.40 f
  full_adder_ripple[1].FA/cin (full_adder_ripple_31)      0.00       1.40 f
  full_adder_ripple[1].FA/U2/Q (AO22X1)                   0.17       1.57 f
  full_adder_ripple[1].FA/cout (full_adder_ripple_31)     0.00       1.57 f
  full_adder_ripple[2].FA/cin (full_adder_ripple_30)      0.00       1.57 f
  full_adder_ripple[2].FA/U2/Q (AO22X1)                   0.17       1.75 f
  full_adder_ripple[2].FA/cout (full_adder_ripple_30)     0.00       1.75 f
  full_adder_ripple[3].FA/cin (full_adder_ripple_29)      0.00       1.75 f
  full_adder_ripple[3].FA/U2/Q (AO22X1)                   0.17       1.92 f
  full_adder_ripple[3].FA/cout (full_adder_ripple_29)     0.00       1.92 f
  full_adder_ripple[4].FA/cin (full_adder_ripple_28)      0.00       1.92 f
  full_adder_ripple[4].FA/U2/Q (AO22X1)                   0.17       2.10 f
  full_adder_ripple[4].FA/cout (full_adder_ripple_28)     0.00       2.10 f
  full_adder_ripple[5].FA/cin (full_adder_ripple_27)      0.00       2.10 f
  full_adder_ripple[5].FA/U2/Q (AO22X1)                   0.17       2.27 f
  full_adder_ripple[5].FA/cout (full_adder_ripple_27)     0.00       2.27 f
  full_adder_ripple[6].FA/cin (full_adder_ripple_26)      0.00       2.27 f
  full_adder_ripple[6].FA/U2/Q (AO22X1)                   0.17       2.44 f
  full_adder_ripple[6].FA/cout (full_adder_ripple_26)     0.00       2.44 f
  full_adder_ripple[7].FA/cin (full_adder_ripple_25)      0.00       2.44 f
  full_adder_ripple[7].FA/U2/Q (AO22X1)                   0.17       2.62 f
  full_adder_ripple[7].FA/cout (full_adder_ripple_25)     0.00       2.62 f
  full_adder_ripple[8].FA/cin (full_adder_ripple_24)      0.00       2.62 f
  full_adder_ripple[8].FA/U2/Q (AO22X1)                   0.17       2.79 f
  full_adder_ripple[8].FA/cout (full_adder_ripple_24)     0.00       2.79 f
  full_adder_ripple[9].FA/cin (full_adder_ripple_23)      0.00       2.79 f
  full_adder_ripple[9].FA/U2/Q (AO22X1)                   0.17       2.97 f
  full_adder_ripple[9].FA/cout (full_adder_ripple_23)     0.00       2.97 f
  full_adder_ripple[10].FA/cin (full_adder_ripple_22)     0.00       2.97 f
  full_adder_ripple[10].FA/U2/Q (AO22X1)                  0.17       3.14 f
  full_adder_ripple[10].FA/cout (full_adder_ripple_22)
                                                          0.00       3.14 f
  full_adder_ripple[11].FA/cin (full_adder_ripple_21)     0.00       3.14 f
  full_adder_ripple[11].FA/U2/Q (AO22X1)                  0.17       3.31 f
  full_adder_ripple[11].FA/cout (full_adder_ripple_21)
                                                          0.00       3.31 f
  full_adder_ripple[12].FA/cin (full_adder_ripple_20)     0.00       3.31 f
  full_adder_ripple[12].FA/U2/Q (AO22X1)                  0.17       3.49 f
  full_adder_ripple[12].FA/cout (full_adder_ripple_20)
                                                          0.00       3.49 f
  full_adder_ripple[13].FA/cin (full_adder_ripple_19)     0.00       3.49 f
  full_adder_ripple[13].FA/U2/Q (AO22X1)                  0.17       3.66 f
  full_adder_ripple[13].FA/cout (full_adder_ripple_19)
                                                          0.00       3.66 f
  full_adder_ripple[14].FA/cin (full_adder_ripple_18)     0.00       3.66 f
  full_adder_ripple[14].FA/U2/Q (AO22X1)                  0.17       3.84 f
  full_adder_ripple[14].FA/cout (full_adder_ripple_18)
                                                          0.00       3.84 f
  full_adder_ripple[15].FA/cin (full_adder_ripple_17)     0.00       3.84 f
  full_adder_ripple[15].FA/U2/Q (AO22X1)                  0.17       4.01 f
  full_adder_ripple[15].FA/cout (full_adder_ripple_17)
                                                          0.00       4.01 f
  full_adder_ripple[16].FA/cin (full_adder_ripple_16)     0.00       4.01 f
  full_adder_ripple[16].FA/U2/Q (AO22X1)                  0.17       4.18 f
  full_adder_ripple[16].FA/cout (full_adder_ripple_16)
                                                          0.00       4.18 f
  full_adder_ripple[17].FA/cin (full_adder_ripple_15)     0.00       4.18 f
  full_adder_ripple[17].FA/U2/Q (AO22X1)                  0.17       4.36 f
  full_adder_ripple[17].FA/cout (full_adder_ripple_15)
                                                          0.00       4.36 f
  full_adder_ripple[18].FA/cin (full_adder_ripple_14)     0.00       4.36 f
  full_adder_ripple[18].FA/U2/Q (AO22X1)                  0.17       4.53 f
  full_adder_ripple[18].FA/cout (full_adder_ripple_14)
                                                          0.00       4.53 f
  full_adder_ripple[19].FA/cin (full_adder_ripple_13)     0.00       4.53 f
  full_adder_ripple[19].FA/U2/Q (AO22X1)                  0.17       4.71 f
  full_adder_ripple[19].FA/cout (full_adder_ripple_13)
                                                          0.00       4.71 f
  full_adder_ripple[20].FA/cin (full_adder_ripple_12)     0.00       4.71 f
  full_adder_ripple[20].FA/U2/Q (AO22X1)                  0.17       4.88 f
  full_adder_ripple[20].FA/cout (full_adder_ripple_12)
                                                          0.00       4.88 f
  full_adder_ripple[21].FA/cin (full_adder_ripple_11)     0.00       4.88 f
  full_adder_ripple[21].FA/U2/Q (AO22X1)                  0.17       5.05 f
  full_adder_ripple[21].FA/cout (full_adder_ripple_11)
                                                          0.00       5.05 f
  full_adder_ripple[22].FA/cin (full_adder_ripple_10)     0.00       5.05 f
  full_adder_ripple[22].FA/U2/Q (AO22X1)                  0.17       5.23 f
  full_adder_ripple[22].FA/cout (full_adder_ripple_10)
                                                          0.00       5.23 f
  full_adder_ripple[23].FA/cin (full_adder_ripple_9)      0.00       5.23 f
  full_adder_ripple[23].FA/U2/Q (AO22X1)                  0.17       5.40 f
  full_adder_ripple[23].FA/cout (full_adder_ripple_9)     0.00       5.40 f
  full_adder_ripple[24].FA/cin (full_adder_ripple_8)      0.00       5.40 f
  full_adder_ripple[24].FA/U2/Q (AO22X1)                  0.17       5.58 f
  full_adder_ripple[24].FA/cout (full_adder_ripple_8)     0.00       5.58 f
  full_adder_ripple[25].FA/cin (full_adder_ripple_7)      0.00       5.58 f
  full_adder_ripple[25].FA/U2/Q (AO22X1)                  0.17       5.75 f
  full_adder_ripple[25].FA/cout (full_adder_ripple_7)     0.00       5.75 f
  full_adder_ripple[26].FA/cin (full_adder_ripple_6)      0.00       5.75 f
  full_adder_ripple[26].FA/U2/Q (AO22X1)                  0.17       5.92 f
  full_adder_ripple[26].FA/cout (full_adder_ripple_6)     0.00       5.92 f
  full_adder_ripple[27].FA/cin (full_adder_ripple_5)      0.00       5.92 f
  full_adder_ripple[27].FA/U2/Q (AO22X1)                  0.17       6.10 f
  full_adder_ripple[27].FA/cout (full_adder_ripple_5)     0.00       6.10 f
  full_adder_ripple[28].FA/cin (full_adder_ripple_4)      0.00       6.10 f
  full_adder_ripple[28].FA/U2/Q (AO22X1)                  0.17       6.27 f
  full_adder_ripple[28].FA/cout (full_adder_ripple_4)     0.00       6.27 f
  full_adder_ripple[29].FA/cin (full_adder_ripple_3)      0.00       6.27 f
  full_adder_ripple[29].FA/U1/Q (XOR2X1)                  0.24       6.51 f
  full_adder_ripple[29].FA/sum (full_adder_ripple_3)      0.00       6.51 f
  sum[29] (out)                                           0.22       6.73 f
  data arrival time                                                  6.73
  --------------------------------------------------------------------------
  (Path is unconstrained)


  Startpoint: b[0] (input port)
  Endpoint: sum[28] (output port)
  Path Group: (none)
  Path Type: max

  Des/Clust/Port     Wire Load Model       Library
  ------------------------------------------------
  ripple_carry_adder 8000                  saed90nm_typ_ht
  full_adder_ripple_0
                     ForQA                 saed90nm_typ_ht

  Point                                                   Incr       Path
  --------------------------------------------------------------------------
  input external delay                                    1.00       1.00 r
  b[0] (in)                                               0.00       1.00 r
  full_adder_ripple[0].FA/b (full_adder_ripple_0)         0.00       1.00 r
  full_adder_ripple[0].FA/U3/Q (XOR2X1)                   0.22       1.22 f
  full_adder_ripple[0].FA/U2/Q (AO22X1)                   0.18       1.40 f
  full_adder_ripple[0].FA/cout (full_adder_ripple_0)      0.00       1.40 f
  full_adder_ripple[1].FA/cin (full_adder_ripple_31)      0.00       1.40 f
  full_adder_ripple[1].FA/U2/Q (AO22X1)                   0.17       1.57 f
  full_adder_ripple[1].FA/cout (full_adder_ripple_31)     0.00       1.57 f
  full_adder_ripple[2].FA/cin (full_adder_ripple_30)      0.00       1.57 f
  full_adder_ripple[2].FA/U2/Q (AO22X1)                   0.17       1.75 f
  full_adder_ripple[2].FA/cout (full_adder_ripple_30)     0.00       1.75 f
  full_adder_ripple[3].FA/cin (full_adder_ripple_29)      0.00       1.75 f
  full_adder_ripple[3].FA/U2/Q (AO22X1)                   0.17       1.92 f
  full_adder_ripple[3].FA/cout (full_adder_ripple_29)     0.00       1.92 f
  full_adder_ripple[4].FA/cin (full_adder_ripple_28)      0.00       1.92 f
  full_adder_ripple[4].FA/U2/Q (AO22X1)                   0.17       2.10 f
  full_adder_ripple[4].FA/cout (full_adder_ripple_28)     0.00       2.10 f
  full_adder_ripple[5].FA/cin (full_adder_ripple_27)      0.00       2.10 f
  full_adder_ripple[5].FA/U2/Q (AO22X1)                   0.17       2.27 f
  full_adder_ripple[5].FA/cout (full_adder_ripple_27)     0.00       2.27 f
  full_adder_ripple[6].FA/cin (full_adder_ripple_26)      0.00       2.27 f
  full_adder_ripple[6].FA/U2/Q (AO22X1)                   0.17       2.44 f
  full_adder_ripple[6].FA/cout (full_adder_ripple_26)     0.00       2.44 f
  full_adder_ripple[7].FA/cin (full_adder_ripple_25)      0.00       2.44 f
  full_adder_ripple[7].FA/U2/Q (AO22X1)                   0.17       2.62 f
  full_adder_ripple[7].FA/cout (full_adder_ripple_25)     0.00       2.62 f
  full_adder_ripple[8].FA/cin (full_adder_ripple_24)      0.00       2.62 f
  full_adder_ripple[8].FA/U2/Q (AO22X1)                   0.17       2.79 f
  full_adder_ripple[8].FA/cout (full_adder_ripple_24)     0.00       2.79 f
  full_adder_ripple[9].FA/cin (full_adder_ripple_23)      0.00       2.79 f
  full_adder_ripple[9].FA/U2/Q (AO22X1)                   0.17       2.97 f
  full_adder_ripple[9].FA/cout (full_adder_ripple_23)     0.00       2.97 f
  full_adder_ripple[10].FA/cin (full_adder_ripple_22)     0.00       2.97 f
  full_adder_ripple[10].FA/U2/Q (AO22X1)                  0.17       3.14 f
  full_adder_ripple[10].FA/cout (full_adder_ripple_22)
                                                          0.00       3.14 f
  full_adder_ripple[11].FA/cin (full_adder_ripple_21)     0.00       3.14 f
  full_adder_ripple[11].FA/U2/Q (AO22X1)                  0.17       3.31 f
  full_adder_ripple[11].FA/cout (full_adder_ripple_21)
                                                          0.00       3.31 f
  full_adder_ripple[12].FA/cin (full_adder_ripple_20)     0.00       3.31 f
  full_adder_ripple[12].FA/U2/Q (AO22X1)                  0.17       3.49 f
  full_adder_ripple[12].FA/cout (full_adder_ripple_20)
                                                          0.00       3.49 f
  full_adder_ripple[13].FA/cin (full_adder_ripple_19)     0.00       3.49 f
  full_adder_ripple[13].FA/U2/Q (AO22X1)                  0.17       3.66 f
  full_adder_ripple[13].FA/cout (full_adder_ripple_19)
                                                          0.00       3.66 f
  full_adder_ripple[14].FA/cin (full_adder_ripple_18)     0.00       3.66 f
  full_adder_ripple[14].FA/U2/Q (AO22X1)                  0.17       3.84 f
  full_adder_ripple[14].FA/cout (full_adder_ripple_18)
                                                          0.00       3.84 f
  full_adder_ripple[15].FA/cin (full_adder_ripple_17)     0.00       3.84 f
  full_adder_ripple[15].FA/U2/Q (AO22X1)                  0.17       4.01 f
  full_adder_ripple[15].FA/cout (full_adder_ripple_17)
                                                          0.00       4.01 f
  full_adder_ripple[16].FA/cin (full_adder_ripple_16)     0.00       4.01 f
  full_adder_ripple[16].FA/U2/Q (AO22X1)                  0.17       4.18 f
  full_adder_ripple[16].FA/cout (full_adder_ripple_16)
                                                          0.00       4.18 f
  full_adder_ripple[17].FA/cin (full_adder_ripple_15)     0.00       4.18 f
  full_adder_ripple[17].FA/U2/Q (AO22X1)                  0.17       4.36 f
  full_adder_ripple[17].FA/cout (full_adder_ripple_15)
                                                          0.00       4.36 f
  full_adder_ripple[18].FA/cin (full_adder_ripple_14)     0.00       4.36 f
  full_adder_ripple[18].FA/U2/Q (AO22X1)                  0.17       4.53 f
  full_adder_ripple[18].FA/cout (full_adder_ripple_14)
                                                          0.00       4.53 f
  full_adder_ripple[19].FA/cin (full_adder_ripple_13)     0.00       4.53 f
  full_adder_ripple[19].FA/U2/Q (AO22X1)                  0.17       4.71 f
  full_adder_ripple[19].FA/cout (full_adder_ripple_13)
                                                          0.00       4.71 f
  full_adder_ripple[20].FA/cin (full_adder_ripple_12)     0.00       4.71 f
  full_adder_ripple[20].FA/U2/Q (AO22X1)                  0.17       4.88 f
  full_adder_ripple[20].FA/cout (full_adder_ripple_12)
                                                          0.00       4.88 f
  full_adder_ripple[21].FA/cin (full_adder_ripple_11)     0.00       4.88 f
  full_adder_ripple[21].FA/U2/Q (AO22X1)                  0.17       5.05 f
  full_adder_ripple[21].FA/cout (full_adder_ripple_11)
                                                          0.00       5.05 f
  full_adder_ripple[22].FA/cin (full_adder_ripple_10)     0.00       5.05 f
  full_adder_ripple[22].FA/U2/Q (AO22X1)                  0.17       5.23 f
  full_adder_ripple[22].FA/cout (full_adder_ripple_10)
                                                          0.00       5.23 f
  full_adder_ripple[23].FA/cin (full_adder_ripple_9)      0.00       5.23 f
  full_adder_ripple[23].FA/U2/Q (AO22X1)                  0.17       5.40 f
  full_adder_ripple[23].FA/cout (full_adder_ripple_9)     0.00       5.40 f
  full_adder_ripple[24].FA/cin (full_adder_ripple_8)      0.00       5.40 f
  full_adder_ripple[24].FA/U2/Q (AO22X1)                  0.17       5.58 f
  full_adder_ripple[24].FA/cout (full_adder_ripple_8)     0.00       5.58 f
  full_adder_ripple[25].FA/cin (full_adder_ripple_7)      0.00       5.58 f
  full_adder_ripple[25].FA/U2/Q (AO22X1)                  0.17       5.75 f
  full_adder_ripple[25].FA/cout (full_adder_ripple_7)     0.00       5.75 f
  full_adder_ripple[26].FA/cin (full_adder_ripple_6)      0.00       5.75 f
  full_adder_ripple[26].FA/U2/Q (AO22X1)                  0.17       5.92 f
  full_adder_ripple[26].FA/cout (full_adder_ripple_6)     0.00       5.92 f
  full_adder_ripple[27].FA/cin (full_adder_ripple_5)      0.00       5.92 f
  full_adder_ripple[27].FA/U2/Q (AO22X1)                  0.17       6.10 f
  full_adder_ripple[27].FA/cout (full_adder_ripple_5)     0.00       6.10 f
  full_adder_ripple[28].FA/cin (full_adder_ripple_4)      0.00       6.10 f
  full_adder_ripple[28].FA/U1/Q (XOR2X1)                  0.24       6.34 f
  full_adder_ripple[28].FA/sum (full_adder_ripple_4)      0.00       6.34 f
  sum[28] (out)                                           0.22       6.56 f
  data arrival time                                                  6.56
  --------------------------------------------------------------------------
  (Path is unconstrained)


  Startpoint: b[0] (input port)
  Endpoint: sum[27] (output port)
  Path Group: (none)
  Path Type: max

  Des/Clust/Port     Wire Load Model       Library
  ------------------------------------------------
  ripple_carry_adder 8000                  saed90nm_typ_ht
  full_adder_ripple_0
                     ForQA                 saed90nm_typ_ht

  Point                                                   Incr       Path
  --------------------------------------------------------------------------
  input external delay                                    1.00       1.00 r
  b[0] (in)                                               0.00       1.00 r
  full_adder_ripple[0].FA/b (full_adder_ripple_0)         0.00       1.00 r
  full_adder_ripple[0].FA/U3/Q (XOR2X1)                   0.22       1.22 f
  full_adder_ripple[0].FA/U2/Q (AO22X1)                   0.18       1.40 f
  full_adder_ripple[0].FA/cout (full_adder_ripple_0)      0.00       1.40 f
  full_adder_ripple[1].FA/cin (full_adder_ripple_31)      0.00       1.40 f
  full_adder_ripple[1].FA/U2/Q (AO22X1)                   0.17       1.57 f
  full_adder_ripple[1].FA/cout (full_adder_ripple_31)     0.00       1.57 f
  full_adder_ripple[2].FA/cin (full_adder_ripple_30)      0.00       1.57 f
  full_adder_ripple[2].FA/U2/Q (AO22X1)                   0.17       1.75 f
  full_adder_ripple[2].FA/cout (full_adder_ripple_30)     0.00       1.75 f
  full_adder_ripple[3].FA/cin (full_adder_ripple_29)      0.00       1.75 f
  full_adder_ripple[3].FA/U2/Q (AO22X1)                   0.17       1.92 f
  full_adder_ripple[3].FA/cout (full_adder_ripple_29)     0.00       1.92 f
  full_adder_ripple[4].FA/cin (full_adder_ripple_28)      0.00       1.92 f
  full_adder_ripple[4].FA/U2/Q (AO22X1)                   0.17       2.10 f
  full_adder_ripple[4].FA/cout (full_adder_ripple_28)     0.00       2.10 f
  full_adder_ripple[5].FA/cin (full_adder_ripple_27)      0.00       2.10 f
  full_adder_ripple[5].FA/U2/Q (AO22X1)                   0.17       2.27 f
  full_adder_ripple[5].FA/cout (full_adder_ripple_27)     0.00       2.27 f
  full_adder_ripple[6].FA/cin (full_adder_ripple_26)      0.00       2.27 f
  full_adder_ripple[6].FA/U2/Q (AO22X1)                   0.17       2.44 f
  full_adder_ripple[6].FA/cout (full_adder_ripple_26)     0.00       2.44 f
  full_adder_ripple[7].FA/cin (full_adder_ripple_25)      0.00       2.44 f
  full_adder_ripple[7].FA/U2/Q (AO22X1)                   0.17       2.62 f
  full_adder_ripple[7].FA/cout (full_adder_ripple_25)     0.00       2.62 f
  full_adder_ripple[8].FA/cin (full_adder_ripple_24)      0.00       2.62 f
  full_adder_ripple[8].FA/U2/Q (AO22X1)                   0.17       2.79 f
  full_adder_ripple[8].FA/cout (full_adder_ripple_24)     0.00       2.79 f
  full_adder_ripple[9].FA/cin (full_adder_ripple_23)      0.00       2.79 f
  full_adder_ripple[9].FA/U2/Q (AO22X1)                   0.17       2.97 f
  full_adder_ripple[9].FA/cout (full_adder_ripple_23)     0.00       2.97 f
  full_adder_ripple[10].FA/cin (full_adder_ripple_22)     0.00       2.97 f
  full_adder_ripple[10].FA/U2/Q (AO22X1)                  0.17       3.14 f
  full_adder_ripple[10].FA/cout (full_adder_ripple_22)
                                                          0.00       3.14 f
  full_adder_ripple[11].FA/cin (full_adder_ripple_21)     0.00       3.14 f
  full_adder_ripple[11].FA/U2/Q (AO22X1)                  0.17       3.31 f
  full_adder_ripple[11].FA/cout (full_adder_ripple_21)
                                                          0.00       3.31 f
  full_adder_ripple[12].FA/cin (full_adder_ripple_20)     0.00       3.31 f
  full_adder_ripple[12].FA/U2/Q (AO22X1)                  0.17       3.49 f
  full_adder_ripple[12].FA/cout (full_adder_ripple_20)
                                                          0.00       3.49 f
  full_adder_ripple[13].FA/cin (full_adder_ripple_19)     0.00       3.49 f
  full_adder_ripple[13].FA/U2/Q (AO22X1)                  0.17       3.66 f
  full_adder_ripple[13].FA/cout (full_adder_ripple_19)
                                                          0.00       3.66 f
  full_adder_ripple[14].FA/cin (full_adder_ripple_18)     0.00       3.66 f
  full_adder_ripple[14].FA/U2/Q (AO22X1)                  0.17       3.84 f
  full_adder_ripple[14].FA/cout (full_adder_ripple_18)
                                                          0.00       3.84 f
  full_adder_ripple[15].FA/cin (full_adder_ripple_17)     0.00       3.84 f
  full_adder_ripple[15].FA/U2/Q (AO22X1)                  0.17       4.01 f
  full_adder_ripple[15].FA/cout (full_adder_ripple_17)
                                                          0.00       4.01 f
  full_adder_ripple[16].FA/cin (full_adder_ripple_16)     0.00       4.01 f
  full_adder_ripple[16].FA/U2/Q (AO22X1)                  0.17       4.18 f
  full_adder_ripple[16].FA/cout (full_adder_ripple_16)
                                                          0.00       4.18 f
  full_adder_ripple[17].FA/cin (full_adder_ripple_15)     0.00       4.18 f
  full_adder_ripple[17].FA/U2/Q (AO22X1)                  0.17       4.36 f
  full_adder_ripple[17].FA/cout (full_adder_ripple_15)
                                                          0.00       4.36 f
  full_adder_ripple[18].FA/cin (full_adder_ripple_14)     0.00       4.36 f
  full_adder_ripple[18].FA/U2/Q (AO22X1)                  0.17       4.53 f
  full_adder_ripple[18].FA/cout (full_adder_ripple_14)
                                                          0.00       4.53 f
  full_adder_ripple[19].FA/cin (full_adder_ripple_13)     0.00       4.53 f
  full_adder_ripple[19].FA/U2/Q (AO22X1)                  0.17       4.71 f
  full_adder_ripple[19].FA/cout (full_adder_ripple_13)
                                                          0.00       4.71 f
  full_adder_ripple[20].FA/cin (full_adder_ripple_12)     0.00       4.71 f
  full_adder_ripple[20].FA/U2/Q (AO22X1)                  0.17       4.88 f
  full_adder_ripple[20].FA/cout (full_adder_ripple_12)
                                                          0.00       4.88 f
  full_adder_ripple[21].FA/cin (full_adder_ripple_11)     0.00       4.88 f
  full_adder_ripple[21].FA/U2/Q (AO22X1)                  0.17       5.05 f
  full_adder_ripple[21].FA/cout (full_adder_ripple_11)
                                                          0.00       5.05 f
  full_adder_ripple[22].FA/cin (full_adder_ripple_10)     0.00       5.05 f
  full_adder_ripple[22].FA/U2/Q (AO22X1)                  0.17       5.23 f
  full_adder_ripple[22].FA/cout (full_adder_ripple_10)
                                                          0.00       5.23 f
  full_adder_ripple[23].FA/cin (full_adder_ripple_9)      0.00       5.23 f
  full_adder_ripple[23].FA/U2/Q (AO22X1)                  0.17       5.40 f
  full_adder_ripple[23].FA/cout (full_adder_ripple_9)     0.00       5.40 f
  full_adder_ripple[24].FA/cin (full_adder_ripple_8)      0.00       5.40 f
  full_adder_ripple[24].FA/U2/Q (AO22X1)                  0.17       5.58 f
  full_adder_ripple[24].FA/cout (full_adder_ripple_8)     0.00       5.58 f
  full_adder_ripple[25].FA/cin (full_adder_ripple_7)      0.00       5.58 f
  full_adder_ripple[25].FA/U2/Q (AO22X1)                  0.17       5.75 f
  full_adder_ripple[25].FA/cout (full_adder_ripple_7)     0.00       5.75 f
  full_adder_ripple[26].FA/cin (full_adder_ripple_6)      0.00       5.75 f
  full_adder_ripple[26].FA/U2/Q (AO22X1)                  0.17       5.92 f
  full_adder_ripple[26].FA/cout (full_adder_ripple_6)     0.00       5.92 f
  full_adder_ripple[27].FA/cin (full_adder_ripple_5)      0.00       5.92 f
  full_adder_ripple[27].FA/U1/Q (XOR2X1)                  0.24       6.16 f
  full_adder_ripple[27].FA/sum (full_adder_ripple_5)      0.00       6.16 f
  sum[27] (out)                                           0.22       6.38 f
  data arrival time                                                  6.38
  --------------------------------------------------------------------------
  (Path is unconstrained)


  Startpoint: b[0] (input port)
  Endpoint: sum[26] (output port)
  Path Group: (none)
  Path Type: max

  Des/Clust/Port     Wire Load Model       Library
  ------------------------------------------------
  ripple_carry_adder 8000                  saed90nm_typ_ht
  full_adder_ripple_0
                     ForQA                 saed90nm_typ_ht

  Point                                                   Incr       Path
  --------------------------------------------------------------------------
  input external delay                                    1.00       1.00 r
  b[0] (in)                                               0.00       1.00 r
  full_adder_ripple[0].FA/b (full_adder_ripple_0)         0.00       1.00 r
  full_adder_ripple[0].FA/U3/Q (XOR2X1)                   0.22       1.22 f
  full_adder_ripple[0].FA/U2/Q (AO22X1)                   0.18       1.40 f
  full_adder_ripple[0].FA/cout (full_adder_ripple_0)      0.00       1.40 f
  full_adder_ripple[1].FA/cin (full_adder_ripple_31)      0.00       1.40 f
  full_adder_ripple[1].FA/U2/Q (AO22X1)                   0.17       1.57 f
  full_adder_ripple[1].FA/cout (full_adder_ripple_31)     0.00       1.57 f
  full_adder_ripple[2].FA/cin (full_adder_ripple_30)      0.00       1.57 f
  full_adder_ripple[2].FA/U2/Q (AO22X1)                   0.17       1.75 f
  full_adder_ripple[2].FA/cout (full_adder_ripple_30)     0.00       1.75 f
  full_adder_ripple[3].FA/cin (full_adder_ripple_29)      0.00       1.75 f
  full_adder_ripple[3].FA/U2/Q (AO22X1)                   0.17       1.92 f
  full_adder_ripple[3].FA/cout (full_adder_ripple_29)     0.00       1.92 f
  full_adder_ripple[4].FA/cin (full_adder_ripple_28)      0.00       1.92 f
  full_adder_ripple[4].FA/U2/Q (AO22X1)                   0.17       2.10 f
  full_adder_ripple[4].FA/cout (full_adder_ripple_28)     0.00       2.10 f
  full_adder_ripple[5].FA/cin (full_adder_ripple_27)      0.00       2.10 f
  full_adder_ripple[5].FA/U2/Q (AO22X1)                   0.17       2.27 f
  full_adder_ripple[5].FA/cout (full_adder_ripple_27)     0.00       2.27 f
  full_adder_ripple[6].FA/cin (full_adder_ripple_26)      0.00       2.27 f
  full_adder_ripple[6].FA/U2/Q (AO22X1)                   0.17       2.44 f
  full_adder_ripple[6].FA/cout (full_adder_ripple_26)     0.00       2.44 f
  full_adder_ripple[7].FA/cin (full_adder_ripple_25)      0.00       2.44 f
  full_adder_ripple[7].FA/U2/Q (AO22X1)                   0.17       2.62 f
  full_adder_ripple[7].FA/cout (full_adder_ripple_25)     0.00       2.62 f
  full_adder_ripple[8].FA/cin (full_adder_ripple_24)      0.00       2.62 f
  full_adder_ripple[8].FA/U2/Q (AO22X1)                   0.17       2.79 f
  full_adder_ripple[8].FA/cout (full_adder_ripple_24)     0.00       2.79 f
  full_adder_ripple[9].FA/cin (full_adder_ripple_23)      0.00       2.79 f
  full_adder_ripple[9].FA/U2/Q (AO22X1)                   0.17       2.97 f
  full_adder_ripple[9].FA/cout (full_adder_ripple_23)     0.00       2.97 f
  full_adder_ripple[10].FA/cin (full_adder_ripple_22)     0.00       2.97 f
  full_adder_ripple[10].FA/U2/Q (AO22X1)                  0.17       3.14 f
  full_adder_ripple[10].FA/cout (full_adder_ripple_22)
                                                          0.00       3.14 f
  full_adder_ripple[11].FA/cin (full_adder_ripple_21)     0.00       3.14 f
  full_adder_ripple[11].FA/U2/Q (AO22X1)                  0.17       3.31 f
  full_adder_ripple[11].FA/cout (full_adder_ripple_21)
                                                          0.00       3.31 f
  full_adder_ripple[12].FA/cin (full_adder_ripple_20)     0.00       3.31 f
  full_adder_ripple[12].FA/U2/Q (AO22X1)                  0.17       3.49 f
  full_adder_ripple[12].FA/cout (full_adder_ripple_20)
                                                          0.00       3.49 f
  full_adder_ripple[13].FA/cin (full_adder_ripple_19)     0.00       3.49 f
  full_adder_ripple[13].FA/U2/Q (AO22X1)                  0.17       3.66 f
  full_adder_ripple[13].FA/cout (full_adder_ripple_19)
                                                          0.00       3.66 f
  full_adder_ripple[14].FA/cin (full_adder_ripple_18)     0.00       3.66 f
  full_adder_ripple[14].FA/U2/Q (AO22X1)                  0.17       3.84 f
  full_adder_ripple[14].FA/cout (full_adder_ripple_18)
                                                          0.00       3.84 f
  full_adder_ripple[15].FA/cin (full_adder_ripple_17)     0.00       3.84 f
  full_adder_ripple[15].FA/U2/Q (AO22X1)                  0.17       4.01 f
  full_adder_ripple[15].FA/cout (full_adder_ripple_17)
                                                          0.00       4.01 f
  full_adder_ripple[16].FA/cin (full_adder_ripple_16)     0.00       4.01 f
  full_adder_ripple[16].FA/U2/Q (AO22X1)                  0.17       4.18 f
  full_adder_ripple[16].FA/cout (full_adder_ripple_16)
                                                          0.00       4.18 f
  full_adder_ripple[17].FA/cin (full_adder_ripple_15)     0.00       4.18 f
  full_adder_ripple[17].FA/U2/Q (AO22X1)                  0.17       4.36 f
  full_adder_ripple[17].FA/cout (full_adder_ripple_15)
                                                          0.00       4.36 f
  full_adder_ripple[18].FA/cin (full_adder_ripple_14)     0.00       4.36 f
  full_adder_ripple[18].FA/U2/Q (AO22X1)                  0.17       4.53 f
  full_adder_ripple[18].FA/cout (full_adder_ripple_14)
                                                          0.00       4.53 f
  full_adder_ripple[19].FA/cin (full_adder_ripple_13)     0.00       4.53 f
  full_adder_ripple[19].FA/U2/Q (AO22X1)                  0.17       4.71 f
  full_adder_ripple[19].FA/cout (full_adder_ripple_13)
                                                          0.00       4.71 f
  full_adder_ripple[20].FA/cin (full_adder_ripple_12)     0.00       4.71 f
  full_adder_ripple[20].FA/U2/Q (AO22X1)                  0.17       4.88 f
  full_adder_ripple[20].FA/cout (full_adder_ripple_12)
                                                          0.00       4.88 f
  full_adder_ripple[21].FA/cin (full_adder_ripple_11)     0.00       4.88 f
  full_adder_ripple[21].FA/U2/Q (AO22X1)                  0.17       5.05 f
  full_adder_ripple[21].FA/cout (full_adder_ripple_11)
                                                          0.00       5.05 f
  full_adder_ripple[22].FA/cin (full_adder_ripple_10)     0.00       5.05 f
  full_adder_ripple[22].FA/U2/Q (AO22X1)                  0.17       5.23 f
  full_adder_ripple[22].FA/cout (full_adder_ripple_10)
                                                          0.00       5.23 f
  full_adder_ripple[23].FA/cin (full_adder_ripple_9)      0.00       5.23 f
  full_adder_ripple[23].FA/U2/Q (AO22X1)                  0.17       5.40 f
  full_adder_ripple[23].FA/cout (full_adder_ripple_9)     0.00       5.40 f
  full_adder_ripple[24].FA/cin (full_adder_ripple_8)      0.00       5.40 f
  full_adder_ripple[24].FA/U2/Q (AO22X1)                  0.17       5.58 f
  full_adder_ripple[24].FA/cout (full_adder_ripple_8)     0.00       5.58 f
  full_adder_ripple[25].FA/cin (full_adder_ripple_7)      0.00       5.58 f
  full_adder_ripple[25].FA/U2/Q (AO22X1)                  0.17       5.75 f
  full_adder_ripple[25].FA/cout (full_adder_ripple_7)     0.00       5.75 f
  full_adder_ripple[26].FA/cin (full_adder_ripple_6)      0.00       5.75 f
  full_adder_ripple[26].FA/U1/Q (XOR2X1)                  0.24       5.99 f
  full_adder_ripple[26].FA/sum (full_adder_ripple_6)      0.00       5.99 f
  sum[26] (out)                                           0.22       6.21 f
  data arrival time                                                  6.21
  --------------------------------------------------------------------------
  (Path is unconstrained)


  Startpoint: b[0] (input port)
  Endpoint: sum[25] (output port)
  Path Group: (none)
  Path Type: max

  Des/Clust/Port     Wire Load Model       Library
  ------------------------------------------------
  ripple_carry_adder 8000                  saed90nm_typ_ht
  full_adder_ripple_0
                     ForQA                 saed90nm_typ_ht

  Point                                                   Incr       Path
  --------------------------------------------------------------------------
  input external delay                                    1.00       1.00 r
  b[0] (in)                                               0.00       1.00 r
  full_adder_ripple[0].FA/b (full_adder_ripple_0)         0.00       1.00 r
  full_adder_ripple[0].FA/U3/Q (XOR2X1)                   0.22       1.22 f
  full_adder_ripple[0].FA/U2/Q (AO22X1)                   0.18       1.40 f
  full_adder_ripple[0].FA/cout (full_adder_ripple_0)      0.00       1.40 f
  full_adder_ripple[1].FA/cin (full_adder_ripple_31)      0.00       1.40 f
  full_adder_ripple[1].FA/U2/Q (AO22X1)                   0.17       1.57 f
  full_adder_ripple[1].FA/cout (full_adder_ripple_31)     0.00       1.57 f
  full_adder_ripple[2].FA/cin (full_adder_ripple_30)      0.00       1.57 f
  full_adder_ripple[2].FA/U2/Q (AO22X1)                   0.17       1.75 f
  full_adder_ripple[2].FA/cout (full_adder_ripple_30)     0.00       1.75 f
  full_adder_ripple[3].FA/cin (full_adder_ripple_29)      0.00       1.75 f
  full_adder_ripple[3].FA/U2/Q (AO22X1)                   0.17       1.92 f
  full_adder_ripple[3].FA/cout (full_adder_ripple_29)     0.00       1.92 f
  full_adder_ripple[4].FA/cin (full_adder_ripple_28)      0.00       1.92 f
  full_adder_ripple[4].FA/U2/Q (AO22X1)                   0.17       2.10 f
  full_adder_ripple[4].FA/cout (full_adder_ripple_28)     0.00       2.10 f
  full_adder_ripple[5].FA/cin (full_adder_ripple_27)      0.00       2.10 f
  full_adder_ripple[5].FA/U2/Q (AO22X1)                   0.17       2.27 f
  full_adder_ripple[5].FA/cout (full_adder_ripple_27)     0.00       2.27 f
  full_adder_ripple[6].FA/cin (full_adder_ripple_26)      0.00       2.27 f
  full_adder_ripple[6].FA/U2/Q (AO22X1)                   0.17       2.44 f
  full_adder_ripple[6].FA/cout (full_adder_ripple_26)     0.00       2.44 f
  full_adder_ripple[7].FA/cin (full_adder_ripple_25)      0.00       2.44 f
  full_adder_ripple[7].FA/U2/Q (AO22X1)                   0.17       2.62 f
  full_adder_ripple[7].FA/cout (full_adder_ripple_25)     0.00       2.62 f
  full_adder_ripple[8].FA/cin (full_adder_ripple_24)      0.00       2.62 f
  full_adder_ripple[8].FA/U2/Q (AO22X1)                   0.17       2.79 f
  full_adder_ripple[8].FA/cout (full_adder_ripple_24)     0.00       2.79 f
  full_adder_ripple[9].FA/cin (full_adder_ripple_23)      0.00       2.79 f
  full_adder_ripple[9].FA/U2/Q (AO22X1)                   0.17       2.97 f
  full_adder_ripple[9].FA/cout (full_adder_ripple_23)     0.00       2.97 f
  full_adder_ripple[10].FA/cin (full_adder_ripple_22)     0.00       2.97 f
  full_adder_ripple[10].FA/U2/Q (AO22X1)                  0.17       3.14 f
  full_adder_ripple[10].FA/cout (full_adder_ripple_22)
                                                          0.00       3.14 f
  full_adder_ripple[11].FA/cin (full_adder_ripple_21)     0.00       3.14 f
  full_adder_ripple[11].FA/U2/Q (AO22X1)                  0.17       3.31 f
  full_adder_ripple[11].FA/cout (full_adder_ripple_21)
                                                          0.00       3.31 f
  full_adder_ripple[12].FA/cin (full_adder_ripple_20)     0.00       3.31 f
  full_adder_ripple[12].FA/U2/Q (AO22X1)                  0.17       3.49 f
  full_adder_ripple[12].FA/cout (full_adder_ripple_20)
                                                          0.00       3.49 f
  full_adder_ripple[13].FA/cin (full_adder_ripple_19)     0.00       3.49 f
  full_adder_ripple[13].FA/U2/Q (AO22X1)                  0.17       3.66 f
  full_adder_ripple[13].FA/cout (full_adder_ripple_19)
                                                          0.00       3.66 f
  full_adder_ripple[14].FA/cin (full_adder_ripple_18)     0.00       3.66 f
  full_adder_ripple[14].FA/U2/Q (AO22X1)                  0.17       3.84 f
  full_adder_ripple[14].FA/cout (full_adder_ripple_18)
                                                          0.00       3.84 f
  full_adder_ripple[15].FA/cin (full_adder_ripple_17)     0.00       3.84 f
  full_adder_ripple[15].FA/U2/Q (AO22X1)                  0.17       4.01 f
  full_adder_ripple[15].FA/cout (full_adder_ripple_17)
                                                          0.00       4.01 f
  full_adder_ripple[16].FA/cin (full_adder_ripple_16)     0.00       4.01 f
  full_adder_ripple[16].FA/U2/Q (AO22X1)                  0.17       4.18 f
  full_adder_ripple[16].FA/cout (full_adder_ripple_16)
                                                          0.00       4.18 f
  full_adder_ripple[17].FA/cin (full_adder_ripple_15)     0.00       4.18 f
  full_adder_ripple[17].FA/U2/Q (AO22X1)                  0.17       4.36 f
  full_adder_ripple[17].FA/cout (full_adder_ripple_15)
                                                          0.00       4.36 f
  full_adder_ripple[18].FA/cin (full_adder_ripple_14)     0.00       4.36 f
  full_adder_ripple[18].FA/U2/Q (AO22X1)                  0.17       4.53 f
  full_adder_ripple[18].FA/cout (full_adder_ripple_14)
                                                          0.00       4.53 f
  full_adder_ripple[19].FA/cin (full_adder_ripple_13)     0.00       4.53 f
  full_adder_ripple[19].FA/U2/Q (AO22X1)                  0.17       4.71 f
  full_adder_ripple[19].FA/cout (full_adder_ripple_13)
                                                          0.00       4.71 f
  full_adder_ripple[20].FA/cin (full_adder_ripple_12)     0.00       4.71 f
  full_adder_ripple[20].FA/U2/Q (AO22X1)                  0.17       4.88 f
  full_adder_ripple[20].FA/cout (full_adder_ripple_12)
                                                          0.00       4.88 f
  full_adder_ripple[21].FA/cin (full_adder_ripple_11)     0.00       4.88 f
  full_adder_ripple[21].FA/U2/Q (AO22X1)                  0.17       5.05 f
  full_adder_ripple[21].FA/cout (full_adder_ripple_11)
                                                          0.00       5.05 f
  full_adder_ripple[22].FA/cin (full_adder_ripple_10)     0.00       5.05 f
  full_adder_ripple[22].FA/U2/Q (AO22X1)                  0.17       5.23 f
  full_adder_ripple[22].FA/cout (full_adder_ripple_10)
                                                          0.00       5.23 f
  full_adder_ripple[23].FA/cin (full_adder_ripple_9)      0.00       5.23 f
  full_adder_ripple[23].FA/U2/Q (AO22X1)                  0.17       5.40 f
  full_adder_ripple[23].FA/cout (full_adder_ripple_9)     0.00       5.40 f
  full_adder_ripple[24].FA/cin (full_adder_ripple_8)      0.00       5.40 f
  full_adder_ripple[24].FA/U2/Q (AO22X1)                  0.17       5.58 f
  full_adder_ripple[24].FA/cout (full_adder_ripple_8)     0.00       5.58 f
  full_adder_ripple[25].FA/cin (full_adder_ripple_7)      0.00       5.58 f
  full_adder_ripple[25].FA/U1/Q (XOR2X1)                  0.24       5.82 f
  full_adder_ripple[25].FA/sum (full_adder_ripple_7)      0.00       5.82 f
  sum[25] (out)                                           0.22       6.03 f
  data arrival time                                                  6.03
  --------------------------------------------------------------------------
  (Path is unconstrained)


  Startpoint: b[0] (input port)
  Endpoint: sum[24] (output port)
  Path Group: (none)
  Path Type: max

  Des/Clust/Port     Wire Load Model       Library
  ------------------------------------------------
  ripple_carry_adder 8000                  saed90nm_typ_ht
  full_adder_ripple_0
                     ForQA                 saed90nm_typ_ht

  Point                                                   Incr       Path
  --------------------------------------------------------------------------
  input external delay                                    1.00       1.00 r
  b[0] (in)                                               0.00       1.00 r
  full_adder_ripple[0].FA/b (full_adder_ripple_0)         0.00       1.00 r
  full_adder_ripple[0].FA/U3/Q (XOR2X1)                   0.22       1.22 f
  full_adder_ripple[0].FA/U2/Q (AO22X1)                   0.18       1.40 f
  full_adder_ripple[0].FA/cout (full_adder_ripple_0)      0.00       1.40 f
  full_adder_ripple[1].FA/cin (full_adder_ripple_31)      0.00       1.40 f
  full_adder_ripple[1].FA/U2/Q (AO22X1)                   0.17       1.57 f
  full_adder_ripple[1].FA/cout (full_adder_ripple_31)     0.00       1.57 f
  full_adder_ripple[2].FA/cin (full_adder_ripple_30)      0.00       1.57 f
  full_adder_ripple[2].FA/U2/Q (AO22X1)                   0.17       1.75 f
  full_adder_ripple[2].FA/cout (full_adder_ripple_30)     0.00       1.75 f
  full_adder_ripple[3].FA/cin (full_adder_ripple_29)      0.00       1.75 f
  full_adder_ripple[3].FA/U2/Q (AO22X1)                   0.17       1.92 f
  full_adder_ripple[3].FA/cout (full_adder_ripple_29)     0.00       1.92 f
  full_adder_ripple[4].FA/cin (full_adder_ripple_28)      0.00       1.92 f
  full_adder_ripple[4].FA/U2/Q (AO22X1)                   0.17       2.10 f
  full_adder_ripple[4].FA/cout (full_adder_ripple_28)     0.00       2.10 f
  full_adder_ripple[5].FA/cin (full_adder_ripple_27)      0.00       2.10 f
  full_adder_ripple[5].FA/U2/Q (AO22X1)                   0.17       2.27 f
  full_adder_ripple[5].FA/cout (full_adder_ripple_27)     0.00       2.27 f
  full_adder_ripple[6].FA/cin (full_adder_ripple_26)      0.00       2.27 f
  full_adder_ripple[6].FA/U2/Q (AO22X1)                   0.17       2.44 f
  full_adder_ripple[6].FA/cout (full_adder_ripple_26)     0.00       2.44 f
  full_adder_ripple[7].FA/cin (full_adder_ripple_25)      0.00       2.44 f
  full_adder_ripple[7].FA/U2/Q (AO22X1)                   0.17       2.62 f
  full_adder_ripple[7].FA/cout (full_adder_ripple_25)     0.00       2.62 f
  full_adder_ripple[8].FA/cin (full_adder_ripple_24)      0.00       2.62 f
  full_adder_ripple[8].FA/U2/Q (AO22X1)                   0.17       2.79 f
  full_adder_ripple[8].FA/cout (full_adder_ripple_24)     0.00       2.79 f
  full_adder_ripple[9].FA/cin (full_adder_ripple_23)      0.00       2.79 f
  full_adder_ripple[9].FA/U2/Q (AO22X1)                   0.17       2.97 f
  full_adder_ripple[9].FA/cout (full_adder_ripple_23)     0.00       2.97 f
  full_adder_ripple[10].FA/cin (full_adder_ripple_22)     0.00       2.97 f
  full_adder_ripple[10].FA/U2/Q (AO22X1)                  0.17       3.14 f
  full_adder_ripple[10].FA/cout (full_adder_ripple_22)
                                                          0.00       3.14 f
  full_adder_ripple[11].FA/cin (full_adder_ripple_21)     0.00       3.14 f
  full_adder_ripple[11].FA/U2/Q (AO22X1)                  0.17       3.31 f
  full_adder_ripple[11].FA/cout (full_adder_ripple_21)
                                                          0.00       3.31 f
  full_adder_ripple[12].FA/cin (full_adder_ripple_20)     0.00       3.31 f
  full_adder_ripple[12].FA/U2/Q (AO22X1)                  0.17       3.49 f
  full_adder_ripple[12].FA/cout (full_adder_ripple_20)
                                                          0.00       3.49 f
  full_adder_ripple[13].FA/cin (full_adder_ripple_19)     0.00       3.49 f
  full_adder_ripple[13].FA/U2/Q (AO22X1)                  0.17       3.66 f
  full_adder_ripple[13].FA/cout (full_adder_ripple_19)
                                                          0.00       3.66 f
  full_adder_ripple[14].FA/cin (full_adder_ripple_18)     0.00       3.66 f
  full_adder_ripple[14].FA/U2/Q (AO22X1)                  0.17       3.84 f
  full_adder_ripple[14].FA/cout (full_adder_ripple_18)
                                                          0.00       3.84 f
  full_adder_ripple[15].FA/cin (full_adder_ripple_17)     0.00       3.84 f
  full_adder_ripple[15].FA/U2/Q (AO22X1)                  0.17       4.01 f
  full_adder_ripple[15].FA/cout (full_adder_ripple_17)
                                                          0.00       4.01 f
  full_adder_ripple[16].FA/cin (full_adder_ripple_16)     0.00       4.01 f
  full_adder_ripple[16].FA/U2/Q (AO22X1)                  0.17       4.18 f
  full_adder_ripple[16].FA/cout (full_adder_ripple_16)
                                                          0.00       4.18 f
  full_adder_ripple[17].FA/cin (full_adder_ripple_15)     0.00       4.18 f
  full_adder_ripple[17].FA/U2/Q (AO22X1)                  0.17       4.36 f
  full_adder_ripple[17].FA/cout (full_adder_ripple_15)
                                                          0.00       4.36 f
  full_adder_ripple[18].FA/cin (full_adder_ripple_14)     0.00       4.36 f
  full_adder_ripple[18].FA/U2/Q (AO22X1)                  0.17       4.53 f
  full_adder_ripple[18].FA/cout (full_adder_ripple_14)
                                                          0.00       4.53 f
  full_adder_ripple[19].FA/cin (full_adder_ripple_13)     0.00       4.53 f
  full_adder_ripple[19].FA/U2/Q (AO22X1)                  0.17       4.71 f
  full_adder_ripple[19].FA/cout (full_adder_ripple_13)
                                                          0.00       4.71 f
  full_adder_ripple[20].FA/cin (full_adder_ripple_12)     0.00       4.71 f
  full_adder_ripple[20].FA/U2/Q (AO22X1)                  0.17       4.88 f
  full_adder_ripple[20].FA/cout (full_adder_ripple_12)
                                                          0.00       4.88 f
  full_adder_ripple[21].FA/cin (full_adder_ripple_11)     0.00       4.88 f
  full_adder_ripple[21].FA/U2/Q (AO22X1)                  0.17       5.05 f
  full_adder_ripple[21].FA/cout (full_adder_ripple_11)
                                                          0.00       5.05 f
  full_adder_ripple[22].FA/cin (full_adder_ripple_10)     0.00       5.05 f
  full_adder_ripple[22].FA/U2/Q (AO22X1)                  0.17       5.23 f
  full_adder_ripple[22].FA/cout (full_adder_ripple_10)
                                                          0.00       5.23 f
  full_adder_ripple[23].FA/cin (full_adder_ripple_9)      0.00       5.23 f
  full_adder_ripple[23].FA/U2/Q (AO22X1)                  0.17       5.40 f
  full_adder_ripple[23].FA/cout (full_adder_ripple_9)     0.00       5.40 f
  full_adder_ripple[24].FA/cin (full_adder_ripple_8)      0.00       5.40 f
  full_adder_ripple[24].FA/U1/Q (XOR2X1)                  0.24       5.64 f
  full_adder_ripple[24].FA/sum (full_adder_ripple_8)      0.00       5.64 f
  sum[24] (out)                                           0.22       5.86 f
  data arrival time                                                  5.86
  --------------------------------------------------------------------------
  (Path is unconstrained)


1
