====================================================================================================
| Flow Information                                                                                 |
----------------------------------------------------------------------------------------------------
| Flow         | Design Compiler                                                                   |
====================================================================================================
| Design Information                                      | Value                                  |
====================================================================================================
| Number of Scenarios                                     | 0                                      |
| Leaf Cell Count                                         | 576                                    |
| Number of User Hierarchies                              | 1                                      |
| Sequential Cell Count                                   | 132                                    |
| Macro Count                                             | 0                                      |
| Number of Power Domains                                 | 0                                      |
| Number of Path Groups                                   | 2                                      |
| Number of VT Class                                      | 1                                      |
| Number of Clocks                                        | 1                                      |
| Number of Dont Touch Cells                              | 191                                    |
| Number of Dont Touch Nets                               | 0                                      |
| Number of Size Only Cells                               | 0                                      |
| Design with UPF Data                                    | false                                  |
====================================================================================================

Information: There are 64 potential problems in your design. Please run 'check_design' for more information. (LINT-99)



  Beginning Pass 1 Mapping
  ------------------------
  Processing 'booth_multiplier'
  Processing 'booth_multiplier_sequential'
WARNING: cell slow_clk_reg ignores exact_map

  Updating timing information
Information: Updating design information... (UID-85)

  Beginning Implementation Selection
  ----------------------------------
  Processing 'booth_multiplier_DW01_sub_0'
  Processing 'booth_multiplier_DW01_add_0'
  Processing 'booth_multiplier_DW01_sub_1'
  Processing 'booth_multiplier_DW01_add_1'
  Processing 'booth_multiplier_DW01_sub_2'
  Processing 'booth_multiplier_DW01_add_2'
  Processing 'booth_multiplier_DW01_sub_3'
  Processing 'booth_multiplier_DW01_add_3'
  Processing 'booth_multiplier_DW01_sub_4'
  Processing 'booth_multiplier_DW01_add_4'
  Processing 'booth_multiplier_DW01_sub_5'
  Processing 'booth_multiplier_DW01_add_5'
  Processing 'booth_multiplier_DW01_sub_6'
  Processing 'booth_multiplier_DW01_add_6'
  Processing 'booth_multiplier_DW01_sub_7'
  Processing 'booth_multiplier_DW01_add_7'
  Processing 'booth_multiplier_DW01_sub_8'
  Processing 'booth_multiplier_DW01_add_8'
  Processing 'booth_multiplier_DW01_sub_9'
  Processing 'booth_multiplier_DW01_add_9'
  Processing 'booth_multiplier_DW01_sub_10'
  Processing 'booth_multiplier_DW01_add_10'
  Processing 'booth_multiplier_DW01_sub_11'
  Processing 'booth_multiplier_DW01_add_11'
  Processing 'booth_multiplier_DW01_sub_12'
  Processing 'booth_multiplier_DW01_add_12'
  Processing 'booth_multiplier_DW01_sub_13'
  Processing 'booth_multiplier_DW01_add_13'
  Processing 'booth_multiplier_DW01_sub_14'
  Processing 'booth_multiplier_DW01_add_14'
  Processing 'booth_multiplier_DW01_sub_15'
  Processing 'booth_multiplier_DW01_add_15'
  Processing 'booth_multiplier_DW01_sub_16'
  Processing 'booth_multiplier_DW01_add_16'
  Processing 'booth_multiplier_DW01_sub_17'
  Processing 'booth_multiplier_DW01_add_17'
  Processing 'booth_multiplier_DW01_sub_18'
  Processing 'booth_multiplier_DW01_add_18'
  Processing 'booth_multiplier_DW01_sub_19'
  Processing 'booth_multiplier_DW01_add_19'
  Processing 'booth_multiplier_DW01_sub_20'
  Processing 'booth_multiplier_DW01_add_20'
  Processing 'booth_multiplier_DW01_sub_21'
  Processing 'booth_multiplier_DW01_add_21'
  Processing 'booth_multiplier_DW01_sub_22'
  Processing 'booth_multiplier_DW01_add_22'
  Processing 'booth_multiplier_DW01_sub_23'
  Processing 'booth_multiplier_DW01_add_23'
  Processing 'booth_multiplier_DW01_sub_24'
  Processing 'booth_multiplier_DW01_add_24'
  Processing 'booth_multiplier_DW01_sub_25'
  Processing 'booth_multiplier_DW01_add_25'
  Processing 'booth_multiplier_DW01_sub_26'
  Processing 'booth_multiplier_DW01_add_26'
  Processing 'booth_multiplier_DW01_sub_27'
  Processing 'booth_multiplier_DW01_add_27'
  Processing 'booth_multiplier_DW01_sub_28'
  Processing 'booth_multiplier_DW01_add_28'
  Processing 'booth_multiplier_DW01_sub_29'
  Processing 'booth_multiplier_DW01_add_29'
  Processing 'booth_multiplier_DW01_sub_30'
  Processing 'booth_multiplier_DW01_add_30'
  Processing 'booth_multiplier_DW01_sub_31'
Information: Command 'do_operand_isolation' is obsolete and is being ignored.  Please refer to the replacement command 'set power_enable_datapath_gating true' instead. (INFO-118)

  Beginning Mapping Optimizations  (Medium effort)
  -------------------------------

                                  TOTAL                                      
   ELAPSED            WORST NEG   SETUP    DESIGN                            
    TIME      AREA      SLACK     COST    RULE COST         ENDPOINT         
  --------- --------- --------- --------- --------- -------------------------
    0:00:03   93143.3      1.02       2.0    8626.6                          
    0:00:03   93143.3      1.02       2.0    8626.6                          
    0:00:03  100044.3      1.02       2.0    7440.5                          
    0:00:03  106945.2      1.02       2.0    6254.4                          
    0:00:03  113846.2      1.02       2.0    5068.3                          
    0:00:04  120747.1      1.02       2.0    3882.2                          
    0:00:04  127648.0      1.02       2.0    2696.0                          
    0:00:04  134549.0      1.02       2.0    1509.9                          
    0:00:04  141543.9      1.02       2.0     321.8                          
Information: Command 'do_operand_isolation' is obsolete and is being ignored.  Please refer to the replacement command 'set power_enable_datapath_gating true' instead. (INFO-118)
    0:00:06  160261.6      0.00       0.0       0.0                          
    0:00:06  160261.6      0.00       0.0       0.0                          
    0:00:06  160261.6      0.00       0.0       0.0                          
    0:00:06  160261.6      0.00       0.0       0.0                          
    0:00:06  160261.6      0.00       0.0       0.0                          
    0:00:06   97379.9      0.00       0.0       0.0                          
    0:00:06   97238.0      0.00       0.0       0.0                          
    0:00:07   97238.0      0.00       0.0       0.0                          
    0:00:07   97238.0      0.00       0.0       0.0                          
    0:00:07   97238.0      0.00       0.0       0.0                          
    0:00:07   97238.0      0.00       0.0       0.0                          
    0:00:07   97238.0      0.00       0.0       0.0                          
    0:00:07   97238.0      0.00       0.0       0.0                          
    0:00:07   97238.0      0.00       0.0       0.0                          



  Beginning Delay Optimization Phase
  ----------------------------------

                                  TOTAL                                      
   ELAPSED            WORST NEG   SETUP    DESIGN                            
    TIME      AREA      SLACK     COST    RULE COST         ENDPOINT         
  --------- --------- --------- --------- --------- -------------------------
    0:00:07   97238.0      0.00       0.0       0.0                          
    0:00:07   97238.0      0.00       0.0       0.0                          
    0:00:07   97238.0      0.00       0.0       0.0                          


  Beginning Area-Recovery Phase  (cleanup)
  -----------------------------

                                  TOTAL                                      
   ELAPSED            WORST NEG   SETUP    DESIGN                            
    TIME      AREA      SLACK     COST    RULE COST         ENDPOINT         
  --------- --------- --------- --------- --------- -------------------------
    0:00:07   97238.0      0.00       0.0       0.0                          
    0:00:07   97238.0      0.00       0.0       0.0                          
    0:00:07   93175.6      0.00       0.0       0.0                          
    0:00:07   90914.9      0.00       0.0       0.0                          
    0:00:07   90848.6      0.00       0.0       0.0                          
    0:00:07   90779.4      0.00       0.0       0.0                          
    0:00:07   90710.3      0.00       0.0       0.0                          
    0:00:07   90710.3      0.00       0.0       0.0                          
    0:00:07   90710.3      0.00       0.0       0.0                          
    0:00:07   88135.4      0.00       0.0       0.0                          
    0:00:07   88135.4      0.00       0.0       0.0                          
    0:00:07   88135.4      0.00       0.0       0.0                          
    0:00:07   88135.4      0.00       0.0       0.0                          
    0:00:07   88135.4      0.00       0.0       0.0                          
    0:00:07   88135.4      0.00       0.0       0.0                          
    0:00:08   88135.4      0.00       0.0       0.0                          
Loading db file '/home/user37/Downloads/Lab4/ref/models/saed90nm_typ_ht.db'


Note: Symbol # after min delay cost means estimated hold TNS across all active scenarios 


  Optimization Complete
  ---------------------
Information: Total number of MV cells in the design.
----------------------------------------------------------------------------------------------------
 MV Cells                                           Total Number                                   
----------------------------------------------------------------------------------------------------
 Level Shifter:                                     0                                             
 Enable Level Shifter:                              0                                             
 Isolation Cell:                                    0                                             
 Retention Cell:                                    0                                             
 Retention Clamp Cell:                              0                                             
 Switch Cell:                                       0                                             
 Always-On Cell:                                    0                                             
 Repeater Cell:                                     0                                             

----------------------------------------------------------------------------------------------------
Unmapped MV Cells 
----------------------------------------------------------------------------------------------------
0 Isolation Cells are unmapped 
0 Retention Clamp Cells are unmapped 
----------------------------------------------------------------------------------------------------
1
