 
****************************************
Report : area
Design : booth_multiplier_sequential
Version: U-2022.12-SP7
Date   : Sat Dec 23 18:13:29 2023
****************************************

Information: Updating design information... (UID-85)
Library(s) Used:

    saed90nm_typ_ht (File: /home/user37/Downloads/Lab4/ref/models/saed90nm_typ_ht.db)

Number of ports:                         6432
Number of nets:                         13277
Number of cells:                         5269
Number of combinational cells:           5009
Number of sequential cells:               132
Number of macros/black boxes:               0
Number of buf/inv:                       1783
Number of references:                       7

Combinational area:              83878.501511
Buf/Inv area:                    10292.429037
Noncombinational area:            4256.870468
Macro/Black Box area:                0.000000
Net Interconnect area:            5567.548530

Total cell area:                 88135.371979
Total area:                      93702.920509
1
