Information: Propagating switching activity (low effort zero delay simulation). (PWR-6)
Warning: Design has unannotated primary inputs. (PWR-414)
Warning: Design has unannotated sequential cell outputs. (PWR-415)
 
****************************************
Report : power
        -analysis_effort low
Design : booth_multiplier_sequential
Version: U-2022.12-SP7
Date   : Sat Dec 23 18:13:30 2023
****************************************


Library(s) Used:

    saed90nm_typ_ht (File: /home/user37/Downloads/Lab4/ref/models/saed90nm_typ_ht.db)


Operating Conditions: TYPICAL   Library: saed90nm_typ_ht
Wire Load Model Mode: enclosed

Design        Wire Load Model            Library
------------------------------------------------
booth_multiplier_sequential
                       140000            saed90nm_typ_ht
booth_multiplier       140000            saed90nm_typ_ht
booth_multiplier_DW01_sub_0
                       8000              saed90nm_typ_ht
booth_multiplier_DW01_add_0
                       8000              saed90nm_typ_ht
booth_multiplier_DW01_sub_1
                       8000              saed90nm_typ_ht
booth_multiplier_DW01_add_1
                       8000              saed90nm_typ_ht
booth_multiplier_DW01_sub_2
                       8000              saed90nm_typ_ht
booth_multiplier_DW01_add_2
                       8000              saed90nm_typ_ht
booth_multiplier_DW01_sub_3
                       8000              saed90nm_typ_ht
booth_multiplier_DW01_add_3
                       8000              saed90nm_typ_ht
booth_multiplier_DW01_sub_4
                       8000              saed90nm_typ_ht
booth_multiplier_DW01_add_4
                       8000              saed90nm_typ_ht
booth_multiplier_DW01_sub_5
                       8000              saed90nm_typ_ht
booth_multiplier_DW01_add_5
                       8000              saed90nm_typ_ht
booth_multiplier_DW01_sub_6
                       8000              saed90nm_typ_ht
booth_multiplier_DW01_add_6
                       8000              saed90nm_typ_ht
booth_multiplier_DW01_sub_7
                       8000              saed90nm_typ_ht
booth_multiplier_DW01_add_7
                       8000              saed90nm_typ_ht
booth_multiplier_DW01_sub_8
                       8000              saed90nm_typ_ht
booth_multiplier_DW01_add_8
                       8000              saed90nm_typ_ht
booth_multiplier_DW01_sub_9
                       8000              saed90nm_typ_ht
booth_multiplier_DW01_add_9
                       8000              saed90nm_typ_ht
booth_multiplier_DW01_sub_10
                       8000              saed90nm_typ_ht
booth_multiplier_DW01_add_10
                       8000              saed90nm_typ_ht
booth_multiplier_DW01_sub_11
                       8000              saed90nm_typ_ht
booth_multiplier_DW01_add_11
                       8000              saed90nm_typ_ht
booth_multiplier_DW01_sub_12
                       8000              saed90nm_typ_ht
booth_multiplier_DW01_add_12
                       8000              saed90nm_typ_ht
booth_multiplier_DW01_sub_13
                       8000              saed90nm_typ_ht
booth_multiplier_DW01_add_13
                       8000              saed90nm_typ_ht
booth_multiplier_DW01_sub_14
                       8000              saed90nm_typ_ht
booth_multiplier_DW01_add_14
                       8000              saed90nm_typ_ht
booth_multiplier_DW01_sub_15
                       8000              saed90nm_typ_ht
booth_multiplier_DW01_add_15
                       8000              saed90nm_typ_ht
booth_multiplier_DW01_sub_16
                       8000              saed90nm_typ_ht
booth_multiplier_DW01_add_16
                       8000              saed90nm_typ_ht
booth_multiplier_DW01_sub_17
                       8000              saed90nm_typ_ht
booth_multiplier_DW01_add_17
                       8000              saed90nm_typ_ht
booth_multiplier_DW01_sub_18
                       8000              saed90nm_typ_ht
booth_multiplier_DW01_add_18
                       8000              saed90nm_typ_ht
booth_multiplier_DW01_sub_19
                       8000              saed90nm_typ_ht
booth_multiplier_DW01_add_19
                       8000              saed90nm_typ_ht
booth_multiplier_DW01_sub_20
                       8000              saed90nm_typ_ht
booth_multiplier_DW01_add_20
                       8000              saed90nm_typ_ht
booth_multiplier_DW01_sub_21
                       8000              saed90nm_typ_ht
booth_multiplier_DW01_add_21
                       8000              saed90nm_typ_ht
booth_multiplier_DW01_sub_22
                       8000              saed90nm_typ_ht
booth_multiplier_DW01_add_22
                       8000              saed90nm_typ_ht
booth_multiplier_DW01_sub_23
                       8000              saed90nm_typ_ht
booth_multiplier_DW01_add_23
                       8000              saed90nm_typ_ht
booth_multiplier_DW01_sub_24
                       8000              saed90nm_typ_ht
booth_multiplier_DW01_add_24
                       8000              saed90nm_typ_ht
booth_multiplier_DW01_sub_25
                       8000              saed90nm_typ_ht
booth_multiplier_DW01_add_25
                       8000              saed90nm_typ_ht
booth_multiplier_DW01_sub_26
                       8000              saed90nm_typ_ht
booth_multiplier_DW01_add_26
                       8000              saed90nm_typ_ht
booth_multiplier_DW01_sub_27
                       8000              saed90nm_typ_ht
booth_multiplier_DW01_add_27
                       8000              saed90nm_typ_ht
booth_multiplier_DW01_sub_28
                       8000              saed90nm_typ_ht
booth_multiplier_DW01_add_28
                       8000              saed90nm_typ_ht
booth_multiplier_DW01_sub_29
                       8000              saed90nm_typ_ht
booth_multiplier_DW01_add_29
                       8000              saed90nm_typ_ht
booth_multiplier_DW01_sub_30
                       8000              saed90nm_typ_ht
booth_multiplier_DW01_add_30
                       8000              saed90nm_typ_ht
booth_multiplier_DW01_sub_31
                       8000              saed90nm_typ_ht


Global Operating Voltage = 1.2  
Power-specific unit information :
    Voltage Units = 1V
    Capacitance Units = 1.000000ff
    Time Units = 1ns
    Dynamic Power Units = 1uW    (derived from V,C,T units)
    Leakage Power Units = 1pW


Attributes
----------
i - Including register clock pin internal power


  Cell Internal Power  =  17.5424 uW   (38%)
  Net Switching Power  =  28.8713 uW   (62%)
                         ---------
Total Dynamic Power    =  46.4136 uW  (100%)

Cell Leakage Power     =   1.2453 mW


                 Internal         Switching           Leakage            Total
Power Group      Power            Power               Power              Power   (   %    )  Attrs
--------------------------------------------------------------------------------------------------
io_pad             0.0000            0.0000            0.0000            0.0000  (   0.00%)
memory             0.0000            0.0000            0.0000            0.0000  (   0.00%)
black_box          0.0000            0.0000            0.0000            0.0000  (   0.00%)
clock_network      2.5442            0.0000            0.0000            2.5442  (   0.20%)  i
register           0.5859            1.1124        1.6451e+06            3.3433  (   0.26%)
sequential         0.0000            0.0000        5.1026e+07           51.0255  (   3.95%)
combinational     14.4121           27.7590        1.1926e+09        1.2348e+03  (  95.59%)
--------------------------------------------------------------------------------------------------
Total             17.5422 uW        28.8714 uW     1.2453e+09 pW     1.2917e+03 uW
1
