Warning: Design 'tree_multiplier_csa' has '1' unresolved references. For more detailed information, use the "link" command. (UID-341)
 
****************************************
Report : cell
Design : tree_multiplier_csa
Version: U-2022.12-SP7
Date   : Sat Dec 23 17:23:47 2023
****************************************

Attributes:
    b - black box (unknown)
    h - hierarchical
    n - noncombinational
    r - removable
    u - contains unmapped logic

Cell                      Reference       Library             Area  Attributes
--------------------------------------------------------------------------------
U1090                     INVX0           saed90nm_typ_ht 5.529600  
U1091                     INVX0           saed90nm_typ_ht 5.529600  
U1092                     INVX0           saed90nm_typ_ht 5.529600  
U1093                     INVX0           saed90nm_typ_ht 5.529600  
U1094                     INVX0           saed90nm_typ_ht 5.529600  
U1095                     INVX0           saed90nm_typ_ht 5.529600  
U1096                     INVX0           saed90nm_typ_ht 5.529600  
U1097                     INVX0           saed90nm_typ_ht 5.529600  
U1098                     INVX0           saed90nm_typ_ht 5.529600  
U1099                     INVX0           saed90nm_typ_ht 5.529600  
U1100                     INVX0           saed90nm_typ_ht 5.529600  
U1101                     INVX0           saed90nm_typ_ht 5.529600  
U1102                     INVX0           saed90nm_typ_ht 5.529600  
U1103                     INVX0           saed90nm_typ_ht 5.529600  
U1104                     INVX0           saed90nm_typ_ht 5.529600  
U1105                     INVX0           saed90nm_typ_ht 5.529600  
U1106                     INVX0           saed90nm_typ_ht 5.529600  
U1107                     INVX0           saed90nm_typ_ht 5.529600  
U1108                     INVX0           saed90nm_typ_ht 5.529600  
U1109                     INVX0           saed90nm_typ_ht 5.529600  
U1110                     INVX0           saed90nm_typ_ht 5.529600  
U1111                     INVX0           saed90nm_typ_ht 5.529600  
U1112                     INVX0           saed90nm_typ_ht 5.529600  
U1113                     INVX0           saed90nm_typ_ht 5.529600  
U1114                     INVX0           saed90nm_typ_ht 5.529600  
U1115                     INVX0           saed90nm_typ_ht 5.529600  
U1116                     INVX0           saed90nm_typ_ht 5.529600  
U1117                     INVX0           saed90nm_typ_ht 5.529600  
U1118                     INVX0           saed90nm_typ_ht 5.529600  
U1119                     INVX0           saed90nm_typ_ht 5.529600  
U1120                     INVX0           saed90nm_typ_ht 5.529600  
U1121                     INVX0           saed90nm_typ_ht 5.529600  
U1122                     INVX0           saed90nm_typ_ht 5.529600  
U1123                     INVX0           saed90nm_typ_ht 5.529600  
U1124                     INVX0           saed90nm_typ_ht 5.529600  
U1125                     INVX0           saed90nm_typ_ht 5.529600  
U1126                     INVX0           saed90nm_typ_ht 5.529600  
U1127                     INVX0           saed90nm_typ_ht 5.529600  
U1128                     INVX0           saed90nm_typ_ht 5.529600  
U1129                     INVX0           saed90nm_typ_ht 5.529600  
U1130                     INVX0           saed90nm_typ_ht 5.529600  
U1131                     INVX0           saed90nm_typ_ht 5.529600  
U1132                     INVX0           saed90nm_typ_ht 5.529600  
U1133                     INVX0           saed90nm_typ_ht 5.529600  
U1134                     INVX0           saed90nm_typ_ht 5.529600  
U1135                     INVX0           saed90nm_typ_ht 5.529600  
U1136                     INVX0           saed90nm_typ_ht 5.529600  
U1137                     INVX0           saed90nm_typ_ht 5.529600  
U1138                     INVX0           saed90nm_typ_ht 5.529600  
U1139                     INVX0           saed90nm_typ_ht 5.529600  
U1140                     INVX0           saed90nm_typ_ht 5.529600  
U1141                     INVX0           saed90nm_typ_ht 5.529600  
U1142                     INVX0           saed90nm_typ_ht 5.529600  
U1143                     INVX0           saed90nm_typ_ht 5.529600  
U1144                     INVX0           saed90nm_typ_ht 5.529600  
U1145                     INVX0           saed90nm_typ_ht 5.529600  
U1146                     INVX0           saed90nm_typ_ht 5.529600  
U1147                     INVX0           saed90nm_typ_ht 5.529600  
U1148                     INVX0           saed90nm_typ_ht 5.529600  
U1149                     INVX0           saed90nm_typ_ht 5.529600  
U1150                     INVX0           saed90nm_typ_ht 5.529600  
U1151                     INVX0           saed90nm_typ_ht 5.529600  
U1152                     INVX0           saed90nm_typ_ht 5.529600  
U1153                     INVX0           saed90nm_typ_ht 5.529600  
U1154                     INVX0           saed90nm_typ_ht 5.529600  
U1155                     INVX0           saed90nm_typ_ht 5.529600  
U1156                     INVX0           saed90nm_typ_ht 5.529600  
U1157                     INVX0           saed90nm_typ_ht 5.529600  
U1158                     INVX0           saed90nm_typ_ht 5.529600  
U1159                     INVX0           saed90nm_typ_ht 5.529600  
U1160                     INVX0           saed90nm_typ_ht 5.529600  
U1161                     INVX0           saed90nm_typ_ht 5.529600  
U1162                     INVX0           saed90nm_typ_ht 5.529600  
U1163                     INVX0           saed90nm_typ_ht 5.529600  
U1164                     INVX0           saed90nm_typ_ht 5.529600  
U1165                     INVX0           saed90nm_typ_ht 5.529600  
U1166                     INVX0           saed90nm_typ_ht 5.529600  
U1167                     INVX0           saed90nm_typ_ht 5.529600  
U1168                     INVX0           saed90nm_typ_ht 5.529600  
U1169                     INVX0           saed90nm_typ_ht 5.529600  
U1170                     INVX0           saed90nm_typ_ht 5.529600  
U1171                     INVX0           saed90nm_typ_ht 5.529600  
U1172                     INVX0           saed90nm_typ_ht 5.529600  
U1173                     INVX0           saed90nm_typ_ht 5.529600  
U1174                     INVX0           saed90nm_typ_ht 5.529600  
U1175                     INVX0           saed90nm_typ_ht 5.529600  
U1176                     INVX0           saed90nm_typ_ht 5.529600  
U1177                     INVX0           saed90nm_typ_ht 5.529600  
U1178                     INVX0           saed90nm_typ_ht 5.529600  
U1179                     INVX0           saed90nm_typ_ht 5.529600  
U1180                     INVX0           saed90nm_typ_ht 5.529600  
U1181                     INVX0           saed90nm_typ_ht 5.529600  
U1182                     INVX0           saed90nm_typ_ht 5.529600  
U1183                     INVX0           saed90nm_typ_ht 5.529600  
U1184                     INVX0           saed90nm_typ_ht 5.529600  
U1185                     INVX0           saed90nm_typ_ht 5.529600  
U1186                     INVX0           saed90nm_typ_ht 5.529600  
U1187                     INVX0           saed90nm_typ_ht 5.529600  
U1188                     INVX0           saed90nm_typ_ht 5.529600  
U1189                     NOR2X0          saed90nm_typ_ht 5.529600  
U1190                     NOR2X0          saed90nm_typ_ht 5.529600  
U1191                     NOR2X0          saed90nm_typ_ht 5.529600  
U1192                     NOR2X0          saed90nm_typ_ht 5.529600  
U1193                     NOR2X0          saed90nm_typ_ht 5.529600  
U1194                     NOR2X0          saed90nm_typ_ht 5.529600  
U1195                     NOR2X0          saed90nm_typ_ht 5.529600  
U1196                     NOR2X0          saed90nm_typ_ht 5.529600  
U1197                     NOR2X0          saed90nm_typ_ht 5.529600  
U1198                     NOR2X0          saed90nm_typ_ht 5.529600  
U1199                     NOR2X0          saed90nm_typ_ht 5.529600  
U1200                     NOR2X0          saed90nm_typ_ht 5.529600  
U1201                     NOR2X0          saed90nm_typ_ht 5.529600  
U1202                     NOR2X0          saed90nm_typ_ht 5.529600  
U1203                     NOR2X0          saed90nm_typ_ht 5.529600  
U1204                     NOR2X0          saed90nm_typ_ht 5.529600  
U1205                     NOR2X0          saed90nm_typ_ht 5.529600  
U1206                     NOR2X0          saed90nm_typ_ht 5.529600  
U1207                     NOR2X0          saed90nm_typ_ht 5.529600  
U1208                     NOR2X0          saed90nm_typ_ht 5.529600  
U1209                     NOR2X0          saed90nm_typ_ht 5.529600  
U1210                     NOR2X0          saed90nm_typ_ht 5.529600  
U1211                     NOR2X0          saed90nm_typ_ht 5.529600  
U1212                     NOR2X0          saed90nm_typ_ht 5.529600  
U1213                     NOR2X0          saed90nm_typ_ht 5.529600  
U1214                     NOR2X0          saed90nm_typ_ht 5.529600  
U1215                     NOR2X0          saed90nm_typ_ht 5.529600  
U1216                     NOR2X0          saed90nm_typ_ht 5.529600  
U1217                     NOR2X0          saed90nm_typ_ht 5.529600  
U1218                     NOR2X0          saed90nm_typ_ht 5.529600  
U1219                     NOR2X0          saed90nm_typ_ht 5.529600  
U1220                     NOR2X0          saed90nm_typ_ht 5.529600  
U1221                     NOR2X0          saed90nm_typ_ht 5.529600  
U1222                     NOR2X0          saed90nm_typ_ht 5.529600  
U1223                     NOR2X0          saed90nm_typ_ht 5.529600  
U1224                     NOR2X0          saed90nm_typ_ht 5.529600  
U1225                     NOR2X0          saed90nm_typ_ht 5.529600  
U1226                     NOR2X0          saed90nm_typ_ht 5.529600  
U1227                     NOR2X0          saed90nm_typ_ht 5.529600  
U1228                     NOR2X0          saed90nm_typ_ht 5.529600  
U1229                     NOR2X0          saed90nm_typ_ht 5.529600  
U1230                     NOR2X0          saed90nm_typ_ht 5.529600  
U1231                     NOR2X0          saed90nm_typ_ht 5.529600  
U1232                     NOR2X0          saed90nm_typ_ht 5.529600  
U1233                     NOR2X0          saed90nm_typ_ht 5.529600  
U1234                     NOR2X0          saed90nm_typ_ht 5.529600  
U1235                     NOR2X0          saed90nm_typ_ht 5.529600  
U1236                     NOR2X0          saed90nm_typ_ht 5.529600  
U1237                     NOR2X0          saed90nm_typ_ht 5.529600  
U1238                     NOR2X0          saed90nm_typ_ht 5.529600  
U1239                     NOR2X0          saed90nm_typ_ht 5.529600  
U1240                     NOR2X0          saed90nm_typ_ht 5.529600  
U1241                     NOR2X0          saed90nm_typ_ht 5.529600  
U1242                     NOR2X0          saed90nm_typ_ht 5.529600  
U1243                     NOR2X0          saed90nm_typ_ht 5.529600  
U1244                     NOR2X0          saed90nm_typ_ht 5.529600  
U1245                     NOR2X0          saed90nm_typ_ht 5.529600  
U1246                     NOR2X0          saed90nm_typ_ht 5.529600  
U1247                     NOR2X0          saed90nm_typ_ht 5.529600  
U1248                     NOR2X0          saed90nm_typ_ht 5.529600  
U1249                     NOR2X0          saed90nm_typ_ht 5.529600  
U1250                     NOR2X0          saed90nm_typ_ht 5.529600  
U1251                     NOR2X0          saed90nm_typ_ht 5.529600  
U1252                     NOR2X0          saed90nm_typ_ht 5.529600  
U1253                     INVX0           saed90nm_typ_ht 5.529600  
U1254                     NOR2X0          saed90nm_typ_ht 5.529600  
U1255                     NOR2X0          saed90nm_typ_ht 5.529600  
U1256                     NOR2X0          saed90nm_typ_ht 5.529600  
U1257                     NOR2X0          saed90nm_typ_ht 5.529600  
U1258                     NOR2X0          saed90nm_typ_ht 5.529600  
U1259                     NOR2X0          saed90nm_typ_ht 5.529600  
U1260                     NOR2X0          saed90nm_typ_ht 5.529600  
U1261                     NOR2X0          saed90nm_typ_ht 5.529600  
U1262                     NOR2X0          saed90nm_typ_ht 5.529600  
U1263                     NOR2X0          saed90nm_typ_ht 5.529600  
U1264                     NOR2X0          saed90nm_typ_ht 5.529600  
U1265                     NOR2X0          saed90nm_typ_ht 5.529600  
U1266                     NOR2X0          saed90nm_typ_ht 5.529600  
U1267                     NOR2X0          saed90nm_typ_ht 5.529600  
U1268                     NOR2X0          saed90nm_typ_ht 5.529600  
U1269                     NOR2X0          saed90nm_typ_ht 5.529600  
U1270                     NOR2X0          saed90nm_typ_ht 5.529600  
U1271                     NOR2X0          saed90nm_typ_ht 5.529600  
U1272                     NOR2X0          saed90nm_typ_ht 5.529600  
U1273                     NOR2X0          saed90nm_typ_ht 5.529600  
U1274                     NOR2X0          saed90nm_typ_ht 5.529600  
U1275                     NOR2X0          saed90nm_typ_ht 5.529600  
U1276                     NOR2X0          saed90nm_typ_ht 5.529600  
U1277                     NOR2X0          saed90nm_typ_ht 5.529600  
U1278                     NOR2X0          saed90nm_typ_ht 5.529600  
U1279                     NOR2X0          saed90nm_typ_ht 5.529600  
U1280                     NOR2X0          saed90nm_typ_ht 5.529600  
U1281                     NOR2X0          saed90nm_typ_ht 5.529600  
U1282                     NOR2X0          saed90nm_typ_ht 5.529600  
U1283                     NOR2X0          saed90nm_typ_ht 5.529600  
U1284                     NOR2X0          saed90nm_typ_ht 5.529600  
U1285                     NOR2X0          saed90nm_typ_ht 5.529600  
U1286                     INVX0           saed90nm_typ_ht 5.529600  
U1287                     NOR2X0          saed90nm_typ_ht 5.529600  
U1288                     NOR2X0          saed90nm_typ_ht 5.529600  
U1289                     NOR2X0          saed90nm_typ_ht 5.529600  
U1290                     NOR2X0          saed90nm_typ_ht 5.529600  
U1291                     NOR2X0          saed90nm_typ_ht 5.529600  
U1292                     NOR2X0          saed90nm_typ_ht 5.529600  
U1293                     NOR2X0          saed90nm_typ_ht 5.529600  
U1294                     NOR2X0          saed90nm_typ_ht 5.529600  
U1295                     NOR2X0          saed90nm_typ_ht 5.529600  
U1296                     NOR2X0          saed90nm_typ_ht 5.529600  
U1297                     NOR2X0          saed90nm_typ_ht 5.529600  
U1298                     NOR2X0          saed90nm_typ_ht 5.529600  
U1299                     NOR2X0          saed90nm_typ_ht 5.529600  
U1300                     NOR2X0          saed90nm_typ_ht 5.529600  
U1301                     NOR2X0          saed90nm_typ_ht 5.529600  
U1302                     NOR2X0          saed90nm_typ_ht 5.529600  
U1303                     NOR2X0          saed90nm_typ_ht 5.529600  
U1304                     NOR2X0          saed90nm_typ_ht 5.529600  
U1305                     NOR2X0          saed90nm_typ_ht 5.529600  
U1306                     NOR2X0          saed90nm_typ_ht 5.529600  
U1307                     NOR2X0          saed90nm_typ_ht 5.529600  
U1308                     NOR2X0          saed90nm_typ_ht 5.529600  
U1309                     NOR2X0          saed90nm_typ_ht 5.529600  
U1310                     NOR2X0          saed90nm_typ_ht 5.529600  
U1311                     NOR2X0          saed90nm_typ_ht 5.529600  
U1312                     NOR2X0          saed90nm_typ_ht 5.529600  
U1313                     NOR2X0          saed90nm_typ_ht 5.529600  
U1314                     NOR2X0          saed90nm_typ_ht 5.529600  
U1315                     NOR2X0          saed90nm_typ_ht 5.529600  
U1316                     NOR2X0          saed90nm_typ_ht 5.529600  
U1317                     NOR2X0          saed90nm_typ_ht 5.529600  
U1318                     NOR2X0          saed90nm_typ_ht 5.529600  
U1319                     INVX0           saed90nm_typ_ht 5.529600  
U1320                     NOR2X0          saed90nm_typ_ht 5.529600  
U1321                     NOR2X0          saed90nm_typ_ht 5.529600  
U1322                     NOR2X0          saed90nm_typ_ht 5.529600  
U1323                     NOR2X0          saed90nm_typ_ht 5.529600  
U1324                     NOR2X0          saed90nm_typ_ht 5.529600  
U1325                     NOR2X0          saed90nm_typ_ht 5.529600  
U1326                     NOR2X0          saed90nm_typ_ht 5.529600  
U1327                     NOR2X0          saed90nm_typ_ht 5.529600  
U1328                     NOR2X0          saed90nm_typ_ht 5.529600  
U1329                     NOR2X0          saed90nm_typ_ht 5.529600  
U1330                     NOR2X0          saed90nm_typ_ht 5.529600  
U1331                     NOR2X0          saed90nm_typ_ht 5.529600  
U1332                     NOR2X0          saed90nm_typ_ht 5.529600  
U1333                     NOR2X0          saed90nm_typ_ht 5.529600  
U1334                     NOR2X0          saed90nm_typ_ht 5.529600  
U1335                     NOR2X0          saed90nm_typ_ht 5.529600  
U1336                     NOR2X0          saed90nm_typ_ht 5.529600  
U1337                     NOR2X0          saed90nm_typ_ht 5.529600  
U1338                     NOR2X0          saed90nm_typ_ht 5.529600  
U1339                     NOR2X0          saed90nm_typ_ht 5.529600  
U1340                     NOR2X0          saed90nm_typ_ht 5.529600  
U1341                     NOR2X0          saed90nm_typ_ht 5.529600  
U1342                     NOR2X0          saed90nm_typ_ht 5.529600  
U1343                     NOR2X0          saed90nm_typ_ht 5.529600  
U1344                     NOR2X0          saed90nm_typ_ht 5.529600  
U1345                     NOR2X0          saed90nm_typ_ht 5.529600  
U1346                     NOR2X0          saed90nm_typ_ht 5.529600  
U1347                     NOR2X0          saed90nm_typ_ht 5.529600  
U1348                     NOR2X0          saed90nm_typ_ht 5.529600  
U1349                     NOR2X0          saed90nm_typ_ht 5.529600  
U1350                     NOR2X0          saed90nm_typ_ht 5.529600  
U1351                     NOR2X0          saed90nm_typ_ht 5.529600  
U1352                     INVX0           saed90nm_typ_ht 5.529600  
U1353                     NOR2X0          saed90nm_typ_ht 5.529600  
U1354                     NOR2X0          saed90nm_typ_ht 5.529600  
U1355                     NOR2X0          saed90nm_typ_ht 5.529600  
U1356                     NOR2X0          saed90nm_typ_ht 5.529600  
U1357                     NOR2X0          saed90nm_typ_ht 5.529600  
U1358                     NOR2X0          saed90nm_typ_ht 5.529600  
U1359                     NOR2X0          saed90nm_typ_ht 5.529600  
U1360                     NOR2X0          saed90nm_typ_ht 5.529600  
U1361                     NOR2X0          saed90nm_typ_ht 5.529600  
U1362                     NOR2X0          saed90nm_typ_ht 5.529600  
U1363                     NOR2X0          saed90nm_typ_ht 5.529600  
U1364                     NOR2X0          saed90nm_typ_ht 5.529600  
U1365                     NOR2X0          saed90nm_typ_ht 5.529600  
U1366                     NOR2X0          saed90nm_typ_ht 5.529600  
U1367                     NOR2X0          saed90nm_typ_ht 5.529600  
U1368                     NOR2X0          saed90nm_typ_ht 5.529600  
U1369                     NOR2X0          saed90nm_typ_ht 5.529600  
U1370                     NOR2X0          saed90nm_typ_ht 5.529600  
U1371                     NOR2X0          saed90nm_typ_ht 5.529600  
U1372                     NOR2X0          saed90nm_typ_ht 5.529600  
U1373                     NOR2X0          saed90nm_typ_ht 5.529600  
U1374                     NOR2X0          saed90nm_typ_ht 5.529600  
U1375                     NOR2X0          saed90nm_typ_ht 5.529600  
U1376                     NOR2X0          saed90nm_typ_ht 5.529600  
U1377                     NOR2X0          saed90nm_typ_ht 5.529600  
U1378                     NOR2X0          saed90nm_typ_ht 5.529600  
U1379                     NOR2X0          saed90nm_typ_ht 5.529600  
U1380                     NOR2X0          saed90nm_typ_ht 5.529600  
U1381                     NOR2X0          saed90nm_typ_ht 5.529600  
U1382                     NOR2X0          saed90nm_typ_ht 5.529600  
U1383                     NOR2X0          saed90nm_typ_ht 5.529600  
U1384                     NOR2X0          saed90nm_typ_ht 5.529600  
U1385                     INVX0           saed90nm_typ_ht 5.529600  
U1386                     NOR2X0          saed90nm_typ_ht 5.529600  
U1387                     NOR2X0          saed90nm_typ_ht 5.529600  
U1388                     NOR2X0          saed90nm_typ_ht 5.529600  
U1389                     NOR2X0          saed90nm_typ_ht 5.529600  
U1390                     NOR2X0          saed90nm_typ_ht 5.529600  
U1391                     NOR2X0          saed90nm_typ_ht 5.529600  
U1392                     NOR2X0          saed90nm_typ_ht 5.529600  
U1393                     NOR2X0          saed90nm_typ_ht 5.529600  
U1394                     NOR2X0          saed90nm_typ_ht 5.529600  
U1395                     NOR2X0          saed90nm_typ_ht 5.529600  
U1396                     NOR2X0          saed90nm_typ_ht 5.529600  
U1397                     NOR2X0          saed90nm_typ_ht 5.529600  
U1398                     NOR2X0          saed90nm_typ_ht 5.529600  
U1399                     NOR2X0          saed90nm_typ_ht 5.529600  
U1400                     NOR2X0          saed90nm_typ_ht 5.529600  
U1401                     NOR2X0          saed90nm_typ_ht 5.529600  
U1402                     NOR2X0          saed90nm_typ_ht 5.529600  
U1403                     NOR2X0          saed90nm_typ_ht 5.529600  
U1404                     NOR2X0          saed90nm_typ_ht 5.529600  
U1405                     NOR2X0          saed90nm_typ_ht 5.529600  
U1406                     NOR2X0          saed90nm_typ_ht 5.529600  
U1407                     NOR2X0          saed90nm_typ_ht 5.529600  
U1408                     NOR2X0          saed90nm_typ_ht 5.529600  
U1409                     NOR2X0          saed90nm_typ_ht 5.529600  
U1410                     NOR2X0          saed90nm_typ_ht 5.529600  
U1411                     NOR2X0          saed90nm_typ_ht 5.529600  
U1412                     NOR2X0          saed90nm_typ_ht 5.529600  
U1413                     NOR2X0          saed90nm_typ_ht 5.529600  
U1414                     NOR2X0          saed90nm_typ_ht 5.529600  
U1415                     NOR2X0          saed90nm_typ_ht 5.529600  
U1416                     NOR2X0          saed90nm_typ_ht 5.529600  
U1417                     NOR2X0          saed90nm_typ_ht 5.529600  
U1418                     INVX0           saed90nm_typ_ht 5.529600  
U1419                     NOR2X0          saed90nm_typ_ht 5.529600  
U1420                     NOR2X0          saed90nm_typ_ht 5.529600  
U1421                     NOR2X0          saed90nm_typ_ht 5.529600  
U1422                     NOR2X0          saed90nm_typ_ht 5.529600  
U1423                     NOR2X0          saed90nm_typ_ht 5.529600  
U1424                     NOR2X0          saed90nm_typ_ht 5.529600  
U1425                     NOR2X0          saed90nm_typ_ht 5.529600  
U1426                     NOR2X0          saed90nm_typ_ht 5.529600  
U1427                     NOR2X0          saed90nm_typ_ht 5.529600  
U1428                     NOR2X0          saed90nm_typ_ht 5.529600  
U1429                     NOR2X0          saed90nm_typ_ht 5.529600  
U1430                     NOR2X0          saed90nm_typ_ht 5.529600  
U1431                     NOR2X0          saed90nm_typ_ht 5.529600  
U1432                     NOR2X0          saed90nm_typ_ht 5.529600  
U1433                     NOR2X0          saed90nm_typ_ht 5.529600  
U1434                     NOR2X0          saed90nm_typ_ht 5.529600  
U1435                     NOR2X0          saed90nm_typ_ht 5.529600  
U1436                     NOR2X0          saed90nm_typ_ht 5.529600  
U1437                     NOR2X0          saed90nm_typ_ht 5.529600  
U1438                     NOR2X0          saed90nm_typ_ht 5.529600  
U1439                     NOR2X0          saed90nm_typ_ht 5.529600  
U1440                     NOR2X0          saed90nm_typ_ht 5.529600  
U1441                     NOR2X0          saed90nm_typ_ht 5.529600  
U1442                     NOR2X0          saed90nm_typ_ht 5.529600  
U1443                     NOR2X0          saed90nm_typ_ht 5.529600  
U1444                     NOR2X0          saed90nm_typ_ht 5.529600  
U1445                     NOR2X0          saed90nm_typ_ht 5.529600  
U1446                     NOR2X0          saed90nm_typ_ht 5.529600  
U1447                     NOR2X0          saed90nm_typ_ht 5.529600  
U1448                     NOR2X0          saed90nm_typ_ht 5.529600  
U1449                     NOR2X0          saed90nm_typ_ht 5.529600  
U1450                     NOR2X0          saed90nm_typ_ht 5.529600  
U1451                     INVX0           saed90nm_typ_ht 5.529600  
U1452                     NOR2X0          saed90nm_typ_ht 5.529600  
U1453                     NOR2X0          saed90nm_typ_ht 5.529600  
U1454                     NOR2X0          saed90nm_typ_ht 5.529600  
U1455                     NOR2X0          saed90nm_typ_ht 5.529600  
U1456                     NOR2X0          saed90nm_typ_ht 5.529600  
U1457                     NOR2X0          saed90nm_typ_ht 5.529600  
U1458                     NOR2X0          saed90nm_typ_ht 5.529600  
U1459                     NOR2X0          saed90nm_typ_ht 5.529600  
U1460                     NOR2X0          saed90nm_typ_ht 5.529600  
U1461                     NOR2X0          saed90nm_typ_ht 5.529600  
U1462                     NOR2X0          saed90nm_typ_ht 5.529600  
U1463                     NOR2X0          saed90nm_typ_ht 5.529600  
U1464                     NOR2X0          saed90nm_typ_ht 5.529600  
U1465                     NOR2X0          saed90nm_typ_ht 5.529600  
U1466                     NOR2X0          saed90nm_typ_ht 5.529600  
U1467                     NOR2X0          saed90nm_typ_ht 5.529600  
U1468                     NOR2X0          saed90nm_typ_ht 5.529600  
U1469                     NOR2X0          saed90nm_typ_ht 5.529600  
U1470                     NOR2X0          saed90nm_typ_ht 5.529600  
U1471                     NOR2X0          saed90nm_typ_ht 5.529600  
U1472                     NOR2X0          saed90nm_typ_ht 5.529600  
U1473                     NOR2X0          saed90nm_typ_ht 5.529600  
U1474                     NOR2X0          saed90nm_typ_ht 5.529600  
U1475                     NOR2X0          saed90nm_typ_ht 5.529600  
U1476                     NOR2X0          saed90nm_typ_ht 5.529600  
U1477                     NOR2X0          saed90nm_typ_ht 5.529600  
U1478                     NOR2X0          saed90nm_typ_ht 5.529600  
U1479                     NOR2X0          saed90nm_typ_ht 5.529600  
U1480                     NOR2X0          saed90nm_typ_ht 5.529600  
U1481                     NOR2X0          saed90nm_typ_ht 5.529600  
U1482                     NOR2X0          saed90nm_typ_ht 5.529600  
U1483                     NOR2X0          saed90nm_typ_ht 5.529600  
U1484                     INVX0           saed90nm_typ_ht 5.529600  
U1485                     NOR2X0          saed90nm_typ_ht 5.529600  
U1486                     NOR2X0          saed90nm_typ_ht 5.529600  
U1487                     NOR2X0          saed90nm_typ_ht 5.529600  
U1488                     NOR2X0          saed90nm_typ_ht 5.529600  
U1489                     NOR2X0          saed90nm_typ_ht 5.529600  
U1490                     NOR2X0          saed90nm_typ_ht 5.529600  
U1491                     NOR2X0          saed90nm_typ_ht 5.529600  
U1492                     NOR2X0          saed90nm_typ_ht 5.529600  
U1493                     NOR2X0          saed90nm_typ_ht 5.529600  
U1494                     NOR2X0          saed90nm_typ_ht 5.529600  
U1495                     NOR2X0          saed90nm_typ_ht 5.529600  
U1496                     NOR2X0          saed90nm_typ_ht 5.529600  
U1497                     NOR2X0          saed90nm_typ_ht 5.529600  
U1498                     NOR2X0          saed90nm_typ_ht 5.529600  
U1499                     NOR2X0          saed90nm_typ_ht 5.529600  
U1500                     NOR2X0          saed90nm_typ_ht 5.529600  
U1501                     NOR2X0          saed90nm_typ_ht 5.529600  
U1502                     NOR2X0          saed90nm_typ_ht 5.529600  
U1503                     NOR2X0          saed90nm_typ_ht 5.529600  
U1504                     NOR2X0          saed90nm_typ_ht 5.529600  
U1505                     NOR2X0          saed90nm_typ_ht 5.529600  
U1506                     NOR2X0          saed90nm_typ_ht 5.529600  
U1507                     NOR2X0          saed90nm_typ_ht 5.529600  
U1508                     NOR2X0          saed90nm_typ_ht 5.529600  
U1509                     NOR2X0          saed90nm_typ_ht 5.529600  
U1510                     NOR2X0          saed90nm_typ_ht 5.529600  
U1511                     NOR2X0          saed90nm_typ_ht 5.529600  
U1512                     NOR2X0          saed90nm_typ_ht 5.529600  
U1513                     NOR2X0          saed90nm_typ_ht 5.529600  
U1514                     NOR2X0          saed90nm_typ_ht 5.529600  
U1515                     NOR2X0          saed90nm_typ_ht 5.529600  
U1516                     NOR2X0          saed90nm_typ_ht 5.529600  
U1517                     INVX0           saed90nm_typ_ht 5.529600  
U1518                     NOR2X0          saed90nm_typ_ht 5.529600  
U1519                     NOR2X0          saed90nm_typ_ht 5.529600  
U1520                     NOR2X0          saed90nm_typ_ht 5.529600  
U1521                     NOR2X0          saed90nm_typ_ht 5.529600  
U1522                     NOR2X0          saed90nm_typ_ht 5.529600  
U1523                     NOR2X0          saed90nm_typ_ht 5.529600  
U1524                     NOR2X0          saed90nm_typ_ht 5.529600  
U1525                     NOR2X0          saed90nm_typ_ht 5.529600  
U1526                     NOR2X0          saed90nm_typ_ht 5.529600  
U1527                     NOR2X0          saed90nm_typ_ht 5.529600  
U1528                     NOR2X0          saed90nm_typ_ht 5.529600  
U1529                     NOR2X0          saed90nm_typ_ht 5.529600  
U1530                     NOR2X0          saed90nm_typ_ht 5.529600  
U1531                     NOR2X0          saed90nm_typ_ht 5.529600  
U1532                     NOR2X0          saed90nm_typ_ht 5.529600  
U1533                     NOR2X0          saed90nm_typ_ht 5.529600  
U1534                     NOR2X0          saed90nm_typ_ht 5.529600  
U1535                     NOR2X0          saed90nm_typ_ht 5.529600  
U1536                     NOR2X0          saed90nm_typ_ht 5.529600  
U1537                     NOR2X0          saed90nm_typ_ht 5.529600  
U1538                     NOR2X0          saed90nm_typ_ht 5.529600  
U1539                     NOR2X0          saed90nm_typ_ht 5.529600  
U1540                     NOR2X0          saed90nm_typ_ht 5.529600  
U1541                     NOR2X0          saed90nm_typ_ht 5.529600  
U1542                     NOR2X0          saed90nm_typ_ht 5.529600  
U1543                     NOR2X0          saed90nm_typ_ht 5.529600  
U1544                     NOR2X0          saed90nm_typ_ht 5.529600  
U1545                     NOR2X0          saed90nm_typ_ht 5.529600  
U1546                     NOR2X0          saed90nm_typ_ht 5.529600  
U1547                     NOR2X0          saed90nm_typ_ht 5.529600  
U1548                     NOR2X0          saed90nm_typ_ht 5.529600  
U1549                     NOR2X0          saed90nm_typ_ht 5.529600  
U1550                     INVX0           saed90nm_typ_ht 5.529600  
U1551                     NOR2X0          saed90nm_typ_ht 5.529600  
U1552                     NOR2X0          saed90nm_typ_ht 5.529600  
U1553                     NOR2X0          saed90nm_typ_ht 5.529600  
U1554                     NOR2X0          saed90nm_typ_ht 5.529600  
U1555                     NOR2X0          saed90nm_typ_ht 5.529600  
U1556                     NOR2X0          saed90nm_typ_ht 5.529600  
U1557                     NOR2X0          saed90nm_typ_ht 5.529600  
U1558                     NOR2X0          saed90nm_typ_ht 5.529600  
U1559                     NOR2X0          saed90nm_typ_ht 5.529600  
U1560                     NOR2X0          saed90nm_typ_ht 5.529600  
U1561                     NOR2X0          saed90nm_typ_ht 5.529600  
U1562                     NOR2X0          saed90nm_typ_ht 5.529600  
U1563                     NOR2X0          saed90nm_typ_ht 5.529600  
U1564                     NOR2X0          saed90nm_typ_ht 5.529600  
U1565                     NOR2X0          saed90nm_typ_ht 5.529600  
U1566                     NOR2X0          saed90nm_typ_ht 5.529600  
U1567                     NOR2X0          saed90nm_typ_ht 5.529600  
U1568                     NOR2X0          saed90nm_typ_ht 5.529600  
U1569                     NOR2X0          saed90nm_typ_ht 5.529600  
U1570                     NOR2X0          saed90nm_typ_ht 5.529600  
U1571                     NOR2X0          saed90nm_typ_ht 5.529600  
U1572                     NOR2X0          saed90nm_typ_ht 5.529600  
U1573                     NOR2X0          saed90nm_typ_ht 5.529600  
U1574                     NOR2X0          saed90nm_typ_ht 5.529600  
U1575                     NOR2X0          saed90nm_typ_ht 5.529600  
U1576                     NOR2X0          saed90nm_typ_ht 5.529600  
U1577                     NOR2X0          saed90nm_typ_ht 5.529600  
U1578                     NOR2X0          saed90nm_typ_ht 5.529600  
U1579                     NOR2X0          saed90nm_typ_ht 5.529600  
U1580                     NOR2X0          saed90nm_typ_ht 5.529600  
U1581                     NOR2X0          saed90nm_typ_ht 5.529600  
U1582                     NOR2X0          saed90nm_typ_ht 5.529600  
U1583                     INVX0           saed90nm_typ_ht 5.529600  
U1584                     NOR2X0          saed90nm_typ_ht 5.529600  
U1585                     NOR2X0          saed90nm_typ_ht 5.529600  
U1586                     NOR2X0          saed90nm_typ_ht 5.529600  
U1587                     NOR2X0          saed90nm_typ_ht 5.529600  
U1588                     NOR2X0          saed90nm_typ_ht 5.529600  
U1589                     NOR2X0          saed90nm_typ_ht 5.529600  
U1590                     NOR2X0          saed90nm_typ_ht 5.529600  
U1591                     NOR2X0          saed90nm_typ_ht 5.529600  
U1592                     NOR2X0          saed90nm_typ_ht 5.529600  
U1593                     NOR2X0          saed90nm_typ_ht 5.529600  
U1594                     NOR2X0          saed90nm_typ_ht 5.529600  
U1595                     NOR2X0          saed90nm_typ_ht 5.529600  
U1596                     NOR2X0          saed90nm_typ_ht 5.529600  
U1597                     NOR2X0          saed90nm_typ_ht 5.529600  
U1598                     NOR2X0          saed90nm_typ_ht 5.529600  
U1599                     NOR2X0          saed90nm_typ_ht 5.529600  
U1600                     NOR2X0          saed90nm_typ_ht 5.529600  
U1601                     NOR2X0          saed90nm_typ_ht 5.529600  
U1602                     NOR2X0          saed90nm_typ_ht 5.529600  
U1603                     NOR2X0          saed90nm_typ_ht 5.529600  
U1604                     NOR2X0          saed90nm_typ_ht 5.529600  
U1605                     NOR2X0          saed90nm_typ_ht 5.529600  
U1606                     NOR2X0          saed90nm_typ_ht 5.529600  
U1607                     NOR2X0          saed90nm_typ_ht 5.529600  
U1608                     NOR2X0          saed90nm_typ_ht 5.529600  
U1609                     NOR2X0          saed90nm_typ_ht 5.529600  
U1610                     NOR2X0          saed90nm_typ_ht 5.529600  
U1611                     NOR2X0          saed90nm_typ_ht 5.529600  
U1612                     NOR2X0          saed90nm_typ_ht 5.529600  
U1613                     NOR2X0          saed90nm_typ_ht 5.529600  
U1614                     NOR2X0          saed90nm_typ_ht 5.529600  
U1615                     NOR2X0          saed90nm_typ_ht 5.529600  
U1616                     INVX0           saed90nm_typ_ht 5.529600  
U1617                     NOR2X0          saed90nm_typ_ht 5.529600  
U1618                     NOR2X0          saed90nm_typ_ht 5.529600  
U1619                     NOR2X0          saed90nm_typ_ht 5.529600  
U1620                     NOR2X0          saed90nm_typ_ht 5.529600  
U1621                     NOR2X0          saed90nm_typ_ht 5.529600  
U1622                     NOR2X0          saed90nm_typ_ht 5.529600  
U1623                     NOR2X0          saed90nm_typ_ht 5.529600  
U1624                     NOR2X0          saed90nm_typ_ht 5.529600  
U1625                     NOR2X0          saed90nm_typ_ht 5.529600  
U1626                     NOR2X0          saed90nm_typ_ht 5.529600  
U1627                     NOR2X0          saed90nm_typ_ht 5.529600  
U1628                     NOR2X0          saed90nm_typ_ht 5.529600  
U1629                     NOR2X0          saed90nm_typ_ht 5.529600  
U1630                     NOR2X0          saed90nm_typ_ht 5.529600  
U1631                     NOR2X0          saed90nm_typ_ht 5.529600  
U1632                     NOR2X0          saed90nm_typ_ht 5.529600  
U1633                     NOR2X0          saed90nm_typ_ht 5.529600  
U1634                     NOR2X0          saed90nm_typ_ht 5.529600  
U1635                     NOR2X0          saed90nm_typ_ht 5.529600  
U1636                     NOR2X0          saed90nm_typ_ht 5.529600  
U1637                     NOR2X0          saed90nm_typ_ht 5.529600  
U1638                     NOR2X0          saed90nm_typ_ht 5.529600  
U1639                     NOR2X0          saed90nm_typ_ht 5.529600  
U1640                     NOR2X0          saed90nm_typ_ht 5.529600  
U1641                     NOR2X0          saed90nm_typ_ht 5.529600  
U1642                     NOR2X0          saed90nm_typ_ht 5.529600  
U1643                     NOR2X0          saed90nm_typ_ht 5.529600  
U1644                     NOR2X0          saed90nm_typ_ht 5.529600  
U1645                     NOR2X0          saed90nm_typ_ht 5.529600  
U1646                     NOR2X0          saed90nm_typ_ht 5.529600  
U1647                     NOR2X0          saed90nm_typ_ht 5.529600  
U1648                     NOR2X0          saed90nm_typ_ht 5.529600  
U1649                     INVX0           saed90nm_typ_ht 5.529600  
U1650                     NOR2X0          saed90nm_typ_ht 5.529600  
U1651                     NOR2X0          saed90nm_typ_ht 5.529600  
U1652                     NOR2X0          saed90nm_typ_ht 5.529600  
U1653                     NOR2X0          saed90nm_typ_ht 5.529600  
U1654                     NOR2X0          saed90nm_typ_ht 5.529600  
U1655                     NOR2X0          saed90nm_typ_ht 5.529600  
U1656                     NOR2X0          saed90nm_typ_ht 5.529600  
U1657                     NOR2X0          saed90nm_typ_ht 5.529600  
U1658                     NOR2X0          saed90nm_typ_ht 5.529600  
U1659                     NOR2X0          saed90nm_typ_ht 5.529600  
U1660                     NOR2X0          saed90nm_typ_ht 5.529600  
U1661                     NOR2X0          saed90nm_typ_ht 5.529600  
U1662                     NOR2X0          saed90nm_typ_ht 5.529600  
U1663                     NOR2X0          saed90nm_typ_ht 5.529600  
U1664                     NOR2X0          saed90nm_typ_ht 5.529600  
U1665                     NOR2X0          saed90nm_typ_ht 5.529600  
U1666                     NOR2X0          saed90nm_typ_ht 5.529600  
U1667                     NOR2X0          saed90nm_typ_ht 5.529600  
U1668                     NOR2X0          saed90nm_typ_ht 5.529600  
U1669                     NOR2X0          saed90nm_typ_ht 5.529600  
U1670                     NOR2X0          saed90nm_typ_ht 5.529600  
U1671                     NOR2X0          saed90nm_typ_ht 5.529600  
U1672                     NOR2X0          saed90nm_typ_ht 5.529600  
U1673                     NOR2X0          saed90nm_typ_ht 5.529600  
U1674                     NOR2X0          saed90nm_typ_ht 5.529600  
U1675                     NOR2X0          saed90nm_typ_ht 5.529600  
U1676                     NOR2X0          saed90nm_typ_ht 5.529600  
U1677                     NOR2X0          saed90nm_typ_ht 5.529600  
U1678                     NOR2X0          saed90nm_typ_ht 5.529600  
U1679                     NOR2X0          saed90nm_typ_ht 5.529600  
U1680                     NOR2X0          saed90nm_typ_ht 5.529600  
U1681                     NOR2X0          saed90nm_typ_ht 5.529600  
U1682                     INVX0           saed90nm_typ_ht 5.529600  
U1683                     NOR2X0          saed90nm_typ_ht 5.529600  
U1684                     NOR2X0          saed90nm_typ_ht 5.529600  
U1685                     NOR2X0          saed90nm_typ_ht 5.529600  
U1686                     NOR2X0          saed90nm_typ_ht 5.529600  
U1687                     NOR2X0          saed90nm_typ_ht 5.529600  
U1688                     NOR2X0          saed90nm_typ_ht 5.529600  
U1689                     NOR2X0          saed90nm_typ_ht 5.529600  
U1690                     NOR2X0          saed90nm_typ_ht 5.529600  
U1691                     NOR2X0          saed90nm_typ_ht 5.529600  
U1692                     NOR2X0          saed90nm_typ_ht 5.529600  
U1693                     NOR2X0          saed90nm_typ_ht 5.529600  
U1694                     NOR2X0          saed90nm_typ_ht 5.529600  
U1695                     NOR2X0          saed90nm_typ_ht 5.529600  
U1696                     NOR2X0          saed90nm_typ_ht 5.529600  
U1697                     NOR2X0          saed90nm_typ_ht 5.529600  
U1698                     NOR2X0          saed90nm_typ_ht 5.529600  
U1699                     NOR2X0          saed90nm_typ_ht 5.529600  
U1700                     NOR2X0          saed90nm_typ_ht 5.529600  
U1701                     NOR2X0          saed90nm_typ_ht 5.529600  
U1702                     NOR2X0          saed90nm_typ_ht 5.529600  
U1703                     NOR2X0          saed90nm_typ_ht 5.529600  
U1704                     NOR2X0          saed90nm_typ_ht 5.529600  
U1705                     NOR2X0          saed90nm_typ_ht 5.529600  
U1706                     NOR2X0          saed90nm_typ_ht 5.529600  
U1707                     NOR2X0          saed90nm_typ_ht 5.529600  
U1708                     NOR2X0          saed90nm_typ_ht 5.529600  
U1709                     NOR2X0          saed90nm_typ_ht 5.529600  
U1710                     NOR2X0          saed90nm_typ_ht 5.529600  
U1711                     NOR2X0          saed90nm_typ_ht 5.529600  
U1712                     NOR2X0          saed90nm_typ_ht 5.529600  
U1713                     NOR2X0          saed90nm_typ_ht 5.529600  
U1714                     NOR2X0          saed90nm_typ_ht 5.529600  
U1715                     INVX0           saed90nm_typ_ht 5.529600  
U1716                     NOR2X0          saed90nm_typ_ht 5.529600  
U1717                     NOR2X0          saed90nm_typ_ht 5.529600  
U1718                     NOR2X0          saed90nm_typ_ht 5.529600  
U1719                     NOR2X0          saed90nm_typ_ht 5.529600  
U1720                     NOR2X0          saed90nm_typ_ht 5.529600  
U1721                     NOR2X0          saed90nm_typ_ht 5.529600  
U1722                     NOR2X0          saed90nm_typ_ht 5.529600  
U1723                     NOR2X0          saed90nm_typ_ht 5.529600  
U1724                     NOR2X0          saed90nm_typ_ht 5.529600  
U1725                     NOR2X0          saed90nm_typ_ht 5.529600  
U1726                     NOR2X0          saed90nm_typ_ht 5.529600  
U1727                     NOR2X0          saed90nm_typ_ht 5.529600  
U1728                     NOR2X0          saed90nm_typ_ht 5.529600  
U1729                     NOR2X0          saed90nm_typ_ht 5.529600  
U1730                     NOR2X0          saed90nm_typ_ht 5.529600  
U1731                     NOR2X0          saed90nm_typ_ht 5.529600  
U1732                     NOR2X0          saed90nm_typ_ht 5.529600  
U1733                     NOR2X0          saed90nm_typ_ht 5.529600  
U1734                     NOR2X0          saed90nm_typ_ht 5.529600  
U1735                     NOR2X0          saed90nm_typ_ht 5.529600  
U1736                     NOR2X0          saed90nm_typ_ht 5.529600  
U1737                     NOR2X0          saed90nm_typ_ht 5.529600  
U1738                     NOR2X0          saed90nm_typ_ht 5.529600  
U1739                     NOR2X0          saed90nm_typ_ht 5.529600  
U1740                     NOR2X0          saed90nm_typ_ht 5.529600  
U1741                     NOR2X0          saed90nm_typ_ht 5.529600  
U1742                     NOR2X0          saed90nm_typ_ht 5.529600  
U1743                     NOR2X0          saed90nm_typ_ht 5.529600  
U1744                     NOR2X0          saed90nm_typ_ht 5.529600  
U1745                     NOR2X0          saed90nm_typ_ht 5.529600  
U1746                     NOR2X0          saed90nm_typ_ht 5.529600  
U1747                     NOR2X0          saed90nm_typ_ht 5.529600  
U1748                     INVX0           saed90nm_typ_ht 5.529600  
U1749                     NOR2X0          saed90nm_typ_ht 5.529600  
U1750                     NOR2X0          saed90nm_typ_ht 5.529600  
U1751                     NOR2X0          saed90nm_typ_ht 5.529600  
U1752                     NOR2X0          saed90nm_typ_ht 5.529600  
U1753                     NOR2X0          saed90nm_typ_ht 5.529600  
U1754                     NOR2X0          saed90nm_typ_ht 5.529600  
U1755                     NOR2X0          saed90nm_typ_ht 5.529600  
U1756                     NOR2X0          saed90nm_typ_ht 5.529600  
U1757                     NOR2X0          saed90nm_typ_ht 5.529600  
U1758                     NOR2X0          saed90nm_typ_ht 5.529600  
U1759                     NOR2X0          saed90nm_typ_ht 5.529600  
U1760                     NOR2X0          saed90nm_typ_ht 5.529600  
U1761                     NOR2X0          saed90nm_typ_ht 5.529600  
U1762                     NOR2X0          saed90nm_typ_ht 5.529600  
U1763                     NOR2X0          saed90nm_typ_ht 5.529600  
U1764                     NOR2X0          saed90nm_typ_ht 5.529600  
U1765                     NOR2X0          saed90nm_typ_ht 5.529600  
U1766                     NOR2X0          saed90nm_typ_ht 5.529600  
U1767                     NOR2X0          saed90nm_typ_ht 5.529600  
U1768                     NOR2X0          saed90nm_typ_ht 5.529600  
U1769                     NOR2X0          saed90nm_typ_ht 5.529600  
U1770                     NOR2X0          saed90nm_typ_ht 5.529600  
U1771                     NOR2X0          saed90nm_typ_ht 5.529600  
U1772                     NOR2X0          saed90nm_typ_ht 5.529600  
U1773                     NOR2X0          saed90nm_typ_ht 5.529600  
U1774                     NOR2X0          saed90nm_typ_ht 5.529600  
U1775                     NOR2X0          saed90nm_typ_ht 5.529600  
U1776                     NOR2X0          saed90nm_typ_ht 5.529600  
U1777                     NOR2X0          saed90nm_typ_ht 5.529600  
U1778                     NOR2X0          saed90nm_typ_ht 5.529600  
U1779                     NOR2X0          saed90nm_typ_ht 5.529600  
U1780                     NOR2X0          saed90nm_typ_ht 5.529600  
U1781                     INVX0           saed90nm_typ_ht 5.529600  
U1782                     NOR2X0          saed90nm_typ_ht 5.529600  
U1783                     NOR2X0          saed90nm_typ_ht 5.529600  
U1784                     NOR2X0          saed90nm_typ_ht 5.529600  
U1785                     NOR2X0          saed90nm_typ_ht 5.529600  
U1786                     NOR2X0          saed90nm_typ_ht 5.529600  
U1787                     NOR2X0          saed90nm_typ_ht 5.529600  
U1788                     NOR2X0          saed90nm_typ_ht 5.529600  
U1789                     NOR2X0          saed90nm_typ_ht 5.529600  
U1790                     NOR2X0          saed90nm_typ_ht 5.529600  
U1791                     NOR2X0          saed90nm_typ_ht 5.529600  
U1792                     NOR2X0          saed90nm_typ_ht 5.529600  
U1793                     NOR2X0          saed90nm_typ_ht 5.529600  
U1794                     NOR2X0          saed90nm_typ_ht 5.529600  
U1795                     NOR2X0          saed90nm_typ_ht 5.529600  
U1796                     NOR2X0          saed90nm_typ_ht 5.529600  
U1797                     NOR2X0          saed90nm_typ_ht 5.529600  
U1798                     NOR2X0          saed90nm_typ_ht 5.529600  
U1799                     NOR2X0          saed90nm_typ_ht 5.529600  
U1800                     NOR2X0          saed90nm_typ_ht 5.529600  
U1801                     NOR2X0          saed90nm_typ_ht 5.529600  
U1802                     NOR2X0          saed90nm_typ_ht 5.529600  
U1803                     NOR2X0          saed90nm_typ_ht 5.529600  
U1804                     NOR2X0          saed90nm_typ_ht 5.529600  
U1805                     NOR2X0          saed90nm_typ_ht 5.529600  
U1806                     NOR2X0          saed90nm_typ_ht 5.529600  
U1807                     NOR2X0          saed90nm_typ_ht 5.529600  
U1808                     NOR2X0          saed90nm_typ_ht 5.529600  
U1809                     NOR2X0          saed90nm_typ_ht 5.529600  
U1810                     NOR2X0          saed90nm_typ_ht 5.529600  
U1811                     NOR2X0          saed90nm_typ_ht 5.529600  
U1812                     NOR2X0          saed90nm_typ_ht 5.529600  
U1813                     NOR2X0          saed90nm_typ_ht 5.529600  
U1814                     INVX0           saed90nm_typ_ht 5.529600  
U1815                     NOR2X0          saed90nm_typ_ht 5.529600  
U1816                     NOR2X0          saed90nm_typ_ht 5.529600  
U1817                     NOR2X0          saed90nm_typ_ht 5.529600  
U1818                     NOR2X0          saed90nm_typ_ht 5.529600  
U1819                     NOR2X0          saed90nm_typ_ht 5.529600  
U1820                     NOR2X0          saed90nm_typ_ht 5.529600  
U1821                     NOR2X0          saed90nm_typ_ht 5.529600  
U1822                     NOR2X0          saed90nm_typ_ht 5.529600  
U1823                     NOR2X0          saed90nm_typ_ht 5.529600  
U1824                     NOR2X0          saed90nm_typ_ht 5.529600  
U1825                     NOR2X0          saed90nm_typ_ht 5.529600  
U1826                     NOR2X0          saed90nm_typ_ht 5.529600  
U1827                     NOR2X0          saed90nm_typ_ht 5.529600  
U1828                     NOR2X0          saed90nm_typ_ht 5.529600  
U1829                     NOR2X0          saed90nm_typ_ht 5.529600  
U1830                     NOR2X0          saed90nm_typ_ht 5.529600  
U1831                     NOR2X0          saed90nm_typ_ht 5.529600  
U1832                     NOR2X0          saed90nm_typ_ht 5.529600  
U1833                     NOR2X0          saed90nm_typ_ht 5.529600  
U1834                     NOR2X0          saed90nm_typ_ht 5.529600  
U1835                     NOR2X0          saed90nm_typ_ht 5.529600  
U1836                     NOR2X0          saed90nm_typ_ht 5.529600  
U1837                     NOR2X0          saed90nm_typ_ht 5.529600  
U1838                     NOR2X0          saed90nm_typ_ht 5.529600  
U1839                     NOR2X0          saed90nm_typ_ht 5.529600  
U1840                     NOR2X0          saed90nm_typ_ht 5.529600  
U1841                     NOR2X0          saed90nm_typ_ht 5.529600  
U1842                     NOR2X0          saed90nm_typ_ht 5.529600  
U1843                     NOR2X0          saed90nm_typ_ht 5.529600  
U1844                     NOR2X0          saed90nm_typ_ht 5.529600  
U1845                     NOR2X0          saed90nm_typ_ht 5.529600  
U1846                     NOR2X0          saed90nm_typ_ht 5.529600  
U1847                     INVX0           saed90nm_typ_ht 5.529600  
U1848                     NOR2X0          saed90nm_typ_ht 5.529600  
U1849                     NOR2X0          saed90nm_typ_ht 5.529600  
U1850                     NOR2X0          saed90nm_typ_ht 5.529600  
U1851                     NOR2X0          saed90nm_typ_ht 5.529600  
U1852                     NOR2X0          saed90nm_typ_ht 5.529600  
U1853                     NOR2X0          saed90nm_typ_ht 5.529600  
U1854                     NOR2X0          saed90nm_typ_ht 5.529600  
U1855                     NOR2X0          saed90nm_typ_ht 5.529600  
U1856                     NOR2X0          saed90nm_typ_ht 5.529600  
U1857                     NOR2X0          saed90nm_typ_ht 5.529600  
U1858                     NOR2X0          saed90nm_typ_ht 5.529600  
U1859                     NOR2X0          saed90nm_typ_ht 5.529600  
U1860                     NOR2X0          saed90nm_typ_ht 5.529600  
U1861                     NOR2X0          saed90nm_typ_ht 5.529600  
U1862                     NOR2X0          saed90nm_typ_ht 5.529600  
U1863                     NOR2X0          saed90nm_typ_ht 5.529600  
U1864                     NOR2X0          saed90nm_typ_ht 5.529600  
U1865                     NOR2X0          saed90nm_typ_ht 5.529600  
U1866                     NOR2X0          saed90nm_typ_ht 5.529600  
U1867                     NOR2X0          saed90nm_typ_ht 5.529600  
U1868                     NOR2X0          saed90nm_typ_ht 5.529600  
U1869                     NOR2X0          saed90nm_typ_ht 5.529600  
U1870                     NOR2X0          saed90nm_typ_ht 5.529600  
U1871                     NOR2X0          saed90nm_typ_ht 5.529600  
U1872                     NOR2X0          saed90nm_typ_ht 5.529600  
U1873                     NOR2X0          saed90nm_typ_ht 5.529600  
U1874                     NOR2X0          saed90nm_typ_ht 5.529600  
U1875                     NOR2X0          saed90nm_typ_ht 5.529600  
U1876                     NOR2X0          saed90nm_typ_ht 5.529600  
U1877                     NOR2X0          saed90nm_typ_ht 5.529600  
U1878                     NOR2X0          saed90nm_typ_ht 5.529600  
U1879                     NOR2X0          saed90nm_typ_ht 5.529600  
U1880                     INVX0           saed90nm_typ_ht 5.529600  
U1881                     NOR2X0          saed90nm_typ_ht 5.529600  
U1882                     NOR2X0          saed90nm_typ_ht 5.529600  
U1883                     NOR2X0          saed90nm_typ_ht 5.529600  
U1884                     NOR2X0          saed90nm_typ_ht 5.529600  
U1885                     NOR2X0          saed90nm_typ_ht 5.529600  
U1886                     NOR2X0          saed90nm_typ_ht 5.529600  
U1887                     NOR2X0          saed90nm_typ_ht 5.529600  
U1888                     NOR2X0          saed90nm_typ_ht 5.529600  
U1889                     NOR2X0          saed90nm_typ_ht 5.529600  
U1890                     NOR2X0          saed90nm_typ_ht 5.529600  
U1891                     NOR2X0          saed90nm_typ_ht 5.529600  
U1892                     NOR2X0          saed90nm_typ_ht 5.529600  
U1893                     NOR2X0          saed90nm_typ_ht 5.529600  
U1894                     NOR2X0          saed90nm_typ_ht 5.529600  
U1895                     NOR2X0          saed90nm_typ_ht 5.529600  
U1896                     NOR2X0          saed90nm_typ_ht 5.529600  
U1897                     NOR2X0          saed90nm_typ_ht 5.529600  
U1898                     NOR2X0          saed90nm_typ_ht 5.529600  
U1899                     NOR2X0          saed90nm_typ_ht 5.529600  
U1900                     NOR2X0          saed90nm_typ_ht 5.529600  
U1901                     NOR2X0          saed90nm_typ_ht 5.529600  
U1902                     NOR2X0          saed90nm_typ_ht 5.529600  
U1903                     NOR2X0          saed90nm_typ_ht 5.529600  
U1904                     NOR2X0          saed90nm_typ_ht 5.529600  
U1905                     NOR2X0          saed90nm_typ_ht 5.529600  
U1906                     NOR2X0          saed90nm_typ_ht 5.529600  
U1907                     NOR2X0          saed90nm_typ_ht 5.529600  
U1908                     NOR2X0          saed90nm_typ_ht 5.529600  
U1909                     NOR2X0          saed90nm_typ_ht 5.529600  
U1910                     NOR2X0          saed90nm_typ_ht 5.529600  
U1911                     NOR2X0          saed90nm_typ_ht 5.529600  
U1912                     NOR2X0          saed90nm_typ_ht 5.529600  
U1913                     INVX0           saed90nm_typ_ht 5.529600  
U1914                     NOR2X0          saed90nm_typ_ht 5.529600  
U1915                     NOR2X0          saed90nm_typ_ht 5.529600  
U1916                     NOR2X0          saed90nm_typ_ht 5.529600  
U1917                     NOR2X0          saed90nm_typ_ht 5.529600  
U1918                     NOR2X0          saed90nm_typ_ht 5.529600  
U1919                     NOR2X0          saed90nm_typ_ht 5.529600  
U1920                     NOR2X0          saed90nm_typ_ht 5.529600  
U1921                     NOR2X0          saed90nm_typ_ht 5.529600  
U1922                     NOR2X0          saed90nm_typ_ht 5.529600  
U1923                     NOR2X0          saed90nm_typ_ht 5.529600  
U1924                     NOR2X0          saed90nm_typ_ht 5.529600  
U1925                     NOR2X0          saed90nm_typ_ht 5.529600  
U1926                     NOR2X0          saed90nm_typ_ht 5.529600  
U1927                     NOR2X0          saed90nm_typ_ht 5.529600  
U1928                     NOR2X0          saed90nm_typ_ht 5.529600  
U1929                     NOR2X0          saed90nm_typ_ht 5.529600  
U1930                     NOR2X0          saed90nm_typ_ht 5.529600  
U1931                     NOR2X0          saed90nm_typ_ht 5.529600  
U1932                     NOR2X0          saed90nm_typ_ht 5.529600  
U1933                     NOR2X0          saed90nm_typ_ht 5.529600  
U1934                     NOR2X0          saed90nm_typ_ht 5.529600  
U1935                     NOR2X0          saed90nm_typ_ht 5.529600  
U1936                     NOR2X0          saed90nm_typ_ht 5.529600  
U1937                     NOR2X0          saed90nm_typ_ht 5.529600  
U1938                     NOR2X0          saed90nm_typ_ht 5.529600  
U1939                     NOR2X0          saed90nm_typ_ht 5.529600  
U1940                     NOR2X0          saed90nm_typ_ht 5.529600  
U1941                     NOR2X0          saed90nm_typ_ht 5.529600  
U1942                     NOR2X0          saed90nm_typ_ht 5.529600  
U1943                     NOR2X0          saed90nm_typ_ht 5.529600  
U1944                     NOR2X0          saed90nm_typ_ht 5.529600  
U1945                     NOR2X0          saed90nm_typ_ht 5.529600  
U1946                     INVX0           saed90nm_typ_ht 5.529600  
U1947                     NOR2X0          saed90nm_typ_ht 5.529600  
U1948                     NOR2X0          saed90nm_typ_ht 5.529600  
U1949                     NOR2X0          saed90nm_typ_ht 5.529600  
U1950                     NOR2X0          saed90nm_typ_ht 5.529600  
U1951                     NOR2X0          saed90nm_typ_ht 5.529600  
U1952                     NOR2X0          saed90nm_typ_ht 5.529600  
U1953                     NOR2X0          saed90nm_typ_ht 5.529600  
U1954                     NOR2X0          saed90nm_typ_ht 5.529600  
U1955                     NOR2X0          saed90nm_typ_ht 5.529600  
U1956                     NOR2X0          saed90nm_typ_ht 5.529600  
U1957                     NOR2X0          saed90nm_typ_ht 5.529600  
U1958                     NOR2X0          saed90nm_typ_ht 5.529600  
U1959                     NOR2X0          saed90nm_typ_ht 5.529600  
U1960                     NOR2X0          saed90nm_typ_ht 5.529600  
U1961                     NOR2X0          saed90nm_typ_ht 5.529600  
U1962                     NOR2X0          saed90nm_typ_ht 5.529600  
U1963                     NOR2X0          saed90nm_typ_ht 5.529600  
U1964                     NOR2X0          saed90nm_typ_ht 5.529600  
U1965                     NOR2X0          saed90nm_typ_ht 5.529600  
U1966                     NOR2X0          saed90nm_typ_ht 5.529600  
U1967                     NOR2X0          saed90nm_typ_ht 5.529600  
U1968                     NOR2X0          saed90nm_typ_ht 5.529600  
U1969                     NOR2X0          saed90nm_typ_ht 5.529600  
U1970                     NOR2X0          saed90nm_typ_ht 5.529600  
U1971                     NOR2X0          saed90nm_typ_ht 5.529600  
U1972                     NOR2X0          saed90nm_typ_ht 5.529600  
U1973                     NOR2X0          saed90nm_typ_ht 5.529600  
U1974                     NOR2X0          saed90nm_typ_ht 5.529600  
U1975                     NOR2X0          saed90nm_typ_ht 5.529600  
U1976                     NOR2X0          saed90nm_typ_ht 5.529600  
U1977                     NOR2X0          saed90nm_typ_ht 5.529600  
U1978                     NOR2X0          saed90nm_typ_ht 5.529600  
U1979                     INVX0           saed90nm_typ_ht 5.529600  
U1980                     NOR2X0          saed90nm_typ_ht 5.529600  
U1981                     NOR2X0          saed90nm_typ_ht 5.529600  
U1982                     NOR2X0          saed90nm_typ_ht 5.529600  
U1983                     NOR2X0          saed90nm_typ_ht 5.529600  
U1984                     NOR2X0          saed90nm_typ_ht 5.529600  
U1985                     NOR2X0          saed90nm_typ_ht 5.529600  
U1986                     NOR2X0          saed90nm_typ_ht 5.529600  
U1987                     NOR2X0          saed90nm_typ_ht 5.529600  
U1988                     NOR2X0          saed90nm_typ_ht 5.529600  
U1989                     NOR2X0          saed90nm_typ_ht 5.529600  
U1990                     NOR2X0          saed90nm_typ_ht 5.529600  
U1991                     NOR2X0          saed90nm_typ_ht 5.529600  
U1992                     NOR2X0          saed90nm_typ_ht 5.529600  
U1993                     NOR2X0          saed90nm_typ_ht 5.529600  
U1994                     NOR2X0          saed90nm_typ_ht 5.529600  
U1995                     NOR2X0          saed90nm_typ_ht 5.529600  
U1996                     NOR2X0          saed90nm_typ_ht 5.529600  
U1997                     NOR2X0          saed90nm_typ_ht 5.529600  
U1998                     NOR2X0          saed90nm_typ_ht 5.529600  
U1999                     NOR2X0          saed90nm_typ_ht 5.529600  
U2000                     NOR2X0          saed90nm_typ_ht 5.529600  
U2001                     NOR2X0          saed90nm_typ_ht 5.529600  
U2002                     NOR2X0          saed90nm_typ_ht 5.529600  
U2003                     NOR2X0          saed90nm_typ_ht 5.529600  
U2004                     NOR2X0          saed90nm_typ_ht 5.529600  
U2005                     NOR2X0          saed90nm_typ_ht 5.529600  
U2006                     NOR2X0          saed90nm_typ_ht 5.529600  
U2007                     NOR2X0          saed90nm_typ_ht 5.529600  
U2008                     NOR2X0          saed90nm_typ_ht 5.529600  
U2009                     NOR2X0          saed90nm_typ_ht 5.529600  
U2010                     NOR2X0          saed90nm_typ_ht 5.529600  
U2011                     NOR2X0          saed90nm_typ_ht 5.529600  
U2012                     INVX0           saed90nm_typ_ht 5.529600  
U2013                     NOR2X0          saed90nm_typ_ht 5.529600  
U2014                     NOR2X0          saed90nm_typ_ht 5.529600  
U2015                     NOR2X0          saed90nm_typ_ht 5.529600  
U2016                     NOR2X0          saed90nm_typ_ht 5.529600  
U2017                     NOR2X0          saed90nm_typ_ht 5.529600  
U2018                     NOR2X0          saed90nm_typ_ht 5.529600  
U2019                     NOR2X0          saed90nm_typ_ht 5.529600  
U2020                     NOR2X0          saed90nm_typ_ht 5.529600  
U2021                     NOR2X0          saed90nm_typ_ht 5.529600  
U2022                     NOR2X0          saed90nm_typ_ht 5.529600  
U2023                     NOR2X0          saed90nm_typ_ht 5.529600  
U2024                     NOR2X0          saed90nm_typ_ht 5.529600  
U2025                     NOR2X0          saed90nm_typ_ht 5.529600  
U2026                     NOR2X0          saed90nm_typ_ht 5.529600  
U2027                     NOR2X0          saed90nm_typ_ht 5.529600  
U2028                     NOR2X0          saed90nm_typ_ht 5.529600  
U2029                     NOR2X0          saed90nm_typ_ht 5.529600  
U2030                     NOR2X0          saed90nm_typ_ht 5.529600  
U2031                     NOR2X0          saed90nm_typ_ht 5.529600  
U2032                     NOR2X0          saed90nm_typ_ht 5.529600  
U2033                     NOR2X0          saed90nm_typ_ht 5.529600  
U2034                     NOR2X0          saed90nm_typ_ht 5.529600  
U2035                     NOR2X0          saed90nm_typ_ht 5.529600  
U2036                     NOR2X0          saed90nm_typ_ht 5.529600  
U2037                     NOR2X0          saed90nm_typ_ht 5.529600  
U2038                     NOR2X0          saed90nm_typ_ht 5.529600  
U2039                     NOR2X0          saed90nm_typ_ht 5.529600  
U2040                     NOR2X0          saed90nm_typ_ht 5.529600  
U2041                     NOR2X0          saed90nm_typ_ht 5.529600  
U2042                     NOR2X0          saed90nm_typ_ht 5.529600  
U2043                     NOR2X0          saed90nm_typ_ht 5.529600  
U2044                     NOR2X0          saed90nm_typ_ht 5.529600  
U2045                     INVX0           saed90nm_typ_ht 5.529600  
U2046                     NOR2X0          saed90nm_typ_ht 5.529600  
U2047                     NOR2X0          saed90nm_typ_ht 5.529600  
U2048                     NOR2X0          saed90nm_typ_ht 5.529600  
U2049                     NOR2X0          saed90nm_typ_ht 5.529600  
U2050                     NOR2X0          saed90nm_typ_ht 5.529600  
U2051                     NOR2X0          saed90nm_typ_ht 5.529600  
U2052                     NOR2X0          saed90nm_typ_ht 5.529600  
U2053                     NOR2X0          saed90nm_typ_ht 5.529600  
U2054                     NOR2X0          saed90nm_typ_ht 5.529600  
U2055                     NOR2X0          saed90nm_typ_ht 5.529600  
U2056                     NOR2X0          saed90nm_typ_ht 5.529600  
U2057                     NOR2X0          saed90nm_typ_ht 5.529600  
U2058                     NOR2X0          saed90nm_typ_ht 5.529600  
U2059                     NOR2X0          saed90nm_typ_ht 5.529600  
U2060                     NOR2X0          saed90nm_typ_ht 5.529600  
U2061                     NOR2X0          saed90nm_typ_ht 5.529600  
U2062                     NOR2X0          saed90nm_typ_ht 5.529600  
U2063                     NOR2X0          saed90nm_typ_ht 5.529600  
U2064                     NOR2X0          saed90nm_typ_ht 5.529600  
U2065                     NOR2X0          saed90nm_typ_ht 5.529600  
U2066                     NOR2X0          saed90nm_typ_ht 5.529600  
U2067                     NOR2X0          saed90nm_typ_ht 5.529600  
U2068                     NOR2X0          saed90nm_typ_ht 5.529600  
U2069                     NOR2X0          saed90nm_typ_ht 5.529600  
U2070                     NOR2X0          saed90nm_typ_ht 5.529600  
U2071                     NOR2X0          saed90nm_typ_ht 5.529600  
U2072                     NOR2X0          saed90nm_typ_ht 5.529600  
U2073                     NOR2X0          saed90nm_typ_ht 5.529600  
U2074                     NOR2X0          saed90nm_typ_ht 5.529600  
U2075                     NOR2X0          saed90nm_typ_ht 5.529600  
U2076                     NOR2X0          saed90nm_typ_ht 5.529600  
U2077                     NOR2X0          saed90nm_typ_ht 5.529600  
U2078                     INVX0           saed90nm_typ_ht 5.529600  
U2079                     NOR2X0          saed90nm_typ_ht 5.529600  
U2080                     NOR2X0          saed90nm_typ_ht 5.529600  
U2081                     NOR2X0          saed90nm_typ_ht 5.529600  
U2082                     NOR2X0          saed90nm_typ_ht 5.529600  
U2083                     NOR2X0          saed90nm_typ_ht 5.529600  
U2084                     NOR2X0          saed90nm_typ_ht 5.529600  
U2085                     NOR2X0          saed90nm_typ_ht 5.529600  
U2086                     NOR2X0          saed90nm_typ_ht 5.529600  
U2087                     NOR2X0          saed90nm_typ_ht 5.529600  
U2088                     NOR2X0          saed90nm_typ_ht 5.529600  
U2089                     NOR2X0          saed90nm_typ_ht 5.529600  
U2090                     NOR2X0          saed90nm_typ_ht 5.529600  
U2091                     NOR2X0          saed90nm_typ_ht 5.529600  
U2092                     NOR2X0          saed90nm_typ_ht 5.529600  
U2093                     NOR2X0          saed90nm_typ_ht 5.529600  
U2094                     NOR2X0          saed90nm_typ_ht 5.529600  
U2095                     NOR2X0          saed90nm_typ_ht 5.529600  
U2096                     NOR2X0          saed90nm_typ_ht 5.529600  
U2097                     NOR2X0          saed90nm_typ_ht 5.529600  
U2098                     NOR2X0          saed90nm_typ_ht 5.529600  
U2099                     NOR2X0          saed90nm_typ_ht 5.529600  
U2100                     NOR2X0          saed90nm_typ_ht 5.529600  
U2101                     NOR2X0          saed90nm_typ_ht 5.529600  
U2102                     NOR2X0          saed90nm_typ_ht 5.529600  
U2103                     NOR2X0          saed90nm_typ_ht 5.529600  
U2104                     NOR2X0          saed90nm_typ_ht 5.529600  
U2105                     NOR2X0          saed90nm_typ_ht 5.529600  
U2106                     NOR2X0          saed90nm_typ_ht 5.529600  
U2107                     NOR2X0          saed90nm_typ_ht 5.529600  
U2108                     NOR2X0          saed90nm_typ_ht 5.529600  
U2109                     NOR2X0          saed90nm_typ_ht 5.529600  
U2110                     NOR2X0          saed90nm_typ_ht 5.529600  
U2111                     INVX0           saed90nm_typ_ht 5.529600  
U2112                     NOR2X0          saed90nm_typ_ht 5.529600  
U2113                     NOR2X0          saed90nm_typ_ht 5.529600  
U2114                     NOR2X0          saed90nm_typ_ht 5.529600  
U2115                     NOR2X0          saed90nm_typ_ht 5.529600  
U2116                     NOR2X0          saed90nm_typ_ht 5.529600  
U2117                     NOR2X0          saed90nm_typ_ht 5.529600  
U2118                     NOR2X0          saed90nm_typ_ht 5.529600  
U2119                     NOR2X0          saed90nm_typ_ht 5.529600  
U2120                     NOR2X0          saed90nm_typ_ht 5.529600  
U2121                     NOR2X0          saed90nm_typ_ht 5.529600  
U2122                     NOR2X0          saed90nm_typ_ht 5.529600  
U2123                     NOR2X0          saed90nm_typ_ht 5.529600  
U2124                     NOR2X0          saed90nm_typ_ht 5.529600  
U2125                     NOR2X0          saed90nm_typ_ht 5.529600  
U2126                     NOR2X0          saed90nm_typ_ht 5.529600  
U2127                     NOR2X0          saed90nm_typ_ht 5.529600  
U2128                     NOR2X0          saed90nm_typ_ht 5.529600  
U2129                     NOR2X0          saed90nm_typ_ht 5.529600  
U2130                     NOR2X0          saed90nm_typ_ht 5.529600  
U2131                     NOR2X0          saed90nm_typ_ht 5.529600  
U2132                     NOR2X0          saed90nm_typ_ht 5.529600  
U2133                     NOR2X0          saed90nm_typ_ht 5.529600  
U2134                     NOR2X0          saed90nm_typ_ht 5.529600  
U2135                     NOR2X0          saed90nm_typ_ht 5.529600  
U2136                     NOR2X0          saed90nm_typ_ht 5.529600  
U2137                     NOR2X0          saed90nm_typ_ht 5.529600  
U2138                     NOR2X0          saed90nm_typ_ht 5.529600  
U2139                     NOR2X0          saed90nm_typ_ht 5.529600  
U2140                     NOR2X0          saed90nm_typ_ht 5.529600  
U2141                     NOR2X0          saed90nm_typ_ht 5.529600  
U2142                     NOR2X0          saed90nm_typ_ht 5.529600  
U2143                     NOR2X0          saed90nm_typ_ht 5.529600  
U2144                     INVX0           saed90nm_typ_ht 5.529600  
U2145                     NOR2X0          saed90nm_typ_ht 5.529600  
U2146                     NOR2X0          saed90nm_typ_ht 5.529600  
U2147                     NOR2X0          saed90nm_typ_ht 5.529600  
U2148                     NOR2X0          saed90nm_typ_ht 5.529600  
U2149                     NOR2X0          saed90nm_typ_ht 5.529600  
U2150                     NOR2X0          saed90nm_typ_ht 5.529600  
U2151                     NOR2X0          saed90nm_typ_ht 5.529600  
U2152                     NOR2X0          saed90nm_typ_ht 5.529600  
U2153                     NOR2X0          saed90nm_typ_ht 5.529600  
U2154                     NOR2X0          saed90nm_typ_ht 5.529600  
U2155                     NOR2X0          saed90nm_typ_ht 5.529600  
U2156                     NOR2X0          saed90nm_typ_ht 5.529600  
U2157                     NOR2X0          saed90nm_typ_ht 5.529600  
U2158                     NOR2X0          saed90nm_typ_ht 5.529600  
U2159                     NOR2X0          saed90nm_typ_ht 5.529600  
U2160                     NOR2X0          saed90nm_typ_ht 5.529600  
U2161                     NOR2X0          saed90nm_typ_ht 5.529600  
U2162                     NOR2X0          saed90nm_typ_ht 5.529600  
U2163                     NOR2X0          saed90nm_typ_ht 5.529600  
U2164                     NOR2X0          saed90nm_typ_ht 5.529600  
U2165                     NOR2X0          saed90nm_typ_ht 5.529600  
U2166                     NOR2X0          saed90nm_typ_ht 5.529600  
U2167                     NOR2X0          saed90nm_typ_ht 5.529600  
U2168                     NOR2X0          saed90nm_typ_ht 5.529600  
U2169                     NOR2X0          saed90nm_typ_ht 5.529600  
U2170                     NOR2X0          saed90nm_typ_ht 5.529600  
U2171                     NOR2X0          saed90nm_typ_ht 5.529600  
U2172                     NOR2X0          saed90nm_typ_ht 5.529600  
U2173                     NOR2X0          saed90nm_typ_ht 5.529600  
U2174                     NOR2X0          saed90nm_typ_ht 5.529600  
U2175                     NOR2X0          saed90nm_typ_ht 5.529600  
U2176                     NOR2X0          saed90nm_typ_ht 5.529600  
U2177                     INVX0           saed90nm_typ_ht 5.529600  
U2178                     NOR2X0          saed90nm_typ_ht 5.529600  
U2179                     NOR2X0          saed90nm_typ_ht 5.529600  
U2180                     NOR2X0          saed90nm_typ_ht 5.529600  
U2181                     NOR2X0          saed90nm_typ_ht 5.529600  
U2182                     NOR2X0          saed90nm_typ_ht 5.529600  
U2183                     NOR2X0          saed90nm_typ_ht 5.529600  
U2184                     NOR2X0          saed90nm_typ_ht 5.529600  
U2185                     NOR2X0          saed90nm_typ_ht 5.529600  
U2186                     NOR2X0          saed90nm_typ_ht 5.529600  
U2187                     NOR2X0          saed90nm_typ_ht 5.529600  
U2188                     NOR2X0          saed90nm_typ_ht 5.529600  
U2189                     NOR2X0          saed90nm_typ_ht 5.529600  
U2190                     NOR2X0          saed90nm_typ_ht 5.529600  
U2191                     NOR2X0          saed90nm_typ_ht 5.529600  
U2192                     NOR2X0          saed90nm_typ_ht 5.529600  
U2193                     NOR2X0          saed90nm_typ_ht 5.529600  
U2194                     NOR2X0          saed90nm_typ_ht 5.529600  
U2195                     NOR2X0          saed90nm_typ_ht 5.529600  
U2196                     NOR2X0          saed90nm_typ_ht 5.529600  
U2197                     NOR2X0          saed90nm_typ_ht 5.529600  
U2198                     NOR2X0          saed90nm_typ_ht 5.529600  
U2199                     NOR2X0          saed90nm_typ_ht 5.529600  
U2200                     NOR2X0          saed90nm_typ_ht 5.529600  
U2201                     NOR2X0          saed90nm_typ_ht 5.529600  
U2202                     NOR2X0          saed90nm_typ_ht 5.529600  
U2203                     NOR2X0          saed90nm_typ_ht 5.529600  
U2204                     NOR2X0          saed90nm_typ_ht 5.529600  
U2205                     NOR2X0          saed90nm_typ_ht 5.529600  
U2206                     NOR2X0          saed90nm_typ_ht 5.529600  
U2207                     NOR2X0          saed90nm_typ_ht 5.529600  
U2208                     NOR2X0          saed90nm_typ_ht 5.529600  
U2209                     NOR2X0          saed90nm_typ_ht 5.529600  
U2210                     INVX0           saed90nm_typ_ht 5.529600  
U2211                     NOR2X0          saed90nm_typ_ht 5.529600  
U2212                     NOR2X0          saed90nm_typ_ht 5.529600  
U2213                     NOR2X0          saed90nm_typ_ht 5.529600  
U2214                     NOR2X0          saed90nm_typ_ht 5.529600  
U2215                     NOR2X0          saed90nm_typ_ht 5.529600  
U2216                     NOR2X0          saed90nm_typ_ht 5.529600  
U2217                     NOR2X0          saed90nm_typ_ht 5.529600  
U2218                     NOR2X0          saed90nm_typ_ht 5.529600  
U2219                     NOR2X0          saed90nm_typ_ht 5.529600  
U2220                     NOR2X0          saed90nm_typ_ht 5.529600  
U2221                     NOR2X0          saed90nm_typ_ht 5.529600  
U2222                     NOR2X0          saed90nm_typ_ht 5.529600  
U2223                     NOR2X0          saed90nm_typ_ht 5.529600  
U2224                     NOR2X0          saed90nm_typ_ht 5.529600  
U2225                     NOR2X0          saed90nm_typ_ht 5.529600  
U2226                     NOR2X0          saed90nm_typ_ht 5.529600  
U2227                     NOR2X0          saed90nm_typ_ht 5.529600  
U2228                     NOR2X0          saed90nm_typ_ht 5.529600  
U2229                     NOR2X0          saed90nm_typ_ht 5.529600  
U2230                     NOR2X0          saed90nm_typ_ht 5.529600  
U2231                     NOR2X0          saed90nm_typ_ht 5.529600  
U2232                     NOR2X0          saed90nm_typ_ht 5.529600  
U2233                     NOR2X0          saed90nm_typ_ht 5.529600  
U2234                     NOR2X0          saed90nm_typ_ht 5.529600  
U2235                     NOR2X0          saed90nm_typ_ht 5.529600  
U2236                     NOR2X0          saed90nm_typ_ht 5.529600  
U2237                     NOR2X0          saed90nm_typ_ht 5.529600  
U2238                     NOR2X0          saed90nm_typ_ht 5.529600  
U2239                     NOR2X0          saed90nm_typ_ht 5.529600  
U2240                     NOR2X0          saed90nm_typ_ht 5.529600  
U2241                     NOR2X0          saed90nm_typ_ht 5.529600  
U2242                     NOR2X0          saed90nm_typ_ht 5.529600  
U2243                     INVX0           saed90nm_typ_ht 5.529600  
csa64                     csa_64                          0.000000  b
fs                        fixSign                         2068.070434
                                                                    h
rs                        removeSign_0                    1016.524817
                                                                    h
rs2                       removeSign_1                    1016.524817
                                                                    h
sa2                       shiftAdder_20                   2536.243225
                                                                    h
sa7                       shiftAdder_3                    2536.243225
                                                                    h
sa8                       shiftAdder_2                    2536.243225
                                                                    h
sa9                       shiftAdder_1                    2536.243225
                                                                    h
u2[0].sa1                 shiftAdder_0                    2536.243225
                                                                    h
u2[1].sa1                 shiftAdder_29                   2536.243225
                                                                    h
u2[2].sa1                 shiftAdder_28                   2536.243225
                                                                    h
u2[3].sa1                 shiftAdder_27                   2536.243225
                                                                    h
u2[4].sa1                 shiftAdder_26                   2536.243225
                                                                    h
u2[5].sa1                 shiftAdder_25                   2536.243225
                                                                    h
u2[6].sa1                 shiftAdder_24                   2536.243225
                                                                    h
u2[7].sa1                 shiftAdder_23                   2536.243225
                                                                    h
u2[8].sa1                 shiftAdder_22                   2536.243225
                                                                    h
u2[9].sa1                 shiftAdder_21                   2536.243225
                                                                    h
u3[0].sa3                 shiftAdder_19                   2536.243225
                                                                    h
u3[1].sa3                 shiftAdder_18                   2536.243225
                                                                    h
u3[2].sa3                 shiftAdder_17                   2536.243225
                                                                    h
u3[3].sa3                 shiftAdder_16                   2536.243225
                                                                    h
u3[4].sa3                 shiftAdder_15                   2536.243225
                                                                    h
u3[5].sa3                 shiftAdder_14                   2536.243225
                                                                    h
u4[0].sa4                 shiftAdder_13                   2536.243225
                                                                    h
u4[1].sa4                 shiftAdder_12                   2536.243225
                                                                    h
u4[2].sa4                 shiftAdder_11                   2536.243225
                                                                    h
u4[3].sa4                 shiftAdder_10                   2536.243225
                                                                    h
u4[4].sa4                 shiftAdder_9                    2536.243225
                                                                    h
u5[0].sa5                 shiftAdder_8                    2536.243225
                                                                    h
u5[1].sa5                 shiftAdder_7                    2536.243225
                                                                    h
u5[2].sa5                 shiftAdder_6                    2536.243225
                                                                    h
u6[0].sa6                 shiftAdder_5                    2536.243225
                                                                    h
u6[1].sa6                 shiftAdder_4                    2536.243225
                                                                    h
--------------------------------------------------------------------------------
Total 1188 cells                                          86569.575385
1
