Warning: Design 'tree_multiplier_csa_sequential' has '35' unresolved references. For more detailed information, use the "link" command. (UID-341)
====================================================================================================
| Flow Information                                                                                 |
----------------------------------------------------------------------------------------------------
| Flow         | Design Compiler                                                                   |
====================================================================================================
| Design Information                                      | Value                                  |
====================================================================================================
| Number of Scenarios                                     | 0                                      |
| Leaf Cell Count                                         | 1598                                   |
| Number of User Hierarchies                              | 4                                      |
| Sequential Cell Count                                   | 131                                    |
| Macro Count                                             | 0                                      |
| Number of Power Domains                                 | 0                                      |
| Number of Path Groups                                   | 2                                      |
| Number of VT Class                                      | 1                                      |
| Number of Clocks                                        | 1                                      |
| Number of Dont Touch Cells                              | 2                                      |
| Number of Dont Touch Nets                               | 0                                      |
| Number of Size Only Cells                               | 0                                      |
| Design with UPF Data                                    | false                                  |
====================================================================================================

Information: There are 2 potential problems in your design. Please run 'check_design' for more information. (LINT-99)



  Beginning Pass 1 Mapping
  ------------------------
  Processing 'fixSign_DW01_inc_0'
  Processing 'fixSign'
  Processing 'csa_64'
  Processing 'tree_multiplier_csa'
  Processing 'tree_multiplier_csa_sequential'
WARNING: cell slow_clk_reg ignores exact_map
Warning: Unable to resolve reference 'removeSign_0' in 'tree_multiplier_csa'. (LINK-5)
Warning: Unable to resolve reference 'removeSign_1' in 'tree_multiplier_csa'. (LINK-5)
Warning: Unable to resolve reference 'shiftAdder_0' in 'tree_multiplier_csa'. (LINK-5)
Warning: Unable to resolve reference 'shiftAdder_29' in 'tree_multiplier_csa'. (LINK-5)
Warning: Unable to resolve reference 'shiftAdder_28' in 'tree_multiplier_csa'. (LINK-5)
Warning: Unable to resolve reference 'shiftAdder_27' in 'tree_multiplier_csa'. (LINK-5)
Warning: Unable to resolve reference 'shiftAdder_26' in 'tree_multiplier_csa'. (LINK-5)
Warning: Unable to resolve reference 'shiftAdder_25' in 'tree_multiplier_csa'. (LINK-5)
Warning: Unable to resolve reference 'shiftAdder_24' in 'tree_multiplier_csa'. (LINK-5)
Warning: Unable to resolve reference 'shiftAdder_23' in 'tree_multiplier_csa'. (LINK-5)
Warning: Unable to resolve reference 'shiftAdder_22' in 'tree_multiplier_csa'. (LINK-5)
Warning: Unable to resolve reference 'shiftAdder_21' in 'tree_multiplier_csa'. (LINK-5)
Warning: Unable to resolve reference 'shiftAdder_20' in 'tree_multiplier_csa'. (LINK-5)
Warning: Unable to resolve reference 'shiftAdder_19' in 'tree_multiplier_csa'. (LINK-5)
Warning: Unable to resolve reference 'shiftAdder_18' in 'tree_multiplier_csa'. (LINK-5)
Warning: Unable to resolve reference 'shiftAdder_17' in 'tree_multiplier_csa'. (LINK-5)
Warning: Unable to resolve reference 'shiftAdder_16' in 'tree_multiplier_csa'. (LINK-5)
Warning: Unable to resolve reference 'shiftAdder_15' in 'tree_multiplier_csa'. (LINK-5)
Warning: Unable to resolve reference 'shiftAdder_14' in 'tree_multiplier_csa'. (LINK-5)
Warning: Unable to resolve reference 'shiftAdder_13' in 'tree_multiplier_csa'. (LINK-5)
Warning: Unable to resolve reference 'shiftAdder_12' in 'tree_multiplier_csa'. (LINK-5)
Warning: Unable to resolve reference 'shiftAdder_11' in 'tree_multiplier_csa'. (LINK-5)
Warning: Unable to resolve reference 'shiftAdder_10' in 'tree_multiplier_csa'. (LINK-5)
Warning: Unable to resolve reference 'shiftAdder_9' in 'tree_multiplier_csa'. (LINK-5)
Warning: Unable to resolve reference 'shiftAdder_8' in 'tree_multiplier_csa'. (LINK-5)
Warning: Unable to resolve reference 'shiftAdder_7' in 'tree_multiplier_csa'. (LINK-5)
Warning: Unable to resolve reference 'shiftAdder_6' in 'tree_multiplier_csa'. (LINK-5)
Warning: Unable to resolve reference 'shiftAdder_5' in 'tree_multiplier_csa'. (LINK-5)
Warning: Unable to resolve reference 'shiftAdder_4' in 'tree_multiplier_csa'. (LINK-5)
Warning: Unable to resolve reference 'shiftAdder_3' in 'tree_multiplier_csa'. (LINK-5)
Warning: Unable to resolve reference 'shiftAdder_2' in 'tree_multiplier_csa'. (LINK-5)
Warning: Unable to resolve reference 'shiftAdder_1' in 'tree_multiplier_csa'. (LINK-5)
Warning: Unable to resolve reference 'csa_32_0' in 'csa_64'. (LINK-5)
Warning: Unable to resolve reference 'csa_32_2' in 'csa_64'. (LINK-5)
Warning: Unable to resolve reference 'csa_32_1' in 'csa_64'. (LINK-5)

  Updating timing information
Information: Updating design information... (UID-85)

  Beginning Implementation Selection
  ----------------------------------
Information: Command 'do_operand_isolation' is obsolete and is being ignored.  Please refer to the replacement command 'set power_enable_datapath_gating true' instead. (INFO-118)

  Beginning Mapping Optimizations  (Medium effort)
  -------------------------------
Information: Command 'do_operand_isolation' is obsolete and is being ignored.  Please refer to the replacement command 'set power_enable_datapath_gating true' instead. (INFO-118)

                                  TOTAL                                      
   ELAPSED            WORST NEG   SETUP    DESIGN                            
    TIME      AREA      SLACK     COST    RULE COST         ENDPOINT         
  --------- --------- --------- --------- --------- -------------------------
    0:00:01   30625.7      0.00       0.0       0.0                          
    0:00:01   30625.7      0.00       0.0       0.0                          
    0:00:01   30625.7      0.00       0.0       0.0                          
    0:00:01   30625.7      0.00       0.0       0.0                          
    0:00:01   30625.7      0.00       0.0       0.0                          
    0:00:02   14827.6      0.00       0.0       0.0                          
    0:00:02   14513.4      0.00       0.0       0.0                          
    0:00:02   14513.4      0.00       0.0       0.0                          
    0:00:02   14513.4      0.00       0.0       0.0                          
    0:00:02   14513.4      0.00       0.0       0.0                          
    0:00:02   14513.4      0.00       0.0       0.0                          
    0:00:02   14513.4      0.00       0.0       0.0                          
    0:00:02   14513.4      0.00       0.0       0.0                          
    0:00:02   14513.4      0.00       0.0       0.0                          



  Beginning Delay Optimization Phase
  ----------------------------------

                                  TOTAL                                      
   ELAPSED            WORST NEG   SETUP    DESIGN                            
    TIME      AREA      SLACK     COST    RULE COST         ENDPOINT         
  --------- --------- --------- --------- --------- -------------------------
    0:00:02   14513.4      0.00       0.0       0.0                          
    0:00:02   14513.4      0.00       0.0       0.0                          
    0:00:02   14513.4      0.00       0.0       0.0                          


  Beginning Area-Recovery Phase  (cleanup)
  -----------------------------

                                  TOTAL                                      
   ELAPSED            WORST NEG   SETUP    DESIGN                            
    TIME      AREA      SLACK     COST    RULE COST         ENDPOINT         
  --------- --------- --------- --------- --------- -------------------------
    0:00:02   14513.4      0.00       0.0       0.0                          
    0:00:02   14513.4      0.00       0.0       0.0                          
    0:00:02   13794.5      0.00       0.0       0.0                          
    0:00:02   13451.7      0.00       0.0       0.0                          
    0:00:02   13413.0      0.00       0.0       0.0                          
    0:00:02   13401.9      0.00       0.0       0.0                          
    0:00:02   13390.8      0.00       0.0       0.0                          
    0:00:02   13390.8      0.00       0.0       0.0                          
    0:00:02   13390.8      0.00       0.0       0.0                          
    0:00:02   13390.8      0.00       0.0       0.0                          
    0:00:02   13390.8      0.00       0.0       0.0                          
    0:00:02   13390.8      0.00       0.0       0.0                          
    0:00:02   13390.8      0.00       0.0       0.0                          
    0:00:02   13390.8      0.00       0.0       0.0                          
    0:00:02   13390.8      0.00       0.0       0.0                          
Loading db file '/home/user37/Downloads/Lab4/ref/models/saed90nm_typ_ht.db'


Note: Symbol # after min delay cost means estimated hold TNS across all active scenarios 


  Optimization Complete
  ---------------------
Warning: Design 'tree_multiplier_csa_sequential' contains 1 high-fanout nets. A fanout number of 1000 will be used for delay calculations involving these nets. (TIM-134)
     Net 'mult/net2494': 1024 load(s), 1 driver(s)
Information: Total number of MV cells in the design.
----------------------------------------------------------------------------------------------------
 MV Cells                                           Total Number                                   
----------------------------------------------------------------------------------------------------
 Level Shifter:                                     0                                             
 Enable Level Shifter:                              0                                             
 Isolation Cell:                                    0                                             
 Retention Cell:                                    0                                             
 Retention Clamp Cell:                              0                                             
 Switch Cell:                                       0                                             
 Always-On Cell:                                    0                                             
 Repeater Cell:                                     0                                             

----------------------------------------------------------------------------------------------------
Unmapped MV Cells 
----------------------------------------------------------------------------------------------------
0 Isolation Cells are unmapped 
0 Retention Clamp Cells are unmapped 
----------------------------------------------------------------------------------------------------
1
