Warning: Design 'tree_multiplier_csa_sequential' has '35' unresolved references. For more detailed information, use the "link" command. (UID-341)
 
****************************************
Report : area
Design : tree_multiplier_csa_sequential
Version: U-2022.12-SP7
Date   : Sat Dec 23 20:33:32 2023
****************************************

Information: Updating design information... (UID-85)
Warning: Design 'tree_multiplier_csa_sequential' contains 1 high-fanout nets. A fanout number of 1000 will be used for delay calculations involving these nets. (TIM-134)
Library(s) Used:

    saed90nm_typ_ht (File: /home/user37/Downloads/Lab4/ref/models/saed90nm_typ_ht.db)

Number of ports:                          710
Number of nets:                          6273
Number of cells:                         1630
Number of combinational cells:           1426
Number of sequential cells:               166
Number of macros/black boxes:               0
Number of buf/inv:                        239
Number of references:                       7

Combinational area:               9166.233756
Buf/Inv area:                     1321.574434
Noncombinational area:            4224.614468
Macro/Black Box area:                0.000000
Net Interconnect area:            3005.314184

Total cell area:                 13390.848224
Total area:                      16396.162407
1
