Information: Propagating switching activity (low effort zero delay simulation). (PWR-6)
Warning: Design has unannotated primary inputs. (PWR-414)
Warning: Design has unannotated sequential cell outputs. (PWR-415)
Warning: Design has unannotated black box outputs. (PWR-428)
 
****************************************
Report : power
        -analysis_effort low
Design : tree_multiplier_csa_sequential
Version: U-2022.12-SP7
Date   : Sat Dec 23 20:33:33 2023
****************************************


Library(s) Used:

    saed90nm_typ_ht (File: /home/user37/Downloads/Lab4/ref/models/saed90nm_typ_ht.db)


Operating Conditions: TYPICAL   Library: saed90nm_typ_ht
Wire Load Model Mode: enclosed

Design        Wire Load Model            Library
------------------------------------------------
tree_multiplier_csa_sequential
                       16000             saed90nm_typ_ht
tree_multiplier_csa    16000             saed90nm_typ_ht
csa_64                 8000              saed90nm_typ_ht
fixSign                8000              saed90nm_typ_ht
fixSign_DW01_inc_0     8000              saed90nm_typ_ht


Global Operating Voltage = 1.2  
Power-specific unit information :
    Voltage Units = 1V
    Capacitance Units = 1.000000ff
    Time Units = 1ns
    Dynamic Power Units = 1uW    (derived from V,C,T units)
    Leakage Power Units = 1pW


Attributes
----------
i - Including register clock pin internal power


  Cell Internal Power  = 567.8239 uW   (69%)
  Net Switching Power  = 252.5919 uW   (31%)
                         ---------
Total Dynamic Power    = 820.4158 uW  (100%)

Cell Leakage Power     = 173.0401 uW


                 Internal         Switching           Leakage            Total
Power Group      Power            Power               Power              Power   (   %    )  Attrs
--------------------------------------------------------------------------------------------------
io_pad             0.0000            0.0000            0.0000            0.0000  (   0.00%)
memory             0.0000            0.0000            0.0000            0.0000  (   0.00%)
black_box          0.0000            0.0000            0.0000            0.0000  (   0.00%)
clock_network      2.6294            0.0000            0.0000            2.6294  (   0.26%)  i
register           0.7048            0.9215        1.2798e+06            2.9061  (   0.29%)
sequential         0.0000            0.0000        5.4861e+07           54.8613  (   5.52%)
combinational    564.4886          251.6704        1.1690e+08          933.0582  (  93.92%)
--------------------------------------------------------------------------------------------------
Total            567.8229 uW       252.5919 uW     1.7304e+08 pW       993.4551 uW
1
