 
****************************************
Report : area
Design : samul_v1
Version: U-2022.12-SP7
Date   : Sat Dec 23 16:54:15 2023
****************************************

Information: Updating design information... (UID-85)
Library(s) Used:

    saed90nm_typ_ht (File: /home/user37/Downloads/Lab4/ref/models/saed90nm_typ_ht.db)

Number of ports:                         5592
Number of nets:                          8922
Number of cells:                         2564
Number of combinational cells:           2437
Number of sequential cells:                 0
Number of macros/black boxes:               0
Number of buf/inv:                        135
Number of references:                      71

Combinational area:              40660.991459
Buf/Inv area:                      748.339219
Noncombinational area:               0.000000
Macro/Black Box area:                0.000000
Net Interconnect area:            3107.084881

Total cell area:                 40660.991459
Total area:                      43768.076340
1
