 
****************************************
Report : resources
Design : FullAdder_16bit
Version: U-2022.12-SP7
Date   : Tue Dec 12 18:07:18 2023
****************************************

Resource Sharing Report for design FullAdder_16bit in file
        ./source/carry_select_adder.v

===============================================================================
|          |              |            | Contained     |                      |
| Resource | Module       | Parameters | Resources     | Contained Operations |
===============================================================================
| r59      | DW01_add     | width=17   |               | add_1_root_add_59_2  |
===============================================================================


Implementation Report
===============================================================================
|                    |                  | Current            | Set            |
| Cell               | Module           | Implementation     | Implementation |
===============================================================================
| add_1_root_add_59_2                   |                    |                |
|                    | DW01_add         | rpl                |                |
===============================================================================

1
