====================================================================================================
| Flow Information                                                                                 |
----------------------------------------------------------------------------------------------------
| Flow         | Design Compiler                                                                   |
====================================================================================================
| Design Information                                      | Value                                  |
====================================================================================================
| Number of Scenarios                                     | 0                                      |
| Leaf Cell Count                                         | 341                                    |
| Number of User Hierarchies                              | 51                                     |
| Sequential Cell Count                                   | 0                                      |
| Macro Count                                             | 0                                      |
| Number of Power Domains                                 | 0                                      |
| Number of Path Groups                                   | 1                                      |
| Number of VT Class                                      | 1                                      |
| Number of Clocks                                        | 0                                      |
| Number of Dont Touch Cells                              | 2                                      |
| Number of Dont Touch Nets                               | 0                                      |
| Number of Size Only Cells                               | 0                                      |
| Design with UPF Data                                    | false                                  |
====================================================================================================

Information: There are 2 potential problems in your design. Please run 'check_design' for more information. (LINT-99)



  Beginning Pass 1 Mapping
  ------------------------
  Processing 'full_adder_ripple_0'
  Processing 'FullAdder_16bit_0'
  Processing 'csa_32'

  Updating timing information
Information: Updating design information... (UID-85)
Information: Design 'csa_32' has no optimization constraints set. (OPT-108)

  Beginning Mapping Optimizations  (Medium effort)
  -------------------------------
  Structuring 'full_adder_ripple_47'
  Mapping 'full_adder_ripple_47'
  Structuring 'full_adder_ripple_46'
  Mapping 'full_adder_ripple_46'
  Structuring 'full_adder_ripple_45'
  Mapping 'full_adder_ripple_45'
  Structuring 'full_adder_ripple_44'
  Mapping 'full_adder_ripple_44'
  Structuring 'full_adder_ripple_43'
  Mapping 'full_adder_ripple_43'
  Structuring 'full_adder_ripple_42'
  Mapping 'full_adder_ripple_42'
  Structuring 'full_adder_ripple_41'
  Mapping 'full_adder_ripple_41'
  Structuring 'full_adder_ripple_40'
  Mapping 'full_adder_ripple_40'
  Structuring 'full_adder_ripple_39'
  Mapping 'full_adder_ripple_39'
  Structuring 'full_adder_ripple_38'
  Mapping 'full_adder_ripple_38'
  Structuring 'full_adder_ripple_37'
  Mapping 'full_adder_ripple_37'
  Structuring 'full_adder_ripple_36'
  Mapping 'full_adder_ripple_36'
  Structuring 'full_adder_ripple_35'
  Mapping 'full_adder_ripple_35'
  Structuring 'full_adder_ripple_34'
  Mapping 'full_adder_ripple_34'
  Structuring 'full_adder_ripple_33'
  Mapping 'full_adder_ripple_33'
  Structuring 'full_adder_ripple_32'
  Mapping 'full_adder_ripple_32'
  Structuring 'full_adder_ripple_31'
  Mapping 'full_adder_ripple_31'
  Structuring 'full_adder_ripple_30'
  Mapping 'full_adder_ripple_30'
  Structuring 'full_adder_ripple_29'
  Mapping 'full_adder_ripple_29'
  Structuring 'full_adder_ripple_28'
  Mapping 'full_adder_ripple_28'
  Structuring 'full_adder_ripple_27'
  Mapping 'full_adder_ripple_27'
  Structuring 'full_adder_ripple_26'
  Mapping 'full_adder_ripple_26'
  Structuring 'full_adder_ripple_25'
  Mapping 'full_adder_ripple_25'
  Structuring 'full_adder_ripple_24'
  Mapping 'full_adder_ripple_24'
  Structuring 'full_adder_ripple_23'
  Mapping 'full_adder_ripple_23'
  Structuring 'full_adder_ripple_22'
  Mapping 'full_adder_ripple_22'
  Structuring 'full_adder_ripple_21'
  Mapping 'full_adder_ripple_21'
  Structuring 'full_adder_ripple_20'
  Mapping 'full_adder_ripple_20'
  Structuring 'full_adder_ripple_19'
  Mapping 'full_adder_ripple_19'
  Structuring 'full_adder_ripple_18'
  Mapping 'full_adder_ripple_18'
  Structuring 'full_adder_ripple_17'
  Mapping 'full_adder_ripple_17'
  Structuring 'full_adder_ripple_16'
  Mapping 'full_adder_ripple_16'
  Structuring 'full_adder_ripple_15'
  Mapping 'full_adder_ripple_15'
  Structuring 'full_adder_ripple_14'
  Mapping 'full_adder_ripple_14'
  Structuring 'full_adder_ripple_13'
  Mapping 'full_adder_ripple_13'
  Structuring 'full_adder_ripple_12'
  Mapping 'full_adder_ripple_12'
  Structuring 'full_adder_ripple_11'
  Mapping 'full_adder_ripple_11'
  Structuring 'full_adder_ripple_10'
  Mapping 'full_adder_ripple_10'
  Structuring 'full_adder_ripple_9'
  Mapping 'full_adder_ripple_9'
  Structuring 'full_adder_ripple_8'
  Mapping 'full_adder_ripple_8'
  Structuring 'full_adder_ripple_7'
  Mapping 'full_adder_ripple_7'
  Structuring 'full_adder_ripple_6'
  Mapping 'full_adder_ripple_6'
  Structuring 'full_adder_ripple_5'
  Mapping 'full_adder_ripple_5'
  Structuring 'full_adder_ripple_4'
  Mapping 'full_adder_ripple_4'
  Structuring 'full_adder_ripple_3'
  Mapping 'full_adder_ripple_3'
  Structuring 'full_adder_ripple_2'
  Mapping 'full_adder_ripple_2'
  Structuring 'full_adder_ripple_1'
  Mapping 'full_adder_ripple_1'
  Structuring 'full_adder_ripple_0'
  Mapping 'full_adder_ripple_0'
  Structuring 'csa_32'
  Mapping 'csa_32'
Information: Command 'do_operand_isolation' is obsolete and is being ignored.  Please refer to the replacement command 'set power_enable_datapath_gating true' instead. (INFO-118)

                                  TOTAL                                      
   ELAPSED            WORST NEG   SETUP    DESIGN                            
    TIME      AREA      SLACK     COST    RULE COST         ENDPOINT         
  --------- --------- --------- --------- --------- -------------------------
    0:00:01    2090.2      0.00       0.0       0.0                          
    0:00:01    2090.2      0.00       0.0       0.0                          
    0:00:01    2090.2      0.00       0.0       0.0                          
    0:00:01    2090.2      0.00       0.0       0.0                          
    0:00:01    2090.2      0.00       0.0       0.0                          
    0:00:01    2090.2      0.00       0.0       0.0                          
    0:00:01    2090.2      0.00       0.0       0.0                          
    0:00:01    2090.2      0.00       0.0       0.0                          
    0:00:01    2090.2      0.00       0.0       0.0                          
    0:00:01    2090.2      0.00       0.0       0.0                          
    0:00:01    2090.2      0.00       0.0       0.0                          
    0:00:01    2090.2      0.00       0.0       0.0                          



  Beginning Delay Optimization Phase
  ----------------------------------

                                  TOTAL                                      
   ELAPSED            WORST NEG   SETUP    DESIGN                            
    TIME      AREA      SLACK     COST    RULE COST         ENDPOINT         
  --------- --------- --------- --------- --------- -------------------------
    0:00:01    2090.2      0.00       0.0       0.0                          
    0:00:01    2090.2      0.00       0.0       0.0                          
    0:00:01    2090.2      0.00       0.0       0.0                          


  Beginning Area-Recovery Phase  (cleanup)
  -----------------------------

                                  TOTAL                                      
   ELAPSED            WORST NEG   SETUP    DESIGN                            
    TIME      AREA      SLACK     COST    RULE COST         ENDPOINT         
  --------- --------- --------- --------- --------- -------------------------
    0:00:01    2090.2      0.00       0.0       0.0                          
    0:00:01    2090.2      0.00       0.0       0.0                          
    0:00:01    2090.2      0.00       0.0       0.0                          
    0:00:01    2090.2      0.00       0.0       0.0                          
    0:00:01    2090.2      0.00       0.0       0.0                          
    0:00:01    2090.2      0.00       0.0       0.0                          
    0:00:01    2090.2      0.00       0.0       0.0                          
    0:00:01    2090.2      0.00       0.0       0.0                          
    0:00:01    2090.2      0.00       0.0       0.0                          
    0:00:01    2090.2      0.00       0.0       0.0                          
    0:00:01    2090.2      0.00       0.0       0.0                          
Loading db file '/home/user37/Downloads/Lab4/ref/models/saed90nm_typ_ht.db'


Note: Symbol # after min delay cost means estimated hold TNS across all active scenarios 


  Optimization Complete
  ---------------------
Information: Total number of MV cells in the design.
----------------------------------------------------------------------------------------------------
 MV Cells                                           Total Number                                   
----------------------------------------------------------------------------------------------------
 Level Shifter:                                     0                                             
 Enable Level Shifter:                              0                                             
 Isolation Cell:                                    0                                             
 Retention Cell:                                    0                                             
 Retention Clamp Cell:                              0                                             
 Switch Cell:                                       0                                             
 Always-On Cell:                                    0                                             
 Repeater Cell:                                     0                                             

----------------------------------------------------------------------------------------------------
Unmapped MV Cells 
----------------------------------------------------------------------------------------------------
0 Isolation Cells are unmapped 
0 Retention Clamp Cells are unmapped 
----------------------------------------------------------------------------------------------------
1
