 
****************************************
Report : cell
Design : csa_32
Version: U-2022.12-SP7
Date   : Sat Dec 23 17:38:23 2023
****************************************

Attributes:
    b - black box (unknown)
    h - hierarchical
    n - noncombinational
    r - removable
    u - contains unmapped logic

Cell                      Reference       Library             Area  Attributes
--------------------------------------------------------------------------------
U21                       MUX21X1         saed90nm_typ_ht 11.059200 
U22                       MUX21X1         saed90nm_typ_ht 11.059200 
U23                       MUX21X1         saed90nm_typ_ht 11.059200 
U24                       MUX21X1         saed90nm_typ_ht 11.059200 
U25                       MUX21X1         saed90nm_typ_ht 11.059200 
U26                       MUX21X1         saed90nm_typ_ht 11.059200 
U27                       MUX21X1         saed90nm_typ_ht 11.059200 
U28                       MUX21X1         saed90nm_typ_ht 11.059200 
U29                       MUX21X1         saed90nm_typ_ht 11.059200 
U30                       MUX21X1         saed90nm_typ_ht 11.059200 
U31                       MUX21X1         saed90nm_typ_ht 11.059200 
U32                       MUX21X1         saed90nm_typ_ht 11.059200 
U33                       MUX21X1         saed90nm_typ_ht 11.059200 
U34                       MUX21X1         saed90nm_typ_ht 11.059200 
U35                       MUX21X1         saed90nm_typ_ht 11.059200 
U36                       MUX21X1         saed90nm_typ_ht 11.059200 
U37                       MUX21X1         saed90nm_typ_ht 11.059200 
u1                        FullAdder_16bit_0               634.060806
                                                                    h
u2                        FullAdder_16bit_2               634.060806
                                                                    h
u3                        FullAdder_16bit_1               634.060806
                                                                    h
--------------------------------------------------------------------------------
Total 20 cells                                            2090.188824
1
