 
****************************************
Report : area
Design : csa_32
Version: U-2022.12-SP7
Date   : Sat Dec 23 17:38:23 2023
****************************************

Information: Updating design information... (UID-85)
Library(s) Used:

    saed90nm_typ_ht (File: /home/user37/Downloads/Lab4/ref/models/saed90nm_typ_ht.db)

Number of ports:                          488
Number of nets:                           618
Number of cells:                          214
Number of combinational cells:            161
Number of sequential cells:                 0
Number of macros/black boxes:               0
Number of buf/inv:                          0
Number of references:                       4

Combinational area:               2090.188824
Buf/Inv area:                        0.000000
Noncombinational area:               0.000000
Macro/Black Box area:                0.000000
Net Interconnect area:              73.571362

Total cell area:                  2090.188824
Total area:                       2163.760186
1
