 
****************************************
Report : cell
Design : ripple_carry_adder_bypass
Version: U-2022.12-SP7
Date   : Tue Dec 12 16:49:26 2023
****************************************

Attributes:
    b - black box (unknown)
    h - hierarchical
    n - noncombinational
    r - removable
    u - contains unmapped logic

Cell                      Reference       Library             Area  Attributes
--------------------------------------------------------------------------------
U2                        AND4X1          saed90nm_typ_ht 10.137600 
full_adder[0].FA_bypass   full_adder_bypass_32            39.628800 h
full_adder[1].FA_bypass   full_adder_bypass_35            39.628800 h
full_adder[2].FA_bypass   full_adder_bypass_34            39.628800 h
full_adder[3].FA_bypass   full_adder_bypass_33            39.628800 h
--------------------------------------------------------------------------------
Total 5 cells                                             168.652802
1
