 
****************************************
Report : qor
Design : ripple_carry_adder_bypass
Version: U-2022.12-SP7
Date   : Tue Dec 12 16:49:26 2023
****************************************


  Timing Path Group (none)
  -----------------------------------
  Levels of Logic:               5.00
  Critical Path Length:          1.14
  Critical Path Slack:         uninit
  Critical Path Clk Period:       n/a
  Total Negative Slack:          0.00
  No. of Violating Paths:        0.00
  Worst Hold Violation:          0.00
  Total Hold Violation:          0.00
  No. of Hold Violations:        0.00
  -----------------------------------


  Cell Count
  -----------------------------------
  Hierarchical Cell Count:          4
  Hierarchical Port Count:         24
  Leaf Cell Count:                 13
  Buf/Inv Cell Count:               0
  Buf Cell Count:                   0
  Inv Cell Count:                   0
  CT Buf/Inv Cell Count:            0
  Combinational Cell Count:        13
  Sequential Cell Count:            0
  Macro Count:                      0
  -----------------------------------


  Area
  -----------------------------------
  Combinational Area:      168.652802
  Noncombinational Area:     0.000000
  Buf/Inv Area:              0.000000
  Total Buffer Area:             0.00
  Total Inverter Area:           0.00
  Macro/Black Box Area:      0.000000
  Net Area:                  3.889605
  -----------------------------------
  Cell Area:               168.652802
  Design Area:             172.542407


  Design Rules
  -----------------------------------
  Total Number of Nets:            22
  Nets With Violations:             0
  Max Trans Violations:             0
  Max Cap Violations:               0
  -----------------------------------


  Hostname: ip-172-31-17-209.ec2.internal

  Compile CPU Statistics
  -----------------------------------------
  Resource Sharing:                    0.00
  Logic Optimization:                  0.02
  Mapping Optimization:                0.09
  -----------------------------------------
  Overall Compile Time:                0.42
  Overall Compile Wall Clock Time:     0.65

  --------------------------------------------------------------------

  Design  WNS: 0.00  TNS: 0.00  Number of Violating Paths: 0


  Design (Hold)  WNS: 0.00  TNS: 0.00  Number of Violating Paths: 0

  --------------------------------------------------------------------


1
