 
****************************************
Report : cell
Design : full_adder_bypass
Version: U-2022.12-SP7
Date   : Tue Dec 12 16:52:23 2023
****************************************

Attributes:
    b - black box (unknown)
    h - hierarchical
    n - noncombinational
    r - removable
    u - contains unmapped logic

Cell                      Reference       Library             Area  Attributes
--------------------------------------------------------------------------------
U4                        XOR2X1          saed90nm_typ_ht 13.824000 
U5                        AO22X1          saed90nm_typ_ht 11.980800 
U6                        XOR2X1          saed90nm_typ_ht 13.824000 
--------------------------------------------------------------------------------
Total 3 cells                                             39.628800
1
