 
****************************************
Report : cell
Design : carry_bypass_adder
Version: U-2022.12-SP7
Date   : Tue Dec 12 16:49:04 2023
****************************************

Attributes:
    b - black box (unknown)
    h - hierarchical
    n - noncombinational
    r - removable
    u - contains unmapped logic

Cell                      Reference       Library             Area  Attributes
--------------------------------------------------------------------------------
U4                        NOR2X0          saed90nm_typ_ht 5.529600  
U5                        XOR2X1          saed90nm_typ_ht 13.824000 
U6                        XNOR2X1         saed90nm_typ_ht 13.824000 
bypass_adder[0].mx        mux_2x1_0                       11.059200 h
bypass_adder[0].rcab      ripple_carry_adder_bypass_0     168.652802
                                                                    h
bypass_adder[1].mx        mux_2x1_7                       11.059200 h
bypass_adder[1].rcab      ripple_carry_adder_bypass_7     168.652802
                                                                    h
bypass_adder[2].mx        mux_2x1_6                       11.059200 h
bypass_adder[2].rcab      ripple_carry_adder_bypass_6     168.652802
                                                                    h
bypass_adder[3].mx        mux_2x1_5                       11.059200 h
bypass_adder[3].rcab      ripple_carry_adder_bypass_5     168.652802
                                                                    h
bypass_adder[4].mx        mux_2x1_4                       11.059200 h
bypass_adder[4].rcab      ripple_carry_adder_bypass_4     168.652802
                                                                    h
bypass_adder[5].mx        mux_2x1_3                       11.059200 h
bypass_adder[5].rcab      ripple_carry_adder_bypass_3     168.652802
                                                                    h
bypass_adder[6].mx        mux_2x1_2                       11.059200 h
bypass_adder[6].rcab      ripple_carry_adder_bypass_2     168.652802
                                                                    h
bypass_adder[7].mx        mux_2x1_1                       11.059200 h
bypass_adder[7].rcab      ripple_carry_adder_bypass_1     168.652802
                                                                    h
--------------------------------------------------------------------------------
Total 19 cells                                            1470.873615
1
