 
****************************************
Report : area
Design : carry_bypass_adder
Version: U-2022.12-SP7
Date   : Tue Dec 12 16:49:04 2023
****************************************

Information: Updating design information... (UID-85)
Library(s) Used:

    saed90nm_typ_ht (File: /home/user37/Downloads/Lab4/ref/models/saed90nm_typ_ht.db)

Number of ports:                          443
Number of nets:                           524
Number of cells:                          163
Number of combinational cells:            115
Number of sequential cells:                 0
Number of macros/black boxes:               0
Number of buf/inv:                          0
Number of references:                      19

Combinational area:               1470.873615
Buf/Inv area:                        0.000000
Noncombinational area:               0.000000
Macro/Black Box area:                0.000000
Net Interconnect area:              46.358314

Total cell area:                  1470.873615
Total area:                       1517.231929
1
