 
****************************************
Report : area
Design : samul_v2
Version: U-2022.12-SP7
Date   : Sat Dec 23 16:55:29 2023
****************************************

Information: Updating design information... (UID-85)
Library(s) Used:

    saed90nm_typ_ht (File: /home/user37/Downloads/Lab4/ref/models/saed90nm_typ_ht.db)

Number of ports:                        10072
Number of nets:                         10516
Number of cells:                         2554
Number of combinational cells:           2430
Number of sequential cells:                 0
Number of macros/black boxes:               0
Number of buf/inv:                         35
Number of references:                      63

Combinational area:              46075.391283
Buf/Inv area:                      195.379205
Noncombinational area:               0.000000
Macro/Black Box area:                0.000000
Net Interconnect area:            3306.163099

Total cell area:                 46075.391283
Total area:                      49381.554382
1
