 
****************************************
Report : cell
Design : samul_v2
Version: U-2022.12-SP7
Date   : Sat Dec 23 16:55:29 2023
****************************************

Attributes:
   BO - reference allows boundary optimization
    b - black box (unknown)
    h - hierarchical
    n - noncombinational
    r - removable
    u - contains unmapped logic

Cell                      Reference       Library             Area  Attributes
--------------------------------------------------------------------------------
U222                      MUX21X1         saed90nm_typ_ht 11.059200 
U223                      MUX21X1         saed90nm_typ_ht 11.059200 
U224                      MUX21X1         saed90nm_typ_ht 11.059200 
U225                      MUX21X1         saed90nm_typ_ht 11.059200 
U226                      MUX21X1         saed90nm_typ_ht 11.059200 
U227                      MUX21X1         saed90nm_typ_ht 11.059200 
U228                      MUX21X1         saed90nm_typ_ht 11.059200 
U229                      MUX21X1         saed90nm_typ_ht 11.059200 
U230                      MUX21X1         saed90nm_typ_ht 11.059200 
U231                      MUX21X1         saed90nm_typ_ht 11.059200 
U232                      MUX21X1         saed90nm_typ_ht 11.059200 
U233                      MUX21X1         saed90nm_typ_ht 11.059200 
U234                      MUX21X1         saed90nm_typ_ht 11.059200 
U235                      MUX21X1         saed90nm_typ_ht 11.059200 
U236                      MUX21X1         saed90nm_typ_ht 11.059200 
U237                      MUX21X1         saed90nm_typ_ht 11.059200 
U238                      MUX21X1         saed90nm_typ_ht 11.059200 
U239                      MUX21X1         saed90nm_typ_ht 11.059200 
U240                      MUX21X1         saed90nm_typ_ht 11.059200 
U241                      MUX21X1         saed90nm_typ_ht 11.059200 
U242                      MUX21X1         saed90nm_typ_ht 11.059200 
U243                      MUX21X1         saed90nm_typ_ht 11.059200 
U244                      MUX21X1         saed90nm_typ_ht 11.059200 
U245                      MUX21X1         saed90nm_typ_ht 11.059200 
U246                      MUX21X1         saed90nm_typ_ht 11.059200 
U247                      MUX21X1         saed90nm_typ_ht 11.059200 
U248                      MUX21X1         saed90nm_typ_ht 11.059200 
U249                      MUX21X1         saed90nm_typ_ht 11.059200 
U250                      MUX21X1         saed90nm_typ_ht 11.059200 
U251                      MUX21X1         saed90nm_typ_ht 11.059200 
U252                      MUX21X1         saed90nm_typ_ht 11.059200 
U253                      MUX21X1         saed90nm_typ_ht 11.059200 
U254                      MUX21X1         saed90nm_typ_ht 11.059200 
U255                      MUX21X1         saed90nm_typ_ht 11.059200 
U256                      MUX21X1         saed90nm_typ_ht 11.059200 
U257                      MUX21X1         saed90nm_typ_ht 11.059200 
U258                      MUX21X1         saed90nm_typ_ht 11.059200 
U259                      MUX21X1         saed90nm_typ_ht 11.059200 
U260                      MUX21X1         saed90nm_typ_ht 11.059200 
U261                      MUX21X1         saed90nm_typ_ht 11.059200 
U262                      MUX21X1         saed90nm_typ_ht 11.059200 
U263                      MUX21X1         saed90nm_typ_ht 11.059200 
U264                      MUX21X1         saed90nm_typ_ht 11.059200 
U265                      MUX21X1         saed90nm_typ_ht 11.059200 
U266                      MUX21X1         saed90nm_typ_ht 11.059200 
U267                      MUX21X1         saed90nm_typ_ht 11.059200 
U268                      MUX21X1         saed90nm_typ_ht 11.059200 
U269                      MUX21X1         saed90nm_typ_ht 11.059200 
U270                      MUX21X1         saed90nm_typ_ht 11.059200 
U271                      MUX21X1         saed90nm_typ_ht 11.059200 
U272                      MUX21X1         saed90nm_typ_ht 11.059200 
U273                      MUX21X1         saed90nm_typ_ht 11.059200 
U274                      MUX21X1         saed90nm_typ_ht 11.059200 
U275                      MUX21X1         saed90nm_typ_ht 11.059200 
U276                      MUX21X1         saed90nm_typ_ht 11.059200 
U277                      MUX21X1         saed90nm_typ_ht 11.059200 
U278                      MUX21X1         saed90nm_typ_ht 11.059200 
U279                      MUX21X1         saed90nm_typ_ht 11.059200 
U280                      MUX21X1         saed90nm_typ_ht 11.059200 
U281                      MUX21X1         saed90nm_typ_ht 11.059200 
U282                      MUX21X1         saed90nm_typ_ht 11.059200 
U283                      MUX21X1         saed90nm_typ_ht 11.059200 
U284                      MUX21X1         saed90nm_typ_ht 11.059200 
U285                      MUX21X1         saed90nm_typ_ht 11.059200 
U286                      AND2X1          saed90nm_typ_ht 7.372800  
U287                      AND2X1          saed90nm_typ_ht 7.372800  
U288                      AND2X1          saed90nm_typ_ht 7.372800  
U289                      AND2X1          saed90nm_typ_ht 7.372800  
U290                      AND2X1          saed90nm_typ_ht 7.372800  
U291                      AND2X1          saed90nm_typ_ht 7.372800  
U292                      AND2X1          saed90nm_typ_ht 7.372800  
U293                      AND2X1          saed90nm_typ_ht 7.372800  
U294                      AND2X1          saed90nm_typ_ht 7.372800  
U295                      AND2X1          saed90nm_typ_ht 7.372800  
U296                      AND2X1          saed90nm_typ_ht 7.372800  
U297                      AND2X1          saed90nm_typ_ht 7.372800  
U298                      AND2X1          saed90nm_typ_ht 7.372800  
U299                      AND2X1          saed90nm_typ_ht 7.372800  
U300                      AND2X1          saed90nm_typ_ht 7.372800  
U301                      AND2X1          saed90nm_typ_ht 7.372800  
U302                      AND2X1          saed90nm_typ_ht 7.372800  
U303                      AND2X1          saed90nm_typ_ht 7.372800  
U304                      AND2X1          saed90nm_typ_ht 7.372800  
U305                      AND2X1          saed90nm_typ_ht 7.372800  
U306                      AND2X1          saed90nm_typ_ht 7.372800  
U307                      AND2X1          saed90nm_typ_ht 7.372800  
U308                      AND2X1          saed90nm_typ_ht 7.372800  
U309                      AND2X1          saed90nm_typ_ht 7.372800  
U310                      AND2X1          saed90nm_typ_ht 7.372800  
U311                      AND2X1          saed90nm_typ_ht 7.372800  
U312                      AND2X1          saed90nm_typ_ht 7.372800  
U313                      AND2X1          saed90nm_typ_ht 7.372800  
U314                      AND2X1          saed90nm_typ_ht 7.372800  
U315                      AND2X1          saed90nm_typ_ht 7.372800  
U316                      AND2X1          saed90nm_typ_ht 7.372800  
U317                      AND2X1          saed90nm_typ_ht 7.372800  
add_0_root_add_32_I31_aco samul_v2_DW01_add_0             1466.265575
                                                                    BO, h
add_1_root_add_32_I31_aco samul_v2_DW01_add_1             1230.335979
                                                                    BO, h
add_2_root_add_32_I31_aco samul_v2_DW01_add_2             1702.195171
                                                                    BO, h
add_3_root_add_32_I31_aco samul_v2_DW01_add_3             1112.371181
                                                                    BO, h
add_4_root_add_32_I31_aco samul_v2_DW01_add_4             1348.300777
                                                                    BO, h
add_5_root_add_32_I31_aco samul_v2_DW01_add_5             1584.230373
                                                                    BO, h
add_6_root_add_32_I31_aco samul_v2_DW01_add_6             1820.159969
                                                                    BO, h
add_7_root_add_32_I31_aco samul_v2_DW01_add_7             1053.388783
                                                                    BO, h
add_8_root_add_32_I31_aco samul_v2_DW01_add_8             1171.353580
                                                                    BO, h
add_9_root_add_32_I31_aco samul_v2_DW01_add_9             1289.318378
                                                                    BO, h
add_10_root_add_32_I31_aco
                          samul_v2_DW01_add_10            1407.283176
                                                                    BO, h
add_11_root_add_32_I31_aco
                          samul_v2_DW01_add_11            1525.247974
                                                                    BO, h
add_12_root_add_32_I31_aco
                          samul_v2_DW01_add_12            1643.212772
                                                                    BO, h
add_13_root_add_32_I31_aco
                          samul_v2_DW01_add_13            1761.177570
                                                                    BO, h
add_14_root_add_32_I31_aco
                          samul_v2_DW01_add_14            994.406384
                                                                    BO, h
add_15_root_add_32_I31_aco
                          samul_v2_DW01_add_15            1023.897583
                                                                    BO, h
add_16_root_add_32_I31_aco
                          samul_v2_DW01_add_16            1082.879982
                                                                    BO, h
add_17_root_add_32_I31_aco
                          samul_v2_DW01_add_17            1141.862381
                                                                    BO, h
add_18_root_add_32_I31_aco
                          samul_v2_DW01_add_18            1200.844780
                                                                    BO, h
add_19_root_add_32_I31_aco
                          samul_v2_DW01_add_19            1259.827179
                                                                    BO, h
add_20_root_add_32_I31_aco
                          samul_v2_DW01_add_20            1311.436779
                                                                    BO, h
add_21_root_add_32_I31_aco
                          samul_v2_DW01_add_21            974.131186
                                                                    BO, h
add_22_root_add_32_I31_aco
                          samul_v2_DW01_add_22            974.131186
                                                                    BO, h
add_23_root_add_32_I31_aco
                          samul_v2_DW01_add_23            974.131186
                                                                    BO, h
add_24_root_add_32_I31_aco
                          samul_v2_DW01_add_24            974.131186
                                                                    BO, h
add_25_root_add_32_I31_aco
                          samul_v2_DW01_add_25            974.131186
                                                                    BO, h
add_26_root_add_32_I31_aco
                          samul_v2_DW01_add_26            974.131186
                                                                    BO, h
add_27_root_add_32_I31_aco
                          samul_v2_DW01_add_27            974.131186
                                                                    BO, h
add_28_root_add_32_I31_aco
                          samul_v2_DW01_add_28            974.131186
                                                                    BO, h
add_29_root_add_32_I31_aco
                          samul_v2_DW01_add_29            985.190387
                                                                    BO, h
mult_add_32_I2_aco        samul_v2_DW02_mult_29           235.929596
                                                                    BO, h
mult_add_32_I3_aco        samul_v2_DW02_mult_28           235.929596
                                                                    BO, h
mult_add_32_I4_aco        samul_v2_DW02_mult_27           235.929596
                                                                    BO, h
mult_add_32_I5_aco        samul_v2_DW02_mult_26           235.929596
                                                                    BO, h
mult_add_32_I6_aco        samul_v2_DW02_mult_25           235.929596
                                                                    BO, h
mult_add_32_I7_aco        samul_v2_DW02_mult_24           235.929596
                                                                    BO, h
mult_add_32_I8_aco        samul_v2_DW02_mult_23           235.929596
                                                                    BO, h
mult_add_32_I9_aco        samul_v2_DW02_mult_22           235.929596
                                                                    BO, h
mult_add_32_I10_aco       samul_v2_DW02_mult_21           235.929596
                                                                    BO, h
mult_add_32_I11_aco       samul_v2_DW02_mult_20           235.929596
                                                                    BO, h
mult_add_32_I12_aco       samul_v2_DW02_mult_19           235.929596
                                                                    BO, h
mult_add_32_I13_aco       samul_v2_DW02_mult_18           235.929596
                                                                    BO, h
mult_add_32_I14_aco       samul_v2_DW02_mult_17           235.929596
                                                                    BO, h
mult_add_32_I15_aco       samul_v2_DW02_mult_16           235.929596
                                                                    BO, h
mult_add_32_I16_aco       samul_v2_DW02_mult_15           235.929596
                                                                    BO, h
mult_add_32_I17_aco       samul_v2_DW02_mult_14           235.929596
                                                                    BO, h
mult_add_32_I18_aco       samul_v2_DW02_mult_13           235.929596
                                                                    BO, h
mult_add_32_I19_aco       samul_v2_DW02_mult_12           235.929596
                                                                    BO, h
mult_add_32_I20_aco       samul_v2_DW02_mult_11           235.929596
                                                                    BO, h
mult_add_32_I21_aco       samul_v2_DW02_mult_10           235.929596
                                                                    BO, h
mult_add_32_I22_aco       samul_v2_DW02_mult_9            235.929596
                                                                    BO, h
mult_add_32_I23_aco       samul_v2_DW02_mult_8            235.929596
                                                                    BO, h
mult_add_32_I24_aco       samul_v2_DW02_mult_7            235.929596
                                                                    BO, h
mult_add_32_I25_aco       samul_v2_DW02_mult_6            235.929596
                                                                    BO, h
mult_add_32_I26_aco       samul_v2_DW02_mult_5            235.929596
                                                                    BO, h
mult_add_32_I27_aco       samul_v2_DW02_mult_4            235.929596
                                                                    BO, h
mult_add_32_I28_aco       samul_v2_DW02_mult_3            235.929596
                                                                    BO, h
mult_add_32_I29_aco       samul_v2_DW02_mult_2            235.929596
                                                                    BO, h
mult_add_32_I30_aco       samul_v2_DW02_mult_1            235.929596
                                                                    BO, h
mult_add_32_I31_aco       samul_v2_DW02_mult_0            235.929596
                                                                    BO, h
sub_30_I32                samul_v2_DW01_sub_0             1145.548789
                                                                    BO, h
--------------------------------------------------------------------------------
Total 157 cells                                           46075.391283
1
