 
****************************************
Report : resources
Design : samul_v2
Version: U-2022.12-SP7
Date   : Sat Dec 23 16:55:29 2023
****************************************

Resource Sharing Report for design samul_v2 in file ./source/samul_v2.v

===============================================================================
|          |              |            | Contained     |                      |
| Resource | Module       | Parameters | Resources     | Contained Operations |
===============================================================================
| r457     | DW01_add     | width=64   |               | add_29_root_add_32_I31_aco |
| r459     | DW01_add     | width=64   |               | add_28_root_add_32_I31_aco |
| r461     | DW01_add     | width=64   |               | add_27_root_add_32_I31_aco |
| r463     | DW01_add     | width=64   |               | add_26_root_add_32_I31_aco |
| r465     | DW01_add     | width=64   |               | add_25_root_add_32_I31_aco |
| r467     | DW01_add     | width=64   |               | add_24_root_add_32_I31_aco |
| r469     | DW01_add     | width=64   |               | add_23_root_add_32_I31_aco |
| r471     | DW01_add     | width=64   |               | add_22_root_add_32_I31_aco |
| r473     | DW01_add     | width=64   |               | add_21_root_add_32_I31_aco |
| r475     | DW01_add     | width=64   |               | add_20_root_add_32_I31_aco |
| r477     | DW01_add     | width=64   |               | add_19_root_add_32_I31_aco |
| r479     | DW01_add     | width=64   |               | add_18_root_add_32_I31_aco |
| r481     | DW01_add     | width=64   |               | add_17_root_add_32_I31_aco |
| r483     | DW01_add     | width=64   |               | add_16_root_add_32_I31_aco |
| r485     | DW01_add     | width=64   |               | add_15_root_add_32_I31_aco |
| r487     | DW01_add     | width=64   |               | add_14_root_add_32_I31_aco |
| r489     | DW01_add     | width=64   |               | add_13_root_add_32_I31_aco |
| r491     | DW01_add     | width=64   |               | add_12_root_add_32_I31_aco |
| r493     | DW01_add     | width=64   |               | add_11_root_add_32_I31_aco |
| r495     | DW01_add     | width=64   |               | add_10_root_add_32_I31_aco |
| r497     | DW01_add     | width=64   |               | add_9_root_add_32_I31_aco |
| r499     | DW01_add     | width=64   |               | add_8_root_add_32_I31_aco |
| r501     | DW01_add     | width=64   |               | add_7_root_add_32_I31_aco |
| r503     | DW01_add     | width=64   |               | add_6_root_add_32_I31_aco |
| r505     | DW01_add     | width=64   |               | add_5_root_add_32_I31_aco |
| r507     | DW01_add     | width=64   |               | add_4_root_add_32_I31_aco |
| r509     | DW01_add     | width=64   |               | add_3_root_add_32_I31_aco |
| r511     | DW01_add     | width=64   |               | add_2_root_add_32_I31_aco |
| r513     | DW01_add     | width=64   |               | add_1_root_add_32_I31_aco |
| r515     | DW01_add     | width=64   |               | add_0_root_add_32_I31_aco |
| r517     | DW01_sub     | width=64   |               | sub_30_I32           |
| r519     | DW01_add     | width=64   |               | add_32_I32           |
| r521     | DW02_mult    | A_width=64 |               | mult_add_32_I2_aco   |
|          |              | B_width=1  |               |                      |
| r523     | DW02_mult    | A_width=64 |               | mult_add_32_I3_aco   |
|          |              | B_width=1  |               |                      |
| r525     | DW02_mult    | A_width=64 |               | mult_add_32_I4_aco   |
|          |              | B_width=1  |               |                      |
| r527     | DW02_mult    | A_width=64 |               | mult_add_32_I5_aco   |
|          |              | B_width=1  |               |                      |
| r529     | DW02_mult    | A_width=64 |               | mult_add_32_I6_aco   |
|          |              | B_width=1  |               |                      |
| r531     | DW02_mult    | A_width=64 |               | mult_add_32_I7_aco   |
|          |              | B_width=1  |               |                      |
| r533     | DW02_mult    | A_width=64 |               | mult_add_32_I8_aco   |
|          |              | B_width=1  |               |                      |
| r535     | DW02_mult    | A_width=64 |               | mult_add_32_I9_aco   |
|          |              | B_width=1  |               |                      |
| r537     | DW02_mult    | A_width=64 |               | mult_add_32_I10_aco  |
|          |              | B_width=1  |               |                      |
| r539     | DW02_mult    | A_width=64 |               | mult_add_32_I11_aco  |
|          |              | B_width=1  |               |                      |
| r541     | DW02_mult    | A_width=64 |               | mult_add_32_I12_aco  |
|          |              | B_width=1  |               |                      |
| r543     | DW02_mult    | A_width=64 |               | mult_add_32_I13_aco  |
|          |              | B_width=1  |               |                      |
| r545     | DW02_mult    | A_width=64 |               | mult_add_32_I14_aco  |
|          |              | B_width=1  |               |                      |
| r547     | DW02_mult    | A_width=64 |               | mult_add_32_I15_aco  |
|          |              | B_width=1  |               |                      |
| r549     | DW02_mult    | A_width=64 |               | mult_add_32_I16_aco  |
|          |              | B_width=1  |               |                      |
| r551     | DW02_mult    | A_width=64 |               | mult_add_32_I17_aco  |
|          |              | B_width=1  |               |                      |
| r553     | DW02_mult    | A_width=64 |               | mult_add_32_I18_aco  |
|          |              | B_width=1  |               |                      |
| r555     | DW02_mult    | A_width=64 |               | mult_add_32_I19_aco  |
|          |              | B_width=1  |               |                      |
| r557     | DW02_mult    | A_width=64 |               | mult_add_32_I20_aco  |
|          |              | B_width=1  |               |                      |
| r559     | DW02_mult    | A_width=64 |               | mult_add_32_I21_aco  |
|          |              | B_width=1  |               |                      |
| r561     | DW02_mult    | A_width=64 |               | mult_add_32_I22_aco  |
|          |              | B_width=1  |               |                      |
| r563     | DW02_mult    | A_width=64 |               | mult_add_32_I23_aco  |
|          |              | B_width=1  |               |                      |
| r565     | DW02_mult    | A_width=64 |               | mult_add_32_I24_aco  |
|          |              | B_width=1  |               |                      |
| r567     | DW02_mult    | A_width=64 |               | mult_add_32_I25_aco  |
|          |              | B_width=1  |               |                      |
| r569     | DW02_mult    | A_width=64 |               | mult_add_32_I26_aco  |
|          |              | B_width=1  |               |                      |
| r571     | DW02_mult    | A_width=64 |               | mult_add_32_I27_aco  |
|          |              | B_width=1  |               |                      |
| r573     | DW02_mult    | A_width=64 |               | mult_add_32_I28_aco  |
|          |              | B_width=1  |               |                      |
| r575     | DW02_mult    | A_width=64 |               | mult_add_32_I29_aco  |
|          |              | B_width=1  |               |                      |
| r577     | DW02_mult    | A_width=64 |               | mult_add_32_I30_aco  |
|          |              | B_width=1  |               |                      |
| r579     | DW02_mult    | A_width=64 |               | mult_add_32_I31_aco  |
|          |              | B_width=1  |               |                      |
===============================================================================


Implementation Report
===============================================================================
|                    |                  | Current            | Set            |
| Cell               | Module           | Implementation     | Implementation |
===============================================================================
| mult_add_32_I2_aco | DW02_mult        | csa                |                |
| add_29_root_add_32_I31_aco            |                    |                |
|                    | DW01_add         | rpl                |                |
| mult_add_32_I3_aco | DW02_mult        | csa                |                |
| mult_add_32_I4_aco | DW02_mult        | csa                |                |
| add_28_root_add_32_I31_aco            |                    |                |
|                    | DW01_add         | rpl                |                |
| mult_add_32_I5_aco | DW02_mult        | csa                |                |
| mult_add_32_I6_aco | DW02_mult        | csa                |                |
| add_27_root_add_32_I31_aco            |                    |                |
|                    | DW01_add         | rpl                |                |
| mult_add_32_I7_aco | DW02_mult        | csa                |                |
| mult_add_32_I8_aco | DW02_mult        | csa                |                |
| add_26_root_add_32_I31_aco            |                    |                |
|                    | DW01_add         | rpl                |                |
| mult_add_32_I9_aco | DW02_mult        | csa                |                |
| mult_add_32_I10_aco                   |                    |                |
|                    | DW02_mult        | csa                |                |
| add_25_root_add_32_I31_aco            |                    |                |
|                    | DW01_add         | rpl                |                |
| mult_add_32_I11_aco                   |                    |                |
|                    | DW02_mult        | csa                |                |
| mult_add_32_I12_aco                   |                    |                |
|                    | DW02_mult        | csa                |                |
| add_24_root_add_32_I31_aco            |                    |                |
|                    | DW01_add         | rpl                |                |
| mult_add_32_I13_aco                   |                    |                |
|                    | DW02_mult        | csa                |                |
| mult_add_32_I14_aco                   |                    |                |
|                    | DW02_mult        | csa                |                |
| add_23_root_add_32_I31_aco            |                    |                |
|                    | DW01_add         | rpl                |                |
| mult_add_32_I15_aco                   |                    |                |
|                    | DW02_mult        | csa                |                |
| mult_add_32_I16_aco                   |                    |                |
|                    | DW02_mult        | csa                |                |
| add_22_root_add_32_I31_aco            |                    |                |
|                    | DW01_add         | rpl                |                |
| mult_add_32_I17_aco                   |                    |                |
|                    | DW02_mult        | csa                |                |
| mult_add_32_I18_aco                   |                    |                |
|                    | DW02_mult        | csa                |                |
| add_21_root_add_32_I31_aco            |                    |                |
|                    | DW01_add         | rpl                |                |
| mult_add_32_I19_aco                   |                    |                |
|                    | DW02_mult        | csa                |                |
| mult_add_32_I20_aco                   |                    |                |
|                    | DW02_mult        | csa                |                |
| add_20_root_add_32_I31_aco            |                    |                |
|                    | DW01_add         | rpl                |                |
| mult_add_32_I21_aco                   |                    |                |
|                    | DW02_mult        | csa                |                |
| mult_add_32_I22_aco                   |                    |                |
|                    | DW02_mult        | csa                |                |
| add_19_root_add_32_I31_aco            |                    |                |
|                    | DW01_add         | rpl                |                |
| mult_add_32_I23_aco                   |                    |                |
|                    | DW02_mult        | csa                |                |
| mult_add_32_I24_aco                   |                    |                |
|                    | DW02_mult        | csa                |                |
| add_18_root_add_32_I31_aco            |                    |                |
|                    | DW01_add         | rpl                |                |
| mult_add_32_I25_aco                   |                    |                |
|                    | DW02_mult        | csa                |                |
| mult_add_32_I26_aco                   |                    |                |
|                    | DW02_mult        | csa                |                |
| add_17_root_add_32_I31_aco            |                    |                |
|                    | DW01_add         | rpl                |                |
| mult_add_32_I27_aco                   |                    |                |
|                    | DW02_mult        | csa                |                |
| mult_add_32_I28_aco                   |                    |                |
|                    | DW02_mult        | csa                |                |
| add_16_root_add_32_I31_aco            |                    |                |
|                    | DW01_add         | rpl                |                |
| mult_add_32_I29_aco                   |                    |                |
|                    | DW02_mult        | csa                |                |
| mult_add_32_I30_aco                   |                    |                |
|                    | DW02_mult        | csa                |                |
| add_15_root_add_32_I31_aco            |                    |                |
|                    | DW01_add         | rpl                |                |
| mult_add_32_I31_aco                   |                    |                |
|                    | DW02_mult        | csa                |                |
| add_14_root_add_32_I31_aco            |                    |                |
|                    | DW01_add         | rpl                |                |
| add_13_root_add_32_I31_aco            |                    |                |
|                    | DW01_add         | rpl                |                |
| add_12_root_add_32_I31_aco            |                    |                |
|                    | DW01_add         | rpl                |                |
| add_11_root_add_32_I31_aco            |                    |                |
|                    | DW01_add         | rpl                |                |
| add_10_root_add_32_I31_aco            |                    |                |
|                    | DW01_add         | rpl                |                |
| add_9_root_add_32_I31_aco             |                    |                |
|                    | DW01_add         | rpl                |                |
| add_8_root_add_32_I31_aco             |                    |                |
|                    | DW01_add         | rpl                |                |
| add_7_root_add_32_I31_aco             |                    |                |
|                    | DW01_add         | rpl                |                |
| add_6_root_add_32_I31_aco             |                    |                |
|                    | DW01_add         | rpl                |                |
| add_5_root_add_32_I31_aco             |                    |                |
|                    | DW01_add         | rpl                |                |
| add_4_root_add_32_I31_aco             |                    |                |
|                    | DW01_add         | rpl                |                |
| add_3_root_add_32_I31_aco             |                    |                |
|                    | DW01_add         | rpl                |                |
| add_2_root_add_32_I31_aco             |                    |                |
|                    | DW01_add         | rpl                |                |
| add_1_root_add_32_I31_aco             |                    |                |
|                    | DW01_add         | rpl                |                |
| add_0_root_add_32_I31_aco             |                    |                |
|                    | DW01_add         | rpl                |                |
| sub_30_I32         | DW01_sub         | rpl                |                |
===============================================================================

1
