Information: Propagating switching activity (low effort zero delay simulation). (PWR-6)
Warning: There is no defined clock in the design. (PWR-80)
Warning: Design has unannotated primary inputs. (PWR-414)
 
****************************************
Report : power
        -analysis_effort low
Design : samul_v2
Version: U-2022.12-SP7
Date   : Sat Dec 23 16:55:29 2023
****************************************


Library(s) Used:

    saed90nm_typ_ht (File: /home/user37/Downloads/Lab4/ref/models/saed90nm_typ_ht.db)


Operating Conditions: TYPICAL   Library: saed90nm_typ_ht
Wire Load Model Mode: enclosed

Design        Wire Load Model            Library
------------------------------------------------
samul_v2               70000             saed90nm_typ_ht
samul_v2_DW01_sub_0    8000              saed90nm_typ_ht
samul_v2_DW01_add_0    8000              saed90nm_typ_ht
samul_v2_DW01_add_1    8000              saed90nm_typ_ht
samul_v2_DW01_add_2    8000              saed90nm_typ_ht
samul_v2_DW01_add_3    8000              saed90nm_typ_ht
samul_v2_DW01_add_4    8000              saed90nm_typ_ht
samul_v2_DW01_add_5    8000              saed90nm_typ_ht
samul_v2_DW01_add_6    8000              saed90nm_typ_ht
samul_v2_DW01_add_7    8000              saed90nm_typ_ht
samul_v2_DW01_add_8    8000              saed90nm_typ_ht
samul_v2_DW01_add_9    8000              saed90nm_typ_ht
samul_v2_DW01_add_10   8000              saed90nm_typ_ht
samul_v2_DW01_add_11   8000              saed90nm_typ_ht
samul_v2_DW01_add_12   8000              saed90nm_typ_ht
samul_v2_DW01_add_13   8000              saed90nm_typ_ht
samul_v2_DW01_add_14   8000              saed90nm_typ_ht
samul_v2_DW02_mult_0   8000              saed90nm_typ_ht
samul_v2_DW01_add_15   8000              saed90nm_typ_ht
samul_v2_DW02_mult_1   8000              saed90nm_typ_ht
samul_v2_DW02_mult_2   8000              saed90nm_typ_ht
samul_v2_DW01_add_16   8000              saed90nm_typ_ht
samul_v2_DW02_mult_3   8000              saed90nm_typ_ht
samul_v2_DW02_mult_4   8000              saed90nm_typ_ht
samul_v2_DW01_add_17   8000              saed90nm_typ_ht
samul_v2_DW02_mult_5   8000              saed90nm_typ_ht
samul_v2_DW02_mult_6   8000              saed90nm_typ_ht
samul_v2_DW01_add_18   8000              saed90nm_typ_ht
samul_v2_DW02_mult_7   8000              saed90nm_typ_ht
samul_v2_DW02_mult_8   8000              saed90nm_typ_ht
samul_v2_DW01_add_19   8000              saed90nm_typ_ht
samul_v2_DW02_mult_9   8000              saed90nm_typ_ht
samul_v2_DW02_mult_10  8000              saed90nm_typ_ht
samul_v2_DW01_add_20   8000              saed90nm_typ_ht
samul_v2_DW02_mult_11  8000              saed90nm_typ_ht
samul_v2_DW02_mult_12  8000              saed90nm_typ_ht
samul_v2_DW01_add_21   8000              saed90nm_typ_ht
samul_v2_DW02_mult_13  8000              saed90nm_typ_ht
samul_v2_DW02_mult_14  8000              saed90nm_typ_ht
samul_v2_DW01_add_22   8000              saed90nm_typ_ht
samul_v2_DW02_mult_15  8000              saed90nm_typ_ht
samul_v2_DW02_mult_16  8000              saed90nm_typ_ht
samul_v2_DW01_add_23   8000              saed90nm_typ_ht
samul_v2_DW02_mult_17  8000              saed90nm_typ_ht
samul_v2_DW02_mult_18  8000              saed90nm_typ_ht
samul_v2_DW01_add_24   8000              saed90nm_typ_ht
samul_v2_DW02_mult_19  8000              saed90nm_typ_ht
samul_v2_DW02_mult_20  8000              saed90nm_typ_ht
samul_v2_DW01_add_25   8000              saed90nm_typ_ht
samul_v2_DW02_mult_21  8000              saed90nm_typ_ht
samul_v2_DW02_mult_22  8000              saed90nm_typ_ht
samul_v2_DW01_add_26   8000              saed90nm_typ_ht
samul_v2_DW02_mult_23  8000              saed90nm_typ_ht
samul_v2_DW02_mult_24  8000              saed90nm_typ_ht
samul_v2_DW01_add_27   8000              saed90nm_typ_ht
samul_v2_DW02_mult_25  8000              saed90nm_typ_ht
samul_v2_DW02_mult_26  8000              saed90nm_typ_ht
samul_v2_DW01_add_28   8000              saed90nm_typ_ht
samul_v2_DW02_mult_27  8000              saed90nm_typ_ht
samul_v2_DW02_mult_28  8000              saed90nm_typ_ht
samul_v2_DW01_add_29   8000              saed90nm_typ_ht
samul_v2_DW02_mult_29  8000              saed90nm_typ_ht


Global Operating Voltage = 1.2  
Power-specific unit information :
    Voltage Units = 1V
    Capacitance Units = 1.000000ff
    Time Units = 1ns
    Dynamic Power Units = 1uW    (derived from V,C,T units)
    Leakage Power Units = 1pW


Attributes
----------
i - Including register clock pin internal power


  Cell Internal Power  =  15.1234 mW   (73%)
  Net Switching Power  =   5.6030 mW   (27%)
                         ---------
Total Dynamic Power    =  20.7264 mW  (100%)

Cell Leakage Power     = 761.3152 uW

Information: report_power power group summary does not include estimated clock tree power. (PWR-789)

                 Internal         Switching           Leakage            Total
Power Group      Power            Power               Power              Power   (   %    )  Attrs
--------------------------------------------------------------------------------------------------
io_pad             0.0000            0.0000            0.0000            0.0000  (   0.00%)
memory             0.0000            0.0000            0.0000            0.0000  (   0.00%)
black_box          0.0000            0.0000            0.0000            0.0000  (   0.00%)
clock_network      0.0000            0.0000            0.0000            0.0000  (   0.00%)  i
register           0.0000            0.0000            0.0000            0.0000  (   0.00%)
sequential         0.0000            0.0000            0.0000            0.0000  (   0.00%)
combinational  1.5123e+04        5.6030e+03        7.6132e+08        2.1488e+04  ( 100.00%)
--------------------------------------------------------------------------------------------------
Total          1.5123e+04 uW     5.6030e+03 uW     7.6132e+08 pW     2.1488e+04 uW
1
