 
****************************************
Report : area
Design : floating_point_multiplier_sequential
Version: U-2022.12-SP7
Date   : Sat Dec 23 19:34:39 2023
****************************************

Information: Updating design information... (UID-85)
Library(s) Used:

    saed90nm_typ_ht (File: /home/user37/Downloads/Lab4/ref/models/saed90nm_typ_ht.db)

Number of ports:                          555
Number of nets:                          2611
Number of cells:                         1611
Number of combinational cells:           1499
Number of sequential cells:               101
Number of macros/black boxes:               0
Number of buf/inv:                        112
Number of references:                       7

Combinational area:              22233.599848
Buf/Inv area:                      619.315216
Noncombinational area:            3246.796852
Macro/Black Box area:                0.000000
Net Interconnect area:            1413.427701

Total cell area:                 25480.396700
Total area:                      26893.824401
1
