Loading db file '/home/user37/Downloads/Lab4/ref/models/saed90nm_typ_ht.db'
Information: Propagating switching activity (low effort zero delay simulation). (PWR-6)
Warning: Design has unannotated primary inputs. (PWR-414)
Warning: Design has unannotated sequential cell outputs. (PWR-415)
 
****************************************
Report : power
        -analysis_effort low
Design : floating_point_multiplier_sequential
Version: U-2022.12-SP7
Date   : Sat Dec 23 19:34:39 2023
****************************************


Library(s) Used:

    saed90nm_typ_ht (File: /home/user37/Downloads/Lab4/ref/models/saed90nm_typ_ht.db)


Operating Conditions: TYPICAL   Library: saed90nm_typ_ht
Wire Load Model Mode: enclosed

Design        Wire Load Model            Library
------------------------------------------------
floating_point_multiplier_sequential
                       35000             saed90nm_typ_ht
floating_point_multiplier
                       35000             saed90nm_typ_ht
floating_point_multiplier_DW01_inc_0
                       8000              saed90nm_typ_ht
floating_point_multiplier_DW02_mult_0
                       35000             saed90nm_typ_ht
floating_point_multiplier_DW01_add_2
                       8000              saed90nm_typ_ht
floating_point_multiplier_DW01_add_3
                       8000              saed90nm_typ_ht


Global Operating Voltage = 1.2  
Power-specific unit information :
    Voltage Units = 1V
    Capacitance Units = 1.000000ff
    Time Units = 1ns
    Dynamic Power Units = 1uW    (derived from V,C,T units)
    Leakage Power Units = 1pW


Attributes
----------
i - Including register clock pin internal power


  Cell Internal Power  =  15.3132 uW   (42%)
  Net Switching Power  =  21.2886 uW   (58%)
                         ---------
Total Dynamic Power    =  36.6017 uW  (100%)

Cell Leakage Power     = 320.0200 uW


                 Internal         Switching           Leakage            Total
Power Group      Power            Power               Power              Power   (   %    )  Attrs
--------------------------------------------------------------------------------------------------
io_pad             0.0000            0.0000            0.0000            0.0000  (   0.00%)
memory             0.0000            0.0000            0.0000            0.0000  (   0.00%)
black_box          0.0000            0.0000            0.0000            0.0000  (   0.00%)
clock_network      2.6046            0.0000            0.0000            2.6046  (   0.73%)  i
register           0.5787            0.7901        1.2794e+06            2.6481  (   0.74%)
sequential         0.0000            0.0000        3.9883e+07           39.8834  (  11.18%)
combinational     12.1297           20.4985        2.7886e+08          311.4864  (  87.34%)
--------------------------------------------------------------------------------------------------
Total             15.3130 uW        21.2886 uW     3.2002e+08 pW       356.6226 uW
1
