 
****************************************
Report : resources
Design : fixSign
Version: U-2022.12-SP7
Date   : Sat Dec 23 17:11:15 2023
****************************************

Resource Sharing Report for design fixSign in file ./source/fixSign.v

===============================================================================
|          |              |            | Contained     |                      |
| Resource | Module       | Parameters | Resources     | Contained Operations |
===============================================================================
| r56      | DW01_inc     | width=64   |               | add_7                |
===============================================================================


Implementation Report
===============================================================================
|                    |                  | Current            | Set            |
| Cell               | Module           | Implementation     | Implementation |
===============================================================================
| add_7              | DW01_inc         | rpl                |                |
===============================================================================

1
