 
****************************************
Report : cell
Design : fixSign
Version: U-2022.12-SP7
Date   : Sat Dec 23 17:11:15 2023
****************************************

Attributes:
   BO - reference allows boundary optimization
    b - black box (unknown)
    h - hierarchical
    n - noncombinational
    r - removable
    u - contains unmapped logic

Cell                      Reference       Library             Area  Attributes
--------------------------------------------------------------------------------
U132                      XOR2X2          saed90nm_typ_ht 15.667200 
U133                      MUX21X1         saed90nm_typ_ht 11.059200 
U134                      MUX21X1         saed90nm_typ_ht 11.059200 
U135                      MUX21X1         saed90nm_typ_ht 11.059200 
U136                      MUX21X1         saed90nm_typ_ht 11.059200 
U137                      MUX21X1         saed90nm_typ_ht 11.059200 
U138                      MUX21X1         saed90nm_typ_ht 11.059200 
U139                      MUX21X1         saed90nm_typ_ht 11.059200 
U140                      MUX21X1         saed90nm_typ_ht 11.059200 
U141                      MUX21X1         saed90nm_typ_ht 11.059200 
U142                      MUX21X1         saed90nm_typ_ht 11.059200 
U143                      MUX21X1         saed90nm_typ_ht 11.059200 
U144                      MUX21X1         saed90nm_typ_ht 11.059200 
U145                      MUX21X1         saed90nm_typ_ht 11.059200 
U146                      MUX21X1         saed90nm_typ_ht 11.059200 
U147                      MUX21X1         saed90nm_typ_ht 11.059200 
U148                      MUX21X1         saed90nm_typ_ht 11.059200 
U149                      MUX21X1         saed90nm_typ_ht 11.059200 
U150                      MUX21X1         saed90nm_typ_ht 11.059200 
U151                      MUX21X1         saed90nm_typ_ht 11.059200 
U152                      MUX21X1         saed90nm_typ_ht 11.059200 
U153                      MUX21X1         saed90nm_typ_ht 11.059200 
U154                      MUX21X1         saed90nm_typ_ht 11.059200 
U155                      MUX21X1         saed90nm_typ_ht 11.059200 
U156                      MUX21X1         saed90nm_typ_ht 11.059200 
U157                      MUX21X1         saed90nm_typ_ht 11.059200 
U158                      MUX21X1         saed90nm_typ_ht 11.059200 
U159                      MUX21X1         saed90nm_typ_ht 11.059200 
U160                      MUX21X1         saed90nm_typ_ht 11.059200 
U161                      MUX21X1         saed90nm_typ_ht 11.059200 
U162                      MUX21X1         saed90nm_typ_ht 11.059200 
U163                      MUX21X1         saed90nm_typ_ht 11.059200 
U164                      MUX21X1         saed90nm_typ_ht 11.059200 
U165                      MUX21X1         saed90nm_typ_ht 11.059200 
U166                      MUX21X1         saed90nm_typ_ht 11.059200 
U167                      MUX21X1         saed90nm_typ_ht 11.059200 
U168                      MUX21X1         saed90nm_typ_ht 11.059200 
U169                      MUX21X1         saed90nm_typ_ht 11.059200 
U170                      MUX21X1         saed90nm_typ_ht 11.059200 
U171                      MUX21X1         saed90nm_typ_ht 11.059200 
U172                      MUX21X1         saed90nm_typ_ht 11.059200 
U173                      MUX21X1         saed90nm_typ_ht 11.059200 
U174                      MUX21X1         saed90nm_typ_ht 11.059200 
U175                      MUX21X1         saed90nm_typ_ht 11.059200 
U176                      MUX21X1         saed90nm_typ_ht 11.059200 
U177                      MUX21X1         saed90nm_typ_ht 11.059200 
U178                      MUX21X1         saed90nm_typ_ht 11.059200 
U179                      MUX21X1         saed90nm_typ_ht 11.059200 
U180                      MUX21X1         saed90nm_typ_ht 11.059200 
U181                      MUX21X1         saed90nm_typ_ht 11.059200 
U182                      MUX21X1         saed90nm_typ_ht 11.059200 
U183                      MUX21X1         saed90nm_typ_ht 11.059200 
U184                      MUX21X1         saed90nm_typ_ht 11.059200 
U185                      MUX21X1         saed90nm_typ_ht 11.059200 
U186                      MUX21X1         saed90nm_typ_ht 11.059200 
U187                      MUX21X1         saed90nm_typ_ht 11.059200 
U188                      MUX21X1         saed90nm_typ_ht 11.059200 
U189                      MUX21X1         saed90nm_typ_ht 11.059200 
U190                      MUX21X1         saed90nm_typ_ht 11.059200 
U191                      MUX21X1         saed90nm_typ_ht 11.059200 
U192                      MUX21X1         saed90nm_typ_ht 11.059200 
U193                      MUX21X1         saed90nm_typ_ht 11.059200 
U194                      MUX21X1         saed90nm_typ_ht 11.059200 
U195                      MUX21X1         saed90nm_typ_ht 11.059200 
U196                      MUX21X1         saed90nm_typ_ht 11.059200 
U197                      INVX0           saed90nm_typ_ht 5.529600  
U198                      INVX0           saed90nm_typ_ht 5.529600  
U199                      INVX0           saed90nm_typ_ht 5.529600  
U200                      INVX0           saed90nm_typ_ht 5.529600  
U201                      INVX0           saed90nm_typ_ht 5.529600  
U202                      INVX0           saed90nm_typ_ht 5.529600  
U203                      INVX0           saed90nm_typ_ht 5.529600  
U204                      INVX0           saed90nm_typ_ht 5.529600  
U205                      INVX0           saed90nm_typ_ht 5.529600  
U206                      INVX0           saed90nm_typ_ht 5.529600  
U207                      INVX0           saed90nm_typ_ht 5.529600  
U208                      INVX0           saed90nm_typ_ht 5.529600  
U209                      INVX0           saed90nm_typ_ht 5.529600  
U210                      INVX0           saed90nm_typ_ht 5.529600  
U211                      INVX0           saed90nm_typ_ht 5.529600  
U212                      INVX0           saed90nm_typ_ht 5.529600  
U213                      INVX0           saed90nm_typ_ht 5.529600  
U214                      INVX0           saed90nm_typ_ht 5.529600  
U215                      INVX0           saed90nm_typ_ht 5.529600  
U216                      INVX0           saed90nm_typ_ht 5.529600  
U217                      INVX0           saed90nm_typ_ht 5.529600  
U218                      INVX0           saed90nm_typ_ht 5.529600  
U219                      INVX0           saed90nm_typ_ht 5.529600  
U220                      INVX0           saed90nm_typ_ht 5.529600  
U221                      INVX0           saed90nm_typ_ht 5.529600  
U222                      INVX0           saed90nm_typ_ht 5.529600  
U223                      INVX0           saed90nm_typ_ht 5.529600  
U224                      INVX0           saed90nm_typ_ht 5.529600  
U225                      INVX0           saed90nm_typ_ht 5.529600  
U226                      INVX0           saed90nm_typ_ht 5.529600  
U227                      INVX0           saed90nm_typ_ht 5.529600  
U228                      INVX0           saed90nm_typ_ht 5.529600  
U229                      INVX0           saed90nm_typ_ht 5.529600  
U230                      INVX0           saed90nm_typ_ht 5.529600  
U231                      INVX0           saed90nm_typ_ht 5.529600  
U232                      INVX0           saed90nm_typ_ht 5.529600  
U233                      INVX0           saed90nm_typ_ht 5.529600  
U234                      INVX0           saed90nm_typ_ht 5.529600  
U235                      INVX0           saed90nm_typ_ht 5.529600  
U236                      INVX0           saed90nm_typ_ht 5.529600  
U237                      INVX0           saed90nm_typ_ht 5.529600  
U238                      INVX0           saed90nm_typ_ht 5.529600  
U239                      INVX0           saed90nm_typ_ht 5.529600  
U240                      INVX0           saed90nm_typ_ht 5.529600  
U241                      INVX0           saed90nm_typ_ht 5.529600  
U242                      INVX0           saed90nm_typ_ht 5.529600  
U243                      INVX0           saed90nm_typ_ht 5.529600  
U244                      INVX0           saed90nm_typ_ht 5.529600  
U245                      INVX0           saed90nm_typ_ht 5.529600  
U246                      INVX0           saed90nm_typ_ht 5.529600  
U247                      INVX0           saed90nm_typ_ht 5.529600  
U248                      INVX0           saed90nm_typ_ht 5.529600  
U249                      INVX0           saed90nm_typ_ht 5.529600  
U250                      INVX0           saed90nm_typ_ht 5.529600  
U251                      INVX0           saed90nm_typ_ht 5.529600  
U252                      INVX0           saed90nm_typ_ht 5.529600  
U253                      INVX0           saed90nm_typ_ht 5.529600  
U254                      INVX0           saed90nm_typ_ht 5.529600  
U255                      INVX0           saed90nm_typ_ht 5.529600  
U256                      INVX0           saed90nm_typ_ht 5.529600  
U257                      INVX0           saed90nm_typ_ht 5.529600  
U258                      INVX0           saed90nm_typ_ht 5.529600  
U259                      INVX0           saed90nm_typ_ht 5.529600  
U260                      INVX0           saed90nm_typ_ht 5.529600  
add_7                     fixSign_DW01_inc_0              990.720006
                                                                    BO, h
--------------------------------------------------------------------------------
Total 130 cells                                           2068.070434
1
