 
****************************************
Report : area
Design : fixSign
Version: U-2022.12-SP7
Date   : Sat Dec 23 17:11:15 2023
****************************************

Information: Updating design information... (UID-85)
Library(s) Used:

    saed90nm_typ_ht (File: /home/user37/Downloads/Lab4/ref/models/saed90nm_typ_ht.db)

Number of ports:                          258
Number of nets:                           449
Number of cells:                          194
Number of combinational cells:            193
Number of sequential cells:                 0
Number of macros/black boxes:               0
Number of buf/inv:                         65
Number of references:                       4

Combinational area:               2068.070434
Buf/Inv area:                      359.424009
Noncombinational area:               0.000000
Macro/Black Box area:                0.000000
Net Interconnect area:             105.356307

Total cell area:                  2068.070434
Total area:                       2173.426740
1
