 
****************************************
Report : resources
Design : verilog_multiplier
Version: U-2022.12-SP7
Date   : Sat Dec 23 16:42:07 2023
****************************************

Resource Sharing Report for design verilog_multiplier in file
        ./source/verilog_multiplier.v

===============================================================================
|          |              |            | Contained     |                      |
| Resource | Module       | Parameters | Resources     | Contained Operations |
===============================================================================
| r55      | DW02_mult    | A_width=32 |               | mult_8               |
|          |              | B_width=32 |               |                      |
===============================================================================


Implementation Report
===============================================================================
|                    |                  | Current            | Set            |
| Cell               | Module           | Implementation     | Implementation |
===============================================================================
| mult_8             | DW02_mult        | csa                |                |
===============================================================================

1
