 
****************************************
Report : cell
Design : verilog_multiplier
Version: U-2022.12-SP7
Date   : Sat Dec 23 16:42:07 2023
****************************************

Attributes:
   BO - reference allows boundary optimization
    b - black box (unknown)
    h - hierarchical
    n - noncombinational
    r - removable
    u - contains unmapped logic

Cell                      Reference       Library             Area  Attributes
--------------------------------------------------------------------------------
mult_8                    verilog_multiplier_DW02_mult_0  36406.886111
                                                                    BO, h
--------------------------------------------------------------------------------
Total 1 cells                                             36406.886111
1
