 
****************************************
Report : area
Design : verilog_multiplier
Version: U-2022.12-SP7
Date   : Sat Dec 23 16:42:07 2023
****************************************

Information: Updating design information... (UID-85)
Library(s) Used:

    saed90nm_typ_ht (File: /home/user37/Downloads/Lab4/ref/models/saed90nm_typ_ht.db)

Number of ports:                          445
Number of nets:                          3627
Number of cells:                         2349
Number of combinational cells:           2344
Number of sequential cells:                 0
Number of macros/black boxes:               0
Number of buf/inv:                         95
Number of references:                       1

Combinational area:              36406.886111
Buf/Inv area:                      527.155213
Noncombinational area:               0.000000
Macro/Black Box area:                0.000000
Net Interconnect area:            2923.404025

Total cell area:                 36406.886111
Total area:                      39330.290136
1
