 
****************************************
Report : cell
Design : floating_point_adder_sequential
Version: G-2012.06-ICC-SP2
Date   : Tue Dec 29 05:01:15 2015
****************************************

Attributes:
    b - black box (unknown)
    d - dont_touch
    h - hierarchical
    n - noncombinational
    r - removable
    u - contains unmapped logic

Cell                      Reference       Library             Area  Attributes
--------------------------------------------------------------------------------
CTS_clk_CTO_delay4        BUF_X32         NangateOpenCellLibrary_ss0p95vn40c
                                                          13.034000 d
INV_X32_BC                INV_X32         NangateOpenCellLibrary_ss0p95vn40c
                                                          8.778000  d
INV_X32_BC_1              INV_X32         NangateOpenCellLibrary_ss0p95vn40c
                                                          8.778000  d
U1                        INV_X8          NangateOpenCellLibrary_ss0p95vn40c
                                                          2.394000  
U2                        INV_X4          NangateOpenCellLibrary_ss0p95vn40c
                                                          1.330000  
U3                        INV_X32         NangateOpenCellLibrary_ss0p95vn40c
                                                          8.778000  
U4                        INV_X1          NangateOpenCellLibrary_ss0p95vn40c
                                                          0.532000  
U5                        INV_X1          NangateOpenCellLibrary_ss0p95vn40c
                                                          0.532000  
U6                        BUF_X2          NangateOpenCellLibrary_ss0p95vn40c
                                                          1.064000  
U7                        INV_X1          NangateOpenCellLibrary_ss0p95vn40c
                                                          0.532000  
U8                        INV_X1          NangateOpenCellLibrary_ss0p95vn40c
                                                          0.532000  
U9                        INV_X1          NangateOpenCellLibrary_ss0p95vn40c
                                                          0.532000  
U10                       INV_X1          NangateOpenCellLibrary_ss0p95vn40c
                                                          0.532000  
U11                       INV_X2          NangateOpenCellLibrary_ss0p95vn40c
                                                          0.798000  
U12                       INV_X32         NangateOpenCellLibrary_ss0p95vn40c
                                                          8.778000  
U13                       OR3_X1          NangateOpenCellLibrary_ss0p95vn40c
                                                          1.330000  
U14                       NOR2_X1         NangateOpenCellLibrary_ss0p95vn40c
                                                          0.798000  
U15                       NAND2_X4        NangateOpenCellLibrary_ss0p95vn40c
                                                          2.394000  
U16                       NAND2_X4        NangateOpenCellLibrary_ss0p95vn40c
                                                          2.394000  
U17                       NOR2_X2         NangateOpenCellLibrary_ss0p95vn40c
                                                          1.330000  
U18                       NOR2_X4         NangateOpenCellLibrary_ss0p95vn40c
                                                          2.394000  
U19                       INV_X1          NangateOpenCellLibrary_ss0p95vn40c
                                                          0.532000  
U20                       INV_X1          NangateOpenCellLibrary_ss0p95vn40c
                                                          0.532000  
U21                       INV_X16         NangateOpenCellLibrary_ss0p95vn40c
                                                          4.522000  
U22                       INV_X1          NangateOpenCellLibrary_ss0p95vn40c
                                                          0.532000  
U23                       INV_X1          NangateOpenCellLibrary_ss0p95vn40c
                                                          0.532000  
U24                       INV_X1          NangateOpenCellLibrary_ss0p95vn40c
                                                          0.532000  
U25                       INV_X16         NangateOpenCellLibrary_ss0p95vn40c
                                                          4.522000  
U26                       BUF_X1          NangateOpenCellLibrary_ss0p95vn40c
                                                          0.798000  
U27                       INV_X1          NangateOpenCellLibrary_ss0p95vn40c
                                                          0.532000  
U28                       BUF_X1          NangateOpenCellLibrary_ss0p95vn40c
                                                          0.798000  
U29                       INV_X1          NangateOpenCellLibrary_ss0p95vn40c
                                                          0.532000  
U30                       INV_X1          NangateOpenCellLibrary_ss0p95vn40c
                                                          0.532000  
U31                       BUF_X1          NangateOpenCellLibrary_ss0p95vn40c
                                                          0.798000  
U32                       BUF_X1          NangateOpenCellLibrary_ss0p95vn40c
                                                          0.798000  
U33                       BUF_X1          NangateOpenCellLibrary_ss0p95vn40c
                                                          0.798000  
U34                       BUF_X1          NangateOpenCellLibrary_ss0p95vn40c
                                                          0.798000  
U35                       INV_X1          NangateOpenCellLibrary_ss0p95vn40c
                                                          0.532000  
U36                       INV_X1          NangateOpenCellLibrary_ss0p95vn40c
                                                          0.532000  
U37                       BUF_X1          NangateOpenCellLibrary_ss0p95vn40c
                                                          0.798000  
U38                       BUF_X1          NangateOpenCellLibrary_ss0p95vn40c
                                                          0.798000  
U39                       BUF_X1          NangateOpenCellLibrary_ss0p95vn40c
                                                          0.798000  
U40                       BUF_X1          NangateOpenCellLibrary_ss0p95vn40c
                                                          0.798000  
U41                       INV_X1          NangateOpenCellLibrary_ss0p95vn40c
                                                          0.532000  
U42                       INV_X1          NangateOpenCellLibrary_ss0p95vn40c
                                                          0.532000  
U43                       INV_X1          NangateOpenCellLibrary_ss0p95vn40c
                                                          0.532000  
U44                       INV_X1          NangateOpenCellLibrary_ss0p95vn40c
                                                          0.532000  
U45                       INV_X1          NangateOpenCellLibrary_ss0p95vn40c
                                                          0.532000  
U46                       INV_X1          NangateOpenCellLibrary_ss0p95vn40c
                                                          0.532000  
U47                       INV_X1          NangateOpenCellLibrary_ss0p95vn40c
                                                          0.532000  
U48                       INV_X1          NangateOpenCellLibrary_ss0p95vn40c
                                                          0.532000  
U49                       INV_X1          NangateOpenCellLibrary_ss0p95vn40c
                                                          0.532000  
U50                       INV_X1          NangateOpenCellLibrary_ss0p95vn40c
                                                          0.532000  
U51                       INV_X1          NangateOpenCellLibrary_ss0p95vn40c
                                                          0.532000  
U52                       INV_X1          NangateOpenCellLibrary_ss0p95vn40c
                                                          0.532000  
U53                       INV_X1          NangateOpenCellLibrary_ss0p95vn40c
                                                          0.532000  
U54                       INV_X1          NangateOpenCellLibrary_ss0p95vn40c
                                                          0.532000  
U55                       INV_X1          NangateOpenCellLibrary_ss0p95vn40c
                                                          0.532000  
U56                       INV_X1          NangateOpenCellLibrary_ss0p95vn40c
                                                          0.532000  
U57                       INV_X1          NangateOpenCellLibrary_ss0p95vn40c
                                                          0.532000  
U58                       INV_X1          NangateOpenCellLibrary_ss0p95vn40c
                                                          0.532000  
U59                       INV_X1          NangateOpenCellLibrary_ss0p95vn40c
                                                          0.532000  
U60                       INV_X1          NangateOpenCellLibrary_ss0p95vn40c
                                                          0.532000  
U61                       INV_X1          NangateOpenCellLibrary_ss0p95vn40c
                                                          0.532000  
U62                       INV_X1          NangateOpenCellLibrary_ss0p95vn40c
                                                          0.532000  
U63                       INV_X1          NangateOpenCellLibrary_ss0p95vn40c
                                                          0.532000  
U64                       INV_X1          NangateOpenCellLibrary_ss0p95vn40c
                                                          0.532000  
U65                       INV_X1          NangateOpenCellLibrary_ss0p95vn40c
                                                          0.532000  
U66                       INV_X1          NangateOpenCellLibrary_ss0p95vn40c
                                                          0.532000  
U366                      XOR2_X1         NangateOpenCellLibrary_ss0p95vn40c
                                                          1.596000  
U367                      XOR2_X1         NangateOpenCellLibrary_ss0p95vn40c
                                                          1.596000  
U368                      AND3_X1         NangateOpenCellLibrary_ss0p95vn40c
                                                          1.330000  
U369                      AND3_X1         NangateOpenCellLibrary_ss0p95vn40c
                                                          1.330000  
U370                      AOI22_X4        NangateOpenCellLibrary_ss0p95vn40c
                                                          4.522000  
U373                      AND2_X1         NangateOpenCellLibrary_ss0p95vn40c
                                                          1.064000  
U374                      AND2_X1         NangateOpenCellLibrary_ss0p95vn40c
                                                          1.064000  
U375                      AND2_X1         NangateOpenCellLibrary_ss0p95vn40c
                                                          1.064000  
U376                      AND2_X1         NangateOpenCellLibrary_ss0p95vn40c
                                                          1.064000  
U377                      AND2_X1         NangateOpenCellLibrary_ss0p95vn40c
                                                          1.064000  
U378                      AND2_X1         NangateOpenCellLibrary_ss0p95vn40c
                                                          1.064000  
U379                      AND2_X1         NangateOpenCellLibrary_ss0p95vn40c
                                                          1.064000  
U380                      AND2_X1         NangateOpenCellLibrary_ss0p95vn40c
                                                          1.064000  
U381                      AND2_X1         NangateOpenCellLibrary_ss0p95vn40c
                                                          1.064000  
U382                      AND2_X1         NangateOpenCellLibrary_ss0p95vn40c
                                                          1.064000  
U383                      AND2_X1         NangateOpenCellLibrary_ss0p95vn40c
                                                          1.064000  
U384                      AND2_X1         NangateOpenCellLibrary_ss0p95vn40c
                                                          1.064000  
U385                      AND2_X1         NangateOpenCellLibrary_ss0p95vn40c
                                                          1.064000  
U386                      AND2_X1         NangateOpenCellLibrary_ss0p95vn40c
                                                          1.064000  
U387                      AND2_X1         NangateOpenCellLibrary_ss0p95vn40c
                                                          1.064000  
U388                      AND2_X1         NangateOpenCellLibrary_ss0p95vn40c
                                                          1.064000  
U389                      AND2_X1         NangateOpenCellLibrary_ss0p95vn40c
                                                          1.064000  
U390                      AND2_X1         NangateOpenCellLibrary_ss0p95vn40c
                                                          1.064000  
U391                      AND2_X1         NangateOpenCellLibrary_ss0p95vn40c
                                                          1.064000  
U392                      AND2_X1         NangateOpenCellLibrary_ss0p95vn40c
                                                          1.064000  
U393                      AND2_X1         NangateOpenCellLibrary_ss0p95vn40c
                                                          1.064000  
U394                      AND2_X1         NangateOpenCellLibrary_ss0p95vn40c
                                                          1.064000  
U395                      AND2_X1         NangateOpenCellLibrary_ss0p95vn40c
                                                          1.064000  
U396                      AND2_X1         NangateOpenCellLibrary_ss0p95vn40c
                                                          1.064000  
U397                      AND2_X1         NangateOpenCellLibrary_ss0p95vn40c
                                                          1.064000  
U398                      AND2_X1         NangateOpenCellLibrary_ss0p95vn40c
                                                          1.064000  
U399                      AND2_X1         NangateOpenCellLibrary_ss0p95vn40c
                                                          1.064000  
U400                      AND2_X1         NangateOpenCellLibrary_ss0p95vn40c
                                                          1.064000  
U401                      AND2_X1         NangateOpenCellLibrary_ss0p95vn40c
                                                          1.064000  
U402                      AND2_X1         NangateOpenCellLibrary_ss0p95vn40c
                                                          1.064000  
U403                      AND2_X1         NangateOpenCellLibrary_ss0p95vn40c
                                                          1.064000  
U404                      AND2_X1         NangateOpenCellLibrary_ss0p95vn40c
                                                          1.064000  
U405                      AND2_X1         NangateOpenCellLibrary_ss0p95vn40c
                                                          1.064000  
U406                      AND2_X1         NangateOpenCellLibrary_ss0p95vn40c
                                                          1.064000  
U407                      AND2_X1         NangateOpenCellLibrary_ss0p95vn40c
                                                          1.064000  
U408                      AND2_X1         NangateOpenCellLibrary_ss0p95vn40c
                                                          1.064000  
U409                      AND2_X1         NangateOpenCellLibrary_ss0p95vn40c
                                                          1.064000  
U410                      AND2_X1         NangateOpenCellLibrary_ss0p95vn40c
                                                          1.064000  
U411                      AND2_X1         NangateOpenCellLibrary_ss0p95vn40c
                                                          1.064000  
U412                      AND2_X1         NangateOpenCellLibrary_ss0p95vn40c
                                                          1.064000  
U413                      AND2_X1         NangateOpenCellLibrary_ss0p95vn40c
                                                          1.064000  
U414                      AND2_X1         NangateOpenCellLibrary_ss0p95vn40c
                                                          1.064000  
U415                      AND2_X1         NangateOpenCellLibrary_ss0p95vn40c
                                                          1.064000  
U416                      AND2_X1         NangateOpenCellLibrary_ss0p95vn40c
                                                          1.064000  
U417                      AND2_X1         NangateOpenCellLibrary_ss0p95vn40c
                                                          1.064000  
U418                      AND2_X1         NangateOpenCellLibrary_ss0p95vn40c
                                                          1.064000  
U419                      AND2_X1         NangateOpenCellLibrary_ss0p95vn40c
                                                          1.064000  
U420                      AND2_X1         NangateOpenCellLibrary_ss0p95vn40c
                                                          1.064000  
U421                      AND2_X1         NangateOpenCellLibrary_ss0p95vn40c
                                                          1.064000  
U422                      AND2_X1         NangateOpenCellLibrary_ss0p95vn40c
                                                          1.064000  
U423                      AND2_X1         NangateOpenCellLibrary_ss0p95vn40c
                                                          1.064000  
U424                      AND2_X1         NangateOpenCellLibrary_ss0p95vn40c
                                                          1.064000  
U425                      AND2_X1         NangateOpenCellLibrary_ss0p95vn40c
                                                          1.064000  
U426                      AND2_X1         NangateOpenCellLibrary_ss0p95vn40c
                                                          1.064000  
U427                      AND2_X1         NangateOpenCellLibrary_ss0p95vn40c
                                                          1.064000  
U428                      AND2_X1         NangateOpenCellLibrary_ss0p95vn40c
                                                          1.064000  
U429                      AND2_X1         NangateOpenCellLibrary_ss0p95vn40c
                                                          1.064000  
U430                      AND2_X1         NangateOpenCellLibrary_ss0p95vn40c
                                                          1.064000  
U431                      AND2_X1         NangateOpenCellLibrary_ss0p95vn40c
                                                          1.064000  
U432                      AND2_X1         NangateOpenCellLibrary_ss0p95vn40c
                                                          1.064000  
U433                      AND2_X1         NangateOpenCellLibrary_ss0p95vn40c
                                                          1.064000  
U434                      NAND4_X1        NangateOpenCellLibrary_ss0p95vn40c
                                                          1.330000  
U435                      AND4_X1         NangateOpenCellLibrary_ss0p95vn40c
                                                          1.596000  
U436                      AND4_X1         NangateOpenCellLibrary_ss0p95vn40c
                                                          1.596000  
U437                      AND4_X1         NangateOpenCellLibrary_ss0p95vn40c
                                                          1.596000  
U438                      AND4_X1         NangateOpenCellLibrary_ss0p95vn40c
                                                          1.596000  
U439                      NAND2_X1        NangateOpenCellLibrary_ss0p95vn40c
                                                          0.798000  
U440                      NAND2_X1        NangateOpenCellLibrary_ss0p95vn40c
                                                          0.798000  
U441                      NAND3_X1        NangateOpenCellLibrary_ss0p95vn40c
                                                          1.064000  
U442                      AND3_X1         NangateOpenCellLibrary_ss0p95vn40c
                                                          1.330000  
U443                      NAND3_X1        NangateOpenCellLibrary_ss0p95vn40c
                                                          1.064000  
U444                      NAND2_X1        NangateOpenCellLibrary_ss0p95vn40c
                                                          0.798000  
U445                      NAND2_X1        NangateOpenCellLibrary_ss0p95vn40c
                                                          0.798000  
U446                      AND2_X1         NangateOpenCellLibrary_ss0p95vn40c
                                                          1.064000  
U447                      AND2_X1         NangateOpenCellLibrary_ss0p95vn40c
                                                          1.064000  
U448                      NOR3_X1         NangateOpenCellLibrary_ss0p95vn40c
                                                          1.064000  
U449                      NOR2_X1         NangateOpenCellLibrary_ss0p95vn40c
                                                          0.798000  
U450                      OR2_X1          NangateOpenCellLibrary_ss0p95vn40c
                                                          1.064000  
U451                      AND2_X1         NangateOpenCellLibrary_ss0p95vn40c
                                                          1.064000  
U452                      AND2_X1         NangateOpenCellLibrary_ss0p95vn40c
                                                          1.064000  
U453                      NOR3_X1         NangateOpenCellLibrary_ss0p95vn40c
                                                          1.064000  
U456                      CLKBUF_X1       NangateOpenCellLibrary_ss0p95vn40c
                                                          0.798000  
U457                      OAI22_X1        NangateOpenCellLibrary_ss0p95vn40c
                                                          1.330000  
U458                      AND3_X1         NangateOpenCellLibrary_ss0p95vn40c
                                                          1.330000  
U460                      NAND2_X1        NangateOpenCellLibrary_ss0p95vn40c
                                                          0.798000  
U461                      NAND2_X1        NangateOpenCellLibrary_ss0p95vn40c
                                                          0.798000  
U462                      NAND2_X1        NangateOpenCellLibrary_ss0p95vn40c
                                                          0.798000  
U463                      INV_X1          NangateOpenCellLibrary_ss0p95vn40c
                                                          0.532000  
U466                      NOR3_X1         NangateOpenCellLibrary_ss0p95vn40c
                                                          1.064000  
U467                      NOR3_X1         NangateOpenCellLibrary_ss0p95vn40c
                                                          1.064000  
U468                      NAND4_X1        NangateOpenCellLibrary_ss0p95vn40c
                                                          1.330000  
U470                      NAND3_X1        NangateOpenCellLibrary_ss0p95vn40c
                                                          1.064000  
U471                      INV_X1          NangateOpenCellLibrary_ss0p95vn40c
                                                          0.532000  
U472                      NOR2_X1         NangateOpenCellLibrary_ss0p95vn40c
                                                          0.798000  
U473                      NAND3_X1        NangateOpenCellLibrary_ss0p95vn40c
                                                          1.064000  
U474                      NOR3_X1         NangateOpenCellLibrary_ss0p95vn40c
                                                          1.064000  
U475                      INV_X1          NangateOpenCellLibrary_ss0p95vn40c
                                                          0.532000  
U476                      INV_X1          NangateOpenCellLibrary_ss0p95vn40c
                                                          0.532000  
U477                      INV_X1          NangateOpenCellLibrary_ss0p95vn40c
                                                          0.532000  
U478                      INV_X1          NangateOpenCellLibrary_ss0p95vn40c
                                                          0.532000  
U479                      INV_X1          NangateOpenCellLibrary_ss0p95vn40c
                                                          0.532000  
U480                      INV_X1          NangateOpenCellLibrary_ss0p95vn40c
                                                          0.532000  
U481                      INV_X1          NangateOpenCellLibrary_ss0p95vn40c
                                                          0.532000  
U482                      NOR3_X1         NangateOpenCellLibrary_ss0p95vn40c
                                                          1.064000  
U483                      AOI21_X1        NangateOpenCellLibrary_ss0p95vn40c
                                                          1.064000  
U484                      INV_X1          NangateOpenCellLibrary_ss0p95vn40c
                                                          0.532000  
U486                      INV_X1          NangateOpenCellLibrary_ss0p95vn40c
                                                          0.532000  
U487                      INV_X1          NangateOpenCellLibrary_ss0p95vn40c
                                                          0.532000  
U488                      INV_X1          NangateOpenCellLibrary_ss0p95vn40c
                                                          0.532000  
U489                      INV_X1          NangateOpenCellLibrary_ss0p95vn40c
                                                          0.532000  
U490                      INV_X1          NangateOpenCellLibrary_ss0p95vn40c
                                                          0.532000  
U491                      AND4_X1         NangateOpenCellLibrary_ss0p95vn40c
                                                          1.596000  
U492                      INV_X1          NangateOpenCellLibrary_ss0p95vn40c
                                                          0.532000  
U493                      INV_X1          NangateOpenCellLibrary_ss0p95vn40c
                                                          0.532000  
U494                      INV_X1          NangateOpenCellLibrary_ss0p95vn40c
                                                          0.532000  
U495                      INV_X1          NangateOpenCellLibrary_ss0p95vn40c
                                                          0.532000  
U496                      INV_X1          NangateOpenCellLibrary_ss0p95vn40c
                                                          0.532000  
U497                      INV_X1          NangateOpenCellLibrary_ss0p95vn40c
                                                          0.532000  
U498                      AND2_X1         NangateOpenCellLibrary_ss0p95vn40c
                                                          1.064000  
U499                      INV_X1          NangateOpenCellLibrary_ss0p95vn40c
                                                          0.532000  
U500                      INV_X1          NangateOpenCellLibrary_ss0p95vn40c
                                                          0.532000  
U501                      INV_X1          NangateOpenCellLibrary_ss0p95vn40c
                                                          0.532000  
U502                      INV_X1          NangateOpenCellLibrary_ss0p95vn40c
                                                          0.532000  
U506                      INV_X1          NangateOpenCellLibrary_ss0p95vn40c
                                                          0.532000  
U507                      INV_X1          NangateOpenCellLibrary_ss0p95vn40c
                                                          0.532000  
U508                      INV_X1          NangateOpenCellLibrary_ss0p95vn40c
                                                          0.532000  
U509                      INV_X1          NangateOpenCellLibrary_ss0p95vn40c
                                                          0.532000  
U510                      INV_X1          NangateOpenCellLibrary_ss0p95vn40c
                                                          0.532000  
U511                      INV_X1          NangateOpenCellLibrary_ss0p95vn40c
                                                          0.532000  
U512                      INV_X1          NangateOpenCellLibrary_ss0p95vn40c
                                                          0.532000  
U513                      INV_X1          NangateOpenCellLibrary_ss0p95vn40c
                                                          0.532000  
U514                      INV_X1          NangateOpenCellLibrary_ss0p95vn40c
                                                          0.532000  
U515                      INV_X1          NangateOpenCellLibrary_ss0p95vn40c
                                                          0.532000  
U517                      INV_X1          NangateOpenCellLibrary_ss0p95vn40c
                                                          0.532000  
U518                      INV_X1          NangateOpenCellLibrary_ss0p95vn40c
                                                          0.532000  
U519                      INV_X1          NangateOpenCellLibrary_ss0p95vn40c
                                                          0.532000  
U520                      AOI22_X1        NangateOpenCellLibrary_ss0p95vn40c
                                                          1.330000  
U521                      AOI22_X1        NangateOpenCellLibrary_ss0p95vn40c
                                                          1.330000  
U522                      AOI22_X1        NangateOpenCellLibrary_ss0p95vn40c
                                                          1.330000  
U523                      AOI22_X1        NangateOpenCellLibrary_ss0p95vn40c
                                                          1.330000  
U524                      AOI22_X1        NangateOpenCellLibrary_ss0p95vn40c
                                                          1.330000  
U525                      AOI22_X1        NangateOpenCellLibrary_ss0p95vn40c
                                                          1.330000  
U526                      AOI22_X1        NangateOpenCellLibrary_ss0p95vn40c
                                                          1.330000  
U527                      AOI22_X1        NangateOpenCellLibrary_ss0p95vn40c
                                                          1.330000  
U528                      AOI22_X1        NangateOpenCellLibrary_ss0p95vn40c
                                                          1.330000  
U529                      AOI22_X1        NangateOpenCellLibrary_ss0p95vn40c
                                                          1.330000  
U530                      AOI22_X1        NangateOpenCellLibrary_ss0p95vn40c
                                                          1.330000  
U531                      INV_X1          NangateOpenCellLibrary_ss0p95vn40c
                                                          0.532000  
U532                      AOI22_X1        NangateOpenCellLibrary_ss0p95vn40c
                                                          1.330000  
U533                      AOI22_X1        NangateOpenCellLibrary_ss0p95vn40c
                                                          1.330000  
U534                      AOI22_X1        NangateOpenCellLibrary_ss0p95vn40c
                                                          1.330000  
U535                      AOI22_X1        NangateOpenCellLibrary_ss0p95vn40c
                                                          1.330000  
U536                      AOI22_X1        NangateOpenCellLibrary_ss0p95vn40c
                                                          1.330000  
U537                      AOI22_X1        NangateOpenCellLibrary_ss0p95vn40c
                                                          1.330000  
U538                      AOI22_X1        NangateOpenCellLibrary_ss0p95vn40c
                                                          1.330000  
U539                      AOI22_X1        NangateOpenCellLibrary_ss0p95vn40c
                                                          1.330000  
U540                      AOI22_X1        NangateOpenCellLibrary_ss0p95vn40c
                                                          1.330000  
U541                      AOI21_X1        NangateOpenCellLibrary_ss0p95vn40c
                                                          1.064000  
U542                      NOR4_X1         NangateOpenCellLibrary_ss0p95vn40c
                                                          1.330000  
U543                      AOI211_X1       NangateOpenCellLibrary_ss0p95vn40c
                                                          1.330000  
U544                      NOR4_X1         NangateOpenCellLibrary_ss0p95vn40c
                                                          1.330000  
U545                      OAI22_X1        NangateOpenCellLibrary_ss0p95vn40c
                                                          1.330000  
U546                      INV_X1          NangateOpenCellLibrary_ss0p95vn40c
                                                          0.532000  
U547                      OAI22_X1        NangateOpenCellLibrary_ss0p95vn40c
                                                          1.330000  
U548                      OAI22_X1        NangateOpenCellLibrary_ss0p95vn40c
                                                          1.330000  
U549                      OAI22_X1        NangateOpenCellLibrary_ss0p95vn40c
                                                          1.330000  
U550                      OAI22_X1        NangateOpenCellLibrary_ss0p95vn40c
                                                          1.330000  
U551                      OAI22_X1        NangateOpenCellLibrary_ss0p95vn40c
                                                          1.330000  
U552                      INV_X1          NangateOpenCellLibrary_ss0p95vn40c
                                                          0.532000  
U553                      OAI22_X1        NangateOpenCellLibrary_ss0p95vn40c
                                                          1.330000  
U554                      INV_X1          NangateOpenCellLibrary_ss0p95vn40c
                                                          0.532000  
U555                      OAI22_X1        NangateOpenCellLibrary_ss0p95vn40c
                                                          1.330000  
U556                      INV_X1          NangateOpenCellLibrary_ss0p95vn40c
                                                          0.532000  
U557                      OAI22_X1        NangateOpenCellLibrary_ss0p95vn40c
                                                          1.330000  
U558                      OAI22_X1        NangateOpenCellLibrary_ss0p95vn40c
                                                          1.330000  
U559                      OAI22_X1        NangateOpenCellLibrary_ss0p95vn40c
                                                          1.330000  
U560                      OAI22_X1        NangateOpenCellLibrary_ss0p95vn40c
                                                          1.330000  
U561                      OAI22_X1        NangateOpenCellLibrary_ss0p95vn40c
                                                          1.330000  
U562                      INV_X1          NangateOpenCellLibrary_ss0p95vn40c
                                                          0.532000  
U563                      OAI22_X1        NangateOpenCellLibrary_ss0p95vn40c
                                                          1.330000  
U564                      INV_X1          NangateOpenCellLibrary_ss0p95vn40c
                                                          0.532000  
U565                      OAI22_X1        NangateOpenCellLibrary_ss0p95vn40c
                                                          1.330000  
U566                      OAI22_X1        NangateOpenCellLibrary_ss0p95vn40c
                                                          1.330000  
U567                      OAI22_X1        NangateOpenCellLibrary_ss0p95vn40c
                                                          1.330000  
U569                      OAI22_X1        NangateOpenCellLibrary_ss0p95vn40c
                                                          1.330000  
U570                      OAI22_X1        NangateOpenCellLibrary_ss0p95vn40c
                                                          1.330000  
U571                      OAI22_X1        NangateOpenCellLibrary_ss0p95vn40c
                                                          1.330000  
U572                      OAI22_X1        NangateOpenCellLibrary_ss0p95vn40c
                                                          1.330000  
U573                      INV_X1          NangateOpenCellLibrary_ss0p95vn40c
                                                          0.532000  
U574                      OAI22_X1        NangateOpenCellLibrary_ss0p95vn40c
                                                          1.330000  
U575                      INV_X1          NangateOpenCellLibrary_ss0p95vn40c
                                                          0.532000  
U576                      AOI22_X1        NangateOpenCellLibrary_ss0p95vn40c
                                                          1.330000  
U577                      AOI22_X1        NangateOpenCellLibrary_ss0p95vn40c
                                                          1.330000  
U578                      AOI22_X1        NangateOpenCellLibrary_ss0p95vn40c
                                                          1.330000  
U579                      NAND2_X4        NangateOpenCellLibrary_ss0p95vn40c
                                                          2.394000  
U580                      AOI22_X1        NangateOpenCellLibrary_ss0p95vn40c
                                                          1.330000  
U581                      AOI22_X1        NangateOpenCellLibrary_ss0p95vn40c
                                                          1.330000  
U582                      AOI22_X1        NangateOpenCellLibrary_ss0p95vn40c
                                                          1.330000  
U583                      AOI22_X1        NangateOpenCellLibrary_ss0p95vn40c
                                                          1.330000  
U584                      AOI22_X1        NangateOpenCellLibrary_ss0p95vn40c
                                                          1.330000  
U585                      AOI22_X1        NangateOpenCellLibrary_ss0p95vn40c
                                                          1.330000  
U588                      AOI22_X1        NangateOpenCellLibrary_ss0p95vn40c
                                                          1.330000  
U596                      INV_X1          NangateOpenCellLibrary_ss0p95vn40c
                                                          0.532000  
U597                      INV_X1          NangateOpenCellLibrary_ss0p95vn40c
                                                          0.532000  
U598                      OAI21_X1        NangateOpenCellLibrary_ss0p95vn40c
                                                          1.064000  
U599                      NAND4_X1        NangateOpenCellLibrary_ss0p95vn40c
                                                          1.330000  
U600                      NAND4_X1        NangateOpenCellLibrary_ss0p95vn40c
                                                          1.330000  
U601                      AOI22_X1        NangateOpenCellLibrary_ss0p95vn40c
                                                          1.330000  
U603                      NAND4_X1        NangateOpenCellLibrary_ss0p95vn40c
                                                          1.330000  
U604                      NOR2_X1         NangateOpenCellLibrary_ss0p95vn40c
                                                          0.798000  
U605                      NOR2_X1         NangateOpenCellLibrary_ss0p95vn40c
                                                          0.798000  
U606                      AOI21_X1        NangateOpenCellLibrary_ss0p95vn40c
                                                          1.064000  
U607                      NOR4_X1         NangateOpenCellLibrary_ss0p95vn40c
                                                          1.330000  
U608                      INV_X1          NangateOpenCellLibrary_ss0p95vn40c
                                                          0.532000  
U609                      AOI21_X1        NangateOpenCellLibrary_ss0p95vn40c
                                                          1.064000  
U610                      NOR3_X1         NangateOpenCellLibrary_ss0p95vn40c
                                                          1.064000  
U611                      AOI211_X1       NangateOpenCellLibrary_ss0p95vn40c
                                                          1.330000  
U612                      INV_X1          NangateOpenCellLibrary_ss0p95vn40c
                                                          0.532000  
U613                      AOI21_X1        NangateOpenCellLibrary_ss0p95vn40c
                                                          1.064000  
U614                      AOI211_X1       NangateOpenCellLibrary_ss0p95vn40c
                                                          1.330000  
U615                      AOI221_X1       NangateOpenCellLibrary_ss0p95vn40c
                                                          1.596000  
U616                      INV_X1          NangateOpenCellLibrary_ss0p95vn40c
                                                          0.532000  
U617                      INV_X1          NangateOpenCellLibrary_ss0p95vn40c
                                                          0.532000  
U618                      INV_X1          NangateOpenCellLibrary_ss0p95vn40c
                                                          0.532000  
U619                      NOR2_X1         NangateOpenCellLibrary_ss0p95vn40c
                                                          0.798000  
U620                      NOR3_X1         NangateOpenCellLibrary_ss0p95vn40c
                                                          1.064000  
U621                      NOR3_X1         NangateOpenCellLibrary_ss0p95vn40c
                                                          1.064000  
U622                      INV_X1          NangateOpenCellLibrary_ss0p95vn40c
                                                          0.532000  
U623                      INV_X1          NangateOpenCellLibrary_ss0p95vn40c
                                                          0.532000  
U624                      AOI22_X1        NangateOpenCellLibrary_ss0p95vn40c
                                                          1.330000  
U629                      OAI22_X1        NangateOpenCellLibrary_ss0p95vn40c
                                                          1.330000  
U630                      OAI22_X1        NangateOpenCellLibrary_ss0p95vn40c
                                                          1.330000  
U631                      AOI22_X1        NangateOpenCellLibrary_ss0p95vn40c
                                                          1.330000  
U632                      OAI22_X1        NangateOpenCellLibrary_ss0p95vn40c
                                                          1.330000  
U633                      OAI22_X1        NangateOpenCellLibrary_ss0p95vn40c
                                                          1.330000  
U634                      OAI22_X1        NangateOpenCellLibrary_ss0p95vn40c
                                                          1.330000  
U635                      OAI22_X1        NangateOpenCellLibrary_ss0p95vn40c
                                                          1.330000  
U636                      OAI22_X1        NangateOpenCellLibrary_ss0p95vn40c
                                                          1.330000  
U637                      OAI22_X1        NangateOpenCellLibrary_ss0p95vn40c
                                                          1.330000  
U638                      OAI22_X1        NangateOpenCellLibrary_ss0p95vn40c
                                                          1.330000  
U639                      OAI22_X1        NangateOpenCellLibrary_ss0p95vn40c
                                                          1.330000  
U640                      OAI22_X1        NangateOpenCellLibrary_ss0p95vn40c
                                                          1.330000  
U641                      OAI22_X1        NangateOpenCellLibrary_ss0p95vn40c
                                                          1.330000  
U642                      OAI22_X1        NangateOpenCellLibrary_ss0p95vn40c
                                                          1.330000  
U643                      OAI22_X1        NangateOpenCellLibrary_ss0p95vn40c
                                                          1.330000  
U644                      OAI22_X1        NangateOpenCellLibrary_ss0p95vn40c
                                                          1.330000  
U645                      OAI22_X1        NangateOpenCellLibrary_ss0p95vn40c
                                                          1.330000  
U646                      OAI22_X1        NangateOpenCellLibrary_ss0p95vn40c
                                                          1.330000  
U647                      AOI22_X1        NangateOpenCellLibrary_ss0p95vn40c
                                                          1.330000  
U648                      OAI22_X1        NangateOpenCellLibrary_ss0p95vn40c
                                                          1.330000  
U649                      OAI22_X1        NangateOpenCellLibrary_ss0p95vn40c
                                                          1.330000  
U650                      OAI22_X1        NangateOpenCellLibrary_ss0p95vn40c
                                                          1.330000  
U651                      OAI22_X1        NangateOpenCellLibrary_ss0p95vn40c
                                                          1.330000  
U652                      OAI22_X1        NangateOpenCellLibrary_ss0p95vn40c
                                                          1.330000  
U653                      OAI22_X1        NangateOpenCellLibrary_ss0p95vn40c
                                                          1.330000  
U654                      OAI22_X1        NangateOpenCellLibrary_ss0p95vn40c
                                                          1.330000  
U655                      OAI22_X1        NangateOpenCellLibrary_ss0p95vn40c
                                                          1.330000  
U656                      AND3_X1         NangateOpenCellLibrary_ss0p95vn40c
                                                          1.330000  
U657                      AOI22_X1        NangateOpenCellLibrary_ss0p95vn40c
                                                          1.330000  
U658                      OAI22_X1        NangateOpenCellLibrary_ss0p95vn40c
                                                          1.330000  
U659                      OAI22_X1        NangateOpenCellLibrary_ss0p95vn40c
                                                          1.330000  
U660                      OAI22_X1        NangateOpenCellLibrary_ss0p95vn40c
                                                          1.330000  
U661                      OAI22_X1        NangateOpenCellLibrary_ss0p95vn40c
                                                          1.330000  
U662                      OAI22_X1        NangateOpenCellLibrary_ss0p95vn40c
                                                          1.330000  
U663                      OAI22_X1        NangateOpenCellLibrary_ss0p95vn40c
                                                          1.330000  
U664                      OAI22_X1        NangateOpenCellLibrary_ss0p95vn40c
                                                          1.330000  
U665                      OAI22_X1        NangateOpenCellLibrary_ss0p95vn40c
                                                          1.330000  
U666                      OAI22_X1        NangateOpenCellLibrary_ss0p95vn40c
                                                          1.330000  
U667                      OAI22_X1        NangateOpenCellLibrary_ss0p95vn40c
                                                          1.330000  
U668                      NOR2_X2         NangateOpenCellLibrary_ss0p95vn40c
                                                          1.330000  
U669                      NOR2_X2         NangateOpenCellLibrary_ss0p95vn40c
                                                          1.330000  
U670                      NOR2_X2         NangateOpenCellLibrary_ss0p95vn40c
                                                          1.330000  
U671                      NOR2_X2         NangateOpenCellLibrary_ss0p95vn40c
                                                          1.330000  
U672                      NOR2_X2         NangateOpenCellLibrary_ss0p95vn40c
                                                          1.330000  
U673                      NOR2_X2         NangateOpenCellLibrary_ss0p95vn40c
                                                          1.330000  
U674                      NOR2_X2         NangateOpenCellLibrary_ss0p95vn40c
                                                          1.330000  
U675                      NOR2_X2         NangateOpenCellLibrary_ss0p95vn40c
                                                          1.330000  
U676                      OAI22_X1        NangateOpenCellLibrary_ss0p95vn40c
                                                          1.330000  
U677                      OAI22_X4        NangateOpenCellLibrary_ss0p95vn40c
                                                          4.522000  
U678                      OAI22_X1        NangateOpenCellLibrary_ss0p95vn40c
                                                          1.330000  
U679                      OAI22_X1        NangateOpenCellLibrary_ss0p95vn40c
                                                          1.330000  
U680                      OAI22_X1        NangateOpenCellLibrary_ss0p95vn40c
                                                          1.330000  
U681                      OAI22_X1        NangateOpenCellLibrary_ss0p95vn40c
                                                          1.330000  
U682                      OAI22_X1        NangateOpenCellLibrary_ss0p95vn40c
                                                          1.330000  
U683                      OAI22_X1        NangateOpenCellLibrary_ss0p95vn40c
                                                          1.330000  
U684                      OAI22_X1        NangateOpenCellLibrary_ss0p95vn40c
                                                          1.330000  
U685                      OAI22_X1        NangateOpenCellLibrary_ss0p95vn40c
                                                          1.330000  
U686                      OAI22_X1        NangateOpenCellLibrary_ss0p95vn40c
                                                          1.330000  
U687                      OAI22_X1        NangateOpenCellLibrary_ss0p95vn40c
                                                          1.330000  
U688                      OAI22_X1        NangateOpenCellLibrary_ss0p95vn40c
                                                          1.330000  
U689                      OAI22_X1        NangateOpenCellLibrary_ss0p95vn40c
                                                          1.330000  
U690                      AOI22_X1        NangateOpenCellLibrary_ss0p95vn40c
                                                          1.330000  
U691                      NOR2_X4         NangateOpenCellLibrary_ss0p95vn40c
                                                          2.394000  
U692                      OAI22_X1        NangateOpenCellLibrary_ss0p95vn40c
                                                          1.330000  
U693                      OAI22_X1        NangateOpenCellLibrary_ss0p95vn40c
                                                          1.330000  
U694                      OAI22_X1        NangateOpenCellLibrary_ss0p95vn40c
                                                          1.330000  
U695                      OAI22_X1        NangateOpenCellLibrary_ss0p95vn40c
                                                          1.330000  
U696                      NOR4_X1         NangateOpenCellLibrary_ss0p95vn40c
                                                          1.330000  
U697                      NAND4_X1        NangateOpenCellLibrary_ss0p95vn40c
                                                          1.330000  
U698                      NAND4_X1        NangateOpenCellLibrary_ss0p95vn40c
                                                          1.330000  
U699                      NAND4_X1        NangateOpenCellLibrary_ss0p95vn40c
                                                          1.330000  
U700                      NOR4_X1         NangateOpenCellLibrary_ss0p95vn40c
                                                          1.330000  
U701                      NAND4_X1        NangateOpenCellLibrary_ss0p95vn40c
                                                          1.330000  
U702                      NAND4_X1        NangateOpenCellLibrary_ss0p95vn40c
                                                          1.330000  
U703                      NAND4_X1        NangateOpenCellLibrary_ss0p95vn40c
                                                          1.330000  
U704                      NOR4_X1         NangateOpenCellLibrary_ss0p95vn40c
                                                          1.330000  
U705                      NOR4_X1         NangateOpenCellLibrary_ss0p95vn40c
                                                          1.330000  
U706                      NOR4_X1         NangateOpenCellLibrary_ss0p95vn40c
                                                          1.330000  
U707                      NOR4_X1         NangateOpenCellLibrary_ss0p95vn40c
                                                          1.330000  
U708                      NAND4_X1        NangateOpenCellLibrary_ss0p95vn40c
                                                          1.330000  
U709                      NAND4_X1        NangateOpenCellLibrary_ss0p95vn40c
                                                          1.330000  
U710                      NOR4_X1         NangateOpenCellLibrary_ss0p95vn40c
                                                          1.330000  
U711                      NAND4_X1        NangateOpenCellLibrary_ss0p95vn40c
                                                          1.330000  
U712                      NOR4_X1         NangateOpenCellLibrary_ss0p95vn40c
                                                          1.330000  
U713                      NAND4_X1        NangateOpenCellLibrary_ss0p95vn40c
                                                          1.330000  
U715                      AND2_X1         NangateOpenCellLibrary_ss0p95vn40c
                                                          1.064000  
U716                      AND2_X1         NangateOpenCellLibrary_ss0p95vn40c
                                                          1.064000  
U717                      AND2_X1         NangateOpenCellLibrary_ss0p95vn40c
                                                          1.064000  
U718                      AND3_X1         NangateOpenCellLibrary_ss0p95vn40c
                                                          1.330000  
U719                      OAI221_X1       NangateOpenCellLibrary_ss0p95vn40c
                                                          1.596000  
U720                      NOR3_X1         NangateOpenCellLibrary_ss0p95vn40c
                                                          1.064000  
U723                      OAI22_X1        NangateOpenCellLibrary_ss0p95vn40c
                                                          1.330000  
U724                      AOI22_X1        NangateOpenCellLibrary_ss0p95vn40c
                                                          1.330000  
U725                      OAI21_X2        NangateOpenCellLibrary_ss0p95vn40c
                                                          1.862000  
U726                      OAI21_X1        NangateOpenCellLibrary_ss0p95vn40c
                                                          1.064000  
U753                      AND3_X1         NangateOpenCellLibrary_ss0p95vn40c
                                                          1.330000  
U754                      AOI22_X1        NangateOpenCellLibrary_ss0p95vn40c
                                                          1.330000  
U755                      INV_X1          NangateOpenCellLibrary_ss0p95vn40c
                                                          0.532000  
U756                      INV_X1          NangateOpenCellLibrary_ss0p95vn40c
                                                          0.532000  
U757                      NOR2_X1         NangateOpenCellLibrary_ss0p95vn40c
                                                          0.798000  
U758                      NOR2_X1         NangateOpenCellLibrary_ss0p95vn40c
                                                          0.798000  
U759                      AOI211_X2       NangateOpenCellLibrary_ss0p95vn40c
                                                          2.394000  
U760                      INV_X1          NangateOpenCellLibrary_ss0p95vn40c
                                                          0.532000  
U761                      NOR3_X1         NangateOpenCellLibrary_ss0p95vn40c
                                                          1.064000  
U762                      NAND2_X1        NangateOpenCellLibrary_ss0p95vn40c
                                                          0.798000  
U763                      AOI221_X1       NangateOpenCellLibrary_ss0p95vn40c
                                                          1.596000  
U764                      NAND3_X1        NangateOpenCellLibrary_ss0p95vn40c
                                                          1.064000  
U765                      NAND2_X1        NangateOpenCellLibrary_ss0p95vn40c
                                                          0.798000  
U766                      NAND3_X1        NangateOpenCellLibrary_ss0p95vn40c
                                                          1.064000  
U767                      NAND3_X1        NangateOpenCellLibrary_ss0p95vn40c
                                                          1.064000  
U768                      OAI22_X1        NangateOpenCellLibrary_ss0p95vn40c
                                                          1.330000  
U769                      OAI22_X1        NangateOpenCellLibrary_ss0p95vn40c
                                                          1.330000  
U770                      OAI22_X1        NangateOpenCellLibrary_ss0p95vn40c
                                                          1.330000  
U771                      INV_X1          NangateOpenCellLibrary_ss0p95vn40c
                                                          0.532000  
U772                      NOR3_X1         NangateOpenCellLibrary_ss0p95vn40c
                                                          1.064000  
U773                      NOR3_X1         NangateOpenCellLibrary_ss0p95vn40c
                                                          1.064000  
U774                      NAND2_X1        NangateOpenCellLibrary_ss0p95vn40c
                                                          0.798000  
U775                      OAI22_X1        NangateOpenCellLibrary_ss0p95vn40c
                                                          1.330000  
U776                      NAND3_X1        NangateOpenCellLibrary_ss0p95vn40c
                                                          1.064000  
U777                      NOR3_X1         NangateOpenCellLibrary_ss0p95vn40c
                                                          1.064000  
U778                      AND2_X1         NangateOpenCellLibrary_ss0p95vn40c
                                                          1.064000  
U779                      AND2_X1         NangateOpenCellLibrary_ss0p95vn40c
                                                          1.064000  
U780                      NAND3_X1        NangateOpenCellLibrary_ss0p95vn40c
                                                          1.064000  
U781                      AND2_X1         NangateOpenCellLibrary_ss0p95vn40c
                                                          1.064000  
U782                      OAI22_X1        NangateOpenCellLibrary_ss0p95vn40c
                                                          1.330000  
U783                      AND3_X1         NangateOpenCellLibrary_ss0p95vn40c
                                                          1.330000  
U784                      OAI21_X1        NangateOpenCellLibrary_ss0p95vn40c
                                                          1.064000  
U785                      NOR3_X1         NangateOpenCellLibrary_ss0p95vn40c
                                                          1.064000  
U786                      AOI211_X1       NangateOpenCellLibrary_ss0p95vn40c
                                                          1.330000  
U787                      OAI21_X1        NangateOpenCellLibrary_ss0p95vn40c
                                                          1.064000  
U788                      NAND3_X1        NangateOpenCellLibrary_ss0p95vn40c
                                                          1.064000  
U789                      INV_X1          NangateOpenCellLibrary_ss0p95vn40c
                                                          0.532000  
U790                      NOR2_X1         NangateOpenCellLibrary_ss0p95vn40c
                                                          0.798000  
U791                      AND2_X1         NangateOpenCellLibrary_ss0p95vn40c
                                                          1.064000  
U792                      NOR3_X1         NangateOpenCellLibrary_ss0p95vn40c
                                                          1.064000  
U793                      NAND3_X1        NangateOpenCellLibrary_ss0p95vn40c
                                                          1.064000  
U794                      NAND2_X1        NangateOpenCellLibrary_ss0p95vn40c
                                                          0.798000  
U798                      NOR2_X1         NangateOpenCellLibrary_ss0p95vn40c
                                                          0.798000  
U799                      AOI21_X1        NangateOpenCellLibrary_ss0p95vn40c
                                                          1.064000  
U800                      OAI22_X1        NangateOpenCellLibrary_ss0p95vn40c
                                                          1.330000  
add_66                    floating_point_adder_sequential_DW01_add_0
                                                          101.346001
                                                                    h
add_96                    floating_point_adder_sequential_DW01_inc_0
                                                          18.088000 h
reg_a_reg_0_              DFF_X1          NangateOpenCellLibrary_ss0p95vn40c
                                                          4.522000  n
reg_a_reg_1_              DFF_X1          NangateOpenCellLibrary_ss0p95vn40c
                                                          4.522000  n
reg_a_reg_2_              DFF_X1          NangateOpenCellLibrary_ss0p95vn40c
                                                          4.522000  n
reg_a_reg_3_              DFF_X1          NangateOpenCellLibrary_ss0p95vn40c
                                                          4.522000  n
reg_a_reg_4_              DFF_X1          NangateOpenCellLibrary_ss0p95vn40c
                                                          4.522000  n
reg_a_reg_5_              DFF_X1          NangateOpenCellLibrary_ss0p95vn40c
                                                          4.522000  n
reg_a_reg_6_              DFF_X1          NangateOpenCellLibrary_ss0p95vn40c
                                                          4.522000  n
reg_a_reg_7_              DFF_X1          NangateOpenCellLibrary_ss0p95vn40c
                                                          4.522000  n
reg_a_reg_8_              DFF_X1          NangateOpenCellLibrary_ss0p95vn40c
                                                          4.522000  n
reg_a_reg_9_              DFF_X1          NangateOpenCellLibrary_ss0p95vn40c
                                                          4.522000  n
reg_a_reg_10_             DFF_X1          NangateOpenCellLibrary_ss0p95vn40c
                                                          4.522000  n
reg_a_reg_11_             DFF_X1          NangateOpenCellLibrary_ss0p95vn40c
                                                          4.522000  n
reg_a_reg_12_             DFF_X1          NangateOpenCellLibrary_ss0p95vn40c
                                                          4.522000  n
reg_a_reg_13_             DFF_X1          NangateOpenCellLibrary_ss0p95vn40c
                                                          4.522000  n
reg_a_reg_14_             DFF_X1          NangateOpenCellLibrary_ss0p95vn40c
                                                          4.522000  n
reg_a_reg_15_             DFF_X1          NangateOpenCellLibrary_ss0p95vn40c
                                                          4.522000  n
reg_a_reg_16_             DFF_X1          NangateOpenCellLibrary_ss0p95vn40c
                                                          4.522000  n
reg_a_reg_17_             DFF_X1          NangateOpenCellLibrary_ss0p95vn40c
                                                          4.522000  n
reg_a_reg_18_             DFF_X1          NangateOpenCellLibrary_ss0p95vn40c
                                                          4.522000  n
reg_a_reg_19_             DFF_X1          NangateOpenCellLibrary_ss0p95vn40c
                                                          4.522000  n
reg_a_reg_20_             DFF_X1          NangateOpenCellLibrary_ss0p95vn40c
                                                          4.522000  n
reg_a_reg_21_             DFF_X1          NangateOpenCellLibrary_ss0p95vn40c
                                                          4.522000  n
reg_a_reg_22_             DFF_X1          NangateOpenCellLibrary_ss0p95vn40c
                                                          4.522000  n
reg_a_reg_23_             DFF_X1          NangateOpenCellLibrary_ss0p95vn40c
                                                          4.522000  n
reg_a_reg_24_             DFF_X1          NangateOpenCellLibrary_ss0p95vn40c
                                                          4.522000  n
reg_a_reg_25_             DFF_X1          NangateOpenCellLibrary_ss0p95vn40c
                                                          4.522000  n
reg_a_reg_26_             DFF_X1          NangateOpenCellLibrary_ss0p95vn40c
                                                          4.522000  n
reg_a_reg_27_             DFF_X1          NangateOpenCellLibrary_ss0p95vn40c
                                                          4.522000  n
reg_a_reg_28_             DFF_X1          NangateOpenCellLibrary_ss0p95vn40c
                                                          4.522000  n
reg_a_reg_29_             DFF_X1          NangateOpenCellLibrary_ss0p95vn40c
                                                          4.522000  n
reg_a_reg_30_             DFF_X1          NangateOpenCellLibrary_ss0p95vn40c
                                                          4.522000  n
reg_a_reg_31_             DFF_X1          NangateOpenCellLibrary_ss0p95vn40c
                                                          4.522000  n
reg_b_reg_0_              DFF_X1          NangateOpenCellLibrary_ss0p95vn40c
                                                          4.522000  n
reg_b_reg_1_              DFF_X1          NangateOpenCellLibrary_ss0p95vn40c
                                                          4.522000  n
reg_b_reg_2_              DFF_X1          NangateOpenCellLibrary_ss0p95vn40c
                                                          4.522000  n
reg_b_reg_3_              DFF_X1          NangateOpenCellLibrary_ss0p95vn40c
                                                          4.522000  n
reg_b_reg_4_              DFF_X1          NangateOpenCellLibrary_ss0p95vn40c
                                                          4.522000  n
reg_b_reg_5_              DFF_X1          NangateOpenCellLibrary_ss0p95vn40c
                                                          4.522000  n
reg_b_reg_6_              DFF_X1          NangateOpenCellLibrary_ss0p95vn40c
                                                          4.522000  n
reg_b_reg_7_              DFF_X1          NangateOpenCellLibrary_ss0p95vn40c
                                                          4.522000  n
reg_b_reg_8_              DFF_X1          NangateOpenCellLibrary_ss0p95vn40c
                                                          4.522000  n
reg_b_reg_9_              DFF_X1          NangateOpenCellLibrary_ss0p95vn40c
                                                          4.522000  n
reg_b_reg_10_             DFF_X1          NangateOpenCellLibrary_ss0p95vn40c
                                                          4.522000  n
reg_b_reg_11_             DFF_X1          NangateOpenCellLibrary_ss0p95vn40c
                                                          4.522000  n
reg_b_reg_12_             DFF_X1          NangateOpenCellLibrary_ss0p95vn40c
                                                          4.522000  n
reg_b_reg_13_             DFF_X1          NangateOpenCellLibrary_ss0p95vn40c
                                                          4.522000  n
reg_b_reg_14_             DFF_X1          NangateOpenCellLibrary_ss0p95vn40c
                                                          4.522000  n
reg_b_reg_15_             DFF_X1          NangateOpenCellLibrary_ss0p95vn40c
                                                          4.522000  n
reg_b_reg_16_             DFF_X1          NangateOpenCellLibrary_ss0p95vn40c
                                                          4.522000  n
reg_b_reg_17_             DFF_X1          NangateOpenCellLibrary_ss0p95vn40c
                                                          4.522000  n
reg_b_reg_18_             DFF_X1          NangateOpenCellLibrary_ss0p95vn40c
                                                          4.522000  n
reg_b_reg_19_             DFF_X1          NangateOpenCellLibrary_ss0p95vn40c
                                                          4.522000  n
reg_b_reg_20_             DFF_X1          NangateOpenCellLibrary_ss0p95vn40c
                                                          4.522000  n
reg_b_reg_21_             DFF_X1          NangateOpenCellLibrary_ss0p95vn40c
                                                          4.522000  n
reg_b_reg_22_             DFF_X1          NangateOpenCellLibrary_ss0p95vn40c
                                                          4.522000  n
reg_b_reg_23_             DFF_X1          NangateOpenCellLibrary_ss0p95vn40c
                                                          4.522000  n
reg_b_reg_24_             DFF_X1          NangateOpenCellLibrary_ss0p95vn40c
                                                          4.522000  n
reg_b_reg_25_             DFF_X1          NangateOpenCellLibrary_ss0p95vn40c
                                                          4.522000  n
reg_b_reg_26_             DFF_X1          NangateOpenCellLibrary_ss0p95vn40c
                                                          4.522000  n
reg_b_reg_27_             DFF_X1          NangateOpenCellLibrary_ss0p95vn40c
                                                          4.522000  n
reg_b_reg_28_             DFF_X1          NangateOpenCellLibrary_ss0p95vn40c
                                                          4.522000  n
reg_b_reg_29_             DFF_X1          NangateOpenCellLibrary_ss0p95vn40c
                                                          4.522000  n
reg_b_reg_30_             DFF_X1          NangateOpenCellLibrary_ss0p95vn40c
                                                          4.522000  n
reg_b_reg_31_             DFF_X1          NangateOpenCellLibrary_ss0p95vn40c
                                                          4.522000  n
reg_overflow_reg          DFF_X1          NangateOpenCellLibrary_ss0p95vn40c
                                                          4.522000  n
reg_result_reg_0_         DFF_X1          NangateOpenCellLibrary_ss0p95vn40c
                                                          4.522000  n
reg_result_reg_1_         DFF_X1          NangateOpenCellLibrary_ss0p95vn40c
                                                          4.522000  n
reg_result_reg_2_         DFF_X1          NangateOpenCellLibrary_ss0p95vn40c
                                                          4.522000  n
reg_result_reg_3_         DFF_X1          NangateOpenCellLibrary_ss0p95vn40c
                                                          4.522000  n
reg_result_reg_4_         DFF_X1          NangateOpenCellLibrary_ss0p95vn40c
                                                          4.522000  n
reg_result_reg_5_         DFF_X1          NangateOpenCellLibrary_ss0p95vn40c
                                                          4.522000  n
reg_result_reg_6_         DFF_X1          NangateOpenCellLibrary_ss0p95vn40c
                                                          4.522000  n
reg_result_reg_7_         DFF_X1          NangateOpenCellLibrary_ss0p95vn40c
                                                          4.522000  n
reg_result_reg_8_         DFF_X1          NangateOpenCellLibrary_ss0p95vn40c
                                                          4.522000  n
reg_result_reg_9_         DFF_X1          NangateOpenCellLibrary_ss0p95vn40c
                                                          4.522000  n
reg_result_reg_10_        DFF_X1          NangateOpenCellLibrary_ss0p95vn40c
                                                          4.522000  n
reg_result_reg_11_        DFF_X1          NangateOpenCellLibrary_ss0p95vn40c
                                                          4.522000  n
reg_result_reg_12_        DFF_X1          NangateOpenCellLibrary_ss0p95vn40c
                                                          4.522000  n
reg_result_reg_13_        DFF_X1          NangateOpenCellLibrary_ss0p95vn40c
                                                          4.522000  n
reg_result_reg_14_        DFF_X1          NangateOpenCellLibrary_ss0p95vn40c
                                                          4.522000  n
reg_result_reg_15_        DFF_X1          NangateOpenCellLibrary_ss0p95vn40c
                                                          4.522000  n
reg_result_reg_16_        DFF_X1          NangateOpenCellLibrary_ss0p95vn40c
                                                          4.522000  n
reg_result_reg_17_        DFF_X1          NangateOpenCellLibrary_ss0p95vn40c
                                                          4.522000  n
reg_result_reg_18_        DFF_X1          NangateOpenCellLibrary_ss0p95vn40c
                                                          4.522000  n
reg_result_reg_19_        DFF_X1          NangateOpenCellLibrary_ss0p95vn40c
                                                          4.522000  n
reg_result_reg_20_        DFF_X1          NangateOpenCellLibrary_ss0p95vn40c
                                                          4.522000  n
reg_result_reg_21_        DFF_X1          NangateOpenCellLibrary_ss0p95vn40c
                                                          4.522000  n
reg_result_reg_22_        DFF_X1          NangateOpenCellLibrary_ss0p95vn40c
                                                          4.522000  n
reg_result_reg_23_        DFF_X1          NangateOpenCellLibrary_ss0p95vn40c
                                                          4.522000  n
reg_result_reg_24_        DFF_X1          NangateOpenCellLibrary_ss0p95vn40c
                                                          4.522000  n
reg_result_reg_25_        DFF_X1          NangateOpenCellLibrary_ss0p95vn40c
                                                          4.522000  n
reg_result_reg_26_        DFF_X1          NangateOpenCellLibrary_ss0p95vn40c
                                                          4.522000  n
reg_result_reg_27_        DFF_X1          NangateOpenCellLibrary_ss0p95vn40c
                                                          4.522000  n
reg_result_reg_28_        DFF_X1          NangateOpenCellLibrary_ss0p95vn40c
                                                          4.522000  n
reg_result_reg_29_        DFF_X1          NangateOpenCellLibrary_ss0p95vn40c
                                                          4.522000  n
reg_result_reg_30_        DFF_X1          NangateOpenCellLibrary_ss0p95vn40c
                                                          4.522000  n
reg_result_reg_31_        DFF_X1          NangateOpenCellLibrary_ss0p95vn40c
                                                          4.522000  n
sll_99                    floating_point_adder_sequential_DW01_ash_0
                                                          213.863999
                                                                    h
srl_64                    floating_point_adder_sequential_DW_rash_0
                                                          178.486000
                                                                    h
sub_63                    floating_point_adder_sequential_DW01_sub_2
                                                          36.974000 h
sub_66                    floating_point_adder_sequential_DW01_sub_1
                                                          111.720001
                                                                    h
sub_100                   floating_point_adder_sequential_DW01_sub_0
                                                          38.304000 h
--------------------------------------------------------------------------------
Total 548 cells                                           1663.297993
1
