 
****************************************
Report : area
Design : floating_point_adder_sequential
Version: G-2012.06-ICC-SP2
Date   : Tue Dec 29 05:01:15 2015
****************************************

Library(s) Used:

    NangateOpenCellLibrary_ss0p95vn40c (File: /home/standard_cell_libraries/NangateOpenCellLibrary_PDKv1_3_v2010_12/lib/Front_End/Liberty/NLDM/NangateOpenCellLibrary_ss0p95vn40c.db)

Number of ports:                          101
Number of nets:                           783
Number of cells:                          548
Number of combinational cells:            444
Number of sequential cells:                97
Number of macros:                           0
Number of buf/inv:                        125
Number of references:                      44

Combinational area:       1224.664009
Buf/Inv area:              180.082000
Noncombinational area:     438.633984
Net Interconnect area:      undefined  (Wire load has zero net area)

Total cell area:          1663.297993
Total area:                 undefined
1
