
  Loading design 'floating_point_adder_sequential'




Information: Library Manufacturing Grid(GridResolution) : 5
Information: Time Unit from Milkyway design library: 'ns' 
Information: Design Library and main library timing units are matched - 1.000 ns. 
Information: Resistance Unit from Milkyway design library: 'kohm' 
Warning: Mismatch in the main library and the Milkyway library resistance units. In the main library it is 1000.000 kohm and in the Milkyway design library it is 1.000 kohm. Check and correct the resistance units in the .tf and .db files. (PSYN-476)
Information: Capacitance Unit from Milkyway design library: 'ff' 
Information: Design Library and main library capacitance units are matched - 0.001 pf. 
Information: The distance unit in Capacitance and Resistance is 1 micron. (RCEX-007)
Information: The RC model used is detail route TLU+. (RCEX-015)
Information: Start mixed mode parasitic extraction. (RCEX-023)
Information: Start rc extraction...
Memory usage for extraction task 105 Mbytes -- main task 360 Mbytes.
Information: Parasitic source is LPE. (RCEX-040)
Information: Parasitic mode is RealRC. (RCEX-041)
Information: Using virtual shield extraction. (RCEX-081)
Information: Extraction mode is MIN_MAX. (RCEX-042)
Information: Extraction derate is -40/-40/-40. (RCEX-043)
Information: Coupling capacitances are explicitly created. (RCEX-044)
Information: Start back annotation for parasitic extraction. (RCEX-023)
Information: End back annotation for parasitic extraction. (RCEX-023)
Information: Start timing update for parasitic extraction. (RCEX-023)
Information: End timing update for parasitic extraction. (RCEX-023)
Information: End parasitic extraction. (RCEX-023)
Information: Updating graph... (UID-83)

************************************************************
SI options:
Delta Delay Computation:           true
Static Noise Computation:          true
Timing window analysis for SI:     true
Reselection in timing window:      false
Min Delta Delay for SI:            true
Analysis Effort:                   medium
Max Transition Mode:               normal_slew
Static Noise Thresholds:           0.35 (0.33V) above low
                                   0.35 (0.33V) below high
Route xtalk prevention:            true
Route xtalk prevention threshold:  0.35
************************************************************

Information: Updating design information... (UID-85)

************************************************************
SI options:
Delta Delay Computation:           true
Static Noise Computation:          true
Timing window analysis for SI:     true
Reselection in timing window:      false
Min Delta Delay for SI:            true
Analysis Effort:                   medium
Max Transition Mode:               normal_slew
Static Noise Thresholds:           0.35 (0.33V) above low
                                   0.35 (0.33V) below high
Route xtalk prevention:            true
Route xtalk prevention threshold:  0.35
************************************************************

Information: Input delay ('fall') on clock port 'clk' will be added to the clock's propagated skew. (TIM-112)
Information: Input delay ('rise') on clock port 'clk' will be added to the clock's propagated skew. (TIM-112)
Information: Input delay ('rise') on clock port 'clk' will be added to the clock's propagated skew. (TIM-112)
Information: Input delay ('fall') on clock port 'clk' will be added to the clock's propagated skew. (TIM-112)
Information: Total 1215 nets in the design, 1196 nets have timing window. (TIM-180)
Information: Input delay ('fall') on clock port 'clk' will be added to the clock's propagated skew. (TIM-112)
Information: Input delay ('rise') on clock port 'clk' will be added to the clock's propagated skew. (TIM-112)
Information: Input delay ('rise') on clock port 'clk' will be added to the clock's propagated skew. (TIM-112)
Information: Input delay ('fall') on clock port 'clk' will be added to the clock's propagated skew. (TIM-112)
 
****************************************
Report : qor
Design : floating_point_adder_sequential
Version: G-2012.06-ICC-SP2
Date   : Tue Dec 29 05:01:16 2015
****************************************


  Timing Path Group 'clk'
  -----------------------------------
  Levels of Logic:               1.00
  Critical Path Length:          0.07
  Critical Path Slack:         -15.32
  Critical Path Clk Period:      5.00
  Total Negative Slack:      -1983.25
  No. of Violating Paths:      130.00
  Worst Hold Violation:         -0.02
  Total Hold Violation:         -0.02
  No. of Hold Violations:        2.00
  -----------------------------------


  Cell Count
  -----------------------------------
  Hierarchical Cell Count:          7
  Hierarchical Port Count:        350
  Leaf Cell Count:                969
  Buf/Inv Cell Count:             226
  CT Buf/Inv Cell Count:            3
  Combinational Cell Count:       872
  Sequential Cell Count:           97
  Macro Count:                      0
  -----------------------------------


  Area
  -----------------------------------
  Combinational Area:     1224.664009
  Noncombinational Area:   438.633984
  Buf/Inv Area:            180.082000
  Net Area:                  0.000000
  Net XLength        :        6059.41
  Net YLength        :        7717.29
  -----------------------------------
  Cell Area:              1663.297993
  Design Area:            1663.297993
  Net Length        :        13776.70


  Design Rules
  -----------------------------------
  Total Number of Nets:          1156
  Nets With Violations:             0
  Max Trans Violations:             0
  Max Cap Violations:               0
  -----------------------------------


  Hostname: localhost.localdomain

  Compile CPU Statistics
  -----------------------------------------
  Resource Sharing:                    0.00
  Logic Optimization:                  0.00
  Mapping Optimization:                3.58
  -----------------------------------------
  Overall Compile Time:                3.61
  Overall Compile Wall Clock Time:     3.83

1
