====================================================================================================
| Flow Information                                                                                 |
----------------------------------------------------------------------------------------------------
| Flow         | Design Compiler                                                                   |
====================================================================================================
| Design Information                                      | Value                                  |
====================================================================================================
| Number of Scenarios                                     | 0                                      |
| Leaf Cell Count                                         | 440                                    |
| Number of User Hierarchies                              | 0                                      |
| Sequential Cell Count                                   | 0                                      |
| Macro Count                                             | 0                                      |
| Number of Power Domains                                 | 0                                      |
| Number of Path Groups                                   | 1                                      |
| Number of VT Class                                      | 1                                      |
| Number of Clocks                                        | 0                                      |
| Number of Dont Touch Cells                              | 189                                    |
| Number of Dont Touch Nets                               | 0                                      |
| Number of Size Only Cells                               | 0                                      |
| Design with UPF Data                                    | false                                  |
====================================================================================================

Information: There are 64 potential problems in your design. Please run 'check_design' for more information. (LINT-99)



  Beginning Pass 1 Mapping
  ------------------------
  Processing 'booth_multiplier'

  Updating timing information
Information: Updating design information... (UID-85)
Information: Design 'booth_multiplier' has no optimization constraints set. (OPT-108)

  Beginning Implementation Selection
  ----------------------------------
  Processing 'booth_multiplier_DW01_sub_0'
  Processing 'booth_multiplier_DW01_add_0'
  Processing 'booth_multiplier_DW01_sub_1'
  Processing 'booth_multiplier_DW01_add_1'
  Processing 'booth_multiplier_DW01_sub_2'
  Processing 'booth_multiplier_DW01_add_2'
  Processing 'booth_multiplier_DW01_sub_3'
  Processing 'booth_multiplier_DW01_add_3'
  Processing 'booth_multiplier_DW01_sub_4'
  Processing 'booth_multiplier_DW01_add_4'
  Processing 'booth_multiplier_DW01_sub_5'
  Processing 'booth_multiplier_DW01_add_5'
  Processing 'booth_multiplier_DW01_sub_6'
  Processing 'booth_multiplier_DW01_add_6'
  Processing 'booth_multiplier_DW01_sub_7'
  Processing 'booth_multiplier_DW01_add_7'
  Processing 'booth_multiplier_DW01_sub_8'
  Processing 'booth_multiplier_DW01_add_8'
  Processing 'booth_multiplier_DW01_sub_9'
  Processing 'booth_multiplier_DW01_add_9'
  Processing 'booth_multiplier_DW01_sub_10'
  Processing 'booth_multiplier_DW01_add_10'
  Processing 'booth_multiplier_DW01_sub_11'
  Processing 'booth_multiplier_DW01_add_11'
  Processing 'booth_multiplier_DW01_sub_12'
  Processing 'booth_multiplier_DW01_add_12'
  Processing 'booth_multiplier_DW01_sub_13'
  Processing 'booth_multiplier_DW01_add_13'
  Processing 'booth_multiplier_DW01_sub_14'
  Processing 'booth_multiplier_DW01_add_14'
  Processing 'booth_multiplier_DW01_sub_15'
  Processing 'booth_multiplier_DW01_add_15'
  Processing 'booth_multiplier_DW01_sub_16'
  Processing 'booth_multiplier_DW01_add_16'
  Processing 'booth_multiplier_DW01_sub_17'
  Processing 'booth_multiplier_DW01_add_17'
  Processing 'booth_multiplier_DW01_sub_18'
  Processing 'booth_multiplier_DW01_add_18'
  Processing 'booth_multiplier_DW01_sub_19'
  Processing 'booth_multiplier_DW01_add_19'
  Processing 'booth_multiplier_DW01_sub_20'
  Processing 'booth_multiplier_DW01_add_20'
  Processing 'booth_multiplier_DW01_sub_21'
  Processing 'booth_multiplier_DW01_add_21'
  Processing 'booth_multiplier_DW01_sub_22'
  Processing 'booth_multiplier_DW01_add_22'
  Processing 'booth_multiplier_DW01_sub_23'
  Processing 'booth_multiplier_DW01_add_23'
  Processing 'booth_multiplier_DW01_sub_24'
  Processing 'booth_multiplier_DW01_add_24'
  Processing 'booth_multiplier_DW01_sub_25'
  Processing 'booth_multiplier_DW01_add_25'
  Processing 'booth_multiplier_DW01_sub_26'
  Processing 'booth_multiplier_DW01_add_26'
  Processing 'booth_multiplier_DW01_sub_27'
  Processing 'booth_multiplier_DW01_add_27'
  Processing 'booth_multiplier_DW01_sub_28'
  Processing 'booth_multiplier_DW01_add_28'
  Processing 'booth_multiplier_DW01_sub_29'
  Processing 'booth_multiplier_DW01_add_29'
  Processing 'booth_multiplier_DW01_sub_30'
  Processing 'booth_multiplier_DW01_add_30'
  Processing 'booth_multiplier_DW01_sub_31'
Information: Command 'do_operand_isolation' is obsolete and is being ignored.  Please refer to the replacement command 'set power_enable_datapath_gating true' instead. (INFO-118)

  Beginning Mapping Optimizations  (Medium effort)
  -------------------------------
  Structuring 'booth_multiplier'
  Mapping 'booth_multiplier'
Information: Command 'do_operand_isolation' is obsolete and is being ignored.  Please refer to the replacement command 'set power_enable_datapath_gating true' instead. (INFO-118)

                                  TOTAL                                      
   ELAPSED            WORST NEG   SETUP    DESIGN                            
    TIME      AREA      SLACK     COST    RULE COST         ENDPOINT         
  --------- --------- --------- --------- --------- -------------------------
    0:00:04   81963.4      0.00       0.0     323.8                          
    0:00:04   81963.4      0.00       0.0     323.8                          
    0:00:04   81963.4      0.00       0.0     323.8                          
    0:00:04   81963.4      0.00       0.0     323.8                          
    0:00:04   81963.4      0.00       0.0     323.8                          
    0:00:05   80106.4      0.00       0.0     323.8                          
    0:00:05   80106.4      0.00       0.0     323.8                          
    0:00:05   80106.4      0.00       0.0     323.8                          
    0:00:05   80106.4      0.00       0.0     323.8                          
    0:00:05   80106.4      0.00       0.0     323.8                          
    0:00:05   80161.7      0.00       0.0      35.8                          
    0:00:05   80189.3      0.00       0.0       0.0                          
    0:00:05   80189.3      0.00       0.0       0.0                          
    0:00:05   80189.3      0.00       0.0       0.0                          
    0:00:05   80189.3      0.00       0.0       0.0                          



  Beginning Delay Optimization Phase
  ----------------------------------

                                  TOTAL                                      
   ELAPSED            WORST NEG   SETUP    DESIGN                            
    TIME      AREA      SLACK     COST    RULE COST         ENDPOINT         
  --------- --------- --------- --------- --------- -------------------------
    0:00:05   80189.3      0.00       0.0       0.0                          
    0:00:05   80189.3      0.00       0.0       0.0                          
    0:00:05   80189.3      0.00       0.0       0.0                          


  Beginning Area-Recovery Phase  (cleanup)
  -----------------------------

                                  TOTAL                                      
   ELAPSED            WORST NEG   SETUP    DESIGN                            
    TIME      AREA      SLACK     COST    RULE COST         ENDPOINT         
  --------- --------- --------- --------- --------- -------------------------
    0:00:05   80189.3      0.00       0.0       0.0                          
    0:00:05   80189.3      0.00       0.0       0.0                          
    0:00:05   79848.3      0.00       0.0       0.0                          
    0:00:05   79796.7      0.00       0.0       0.0                          
    0:00:05   79796.7      0.00       0.0       0.0                          
    0:00:05   79796.7      0.00       0.0       0.0                          
    0:00:05   79796.7      0.00       0.0       0.0                          
    0:00:05   79796.7      0.00       0.0       0.0                          
    0:00:05   79796.7      0.00       0.0       0.0                          
    0:00:05   79796.7      0.00       0.0       0.0                          
    0:00:05   79796.7      0.00       0.0       0.0                          
    0:00:05   79796.7      0.00       0.0       0.0                          
Loading db file '/home/user37/Downloads/Lab4/ref/models/saed90nm_typ_ht.db'


Note: Symbol # after min delay cost means estimated hold TNS across all active scenarios 


  Optimization Complete
  ---------------------
Information: Total number of MV cells in the design.
----------------------------------------------------------------------------------------------------
 MV Cells                                           Total Number                                   
----------------------------------------------------------------------------------------------------
 Level Shifter:                                     0                                             
 Enable Level Shifter:                              0                                             
 Isolation Cell:                                    0                                             
 Retention Cell:                                    0                                             
 Retention Clamp Cell:                              0                                             
 Switch Cell:                                       0                                             
 Always-On Cell:                                    0                                             
 Repeater Cell:                                     0                                             

----------------------------------------------------------------------------------------------------
Unmapped MV Cells 
----------------------------------------------------------------------------------------------------
0 Isolation Cells are unmapped 
0 Retention Clamp Cells are unmapped 
----------------------------------------------------------------------------------------------------
1
