 
****************************************
Report : cell
Design : booth_multiplier
Version: U-2022.12-SP7
Date   : Sat Dec 23 16:56:54 2023
****************************************

Attributes:
   BO - reference allows boundary optimization
    b - black box (unknown)
    h - hierarchical
    n - noncombinational
    r - removable
    u - contains unmapped logic

Cell                      Reference       Library             Area  Attributes
--------------------------------------------------------------------------------
U1276                     NOR2X1          saed90nm_typ_ht 6.451200  
U1277                     NOR2X1          saed90nm_typ_ht 6.451200  
U1278                     NOR2X1          saed90nm_typ_ht 6.451200  
U1279                     NOR2X1          saed90nm_typ_ht 6.451200  
U1280                     NOR2X1          saed90nm_typ_ht 6.451200  
U1281                     NOR2X1          saed90nm_typ_ht 6.451200  
U1282                     NOR2X1          saed90nm_typ_ht 6.451200  
U1283                     NOR2X1          saed90nm_typ_ht 6.451200  
U1284                     NOR2X1          saed90nm_typ_ht 6.451200  
U1285                     NOR2X1          saed90nm_typ_ht 6.451200  
U1286                     NOR2X1          saed90nm_typ_ht 6.451200  
U1287                     NOR2X1          saed90nm_typ_ht 6.451200  
U1288                     NOR2X1          saed90nm_typ_ht 6.451200  
U1289                     NOR2X1          saed90nm_typ_ht 6.451200  
U1290                     NOR2X1          saed90nm_typ_ht 6.451200  
U1291                     NOR2X1          saed90nm_typ_ht 6.451200  
U1292                     NOR2X1          saed90nm_typ_ht 6.451200  
U1293                     NOR2X1          saed90nm_typ_ht 6.451200  
U1294                     NOR2X1          saed90nm_typ_ht 6.451200  
U1295                     NOR2X1          saed90nm_typ_ht 6.451200  
U1296                     NOR2X1          saed90nm_typ_ht 6.451200  
U1297                     NOR2X1          saed90nm_typ_ht 6.451200  
U1298                     NOR2X1          saed90nm_typ_ht 6.451200  
U1299                     NOR2X1          saed90nm_typ_ht 6.451200  
U1300                     NOR2X1          saed90nm_typ_ht 6.451200  
U1301                     NOR2X1          saed90nm_typ_ht 6.451200  
U1302                     NOR2X1          saed90nm_typ_ht 6.451200  
U1303                     NOR2X1          saed90nm_typ_ht 6.451200  
U1304                     NOR2X1          saed90nm_typ_ht 6.451200  
U1305                     NOR2X1          saed90nm_typ_ht 6.451200  
U1306                     NOR2X1          saed90nm_typ_ht 6.451200  
U1307                     NOR2X1          saed90nm_typ_ht 6.451200  
U1308                     NOR2X1          saed90nm_typ_ht 6.451200  
U1309                     NOR2X1          saed90nm_typ_ht 6.451200  
U1310                     NOR2X1          saed90nm_typ_ht 6.451200  
U1311                     NOR2X1          saed90nm_typ_ht 6.451200  
U1312                     NOR2X1          saed90nm_typ_ht 6.451200  
U1313                     NOR2X1          saed90nm_typ_ht 6.451200  
U1314                     NOR2X1          saed90nm_typ_ht 6.451200  
U1315                     NOR2X1          saed90nm_typ_ht 6.451200  
U1316                     NOR2X1          saed90nm_typ_ht 6.451200  
U1317                     NOR2X1          saed90nm_typ_ht 6.451200  
U1318                     NOR2X1          saed90nm_typ_ht 6.451200  
U1319                     NOR2X1          saed90nm_typ_ht 6.451200  
U1320                     NOR2X1          saed90nm_typ_ht 6.451200  
U1321                     NOR2X1          saed90nm_typ_ht 6.451200  
U1322                     NOR2X1          saed90nm_typ_ht 6.451200  
U1323                     NOR2X1          saed90nm_typ_ht 6.451200  
U1324                     NOR2X1          saed90nm_typ_ht 6.451200  
U1325                     NOR2X1          saed90nm_typ_ht 6.451200  
U1326                     NOR2X1          saed90nm_typ_ht 6.451200  
U1327                     NOR2X1          saed90nm_typ_ht 6.451200  
U1328                     NOR2X1          saed90nm_typ_ht 6.451200  
U1329                     NOR2X1          saed90nm_typ_ht 6.451200  
U1330                     NOR2X1          saed90nm_typ_ht 6.451200  
U1331                     NOR2X1          saed90nm_typ_ht 6.451200  
U1332                     NOR2X1          saed90nm_typ_ht 6.451200  
U1333                     NOR2X1          saed90nm_typ_ht 6.451200  
U1334                     NOR2X1          saed90nm_typ_ht 6.451200  
U1335                     NOR2X1          saed90nm_typ_ht 6.451200  
U1336                     NOR2X1          saed90nm_typ_ht 6.451200  
U1337                     NOR2X1          saed90nm_typ_ht 6.451200  
U1338                     NOR2X1          saed90nm_typ_ht 6.451200  
U1339                     NOR2X1          saed90nm_typ_ht 6.451200  
U1340                     NOR2X1          saed90nm_typ_ht 6.451200  
U1341                     NOR2X1          saed90nm_typ_ht 6.451200  
U1342                     NOR2X1          saed90nm_typ_ht 6.451200  
U1343                     NOR2X1          saed90nm_typ_ht 6.451200  
U1344                     NOR2X1          saed90nm_typ_ht 6.451200  
U1345                     NOR2X1          saed90nm_typ_ht 6.451200  
U1346                     NOR2X1          saed90nm_typ_ht 6.451200  
U1347                     NOR2X1          saed90nm_typ_ht 6.451200  
U1348                     NOR2X1          saed90nm_typ_ht 6.451200  
U1349                     NOR2X1          saed90nm_typ_ht 6.451200  
U1350                     NOR2X1          saed90nm_typ_ht 6.451200  
U1351                     NOR2X1          saed90nm_typ_ht 6.451200  
U1352                     NOR2X1          saed90nm_typ_ht 6.451200  
U1353                     NOR2X1          saed90nm_typ_ht 6.451200  
U1354                     NOR2X1          saed90nm_typ_ht 6.451200  
U1355                     NOR2X1          saed90nm_typ_ht 6.451200  
U1356                     NOR2X1          saed90nm_typ_ht 6.451200  
U1357                     NOR2X1          saed90nm_typ_ht 6.451200  
U1358                     NOR2X1          saed90nm_typ_ht 6.451200  
U1359                     NOR2X1          saed90nm_typ_ht 6.451200  
U1360                     NOR2X1          saed90nm_typ_ht 6.451200  
U1361                     NOR2X1          saed90nm_typ_ht 6.451200  
U1362                     NOR2X1          saed90nm_typ_ht 6.451200  
U1363                     NOR2X1          saed90nm_typ_ht 6.451200  
U1364                     NOR2X1          saed90nm_typ_ht 6.451200  
U1365                     NOR2X1          saed90nm_typ_ht 6.451200  
U1366                     AO222X1         saed90nm_typ_ht 14.745600 
U1367                     AO222X1         saed90nm_typ_ht 14.745600 
U1368                     AO222X1         saed90nm_typ_ht 14.745600 
U1369                     AO222X1         saed90nm_typ_ht 14.745600 
U1370                     AO222X1         saed90nm_typ_ht 14.745600 
U1371                     AO222X1         saed90nm_typ_ht 14.745600 
U1372                     AO222X1         saed90nm_typ_ht 14.745600 
U1373                     AO222X1         saed90nm_typ_ht 14.745600 
U1374                     AO222X1         saed90nm_typ_ht 14.745600 
U1375                     AO222X1         saed90nm_typ_ht 14.745600 
U1376                     AO222X1         saed90nm_typ_ht 14.745600 
U1377                     AO222X1         saed90nm_typ_ht 14.745600 
U1378                     AO222X1         saed90nm_typ_ht 14.745600 
U1379                     AO222X1         saed90nm_typ_ht 14.745600 
U1380                     AO222X1         saed90nm_typ_ht 14.745600 
U1381                     AO222X1         saed90nm_typ_ht 14.745600 
U1382                     AO222X1         saed90nm_typ_ht 14.745600 
U1383                     AO222X1         saed90nm_typ_ht 14.745600 
U1384                     AO222X1         saed90nm_typ_ht 14.745600 
U1385                     AO222X1         saed90nm_typ_ht 14.745600 
U1386                     AO222X1         saed90nm_typ_ht 14.745600 
U1387                     AO222X1         saed90nm_typ_ht 14.745600 
U1388                     AO222X1         saed90nm_typ_ht 14.745600 
U1389                     AO222X1         saed90nm_typ_ht 14.745600 
U1390                     AO222X1         saed90nm_typ_ht 14.745600 
U1391                     AO222X1         saed90nm_typ_ht 14.745600 
U1392                     AO222X1         saed90nm_typ_ht 14.745600 
U1393                     AO222X1         saed90nm_typ_ht 14.745600 
U1394                     AO222X1         saed90nm_typ_ht 14.745600 
U1395                     AO222X1         saed90nm_typ_ht 14.745600 
U1396                     AO222X1         saed90nm_typ_ht 14.745600 
U1397                     AO222X1         saed90nm_typ_ht 14.745600 
U1398                     AO222X1         saed90nm_typ_ht 14.745600 
U1399                     AO222X1         saed90nm_typ_ht 14.745600 
U1400                     AO222X1         saed90nm_typ_ht 14.745600 
U1401                     AO222X1         saed90nm_typ_ht 14.745600 
U1402                     AO222X1         saed90nm_typ_ht 14.745600 
U1403                     AO222X1         saed90nm_typ_ht 14.745600 
U1404                     AO222X1         saed90nm_typ_ht 14.745600 
U1405                     AND2X1          saed90nm_typ_ht 7.372800  
U1406                     AO222X1         saed90nm_typ_ht 14.745600 
U1407                     AO222X1         saed90nm_typ_ht 14.745600 
U1408                     AO222X1         saed90nm_typ_ht 14.745600 
U1409                     AO222X1         saed90nm_typ_ht 14.745600 
U1410                     AO222X1         saed90nm_typ_ht 14.745600 
U1411                     AO222X1         saed90nm_typ_ht 14.745600 
U1412                     AO222X1         saed90nm_typ_ht 14.745600 
U1413                     AO222X1         saed90nm_typ_ht 14.745600 
U1414                     AO222X1         saed90nm_typ_ht 14.745600 
U1415                     AO222X1         saed90nm_typ_ht 14.745600 
U1416                     AO222X1         saed90nm_typ_ht 14.745600 
U1417                     AO222X1         saed90nm_typ_ht 14.745600 
U1418                     AO21X1          saed90nm_typ_ht 10.137600 
U1419                     MUX21X1         saed90nm_typ_ht 11.059200 
U1420                     AO222X1         saed90nm_typ_ht 14.745600 
U1421                     AO222X1         saed90nm_typ_ht 14.745600 
U1422                     AO222X1         saed90nm_typ_ht 14.745600 
U1423                     AO222X1         saed90nm_typ_ht 14.745600 
U1424                     AO222X1         saed90nm_typ_ht 14.745600 
U1425                     AO222X1         saed90nm_typ_ht 14.745600 
U1426                     AO222X1         saed90nm_typ_ht 14.745600 
U1427                     AO222X1         saed90nm_typ_ht 14.745600 
U1428                     AO222X1         saed90nm_typ_ht 14.745600 
U1429                     AO222X1         saed90nm_typ_ht 14.745600 
U1430                     AND2X1          saed90nm_typ_ht 7.372800  
U1431                     AO222X1         saed90nm_typ_ht 14.745600 
U1432                     AND2X1          saed90nm_typ_ht 7.372800  
U1433                     AO222X1         saed90nm_typ_ht 14.745600 
U1434                     AO222X1         saed90nm_typ_ht 14.745600 
U1435                     AO222X1         saed90nm_typ_ht 14.745600 
U1436                     AO222X1         saed90nm_typ_ht 14.745600 
U1437                     AO222X1         saed90nm_typ_ht 14.745600 
U1438                     AO222X1         saed90nm_typ_ht 14.745600 
U1439                     AO222X1         saed90nm_typ_ht 14.745600 
U1440                     AO222X1         saed90nm_typ_ht 14.745600 
U1441                     AO222X1         saed90nm_typ_ht 14.745600 
U1442                     AO222X1         saed90nm_typ_ht 14.745600 
U1443                     AO222X1         saed90nm_typ_ht 14.745600 
U1444                     AO222X1         saed90nm_typ_ht 14.745600 
U1445                     AO222X1         saed90nm_typ_ht 14.745600 
U1446                     AO222X1         saed90nm_typ_ht 14.745600 
U1447                     AO222X1         saed90nm_typ_ht 14.745600 
U1448                     AO222X1         saed90nm_typ_ht 14.745600 
U1449                     AO222X1         saed90nm_typ_ht 14.745600 
U1450                     AO222X1         saed90nm_typ_ht 14.745600 
U1451                     AO222X1         saed90nm_typ_ht 14.745600 
U1452                     AO222X1         saed90nm_typ_ht 14.745600 
U1453                     AO222X1         saed90nm_typ_ht 14.745600 
U1454                     AO222X1         saed90nm_typ_ht 14.745600 
U1455                     AO222X1         saed90nm_typ_ht 14.745600 
U1456                     AO222X1         saed90nm_typ_ht 14.745600 
U1457                     AO222X1         saed90nm_typ_ht 14.745600 
U1458                     AO222X1         saed90nm_typ_ht 14.745600 
U1459                     AO222X1         saed90nm_typ_ht 14.745600 
U1460                     AO222X1         saed90nm_typ_ht 14.745600 
U1461                     AO222X1         saed90nm_typ_ht 14.745600 
U1462                     AO222X1         saed90nm_typ_ht 14.745600 
U1463                     AO222X1         saed90nm_typ_ht 14.745600 
U1464                     AO222X1         saed90nm_typ_ht 14.745600 
U1465                     AO222X1         saed90nm_typ_ht 14.745600 
U1466                     AO222X1         saed90nm_typ_ht 14.745600 
U1467                     AO222X1         saed90nm_typ_ht 14.745600 
U1468                     AO222X1         saed90nm_typ_ht 14.745600 
U1469                     AO222X1         saed90nm_typ_ht 14.745600 
U1470                     AO222X1         saed90nm_typ_ht 14.745600 
U1471                     AO222X1         saed90nm_typ_ht 14.745600 
U1472                     AO222X1         saed90nm_typ_ht 14.745600 
U1473                     AO222X1         saed90nm_typ_ht 14.745600 
U1474                     AO222X1         saed90nm_typ_ht 14.745600 
U1475                     AO222X1         saed90nm_typ_ht 14.745600 
U1476                     AO222X1         saed90nm_typ_ht 14.745600 
U1477                     AO222X1         saed90nm_typ_ht 14.745600 
U1478                     AO222X1         saed90nm_typ_ht 14.745600 
U1479                     AO222X1         saed90nm_typ_ht 14.745600 
U1480                     AO222X1         saed90nm_typ_ht 14.745600 
U1481                     AO222X1         saed90nm_typ_ht 14.745600 
U1482                     AO222X1         saed90nm_typ_ht 14.745600 
U1483                     AO222X1         saed90nm_typ_ht 14.745600 
U1484                     AO222X1         saed90nm_typ_ht 14.745600 
U1485                     AO222X1         saed90nm_typ_ht 14.745600 
U1486                     AO222X1         saed90nm_typ_ht 14.745600 
U1487                     AO222X1         saed90nm_typ_ht 14.745600 
U1488                     AO222X1         saed90nm_typ_ht 14.745600 
U1489                     AO222X1         saed90nm_typ_ht 14.745600 
U1490                     AO222X1         saed90nm_typ_ht 14.745600 
U1491                     INVX0           saed90nm_typ_ht 5.529600  
U1492                     AO222X1         saed90nm_typ_ht 14.745600 
U1493                     AO222X1         saed90nm_typ_ht 14.745600 
U1494                     AO222X1         saed90nm_typ_ht 14.745600 
U1495                     AO222X1         saed90nm_typ_ht 14.745600 
U1496                     AO222X1         saed90nm_typ_ht 14.745600 
U1497                     AO222X1         saed90nm_typ_ht 14.745600 
U1498                     AO222X1         saed90nm_typ_ht 14.745600 
U1499                     AO222X1         saed90nm_typ_ht 14.745600 
U1500                     AO222X1         saed90nm_typ_ht 14.745600 
U1501                     AO222X1         saed90nm_typ_ht 14.745600 
U1502                     AO222X1         saed90nm_typ_ht 14.745600 
U1503                     AO222X1         saed90nm_typ_ht 14.745600 
U1504                     AO222X1         saed90nm_typ_ht 14.745600 
U1505                     AO222X1         saed90nm_typ_ht 14.745600 
U1506                     AO222X1         saed90nm_typ_ht 14.745600 
U1507                     AO222X1         saed90nm_typ_ht 14.745600 
U1508                     AO222X1         saed90nm_typ_ht 14.745600 
U1509                     AO222X1         saed90nm_typ_ht 14.745600 
U1510                     AO222X1         saed90nm_typ_ht 14.745600 
U1511                     AO222X1         saed90nm_typ_ht 14.745600 
U1512                     AO222X1         saed90nm_typ_ht 14.745600 
U1513                     AO222X1         saed90nm_typ_ht 14.745600 
U1514                     AO222X1         saed90nm_typ_ht 14.745600 
U1515                     AO222X1         saed90nm_typ_ht 14.745600 
U1516                     AO222X1         saed90nm_typ_ht 14.745600 
U1517                     AO222X1         saed90nm_typ_ht 14.745600 
U1518                     AO222X1         saed90nm_typ_ht 14.745600 
U1519                     AO222X1         saed90nm_typ_ht 14.745600 
U1520                     AO222X1         saed90nm_typ_ht 14.745600 
U1521                     AO222X1         saed90nm_typ_ht 14.745600 
U1522                     AO222X1         saed90nm_typ_ht 14.745600 
U1523                     AO222X1         saed90nm_typ_ht 14.745600 
U1524                     AO222X1         saed90nm_typ_ht 14.745600 
U1525                     AO222X1         saed90nm_typ_ht 14.745600 
U1526                     AO222X1         saed90nm_typ_ht 14.745600 
U1527                     AO222X1         saed90nm_typ_ht 14.745600 
U1528                     AO222X1         saed90nm_typ_ht 14.745600 
U1529                     AO222X1         saed90nm_typ_ht 14.745600 
U1530                     INVX0           saed90nm_typ_ht 5.529600  
U1531                     AO222X1         saed90nm_typ_ht 14.745600 
U1532                     AO222X1         saed90nm_typ_ht 14.745600 
U1533                     AO222X1         saed90nm_typ_ht 14.745600 
U1534                     AO222X1         saed90nm_typ_ht 14.745600 
U1535                     AO222X1         saed90nm_typ_ht 14.745600 
U1536                     AO222X1         saed90nm_typ_ht 14.745600 
U1537                     AO222X1         saed90nm_typ_ht 14.745600 
U1538                     AO222X1         saed90nm_typ_ht 14.745600 
U1539                     AO222X1         saed90nm_typ_ht 14.745600 
U1540                     AO222X1         saed90nm_typ_ht 14.745600 
U1541                     AO222X1         saed90nm_typ_ht 14.745600 
U1542                     AO222X1         saed90nm_typ_ht 14.745600 
U1543                     AO222X1         saed90nm_typ_ht 14.745600 
U1544                     AO222X1         saed90nm_typ_ht 14.745600 
U1545                     AO222X1         saed90nm_typ_ht 14.745600 
U1546                     AO222X1         saed90nm_typ_ht 14.745600 
U1547                     AO222X1         saed90nm_typ_ht 14.745600 
U1548                     AO222X1         saed90nm_typ_ht 14.745600 
U1549                     AO222X1         saed90nm_typ_ht 14.745600 
U1550                     AO222X1         saed90nm_typ_ht 14.745600 
U1551                     AO222X1         saed90nm_typ_ht 14.745600 
U1552                     AO222X1         saed90nm_typ_ht 14.745600 
U1553                     AO222X1         saed90nm_typ_ht 14.745600 
U1554                     AO222X1         saed90nm_typ_ht 14.745600 
U1555                     AO222X1         saed90nm_typ_ht 14.745600 
U1556                     AO222X1         saed90nm_typ_ht 14.745600 
U1557                     AO222X1         saed90nm_typ_ht 14.745600 
U1558                     AO222X1         saed90nm_typ_ht 14.745600 
U1559                     AO222X1         saed90nm_typ_ht 14.745600 
U1560                     AO222X1         saed90nm_typ_ht 14.745600 
U1561                     AO222X1         saed90nm_typ_ht 14.745600 
U1562                     AO222X1         saed90nm_typ_ht 14.745600 
U1563                     INVX0           saed90nm_typ_ht 5.529600  
U1564                     AO222X1         saed90nm_typ_ht 14.745600 
U1565                     AO222X1         saed90nm_typ_ht 14.745600 
U1566                     AO222X1         saed90nm_typ_ht 14.745600 
U1567                     AO222X1         saed90nm_typ_ht 14.745600 
U1568                     AO222X1         saed90nm_typ_ht 14.745600 
U1569                     AO222X1         saed90nm_typ_ht 14.745600 
U1570                     AO222X1         saed90nm_typ_ht 14.745600 
U1571                     AO222X1         saed90nm_typ_ht 14.745600 
U1572                     AO222X1         saed90nm_typ_ht 14.745600 
U1573                     AO222X1         saed90nm_typ_ht 14.745600 
U1574                     AO222X1         saed90nm_typ_ht 14.745600 
U1575                     AO222X1         saed90nm_typ_ht 14.745600 
U1576                     AO222X1         saed90nm_typ_ht 14.745600 
U1577                     AO222X1         saed90nm_typ_ht 14.745600 
U1578                     AO222X1         saed90nm_typ_ht 14.745600 
U1579                     AO222X1         saed90nm_typ_ht 14.745600 
U1580                     AO222X1         saed90nm_typ_ht 14.745600 
U1581                     AO222X1         saed90nm_typ_ht 14.745600 
U1582                     AO222X1         saed90nm_typ_ht 14.745600 
U1583                     AO222X1         saed90nm_typ_ht 14.745600 
U1584                     AO222X1         saed90nm_typ_ht 14.745600 
U1585                     AO222X1         saed90nm_typ_ht 14.745600 
U1586                     AO222X1         saed90nm_typ_ht 14.745600 
U1587                     AO222X1         saed90nm_typ_ht 14.745600 
U1588                     AO222X1         saed90nm_typ_ht 14.745600 
U1589                     AO222X1         saed90nm_typ_ht 14.745600 
U1590                     AO222X1         saed90nm_typ_ht 14.745600 
U1591                     AO222X1         saed90nm_typ_ht 14.745600 
U1592                     AO222X1         saed90nm_typ_ht 14.745600 
U1593                     AO222X1         saed90nm_typ_ht 14.745600 
U1594                     AO222X1         saed90nm_typ_ht 14.745600 
U1595                     INVX0           saed90nm_typ_ht 5.529600  
U1596                     AO222X1         saed90nm_typ_ht 14.745600 
U1597                     AO222X1         saed90nm_typ_ht 14.745600 
U1598                     AO222X1         saed90nm_typ_ht 14.745600 
U1599                     AO222X1         saed90nm_typ_ht 14.745600 
U1600                     AO222X1         saed90nm_typ_ht 14.745600 
U1601                     AO222X1         saed90nm_typ_ht 14.745600 
U1602                     AO222X1         saed90nm_typ_ht 14.745600 
U1603                     AO222X1         saed90nm_typ_ht 14.745600 
U1604                     AO222X1         saed90nm_typ_ht 14.745600 
U1605                     AO222X1         saed90nm_typ_ht 14.745600 
U1606                     AO222X1         saed90nm_typ_ht 14.745600 
U1607                     AO222X1         saed90nm_typ_ht 14.745600 
U1608                     AO222X1         saed90nm_typ_ht 14.745600 
U1609                     AO222X1         saed90nm_typ_ht 14.745600 
U1610                     AO222X1         saed90nm_typ_ht 14.745600 
U1611                     AO222X1         saed90nm_typ_ht 14.745600 
U1612                     AO222X1         saed90nm_typ_ht 14.745600 
U1613                     AO222X1         saed90nm_typ_ht 14.745600 
U1614                     AO222X1         saed90nm_typ_ht 14.745600 
U1615                     AO222X1         saed90nm_typ_ht 14.745600 
U1616                     AO222X1         saed90nm_typ_ht 14.745600 
U1617                     AO222X1         saed90nm_typ_ht 14.745600 
U1618                     AO222X1         saed90nm_typ_ht 14.745600 
U1619                     AO222X1         saed90nm_typ_ht 14.745600 
U1620                     AO222X1         saed90nm_typ_ht 14.745600 
U1621                     AO222X1         saed90nm_typ_ht 14.745600 
U1622                     AO222X1         saed90nm_typ_ht 14.745600 
U1623                     AO222X1         saed90nm_typ_ht 14.745600 
U1624                     AO222X1         saed90nm_typ_ht 14.745600 
U1625                     AO222X1         saed90nm_typ_ht 14.745600 
U1626                     AO222X1         saed90nm_typ_ht 14.745600 
U1627                     INVX0           saed90nm_typ_ht 5.529600  
U1628                     AO222X1         saed90nm_typ_ht 14.745600 
U1629                     AO222X1         saed90nm_typ_ht 14.745600 
U1630                     AO222X1         saed90nm_typ_ht 14.745600 
U1631                     AO222X1         saed90nm_typ_ht 14.745600 
U1632                     AO222X1         saed90nm_typ_ht 14.745600 
U1633                     AO222X1         saed90nm_typ_ht 14.745600 
U1634                     AO222X1         saed90nm_typ_ht 14.745600 
U1635                     AO222X1         saed90nm_typ_ht 14.745600 
U1636                     AO222X1         saed90nm_typ_ht 14.745600 
U1637                     AO222X1         saed90nm_typ_ht 14.745600 
U1638                     AO222X1         saed90nm_typ_ht 14.745600 
U1639                     AO222X1         saed90nm_typ_ht 14.745600 
U1640                     AO222X1         saed90nm_typ_ht 14.745600 
U1641                     AO222X1         saed90nm_typ_ht 14.745600 
U1642                     AO222X1         saed90nm_typ_ht 14.745600 
U1643                     AO222X1         saed90nm_typ_ht 14.745600 
U1644                     AO222X1         saed90nm_typ_ht 14.745600 
U1645                     AO222X1         saed90nm_typ_ht 14.745600 
U1646                     AO222X1         saed90nm_typ_ht 14.745600 
U1647                     AO222X1         saed90nm_typ_ht 14.745600 
U1648                     AO222X1         saed90nm_typ_ht 14.745600 
U1649                     AO222X1         saed90nm_typ_ht 14.745600 
U1650                     AO222X1         saed90nm_typ_ht 14.745600 
U1651                     AO222X1         saed90nm_typ_ht 14.745600 
U1652                     AO222X1         saed90nm_typ_ht 14.745600 
U1653                     AO222X1         saed90nm_typ_ht 14.745600 
U1654                     AO222X1         saed90nm_typ_ht 14.745600 
U1655                     AO222X1         saed90nm_typ_ht 14.745600 
U1656                     AO222X1         saed90nm_typ_ht 14.745600 
U1657                     AO222X1         saed90nm_typ_ht 14.745600 
U1658                     AO222X1         saed90nm_typ_ht 14.745600 
U1659                     INVX0           saed90nm_typ_ht 5.529600  
U1660                     AO222X1         saed90nm_typ_ht 14.745600 
U1661                     AO222X1         saed90nm_typ_ht 14.745600 
U1662                     AO222X1         saed90nm_typ_ht 14.745600 
U1663                     AO222X1         saed90nm_typ_ht 14.745600 
U1664                     AO222X1         saed90nm_typ_ht 14.745600 
U1665                     AO222X1         saed90nm_typ_ht 14.745600 
U1666                     AO222X1         saed90nm_typ_ht 14.745600 
U1667                     AO222X1         saed90nm_typ_ht 14.745600 
U1668                     AO222X1         saed90nm_typ_ht 14.745600 
U1669                     AO222X1         saed90nm_typ_ht 14.745600 
U1670                     AO222X1         saed90nm_typ_ht 14.745600 
U1671                     AO222X1         saed90nm_typ_ht 14.745600 
U1672                     AO222X1         saed90nm_typ_ht 14.745600 
U1673                     AO222X1         saed90nm_typ_ht 14.745600 
U1674                     AO222X1         saed90nm_typ_ht 14.745600 
U1675                     AO222X1         saed90nm_typ_ht 14.745600 
U1676                     AO222X1         saed90nm_typ_ht 14.745600 
U1677                     AO222X1         saed90nm_typ_ht 14.745600 
U1678                     AO222X1         saed90nm_typ_ht 14.745600 
U1679                     AO222X1         saed90nm_typ_ht 14.745600 
U1680                     AO222X1         saed90nm_typ_ht 14.745600 
U1681                     AO222X1         saed90nm_typ_ht 14.745600 
U1682                     AO222X1         saed90nm_typ_ht 14.745600 
U1683                     AO222X1         saed90nm_typ_ht 14.745600 
U1684                     AO222X1         saed90nm_typ_ht 14.745600 
U1685                     AO222X1         saed90nm_typ_ht 14.745600 
U1686                     AO222X1         saed90nm_typ_ht 14.745600 
U1687                     AO222X1         saed90nm_typ_ht 14.745600 
U1688                     AO222X1         saed90nm_typ_ht 14.745600 
U1689                     AO222X1         saed90nm_typ_ht 14.745600 
U1690                     AO222X1         saed90nm_typ_ht 14.745600 
U1691                     INVX0           saed90nm_typ_ht 5.529600  
U1692                     AO222X1         saed90nm_typ_ht 14.745600 
U1693                     AO222X1         saed90nm_typ_ht 14.745600 
U1694                     AO222X1         saed90nm_typ_ht 14.745600 
U1695                     AO222X1         saed90nm_typ_ht 14.745600 
U1696                     AO222X1         saed90nm_typ_ht 14.745600 
U1697                     AO222X1         saed90nm_typ_ht 14.745600 
U1698                     AO222X1         saed90nm_typ_ht 14.745600 
U1699                     AO222X1         saed90nm_typ_ht 14.745600 
U1700                     AO222X1         saed90nm_typ_ht 14.745600 
U1701                     AO222X1         saed90nm_typ_ht 14.745600 
U1702                     AO222X1         saed90nm_typ_ht 14.745600 
U1703                     AO222X1         saed90nm_typ_ht 14.745600 
U1704                     AO222X1         saed90nm_typ_ht 14.745600 
U1705                     AO222X1         saed90nm_typ_ht 14.745600 
U1706                     AO222X1         saed90nm_typ_ht 14.745600 
U1707                     AO222X1         saed90nm_typ_ht 14.745600 
U1708                     AO222X1         saed90nm_typ_ht 14.745600 
U1709                     AO222X1         saed90nm_typ_ht 14.745600 
U1710                     AO222X1         saed90nm_typ_ht 14.745600 
U1711                     AO222X1         saed90nm_typ_ht 14.745600 
U1712                     AO222X1         saed90nm_typ_ht 14.745600 
U1713                     AO222X1         saed90nm_typ_ht 14.745600 
U1714                     AO222X1         saed90nm_typ_ht 14.745600 
U1715                     AO222X1         saed90nm_typ_ht 14.745600 
U1716                     AO222X1         saed90nm_typ_ht 14.745600 
U1717                     AO222X1         saed90nm_typ_ht 14.745600 
U1718                     AO222X1         saed90nm_typ_ht 14.745600 
U1719                     AO222X1         saed90nm_typ_ht 14.745600 
U1720                     AO222X1         saed90nm_typ_ht 14.745600 
U1721                     AO222X1         saed90nm_typ_ht 14.745600 
U1722                     AO222X1         saed90nm_typ_ht 14.745600 
U1723                     INVX0           saed90nm_typ_ht 5.529600  
U1724                     AO222X1         saed90nm_typ_ht 14.745600 
U1725                     AO222X1         saed90nm_typ_ht 14.745600 
U1726                     AO222X1         saed90nm_typ_ht 14.745600 
U1727                     AO222X1         saed90nm_typ_ht 14.745600 
U1728                     AO222X1         saed90nm_typ_ht 14.745600 
U1729                     AO222X1         saed90nm_typ_ht 14.745600 
U1730                     AO222X1         saed90nm_typ_ht 14.745600 
U1731                     AO222X1         saed90nm_typ_ht 14.745600 
U1732                     AO222X1         saed90nm_typ_ht 14.745600 
U1733                     AO222X1         saed90nm_typ_ht 14.745600 
U1734                     AO222X1         saed90nm_typ_ht 14.745600 
U1735                     AO222X1         saed90nm_typ_ht 14.745600 
U1736                     AO222X1         saed90nm_typ_ht 14.745600 
U1737                     AO222X1         saed90nm_typ_ht 14.745600 
U1738                     AO222X1         saed90nm_typ_ht 14.745600 
U1739                     AO222X1         saed90nm_typ_ht 14.745600 
U1740                     AO222X1         saed90nm_typ_ht 14.745600 
U1741                     AO222X1         saed90nm_typ_ht 14.745600 
U1742                     AO222X1         saed90nm_typ_ht 14.745600 
U1743                     AO222X1         saed90nm_typ_ht 14.745600 
U1744                     AO222X1         saed90nm_typ_ht 14.745600 
U1745                     AO222X1         saed90nm_typ_ht 14.745600 
U1746                     AO222X1         saed90nm_typ_ht 14.745600 
U1747                     AO222X1         saed90nm_typ_ht 14.745600 
U1748                     AO222X1         saed90nm_typ_ht 14.745600 
U1749                     AO222X1         saed90nm_typ_ht 14.745600 
U1750                     AO222X1         saed90nm_typ_ht 14.745600 
U1751                     AO222X1         saed90nm_typ_ht 14.745600 
U1752                     AO222X1         saed90nm_typ_ht 14.745600 
U1753                     AO222X1         saed90nm_typ_ht 14.745600 
U1754                     AO222X1         saed90nm_typ_ht 14.745600 
U1755                     INVX0           saed90nm_typ_ht 5.529600  
U1756                     AO222X1         saed90nm_typ_ht 14.745600 
U1757                     AO222X1         saed90nm_typ_ht 14.745600 
U1758                     AO222X1         saed90nm_typ_ht 14.745600 
U1759                     AO222X1         saed90nm_typ_ht 14.745600 
U1760                     AO222X1         saed90nm_typ_ht 14.745600 
U1761                     AO222X1         saed90nm_typ_ht 14.745600 
U1762                     AO222X1         saed90nm_typ_ht 14.745600 
U1763                     AO222X1         saed90nm_typ_ht 14.745600 
U1764                     AO222X1         saed90nm_typ_ht 14.745600 
U1765                     AO222X1         saed90nm_typ_ht 14.745600 
U1766                     AO222X1         saed90nm_typ_ht 14.745600 
U1767                     AO222X1         saed90nm_typ_ht 14.745600 
U1768                     AO222X1         saed90nm_typ_ht 14.745600 
U1769                     AO222X1         saed90nm_typ_ht 14.745600 
U1770                     AO222X1         saed90nm_typ_ht 14.745600 
U1771                     AO222X1         saed90nm_typ_ht 14.745600 
U1772                     AO222X1         saed90nm_typ_ht 14.745600 
U1773                     AO222X1         saed90nm_typ_ht 14.745600 
U1774                     AO222X1         saed90nm_typ_ht 14.745600 
U1775                     AO222X1         saed90nm_typ_ht 14.745600 
U1776                     AO222X1         saed90nm_typ_ht 14.745600 
U1777                     AO222X1         saed90nm_typ_ht 14.745600 
U1778                     AO222X1         saed90nm_typ_ht 14.745600 
U1779                     AO222X1         saed90nm_typ_ht 14.745600 
U1780                     AO222X1         saed90nm_typ_ht 14.745600 
U1781                     AO222X1         saed90nm_typ_ht 14.745600 
U1782                     AO222X1         saed90nm_typ_ht 14.745600 
U1783                     AO222X1         saed90nm_typ_ht 14.745600 
U1784                     AO222X1         saed90nm_typ_ht 14.745600 
U1785                     AO222X1         saed90nm_typ_ht 14.745600 
U1786                     AO222X1         saed90nm_typ_ht 14.745600 
U1787                     INVX0           saed90nm_typ_ht 5.529600  
U1788                     AO222X1         saed90nm_typ_ht 14.745600 
U1789                     AO222X1         saed90nm_typ_ht 14.745600 
U1790                     AO222X1         saed90nm_typ_ht 14.745600 
U1791                     AO222X1         saed90nm_typ_ht 14.745600 
U1792                     AO222X1         saed90nm_typ_ht 14.745600 
U1793                     AO222X1         saed90nm_typ_ht 14.745600 
U1794                     AO222X1         saed90nm_typ_ht 14.745600 
U1795                     AO222X1         saed90nm_typ_ht 14.745600 
U1796                     AO222X1         saed90nm_typ_ht 14.745600 
U1797                     AO222X1         saed90nm_typ_ht 14.745600 
U1798                     AO222X1         saed90nm_typ_ht 14.745600 
U1799                     AO222X1         saed90nm_typ_ht 14.745600 
U1800                     AO222X1         saed90nm_typ_ht 14.745600 
U1801                     AO222X1         saed90nm_typ_ht 14.745600 
U1802                     AO222X1         saed90nm_typ_ht 14.745600 
U1803                     AO222X1         saed90nm_typ_ht 14.745600 
U1804                     AO222X1         saed90nm_typ_ht 14.745600 
U1805                     AO222X1         saed90nm_typ_ht 14.745600 
U1806                     AO222X1         saed90nm_typ_ht 14.745600 
U1807                     AO222X1         saed90nm_typ_ht 14.745600 
U1808                     AO222X1         saed90nm_typ_ht 14.745600 
U1809                     AO222X1         saed90nm_typ_ht 14.745600 
U1810                     AO222X1         saed90nm_typ_ht 14.745600 
U1811                     AO222X1         saed90nm_typ_ht 14.745600 
U1812                     AO222X1         saed90nm_typ_ht 14.745600 
U1813                     AO222X1         saed90nm_typ_ht 14.745600 
U1814                     AO222X1         saed90nm_typ_ht 14.745600 
U1815                     AO222X1         saed90nm_typ_ht 14.745600 
U1816                     AO222X1         saed90nm_typ_ht 14.745600 
U1817                     AO222X1         saed90nm_typ_ht 14.745600 
U1818                     AO222X1         saed90nm_typ_ht 14.745600 
U1819                     INVX0           saed90nm_typ_ht 5.529600  
U1820                     AO21X1          saed90nm_typ_ht 10.137600 
U1821                     MUX21X1         saed90nm_typ_ht 11.059200 
U1822                     AO21X1          saed90nm_typ_ht 10.137600 
U1823                     MUX21X1         saed90nm_typ_ht 11.059200 
U1824                     AO21X1          saed90nm_typ_ht 10.137600 
U1825                     MUX21X1         saed90nm_typ_ht 11.059200 
U1826                     AO21X1          saed90nm_typ_ht 10.137600 
U1827                     MUX21X1         saed90nm_typ_ht 11.059200 
U1828                     AO21X1          saed90nm_typ_ht 10.137600 
U1829                     MUX21X1         saed90nm_typ_ht 11.059200 
U1830                     AO222X1         saed90nm_typ_ht 14.745600 
U1831                     AO222X1         saed90nm_typ_ht 14.745600 
U1832                     AO222X1         saed90nm_typ_ht 14.745600 
U1833                     AO222X1         saed90nm_typ_ht 14.745600 
U1834                     AO222X1         saed90nm_typ_ht 14.745600 
U1835                     AO222X1         saed90nm_typ_ht 14.745600 
U1836                     AO222X1         saed90nm_typ_ht 14.745600 
U1837                     AO222X1         saed90nm_typ_ht 14.745600 
U1838                     AO222X1         saed90nm_typ_ht 14.745600 
U1839                     AO222X1         saed90nm_typ_ht 14.745600 
U1840                     AO21X1          saed90nm_typ_ht 10.137600 
U1841                     MUX21X1         saed90nm_typ_ht 11.059200 
U1842                     AO222X1         saed90nm_typ_ht 14.745600 
U1843                     AO222X1         saed90nm_typ_ht 14.745600 
U1844                     AO222X1         saed90nm_typ_ht 14.745600 
U1845                     AO222X1         saed90nm_typ_ht 14.745600 
U1846                     AO222X1         saed90nm_typ_ht 14.745600 
U1847                     AO222X1         saed90nm_typ_ht 14.745600 
U1848                     AO222X1         saed90nm_typ_ht 14.745600 
U1849                     AO222X1         saed90nm_typ_ht 14.745600 
U1850                     AO222X1         saed90nm_typ_ht 14.745600 
U1851                     AO222X1         saed90nm_typ_ht 14.745600 
U1852                     AO21X1          saed90nm_typ_ht 10.137600 
U1853                     MUX21X1         saed90nm_typ_ht 11.059200 
U1854                     AND2X1          saed90nm_typ_ht 7.372800  
U1855                     AO222X1         saed90nm_typ_ht 14.745600 
U1856                     AO222X1         saed90nm_typ_ht 14.745600 
U1857                     AO222X1         saed90nm_typ_ht 14.745600 
U1858                     AO222X1         saed90nm_typ_ht 14.745600 
U1859                     AO222X1         saed90nm_typ_ht 14.745600 
U1860                     AO222X1         saed90nm_typ_ht 14.745600 
U1861                     AO222X1         saed90nm_typ_ht 14.745600 
U1862                     AO222X1         saed90nm_typ_ht 14.745600 
U1863                     AO222X1         saed90nm_typ_ht 14.745600 
U1864                     AO222X1         saed90nm_typ_ht 14.745600 
U1865                     AO21X1          saed90nm_typ_ht 10.137600 
U1866                     MUX21X1         saed90nm_typ_ht 11.059200 
U1867                     AND2X1          saed90nm_typ_ht 7.372800  
U1868                     AO222X1         saed90nm_typ_ht 14.745600 
U1869                     INVX0           saed90nm_typ_ht 5.529600  
U1870                     AO21X1          saed90nm_typ_ht 10.137600 
U1871                     MUX21X1         saed90nm_typ_ht 11.059200 
U1872                     AND2X1          saed90nm_typ_ht 7.372800  
U1873                     AO222X1         saed90nm_typ_ht 14.745600 
U1874                     AO222X1         saed90nm_typ_ht 14.745600 
U1875                     AO222X1         saed90nm_typ_ht 14.745600 
U1876                     AO222X1         saed90nm_typ_ht 14.745600 
U1877                     AO222X1         saed90nm_typ_ht 14.745600 
U1878                     AO222X1         saed90nm_typ_ht 14.745600 
U1879                     AO222X1         saed90nm_typ_ht 14.745600 
U1880                     AO222X1         saed90nm_typ_ht 14.745600 
U1881                     AO222X1         saed90nm_typ_ht 14.745600 
U1882                     AO222X1         saed90nm_typ_ht 14.745600 
U1883                     AO222X1         saed90nm_typ_ht 14.745600 
U1884                     AO222X1         saed90nm_typ_ht 14.745600 
U1885                     AO222X1         saed90nm_typ_ht 14.745600 
U1886                     AO222X1         saed90nm_typ_ht 14.745600 
U1887                     AO222X1         saed90nm_typ_ht 14.745600 
U1888                     AO222X1         saed90nm_typ_ht 14.745600 
U1889                     AO222X1         saed90nm_typ_ht 14.745600 
U1890                     AO222X1         saed90nm_typ_ht 14.745600 
U1891                     AO222X1         saed90nm_typ_ht 14.745600 
U1892                     AO222X1         saed90nm_typ_ht 14.745600 
U1893                     AO222X1         saed90nm_typ_ht 14.745600 
U1894                     AO222X1         saed90nm_typ_ht 14.745600 
U1895                     AO222X1         saed90nm_typ_ht 14.745600 
U1896                     AO222X1         saed90nm_typ_ht 14.745600 
U1897                     AO222X1         saed90nm_typ_ht 14.745600 
U1898                     AO222X1         saed90nm_typ_ht 14.745600 
U1899                     AO222X1         saed90nm_typ_ht 14.745600 
U1900                     AO222X1         saed90nm_typ_ht 14.745600 
U1901                     AO222X1         saed90nm_typ_ht 14.745600 
U1902                     AO222X1         saed90nm_typ_ht 14.745600 
U1903                     AO222X1         saed90nm_typ_ht 14.745600 
U1904                     INVX0           saed90nm_typ_ht 5.529600  
U1905                     AO222X1         saed90nm_typ_ht 14.745600 
U1906                     AO222X1         saed90nm_typ_ht 14.745600 
U1907                     AO222X1         saed90nm_typ_ht 14.745600 
U1908                     AO222X1         saed90nm_typ_ht 14.745600 
U1909                     AO222X1         saed90nm_typ_ht 14.745600 
U1910                     AO222X1         saed90nm_typ_ht 14.745600 
U1911                     AO222X1         saed90nm_typ_ht 14.745600 
U1912                     AO222X1         saed90nm_typ_ht 14.745600 
U1913                     AO222X1         saed90nm_typ_ht 14.745600 
U1914                     AO222X1         saed90nm_typ_ht 14.745600 
U1915                     AO222X1         saed90nm_typ_ht 14.745600 
U1916                     AO222X1         saed90nm_typ_ht 14.745600 
U1917                     AO222X1         saed90nm_typ_ht 14.745600 
U1918                     AO222X1         saed90nm_typ_ht 14.745600 
U1919                     AO222X1         saed90nm_typ_ht 14.745600 
U1920                     AO222X1         saed90nm_typ_ht 14.745600 
U1921                     AO222X1         saed90nm_typ_ht 14.745600 
U1922                     AO222X1         saed90nm_typ_ht 14.745600 
U1923                     AO222X1         saed90nm_typ_ht 14.745600 
U1924                     AO222X1         saed90nm_typ_ht 14.745600 
U1925                     AO222X1         saed90nm_typ_ht 14.745600 
U1926                     AO222X1         saed90nm_typ_ht 14.745600 
U1927                     AO222X1         saed90nm_typ_ht 14.745600 
U1928                     AO222X1         saed90nm_typ_ht 14.745600 
U1929                     AO222X1         saed90nm_typ_ht 14.745600 
U1930                     AO222X1         saed90nm_typ_ht 14.745600 
U1931                     AO222X1         saed90nm_typ_ht 14.745600 
U1932                     AO222X1         saed90nm_typ_ht 14.745600 
U1933                     AO222X1         saed90nm_typ_ht 14.745600 
U1934                     AO222X1         saed90nm_typ_ht 14.745600 
U1935                     AO222X1         saed90nm_typ_ht 14.745600 
U1936                     INVX0           saed90nm_typ_ht 5.529600  
U1937                     AO222X1         saed90nm_typ_ht 14.745600 
U1938                     AO222X1         saed90nm_typ_ht 14.745600 
U1939                     AO222X1         saed90nm_typ_ht 14.745600 
U1940                     AO222X1         saed90nm_typ_ht 14.745600 
U1941                     AO222X1         saed90nm_typ_ht 14.745600 
U1942                     AO222X1         saed90nm_typ_ht 14.745600 
U1943                     AO222X1         saed90nm_typ_ht 14.745600 
U1944                     AO222X1         saed90nm_typ_ht 14.745600 
U1945                     AO222X1         saed90nm_typ_ht 14.745600 
U1946                     AO222X1         saed90nm_typ_ht 14.745600 
U1947                     AO222X1         saed90nm_typ_ht 14.745600 
U1948                     AO222X1         saed90nm_typ_ht 14.745600 
U1949                     AO222X1         saed90nm_typ_ht 14.745600 
U1950                     AO222X1         saed90nm_typ_ht 14.745600 
U1951                     AO222X1         saed90nm_typ_ht 14.745600 
U1952                     AO222X1         saed90nm_typ_ht 14.745600 
U1953                     AO222X1         saed90nm_typ_ht 14.745600 
U1954                     AO222X1         saed90nm_typ_ht 14.745600 
U1955                     AO222X1         saed90nm_typ_ht 14.745600 
U1956                     AO222X1         saed90nm_typ_ht 14.745600 
U1957                     AO222X1         saed90nm_typ_ht 14.745600 
U1958                     AO222X1         saed90nm_typ_ht 14.745600 
U1959                     AO222X1         saed90nm_typ_ht 14.745600 
U1960                     AO222X1         saed90nm_typ_ht 14.745600 
U1961                     AO222X1         saed90nm_typ_ht 14.745600 
U1962                     AO222X1         saed90nm_typ_ht 14.745600 
U1963                     AO222X1         saed90nm_typ_ht 14.745600 
U1964                     AO222X1         saed90nm_typ_ht 14.745600 
U1965                     AO222X1         saed90nm_typ_ht 14.745600 
U1966                     AO222X1         saed90nm_typ_ht 14.745600 
U1967                     AO222X1         saed90nm_typ_ht 14.745600 
U1968                     INVX0           saed90nm_typ_ht 5.529600  
U1969                     AO222X1         saed90nm_typ_ht 14.745600 
U1970                     AO222X1         saed90nm_typ_ht 14.745600 
U1971                     AO222X1         saed90nm_typ_ht 14.745600 
U1972                     AO222X1         saed90nm_typ_ht 14.745600 
U1973                     AO222X1         saed90nm_typ_ht 14.745600 
U1974                     AO222X1         saed90nm_typ_ht 14.745600 
U1975                     AO222X1         saed90nm_typ_ht 14.745600 
U1976                     AO222X1         saed90nm_typ_ht 14.745600 
U1977                     AO222X1         saed90nm_typ_ht 14.745600 
U1978                     AO222X1         saed90nm_typ_ht 14.745600 
U1979                     AO222X1         saed90nm_typ_ht 14.745600 
U1980                     AO222X1         saed90nm_typ_ht 14.745600 
U1981                     AO222X1         saed90nm_typ_ht 14.745600 
U1982                     AO222X1         saed90nm_typ_ht 14.745600 
U1983                     AO222X1         saed90nm_typ_ht 14.745600 
U1984                     AO222X1         saed90nm_typ_ht 14.745600 
U1985                     AO222X1         saed90nm_typ_ht 14.745600 
U1986                     AO222X1         saed90nm_typ_ht 14.745600 
U1987                     AO222X1         saed90nm_typ_ht 14.745600 
U1988                     AO222X1         saed90nm_typ_ht 14.745600 
U1989                     AO222X1         saed90nm_typ_ht 14.745600 
U1990                     AO222X1         saed90nm_typ_ht 14.745600 
U1991                     AO222X1         saed90nm_typ_ht 14.745600 
U1992                     AO222X1         saed90nm_typ_ht 14.745600 
U1993                     AO222X1         saed90nm_typ_ht 14.745600 
U1994                     AO222X1         saed90nm_typ_ht 14.745600 
U1995                     AO222X1         saed90nm_typ_ht 14.745600 
U1996                     AO222X1         saed90nm_typ_ht 14.745600 
U1997                     AO222X1         saed90nm_typ_ht 14.745600 
U1998                     AO222X1         saed90nm_typ_ht 14.745600 
U1999                     AO222X1         saed90nm_typ_ht 14.745600 
U2000                     INVX0           saed90nm_typ_ht 5.529600  
U2001                     AO222X1         saed90nm_typ_ht 14.745600 
U2002                     AO222X1         saed90nm_typ_ht 14.745600 
U2003                     AO222X1         saed90nm_typ_ht 14.745600 
U2004                     AO222X1         saed90nm_typ_ht 14.745600 
U2005                     AO222X1         saed90nm_typ_ht 14.745600 
U2006                     AO222X1         saed90nm_typ_ht 14.745600 
U2007                     AO222X1         saed90nm_typ_ht 14.745600 
U2008                     AO222X1         saed90nm_typ_ht 14.745600 
U2009                     AO222X1         saed90nm_typ_ht 14.745600 
U2010                     AO222X1         saed90nm_typ_ht 14.745600 
U2011                     AO222X1         saed90nm_typ_ht 14.745600 
U2012                     AO222X1         saed90nm_typ_ht 14.745600 
U2013                     AO222X1         saed90nm_typ_ht 14.745600 
U2014                     AO222X1         saed90nm_typ_ht 14.745600 
U2015                     AO222X1         saed90nm_typ_ht 14.745600 
U2016                     AO222X1         saed90nm_typ_ht 14.745600 
U2017                     AO222X1         saed90nm_typ_ht 14.745600 
U2018                     AO222X1         saed90nm_typ_ht 14.745600 
U2019                     AO222X1         saed90nm_typ_ht 14.745600 
U2020                     AO222X1         saed90nm_typ_ht 14.745600 
U2021                     AO222X1         saed90nm_typ_ht 14.745600 
U2022                     AO222X1         saed90nm_typ_ht 14.745600 
U2023                     AO222X1         saed90nm_typ_ht 14.745600 
U2024                     AO222X1         saed90nm_typ_ht 14.745600 
U2025                     AO222X1         saed90nm_typ_ht 14.745600 
U2026                     AO222X1         saed90nm_typ_ht 14.745600 
U2027                     AO222X1         saed90nm_typ_ht 14.745600 
U2028                     AO222X1         saed90nm_typ_ht 14.745600 
U2029                     AO222X1         saed90nm_typ_ht 14.745600 
U2030                     AO222X1         saed90nm_typ_ht 14.745600 
U2031                     AO222X1         saed90nm_typ_ht 14.745600 
U2032                     INVX0           saed90nm_typ_ht 5.529600  
U2033                     AO222X1         saed90nm_typ_ht 14.745600 
U2034                     AO222X1         saed90nm_typ_ht 14.745600 
U2035                     AO222X1         saed90nm_typ_ht 14.745600 
U2036                     AO222X1         saed90nm_typ_ht 14.745600 
U2037                     AO222X1         saed90nm_typ_ht 14.745600 
U2038                     AO222X1         saed90nm_typ_ht 14.745600 
U2039                     AO222X1         saed90nm_typ_ht 14.745600 
U2040                     AO222X1         saed90nm_typ_ht 14.745600 
U2041                     AO222X1         saed90nm_typ_ht 14.745600 
U2042                     AO222X1         saed90nm_typ_ht 14.745600 
U2043                     AO222X1         saed90nm_typ_ht 14.745600 
U2044                     AO222X1         saed90nm_typ_ht 14.745600 
U2045                     AO222X1         saed90nm_typ_ht 14.745600 
U2046                     AO222X1         saed90nm_typ_ht 14.745600 
U2047                     AO222X1         saed90nm_typ_ht 14.745600 
U2048                     AO222X1         saed90nm_typ_ht 14.745600 
U2049                     AO222X1         saed90nm_typ_ht 14.745600 
U2050                     AO222X1         saed90nm_typ_ht 14.745600 
U2051                     AO222X1         saed90nm_typ_ht 14.745600 
U2052                     AO222X1         saed90nm_typ_ht 14.745600 
U2053                     AO222X1         saed90nm_typ_ht 14.745600 
U2054                     AO222X1         saed90nm_typ_ht 14.745600 
U2055                     AO222X1         saed90nm_typ_ht 14.745600 
U2056                     AO222X1         saed90nm_typ_ht 14.745600 
U2057                     AO222X1         saed90nm_typ_ht 14.745600 
U2058                     AO222X1         saed90nm_typ_ht 14.745600 
U2059                     AO222X1         saed90nm_typ_ht 14.745600 
U2060                     AO222X1         saed90nm_typ_ht 14.745600 
U2061                     AO222X1         saed90nm_typ_ht 14.745600 
U2062                     AO222X1         saed90nm_typ_ht 14.745600 
U2063                     AO222X1         saed90nm_typ_ht 14.745600 
U2064                     INVX0           saed90nm_typ_ht 5.529600  
U2065                     AO222X1         saed90nm_typ_ht 14.745600 
U2066                     AO222X1         saed90nm_typ_ht 14.745600 
U2067                     AO222X1         saed90nm_typ_ht 14.745600 
U2068                     AO222X1         saed90nm_typ_ht 14.745600 
U2069                     AO222X1         saed90nm_typ_ht 14.745600 
U2070                     AO222X1         saed90nm_typ_ht 14.745600 
U2071                     AO222X1         saed90nm_typ_ht 14.745600 
U2072                     AO222X1         saed90nm_typ_ht 14.745600 
U2073                     AO222X1         saed90nm_typ_ht 14.745600 
U2074                     AO222X1         saed90nm_typ_ht 14.745600 
U2075                     AO222X1         saed90nm_typ_ht 14.745600 
U2076                     AO222X1         saed90nm_typ_ht 14.745600 
U2077                     AO222X1         saed90nm_typ_ht 14.745600 
U2078                     AO222X1         saed90nm_typ_ht 14.745600 
U2079                     AO222X1         saed90nm_typ_ht 14.745600 
U2080                     AO222X1         saed90nm_typ_ht 14.745600 
U2081                     AO222X1         saed90nm_typ_ht 14.745600 
U2082                     AO222X1         saed90nm_typ_ht 14.745600 
U2083                     AO222X1         saed90nm_typ_ht 14.745600 
U2084                     AO222X1         saed90nm_typ_ht 14.745600 
U2085                     AO222X1         saed90nm_typ_ht 14.745600 
U2086                     AO222X1         saed90nm_typ_ht 14.745600 
U2087                     AO222X1         saed90nm_typ_ht 14.745600 
U2088                     AO222X1         saed90nm_typ_ht 14.745600 
U2089                     AO222X1         saed90nm_typ_ht 14.745600 
U2090                     AO222X1         saed90nm_typ_ht 14.745600 
U2091                     AO222X1         saed90nm_typ_ht 14.745600 
U2092                     AO222X1         saed90nm_typ_ht 14.745600 
U2093                     AO222X1         saed90nm_typ_ht 14.745600 
U2094                     AO222X1         saed90nm_typ_ht 14.745600 
U2095                     AO222X1         saed90nm_typ_ht 14.745600 
U2096                     INVX0           saed90nm_typ_ht 5.529600  
U2097                     AO222X1         saed90nm_typ_ht 14.745600 
U2098                     AO222X1         saed90nm_typ_ht 14.745600 
U2099                     AO222X1         saed90nm_typ_ht 14.745600 
U2100                     AO222X1         saed90nm_typ_ht 14.745600 
U2101                     AO222X1         saed90nm_typ_ht 14.745600 
U2102                     AO222X1         saed90nm_typ_ht 14.745600 
U2103                     AO222X1         saed90nm_typ_ht 14.745600 
U2104                     AO222X1         saed90nm_typ_ht 14.745600 
U2105                     AO222X1         saed90nm_typ_ht 14.745600 
U2106                     AO222X1         saed90nm_typ_ht 14.745600 
U2107                     AO222X1         saed90nm_typ_ht 14.745600 
U2108                     AO222X1         saed90nm_typ_ht 14.745600 
U2109                     AO222X1         saed90nm_typ_ht 14.745600 
U2110                     AO222X1         saed90nm_typ_ht 14.745600 
U2111                     AO222X1         saed90nm_typ_ht 14.745600 
U2112                     AO222X1         saed90nm_typ_ht 14.745600 
U2113                     AO222X1         saed90nm_typ_ht 14.745600 
U2114                     AO222X1         saed90nm_typ_ht 14.745600 
U2115                     AO222X1         saed90nm_typ_ht 14.745600 
U2116                     AO222X1         saed90nm_typ_ht 14.745600 
U2117                     AO222X1         saed90nm_typ_ht 14.745600 
U2118                     AO222X1         saed90nm_typ_ht 14.745600 
U2119                     AO222X1         saed90nm_typ_ht 14.745600 
U2120                     AO222X1         saed90nm_typ_ht 14.745600 
U2121                     AO222X1         saed90nm_typ_ht 14.745600 
U2122                     AO222X1         saed90nm_typ_ht 14.745600 
U2123                     AO222X1         saed90nm_typ_ht 14.745600 
U2124                     AO222X1         saed90nm_typ_ht 14.745600 
U2125                     AO222X1         saed90nm_typ_ht 14.745600 
U2126                     AO222X1         saed90nm_typ_ht 14.745600 
U2127                     AO222X1         saed90nm_typ_ht 14.745600 
U2128                     INVX0           saed90nm_typ_ht 5.529600  
U2129                     AO222X1         saed90nm_typ_ht 14.745600 
U2130                     AO222X1         saed90nm_typ_ht 14.745600 
U2131                     AO222X1         saed90nm_typ_ht 14.745600 
U2132                     AO222X1         saed90nm_typ_ht 14.745600 
U2133                     AO222X1         saed90nm_typ_ht 14.745600 
U2134                     AO222X1         saed90nm_typ_ht 14.745600 
U2135                     AO222X1         saed90nm_typ_ht 14.745600 
U2136                     AO222X1         saed90nm_typ_ht 14.745600 
U2137                     AO222X1         saed90nm_typ_ht 14.745600 
U2138                     AO222X1         saed90nm_typ_ht 14.745600 
U2139                     AO222X1         saed90nm_typ_ht 14.745600 
U2140                     AO222X1         saed90nm_typ_ht 14.745600 
U2141                     AO222X1         saed90nm_typ_ht 14.745600 
U2142                     AO222X1         saed90nm_typ_ht 14.745600 
U2143                     AO222X1         saed90nm_typ_ht 14.745600 
U2144                     AO222X1         saed90nm_typ_ht 14.745600 
U2145                     AO222X1         saed90nm_typ_ht 14.745600 
U2146                     AO222X1         saed90nm_typ_ht 14.745600 
U2147                     AO222X1         saed90nm_typ_ht 14.745600 
U2148                     AO222X1         saed90nm_typ_ht 14.745600 
U2149                     AO222X1         saed90nm_typ_ht 14.745600 
U2150                     AO222X1         saed90nm_typ_ht 14.745600 
U2151                     AO222X1         saed90nm_typ_ht 14.745600 
U2152                     AO222X1         saed90nm_typ_ht 14.745600 
U2153                     AO222X1         saed90nm_typ_ht 14.745600 
U2154                     AO222X1         saed90nm_typ_ht 14.745600 
U2155                     AO222X1         saed90nm_typ_ht 14.745600 
U2156                     AO222X1         saed90nm_typ_ht 14.745600 
U2157                     AO222X1         saed90nm_typ_ht 14.745600 
U2158                     AO222X1         saed90nm_typ_ht 14.745600 
U2159                     AO222X1         saed90nm_typ_ht 14.745600 
U2160                     AO222X1         saed90nm_typ_ht 14.745600 
U2161                     AO222X1         saed90nm_typ_ht 14.745600 
U2162                     AO222X1         saed90nm_typ_ht 14.745600 
U2163                     AO222X1         saed90nm_typ_ht 14.745600 
U2164                     AO222X1         saed90nm_typ_ht 14.745600 
U2165                     AO222X1         saed90nm_typ_ht 14.745600 
U2166                     AO222X1         saed90nm_typ_ht 14.745600 
U2167                     AO222X1         saed90nm_typ_ht 14.745600 
U2168                     AO222X1         saed90nm_typ_ht 14.745600 
U2169                     AO222X1         saed90nm_typ_ht 14.745600 
U2170                     AO222X1         saed90nm_typ_ht 14.745600 
U2171                     AO222X1         saed90nm_typ_ht 14.745600 
U2172                     AO222X1         saed90nm_typ_ht 14.745600 
U2173                     AO222X1         saed90nm_typ_ht 14.745600 
U2174                     AO222X1         saed90nm_typ_ht 14.745600 
U2175                     AO222X1         saed90nm_typ_ht 14.745600 
U2176                     AO222X1         saed90nm_typ_ht 14.745600 
U2177                     AO222X1         saed90nm_typ_ht 14.745600 
U2178                     AO222X1         saed90nm_typ_ht 14.745600 
U2179                     AO222X1         saed90nm_typ_ht 14.745600 
U2180                     AO222X1         saed90nm_typ_ht 14.745600 
U2181                     AO222X1         saed90nm_typ_ht 14.745600 
U2182                     AO222X1         saed90nm_typ_ht 14.745600 
U2183                     AO21X1          saed90nm_typ_ht 10.137600 
U2184                     MUX21X1         saed90nm_typ_ht 11.059200 
U2185                     AO222X1         saed90nm_typ_ht 14.745600 
U2186                     AO222X1         saed90nm_typ_ht 14.745600 
U2187                     AO222X1         saed90nm_typ_ht 14.745600 
U2188                     AO222X1         saed90nm_typ_ht 14.745600 
U2189                     AO222X1         saed90nm_typ_ht 14.745600 
U2190                     AO222X1         saed90nm_typ_ht 14.745600 
U2191                     AO222X1         saed90nm_typ_ht 14.745600 
U2192                     AO222X1         saed90nm_typ_ht 14.745600 
U2193                     AO222X1         saed90nm_typ_ht 14.745600 
U2194                     AO21X1          saed90nm_typ_ht 10.137600 
U2195                     MUX21X1         saed90nm_typ_ht 11.059200 
U2196                     AND2X1          saed90nm_typ_ht 7.372800  
U2197                     AO222X1         saed90nm_typ_ht 14.745600 
U2198                     AO222X1         saed90nm_typ_ht 14.745600 
U2199                     AO222X1         saed90nm_typ_ht 14.745600 
U2200                     AO222X1         saed90nm_typ_ht 14.745600 
U2201                     AO222X1         saed90nm_typ_ht 14.745600 
U2202                     AO222X1         saed90nm_typ_ht 14.745600 
U2203                     AO222X1         saed90nm_typ_ht 14.745600 
U2204                     AO222X1         saed90nm_typ_ht 14.745600 
U2205                     AO222X1         saed90nm_typ_ht 14.745600 
U2206                     AO21X1          saed90nm_typ_ht 10.137600 
U2207                     MUX21X1         saed90nm_typ_ht 11.059200 
U2208                     AND2X1          saed90nm_typ_ht 7.372800  
U2209                     AO222X1         saed90nm_typ_ht 14.745600 
U2210                     AO222X1         saed90nm_typ_ht 14.745600 
U2211                     AO222X1         saed90nm_typ_ht 14.745600 
U2212                     AO222X1         saed90nm_typ_ht 14.745600 
U2213                     AO222X1         saed90nm_typ_ht 14.745600 
U2214                     AO222X1         saed90nm_typ_ht 14.745600 
U2215                     AO222X1         saed90nm_typ_ht 14.745600 
U2216                     AO222X1         saed90nm_typ_ht 14.745600 
U2217                     AO222X1         saed90nm_typ_ht 14.745600 
U2218                     AO21X1          saed90nm_typ_ht 10.137600 
U2219                     MUX21X1         saed90nm_typ_ht 11.059200 
U2220                     AND2X1          saed90nm_typ_ht 7.372800  
U2221                     AO222X1         saed90nm_typ_ht 14.745600 
U2222                     AO222X1         saed90nm_typ_ht 14.745600 
U2223                     AO222X1         saed90nm_typ_ht 14.745600 
U2224                     AO222X1         saed90nm_typ_ht 14.745600 
U2225                     AO222X1         saed90nm_typ_ht 14.745600 
U2226                     AO222X1         saed90nm_typ_ht 14.745600 
U2227                     AO222X1         saed90nm_typ_ht 14.745600 
U2228                     AO222X1         saed90nm_typ_ht 14.745600 
U2229                     AO222X1         saed90nm_typ_ht 14.745600 
U2230                     AO21X1          saed90nm_typ_ht 10.137600 
U2231                     MUX21X1         saed90nm_typ_ht 11.059200 
U2232                     AND2X1          saed90nm_typ_ht 7.372800  
U2233                     AO222X1         saed90nm_typ_ht 14.745600 
U2234                     AO222X1         saed90nm_typ_ht 14.745600 
U2235                     AO222X1         saed90nm_typ_ht 14.745600 
U2236                     AO222X1         saed90nm_typ_ht 14.745600 
U2237                     AO222X1         saed90nm_typ_ht 14.745600 
U2238                     AO222X1         saed90nm_typ_ht 14.745600 
U2239                     AO222X1         saed90nm_typ_ht 14.745600 
U2240                     AO222X1         saed90nm_typ_ht 14.745600 
U2241                     AO222X1         saed90nm_typ_ht 14.745600 
U2242                     AO21X1          saed90nm_typ_ht 10.137600 
U2243                     MUX21X1         saed90nm_typ_ht 11.059200 
U2244                     AND2X1          saed90nm_typ_ht 7.372800  
U2245                     AO222X1         saed90nm_typ_ht 14.745600 
U2246                     AO222X1         saed90nm_typ_ht 14.745600 
U2247                     AO222X1         saed90nm_typ_ht 14.745600 
U2248                     AO222X1         saed90nm_typ_ht 14.745600 
U2249                     AO222X1         saed90nm_typ_ht 14.745600 
U2250                     AO222X1         saed90nm_typ_ht 14.745600 
U2251                     AO222X1         saed90nm_typ_ht 14.745600 
U2252                     AO222X1         saed90nm_typ_ht 14.745600 
U2253                     AO222X1         saed90nm_typ_ht 14.745600 
U2254                     AO21X1          saed90nm_typ_ht 10.137600 
U2255                     MUX21X1         saed90nm_typ_ht 11.059200 
U2256                     AND2X1          saed90nm_typ_ht 7.372800  
U2257                     AO222X1         saed90nm_typ_ht 14.745600 
U2258                     AO222X1         saed90nm_typ_ht 14.745600 
U2259                     AO222X1         saed90nm_typ_ht 14.745600 
U2260                     AO222X1         saed90nm_typ_ht 14.745600 
U2261                     AO222X1         saed90nm_typ_ht 14.745600 
U2262                     AO222X1         saed90nm_typ_ht 14.745600 
U2263                     AO222X1         saed90nm_typ_ht 14.745600 
U2264                     AO222X1         saed90nm_typ_ht 14.745600 
U2265                     AO222X1         saed90nm_typ_ht 14.745600 
U2266                     AO21X1          saed90nm_typ_ht 10.137600 
U2267                     MUX21X1         saed90nm_typ_ht 11.059200 
U2268                     AND2X1          saed90nm_typ_ht 7.372800  
U2269                     AO222X1         saed90nm_typ_ht 14.745600 
U2270                     AO222X1         saed90nm_typ_ht 14.745600 
U2271                     AO222X1         saed90nm_typ_ht 14.745600 
U2272                     AO222X1         saed90nm_typ_ht 14.745600 
U2273                     AO222X1         saed90nm_typ_ht 14.745600 
U2274                     AO222X1         saed90nm_typ_ht 14.745600 
U2275                     AO222X1         saed90nm_typ_ht 14.745600 
U2276                     AO222X1         saed90nm_typ_ht 14.745600 
U2277                     AO222X1         saed90nm_typ_ht 14.745600 
U2278                     AO21X1          saed90nm_typ_ht 10.137600 
U2279                     MUX21X1         saed90nm_typ_ht 11.059200 
U2280                     AND2X1          saed90nm_typ_ht 7.372800  
U2281                     AO222X1         saed90nm_typ_ht 14.745600 
U2282                     AO222X1         saed90nm_typ_ht 14.745600 
U2283                     AO222X1         saed90nm_typ_ht 14.745600 
U2284                     AO222X1         saed90nm_typ_ht 14.745600 
U2285                     AO222X1         saed90nm_typ_ht 14.745600 
U2286                     AO222X1         saed90nm_typ_ht 14.745600 
U2287                     AO222X1         saed90nm_typ_ht 14.745600 
U2288                     AO222X1         saed90nm_typ_ht 14.745600 
U2289                     AO222X1         saed90nm_typ_ht 14.745600 
U2290                     AO21X1          saed90nm_typ_ht 10.137600 
U2291                     MUX21X1         saed90nm_typ_ht 11.059200 
U2292                     AND2X1          saed90nm_typ_ht 7.372800  
U2293                     AO222X1         saed90nm_typ_ht 14.745600 
U2294                     AO222X1         saed90nm_typ_ht 14.745600 
U2295                     AO222X1         saed90nm_typ_ht 14.745600 
U2296                     AO222X1         saed90nm_typ_ht 14.745600 
U2297                     AO222X1         saed90nm_typ_ht 14.745600 
U2298                     AO222X1         saed90nm_typ_ht 14.745600 
U2299                     AO222X1         saed90nm_typ_ht 14.745600 
U2300                     AO222X1         saed90nm_typ_ht 14.745600 
U2301                     AO222X1         saed90nm_typ_ht 14.745600 
U2302                     AO21X1          saed90nm_typ_ht 10.137600 
U2303                     MUX21X1         saed90nm_typ_ht 11.059200 
U2304                     AND2X1          saed90nm_typ_ht 7.372800  
U2305                     AO222X1         saed90nm_typ_ht 14.745600 
U2306                     AO222X1         saed90nm_typ_ht 14.745600 
U2307                     AO222X1         saed90nm_typ_ht 14.745600 
U2308                     AO222X1         saed90nm_typ_ht 14.745600 
U2309                     AO222X1         saed90nm_typ_ht 14.745600 
U2310                     AO222X1         saed90nm_typ_ht 14.745600 
U2311                     AO222X1         saed90nm_typ_ht 14.745600 
U2312                     AO222X1         saed90nm_typ_ht 14.745600 
U2313                     AO222X1         saed90nm_typ_ht 14.745600 
U2314                     AO21X1          saed90nm_typ_ht 10.137600 
U2315                     MUX21X1         saed90nm_typ_ht 11.059200 
U2316                     AND2X1          saed90nm_typ_ht 7.372800  
U2317                     AO222X1         saed90nm_typ_ht 14.745600 
U2318                     AO222X1         saed90nm_typ_ht 14.745600 
U2319                     AO222X1         saed90nm_typ_ht 14.745600 
U2320                     AO222X1         saed90nm_typ_ht 14.745600 
U2321                     AO222X1         saed90nm_typ_ht 14.745600 
U2322                     AO222X1         saed90nm_typ_ht 14.745600 
U2323                     AO222X1         saed90nm_typ_ht 14.745600 
U2324                     AO222X1         saed90nm_typ_ht 14.745600 
U2325                     AO222X1         saed90nm_typ_ht 14.745600 
U2326                     AO21X1          saed90nm_typ_ht 10.137600 
U2327                     MUX21X1         saed90nm_typ_ht 11.059200 
U2328                     AND2X1          saed90nm_typ_ht 7.372800  
U2329                     AO222X1         saed90nm_typ_ht 14.745600 
U2330                     AO222X1         saed90nm_typ_ht 14.745600 
U2331                     AO222X1         saed90nm_typ_ht 14.745600 
U2332                     AO222X1         saed90nm_typ_ht 14.745600 
U2333                     AO222X1         saed90nm_typ_ht 14.745600 
U2334                     AO222X1         saed90nm_typ_ht 14.745600 
U2335                     AO222X1         saed90nm_typ_ht 14.745600 
U2336                     AO222X1         saed90nm_typ_ht 14.745600 
U2337                     AO222X1         saed90nm_typ_ht 14.745600 
U2338                     AO21X1          saed90nm_typ_ht 10.137600 
U2339                     MUX21X1         saed90nm_typ_ht 11.059200 
U2340                     AND2X1          saed90nm_typ_ht 7.372800  
U2341                     AO222X1         saed90nm_typ_ht 14.745600 
U2342                     AO222X1         saed90nm_typ_ht 14.745600 
U2343                     AO222X1         saed90nm_typ_ht 14.745600 
U2344                     AO222X1         saed90nm_typ_ht 14.745600 
U2345                     AO222X1         saed90nm_typ_ht 14.745600 
U2346                     AO222X1         saed90nm_typ_ht 14.745600 
U2347                     AO222X1         saed90nm_typ_ht 14.745600 
U2348                     AO222X1         saed90nm_typ_ht 14.745600 
U2349                     AO222X1         saed90nm_typ_ht 14.745600 
U2350                     AO21X1          saed90nm_typ_ht 10.137600 
U2351                     MUX21X1         saed90nm_typ_ht 11.059200 
U2352                     AND2X1          saed90nm_typ_ht 7.372800  
U2353                     AO222X1         saed90nm_typ_ht 14.745600 
U2354                     AO222X1         saed90nm_typ_ht 14.745600 
U2355                     AO222X1         saed90nm_typ_ht 14.745600 
U2356                     AO222X1         saed90nm_typ_ht 14.745600 
U2357                     AO222X1         saed90nm_typ_ht 14.745600 
U2358                     AO222X1         saed90nm_typ_ht 14.745600 
U2359                     AO222X1         saed90nm_typ_ht 14.745600 
U2360                     AO222X1         saed90nm_typ_ht 14.745600 
U2361                     AO222X1         saed90nm_typ_ht 14.745600 
U2362                     AO21X1          saed90nm_typ_ht 10.137600 
U2363                     MUX21X1         saed90nm_typ_ht 11.059200 
U2364                     AND2X1          saed90nm_typ_ht 7.372800  
U2365                     AO222X1         saed90nm_typ_ht 14.745600 
U2366                     AO222X1         saed90nm_typ_ht 14.745600 
U2367                     AO222X1         saed90nm_typ_ht 14.745600 
U2368                     AO222X1         saed90nm_typ_ht 14.745600 
U2369                     AO222X1         saed90nm_typ_ht 14.745600 
U2370                     AO222X1         saed90nm_typ_ht 14.745600 
U2371                     AO222X1         saed90nm_typ_ht 14.745600 
U2372                     AO222X1         saed90nm_typ_ht 14.745600 
U2373                     AO222X1         saed90nm_typ_ht 14.745600 
U2374                     AO21X1          saed90nm_typ_ht 10.137600 
U2375                     MUX21X1         saed90nm_typ_ht 11.059200 
U2376                     AND2X1          saed90nm_typ_ht 7.372800  
U2377                     AO222X1         saed90nm_typ_ht 14.745600 
U2378                     AO222X1         saed90nm_typ_ht 14.745600 
U2379                     AO222X1         saed90nm_typ_ht 14.745600 
U2380                     AO222X1         saed90nm_typ_ht 14.745600 
U2381                     AO222X1         saed90nm_typ_ht 14.745600 
U2382                     AO222X1         saed90nm_typ_ht 14.745600 
U2383                     AO222X1         saed90nm_typ_ht 14.745600 
U2384                     AO222X1         saed90nm_typ_ht 14.745600 
U2385                     AO222X1         saed90nm_typ_ht 14.745600 
U2386                     AO21X1          saed90nm_typ_ht 10.137600 
U2387                     MUX21X1         saed90nm_typ_ht 11.059200 
U2388                     AND2X1          saed90nm_typ_ht 7.372800  
U2389                     AO222X1         saed90nm_typ_ht 14.745600 
U2390                     AO222X1         saed90nm_typ_ht 14.745600 
U2391                     AO222X1         saed90nm_typ_ht 14.745600 
U2392                     AO222X1         saed90nm_typ_ht 14.745600 
U2393                     AO222X1         saed90nm_typ_ht 14.745600 
U2394                     AO222X1         saed90nm_typ_ht 14.745600 
U2395                     AO222X1         saed90nm_typ_ht 14.745600 
U2396                     AO222X1         saed90nm_typ_ht 14.745600 
U2397                     AO222X1         saed90nm_typ_ht 14.745600 
U2398                     AO21X1          saed90nm_typ_ht 10.137600 
U2399                     MUX21X1         saed90nm_typ_ht 11.059200 
U2400                     AND2X1          saed90nm_typ_ht 7.372800  
U2401                     AO222X1         saed90nm_typ_ht 14.745600 
U2402                     AO222X1         saed90nm_typ_ht 14.745600 
U2403                     AO222X1         saed90nm_typ_ht 14.745600 
U2404                     AO222X1         saed90nm_typ_ht 14.745600 
U2405                     AO222X1         saed90nm_typ_ht 14.745600 
U2406                     AO222X1         saed90nm_typ_ht 14.745600 
U2407                     AO222X1         saed90nm_typ_ht 14.745600 
U2408                     AO222X1         saed90nm_typ_ht 14.745600 
U2409                     AO222X1         saed90nm_typ_ht 14.745600 
U2410                     AO21X1          saed90nm_typ_ht 10.137600 
U2411                     MUX21X1         saed90nm_typ_ht 11.059200 
U2412                     AND2X1          saed90nm_typ_ht 7.372800  
U2413                     AO222X1         saed90nm_typ_ht 14.745600 
U2414                     AO222X1         saed90nm_typ_ht 14.745600 
U2415                     AO222X1         saed90nm_typ_ht 14.745600 
U2416                     AO222X1         saed90nm_typ_ht 14.745600 
U2417                     AO222X1         saed90nm_typ_ht 14.745600 
U2418                     AO222X1         saed90nm_typ_ht 14.745600 
U2419                     AO222X1         saed90nm_typ_ht 14.745600 
U2420                     AO222X1         saed90nm_typ_ht 14.745600 
U2421                     AO222X1         saed90nm_typ_ht 14.745600 
U2422                     AO21X1          saed90nm_typ_ht 10.137600 
U2423                     MUX21X1         saed90nm_typ_ht 11.059200 
U2424                     AND2X1          saed90nm_typ_ht 7.372800  
U2425                     AO222X1         saed90nm_typ_ht 14.745600 
U2426                     AO222X1         saed90nm_typ_ht 14.745600 
U2427                     AO222X1         saed90nm_typ_ht 14.745600 
U2428                     AO222X1         saed90nm_typ_ht 14.745600 
U2429                     AO222X1         saed90nm_typ_ht 14.745600 
U2430                     AO222X1         saed90nm_typ_ht 14.745600 
U2431                     AO222X1         saed90nm_typ_ht 14.745600 
U2432                     AO222X1         saed90nm_typ_ht 14.745600 
U2433                     AO222X1         saed90nm_typ_ht 14.745600 
U2434                     AO21X1          saed90nm_typ_ht 10.137600 
U2435                     MUX21X1         saed90nm_typ_ht 11.059200 
U2436                     AND2X1          saed90nm_typ_ht 7.372800  
U2437                     INVX0           saed90nm_typ_ht 5.529600  
U2438                     INVX0           saed90nm_typ_ht 5.529600  
U2439                     INVX0           saed90nm_typ_ht 5.529600  
U2440                     INVX0           saed90nm_typ_ht 5.529600  
U2441                     INVX0           saed90nm_typ_ht 5.529600  
U2442                     INVX0           saed90nm_typ_ht 5.529600  
U2443                     INVX0           saed90nm_typ_ht 5.529600  
U2444                     INVX0           saed90nm_typ_ht 5.529600  
U2445                     INVX0           saed90nm_typ_ht 5.529600  
U2446                     INVX0           saed90nm_typ_ht 5.529600  
U2447                     AND2X1          saed90nm_typ_ht 7.372800  
U2448                     AND2X1          saed90nm_typ_ht 7.372800  
U2449                     AND2X1          saed90nm_typ_ht 7.372800  
U2450                     AND2X1          saed90nm_typ_ht 7.372800  
U2451                     AND2X1          saed90nm_typ_ht 7.372800  
U2452                     AND2X1          saed90nm_typ_ht 7.372800  
U2453                     AND2X1          saed90nm_typ_ht 7.372800  
add_19_I2                 booth_multiplier_DW01_add_30    935.423985
                                                                    BO, h
add_19_I3                 booth_multiplier_DW01_add_29    928.051186
                                                                    BO, h
add_19_I4                 booth_multiplier_DW01_add_28    928.051186
                                                                    BO, h
add_19_I5                 booth_multiplier_DW01_add_27    928.051186
                                                                    BO, h
add_19_I6                 booth_multiplier_DW01_add_26    928.051186
                                                                    BO, h
add_19_I7                 booth_multiplier_DW01_add_25    928.051186
                                                                    BO, h
add_19_I8                 booth_multiplier_DW01_add_24    928.051186
                                                                    BO, h
add_19_I9                 booth_multiplier_DW01_add_23    928.051186
                                                                    BO, h
add_19_I10                booth_multiplier_DW01_add_22    928.051186
                                                                    BO, h
add_19_I11                booth_multiplier_DW01_add_21    928.051186
                                                                    BO, h
add_19_I12                booth_multiplier_DW01_add_20    928.051186
                                                                    BO, h
add_19_I13                booth_multiplier_DW01_add_19    928.051186
                                                                    BO, h
add_19_I14                booth_multiplier_DW01_add_18    928.051186
                                                                    BO, h
add_19_I15                booth_multiplier_DW01_add_17    928.051186
                                                                    BO, h
add_19_I16                booth_multiplier_DW01_add_16    928.051186
                                                                    BO, h
add_19_I17                booth_multiplier_DW01_add_15    928.051186
                                                                    BO, h
add_19_I18                booth_multiplier_DW01_add_14    928.051186
                                                                    BO, h
add_19_I19                booth_multiplier_DW01_add_13    928.051186
                                                                    BO, h
add_19_I20                booth_multiplier_DW01_add_12    928.051186
                                                                    BO, h
add_19_I21                booth_multiplier_DW01_add_11    928.051186
                                                                    BO, h
add_19_I22                booth_multiplier_DW01_add_10    928.051186
                                                                    BO, h
add_19_I23                booth_multiplier_DW01_add_9     928.051186
                                                                    BO, h
add_19_I24                booth_multiplier_DW01_add_8     928.051186
                                                                    BO, h
add_19_I25                booth_multiplier_DW01_add_7     928.051186
                                                                    BO, h
add_19_I26                booth_multiplier_DW01_add_6     928.051186
                                                                    BO, h
add_19_I27                booth_multiplier_DW01_add_5     928.051186
                                                                    BO, h
add_19_I28                booth_multiplier_DW01_add_4     928.051186
                                                                    BO, h
add_19_I29                booth_multiplier_DW01_add_3     928.051186
                                                                    BO, h
add_19_I30                booth_multiplier_DW01_add_2     928.051186
                                                                    BO, h
add_19_I31                booth_multiplier_DW01_add_1     928.051186
                                                                    BO, h
add_19_I32                booth_multiplier_DW01_add_0     928.051186
                                                                    BO, h
sub_22                    booth_multiplier_DW01_sub_31    819.302412
                                                                    BO, h
sub_22_I2                 booth_multiplier_DW01_sub_30    1108.684791
                                                                    BO, h
sub_22_I3                 booth_multiplier_DW01_sub_29    1108.684791
                                                                    BO, h
sub_22_I4                 booth_multiplier_DW01_sub_28    1108.684791
                                                                    BO, h
sub_22_I5                 booth_multiplier_DW01_sub_27    1108.684791
                                                                    BO, h
sub_22_I6                 booth_multiplier_DW01_sub_26    1108.684791
                                                                    BO, h
sub_22_I7                 booth_multiplier_DW01_sub_25    1108.684791
                                                                    BO, h
sub_22_I8                 booth_multiplier_DW01_sub_24    1108.684791
                                                                    BO, h
sub_22_I9                 booth_multiplier_DW01_sub_23    1108.684791
                                                                    BO, h
sub_22_I10                booth_multiplier_DW01_sub_22    1108.684791
                                                                    BO, h
sub_22_I11                booth_multiplier_DW01_sub_21    1108.684791
                                                                    BO, h
sub_22_I12                booth_multiplier_DW01_sub_20    1108.684791
                                                                    BO, h
sub_22_I13                booth_multiplier_DW01_sub_19    1108.684791
                                                                    BO, h
sub_22_I14                booth_multiplier_DW01_sub_18    1108.684791
                                                                    BO, h
sub_22_I15                booth_multiplier_DW01_sub_17    1108.684791
                                                                    BO, h
sub_22_I16                booth_multiplier_DW01_sub_16    1108.684791
                                                                    BO, h
sub_22_I17                booth_multiplier_DW01_sub_15    1108.684791
                                                                    BO, h
sub_22_I18                booth_multiplier_DW01_sub_14    1108.684791
                                                                    BO, h
sub_22_I19                booth_multiplier_DW01_sub_13    1108.684791
                                                                    BO, h
sub_22_I20                booth_multiplier_DW01_sub_12    1108.684791
                                                                    BO, h
sub_22_I21                booth_multiplier_DW01_sub_11    1108.684791
                                                                    BO, h
sub_22_I22                booth_multiplier_DW01_sub_10    1108.684791
                                                                    BO, h
sub_22_I23                booth_multiplier_DW01_sub_9     1108.684791
                                                                    BO, h
sub_22_I24                booth_multiplier_DW01_sub_8     1108.684791
                                                                    BO, h
sub_22_I25                booth_multiplier_DW01_sub_7     1108.684791
                                                                    BO, h
sub_22_I26                booth_multiplier_DW01_sub_6     1108.684791
                                                                    BO, h
sub_22_I27                booth_multiplier_DW01_sub_5     1108.684791
                                                                    BO, h
sub_22_I28                booth_multiplier_DW01_sub_4     1108.684791
                                                                    BO, h
sub_22_I29                booth_multiplier_DW01_sub_3     1108.684791
                                                                    BO, h
sub_22_I30                booth_multiplier_DW01_sub_2     1108.684791
                                                                    BO, h
sub_22_I31                booth_multiplier_DW01_sub_1     1108.684791
                                                                    BO, h
sub_22_I32                booth_multiplier_DW01_sub_0     1108.684791
                                                                    BO, h
--------------------------------------------------------------------------------
Total 1241 cells                                          79796.735039
1
