 
****************************************
Report : resources
Design : booth_multiplier
Version: U-2022.12-SP7
Date   : Sat Dec 23 16:56:54 2023
****************************************

Resource Sharing Report for design booth_multiplier in file
        ./source/booth_multiplier.v

===============================================================================
|          |              |            | Contained     |                      |
| Resource | Module       | Parameters | Resources     | Contained Operations |
===============================================================================
| r397     | DW01_sub     | width=32   |               | sub_22               |
| r399     | DW01_add     | width=32   |               | add_19_I2            |
| r401     | DW01_sub     | width=32   |               | sub_22_I2            |
| r403     | DW01_add     | width=32   |               | add_19_I3            |
| r405     | DW01_sub     | width=32   |               | sub_22_I3            |
| r407     | DW01_add     | width=32   |               | add_19_I4            |
| r409     | DW01_sub     | width=32   |               | sub_22_I4            |
| r411     | DW01_add     | width=32   |               | add_19_I5            |
| r413     | DW01_sub     | width=32   |               | sub_22_I5            |
| r415     | DW01_add     | width=32   |               | add_19_I6            |
| r417     | DW01_sub     | width=32   |               | sub_22_I6            |
| r419     | DW01_add     | width=32   |               | add_19_I7            |
| r421     | DW01_sub     | width=32   |               | sub_22_I7            |
| r423     | DW01_add     | width=32   |               | add_19_I8            |
| r425     | DW01_sub     | width=32   |               | sub_22_I8            |
| r427     | DW01_add     | width=32   |               | add_19_I9            |
| r429     | DW01_sub     | width=32   |               | sub_22_I9            |
| r431     | DW01_add     | width=32   |               | add_19_I10           |
| r433     | DW01_sub     | width=32   |               | sub_22_I10           |
| r435     | DW01_add     | width=32   |               | add_19_I11           |
| r437     | DW01_sub     | width=32   |               | sub_22_I11           |
| r439     | DW01_add     | width=32   |               | add_19_I12           |
| r441     | DW01_sub     | width=32   |               | sub_22_I12           |
| r443     | DW01_add     | width=32   |               | add_19_I13           |
| r445     | DW01_sub     | width=32   |               | sub_22_I13           |
| r447     | DW01_add     | width=32   |               | add_19_I14           |
| r449     | DW01_sub     | width=32   |               | sub_22_I14           |
| r451     | DW01_add     | width=32   |               | add_19_I15           |
| r453     | DW01_sub     | width=32   |               | sub_22_I15           |
| r455     | DW01_add     | width=32   |               | add_19_I16           |
| r457     | DW01_sub     | width=32   |               | sub_22_I16           |
| r459     | DW01_add     | width=32   |               | add_19_I17           |
| r461     | DW01_sub     | width=32   |               | sub_22_I17           |
| r463     | DW01_add     | width=32   |               | add_19_I18           |
| r465     | DW01_sub     | width=32   |               | sub_22_I18           |
| r467     | DW01_add     | width=32   |               | add_19_I19           |
| r469     | DW01_sub     | width=32   |               | sub_22_I19           |
| r471     | DW01_add     | width=32   |               | add_19_I20           |
| r473     | DW01_sub     | width=32   |               | sub_22_I20           |
| r475     | DW01_add     | width=32   |               | add_19_I21           |
| r477     | DW01_sub     | width=32   |               | sub_22_I21           |
| r479     | DW01_add     | width=32   |               | add_19_I22           |
| r481     | DW01_sub     | width=32   |               | sub_22_I22           |
| r483     | DW01_add     | width=32   |               | add_19_I23           |
| r485     | DW01_sub     | width=32   |               | sub_22_I23           |
| r487     | DW01_add     | width=32   |               | add_19_I24           |
| r489     | DW01_sub     | width=32   |               | sub_22_I24           |
| r491     | DW01_add     | width=32   |               | add_19_I25           |
| r493     | DW01_sub     | width=32   |               | sub_22_I25           |
| r495     | DW01_add     | width=32   |               | add_19_I26           |
| r497     | DW01_sub     | width=32   |               | sub_22_I26           |
| r499     | DW01_add     | width=32   |               | add_19_I27           |
| r501     | DW01_sub     | width=32   |               | sub_22_I27           |
| r503     | DW01_add     | width=32   |               | add_19_I28           |
| r505     | DW01_sub     | width=32   |               | sub_22_I28           |
| r507     | DW01_add     | width=32   |               | add_19_I29           |
| r509     | DW01_sub     | width=32   |               | sub_22_I29           |
| r511     | DW01_add     | width=32   |               | add_19_I30           |
| r513     | DW01_sub     | width=32   |               | sub_22_I30           |
| r515     | DW01_add     | width=32   |               | add_19_I31           |
| r517     | DW01_sub     | width=32   |               | sub_22_I31           |
| r519     | DW01_add     | width=32   |               | add_19_I32           |
| r521     | DW01_sub     | width=32   |               | sub_22_I32           |
===============================================================================


Implementation Report
===============================================================================
|                    |                  | Current            | Set            |
| Cell               | Module           | Implementation     | Implementation |
===============================================================================
| sub_22             | DW01_sub         | rpl                |                |
| add_19_I2          | DW01_add         | rpl                |                |
| sub_22_I2          | DW01_sub         | rpl                |                |
| add_19_I3          | DW01_add         | rpl                |                |
| sub_22_I3          | DW01_sub         | rpl                |                |
| add_19_I4          | DW01_add         | rpl                |                |
| sub_22_I4          | DW01_sub         | rpl                |                |
| add_19_I5          | DW01_add         | rpl                |                |
| sub_22_I5          | DW01_sub         | rpl                |                |
| add_19_I6          | DW01_add         | rpl                |                |
| sub_22_I6          | DW01_sub         | rpl                |                |
| add_19_I7          | DW01_add         | rpl                |                |
| sub_22_I7          | DW01_sub         | rpl                |                |
| add_19_I8          | DW01_add         | rpl                |                |
| sub_22_I8          | DW01_sub         | rpl                |                |
| add_19_I9          | DW01_add         | rpl                |                |
| sub_22_I9          | DW01_sub         | rpl                |                |
| add_19_I10         | DW01_add         | rpl                |                |
| sub_22_I10         | DW01_sub         | rpl                |                |
| add_19_I11         | DW01_add         | rpl                |                |
| sub_22_I11         | DW01_sub         | rpl                |                |
| add_19_I12         | DW01_add         | rpl                |                |
| sub_22_I12         | DW01_sub         | rpl                |                |
| add_19_I13         | DW01_add         | rpl                |                |
| sub_22_I13         | DW01_sub         | rpl                |                |
| add_19_I14         | DW01_add         | rpl                |                |
| sub_22_I14         | DW01_sub         | rpl                |                |
| add_19_I15         | DW01_add         | rpl                |                |
| sub_22_I15         | DW01_sub         | rpl                |                |
| add_19_I16         | DW01_add         | rpl                |                |
| sub_22_I16         | DW01_sub         | rpl                |                |
| add_19_I17         | DW01_add         | rpl                |                |
| sub_22_I17         | DW01_sub         | rpl                |                |
| add_19_I18         | DW01_add         | rpl                |                |
| sub_22_I18         | DW01_sub         | rpl                |                |
| add_19_I19         | DW01_add         | rpl                |                |
| sub_22_I19         | DW01_sub         | rpl                |                |
| add_19_I20         | DW01_add         | rpl                |                |
| sub_22_I20         | DW01_sub         | rpl                |                |
| add_19_I21         | DW01_add         | rpl                |                |
| sub_22_I21         | DW01_sub         | rpl                |                |
| add_19_I22         | DW01_add         | rpl                |                |
| sub_22_I22         | DW01_sub         | rpl                |                |
| add_19_I23         | DW01_add         | rpl                |                |
| sub_22_I23         | DW01_sub         | rpl                |                |
| add_19_I24         | DW01_add         | rpl                |                |
| sub_22_I24         | DW01_sub         | rpl                |                |
| add_19_I25         | DW01_add         | rpl                |                |
| sub_22_I25         | DW01_sub         | rpl                |                |
| add_19_I26         | DW01_add         | rpl                |                |
| sub_22_I26         | DW01_sub         | rpl                |                |
| add_19_I27         | DW01_add         | rpl                |                |
| sub_22_I27         | DW01_sub         | rpl                |                |
| add_19_I28         | DW01_add         | rpl                |                |
| sub_22_I28         | DW01_sub         | rpl                |                |
| add_19_I29         | DW01_add         | rpl                |                |
| sub_22_I29         | DW01_sub         | rpl                |                |
| add_19_I30         | DW01_add         | rpl                |                |
| sub_22_I30         | DW01_sub         | rpl                |                |
| add_19_I31         | DW01_add         | rpl                |                |
| sub_22_I31         | DW01_sub         | rpl                |                |
| add_19_I32         | DW01_add         | rpl                |                |
| sub_22_I32         | DW01_sub         | rpl                |                |
===============================================================================

1
