 
****************************************
Report : area
Design : booth_multiplier
Version: U-2022.12-SP7
Date   : Sat Dec 23 16:56:54 2023
****************************************

Information: Updating design information... (UID-85)
Library(s) Used:

    saed90nm_typ_ht (File: /home/user37/Downloads/Lab4/ref/models/saed90nm_typ_ht.db)

Number of ports:                         6302
Number of nets:                         12343
Number of cells:                         4466
Number of combinational cells:           4339
Number of sequential cells:                 0
Number of macros/black boxes:               0
Number of buf/inv:                       1084
Number of references:                      69

Combinational area:              79796.735039
Buf/Inv area:                     5994.086555
Noncombinational area:               0.000000
Macro/Black Box area:                0.000000
Net Interconnect area:            9661.076075

Total cell area:                 79796.735039
Total area:                      89457.811113
1
