 
****************************************
Report : qor
Design : carry_lookahead_adder
Version: U-2022.12-SP7
Date   : Tue Dec 12 16:31:47 2023
****************************************


  Timing Path Group (none)
  -----------------------------------
  Levels of Logic:              34.00
  Critical Path Length:          6.61
  Critical Path Slack:         uninit
  Critical Path Clk Period:       n/a
  Total Negative Slack:          0.00
  No. of Violating Paths:        0.00
  Worst Hold Violation:          0.00
  Total Hold Violation:          0.00
  No. of Hold Violations:        0.00
  -----------------------------------


  Cell Count
  -----------------------------------
  Hierarchical Cell Count:          0
  Hierarchical Port Count:          0
  Leaf Cell Count:                110
  Buf/Inv Cell Count:               8
  Buf Cell Count:                   0
  Inv Cell Count:                   8
  CT Buf/Inv Cell Count:            0
  Combinational Cell Count:       110
  Sequential Cell Count:            0
  Macro Count:                      0
  -----------------------------------


  Area
  -----------------------------------
  Combinational Area:     1339.084813
  Noncombinational Area:     0.000000
  Buf/Inv Area:             44.236801
  Total Buffer Area:             0.00
  Total Inverter Area:          44.24
  Macro/Black Box Area:      0.000000
  Net Area:                 48.569980
  -----------------------------------
  Cell Area:              1339.084813
  Design Area:            1387.654793


  Design Rules
  -----------------------------------
  Total Number of Nets:           175
  Nets With Violations:             0
  Max Trans Violations:             0
  Max Cap Violations:               0
  -----------------------------------


  Hostname: ip-172-31-17-209.ec2.internal

  Compile CPU Statistics
  -----------------------------------------
  Resource Sharing:                    0.00
  Logic Optimization:                  0.38
  Mapping Optimization:                0.09
  -----------------------------------------
  Overall Compile Time:                0.90
  Overall Compile Wall Clock Time:     1.13

  --------------------------------------------------------------------

  Design  WNS: 0.00  TNS: 0.00  Number of Violating Paths: 0


  Design (Hold)  WNS: 0.00  TNS: 0.00  Number of Violating Paths: 0

  --------------------------------------------------------------------


1
