Flow report for adders_mania
Thu Dec 07 18:30:27 2023
Quartus Prime Version 18.1.0 Build 625 09/12/2018 SJ Lite Edition


---------------------
; Table of Contents ;
---------------------
  1. Legal Notice
  2. Flow Summary
  3. Flow Settings
  4. Flow Non-Default Global Settings
  5. Flow Elapsed Time
  6. Flow OS Summary
  7. Flow Log
  8. Flow Messages
  9. Flow Suppressed Messages



----------------
; Legal Notice ;
----------------
Copyright (C) 2018  Intel Corporation. All rights reserved.
Your use of Intel Corporation's design tools, logic functions 
and other software and tools, and its AMPP partner logic 
functions, and any output files from any of the foregoing 
(including device programming or simulation files), and any 
associated documentation or information are expressly subject 
to the terms and conditions of the Intel Program License 
Subscription Agreement, the Intel Quartus Prime License Agreement,
the Intel FPGA IP License Agreement, or other applicable license
agreement, including, without limitation, that your use is for
the sole purpose of programming logic devices manufactured by
Intel and sold by Intel or its authorized distributors.  Please
refer to the applicable agreement for further details.



+-------------------------------------------------------------------------------+
; Flow Summary                                                                  ;
+---------------------------------+---------------------------------------------+
; Flow Status                     ; Successful - Thu Dec 07 18:30:27 2023       ;
; Quartus Prime Version           ; 18.1.0 Build 625 09/12/2018 SJ Lite Edition ;
; Revision Name                   ; adders_mania                                ;
; Top-level Entity Name           ; carry_lookahead_adder                       ;
; Family                          ; Cyclone V                                   ;
; Device                          ; 5CGXFC7C7F23C8                              ;
; Timing Models                   ; Final                                       ;
; Logic utilization (in ALMs)     ; 79 / 56,480 ( < 1 % )                       ;
; Total registers                 ; 0                                           ;
; Total pins                      ; 99 / 268 ( 37 % )                           ;
; Total virtual pins              ; 0                                           ;
; Total block memory bits         ; 0 / 7,024,640 ( 0 % )                       ;
; Total DSP Blocks                ; 0 / 156 ( 0 % )                             ;
; Total HSSI RX PCSs              ; 0 / 6 ( 0 % )                               ;
; Total HSSI PMA RX Deserializers ; 0 / 6 ( 0 % )                               ;
; Total HSSI TX PCSs              ; 0 / 6 ( 0 % )                               ;
; Total HSSI PMA TX Serializers   ; 0 / 6 ( 0 % )                               ;
; Total PLLs                      ; 0 / 13 ( 0 % )                              ;
; Total DLLs                      ; 0 / 4 ( 0 % )                               ;
+---------------------------------+---------------------------------------------+


+-----------------------------------------+
; Flow Settings                           ;
+-------------------+---------------------+
; Option            ; Setting             ;
+-------------------+---------------------+
; Start date & time ; 12/07/2023 18:29:31 ;
; Main task         ; Compilation         ;
; Revision Name     ; adders_mania        ;
+-------------------+---------------------+


+---------------------------------------------------------------------------------------------------------------------------------------+
; Flow Non-Default Global Settings                                                                                                      ;
+-------------------------------------+----------------------------------------+---------------+-----------------------+----------------+
; Assignment Name                     ; Value                                  ; Default Value ; Entity Name           ; Section Id     ;
+-------------------------------------+----------------------------------------+---------------+-----------------------+----------------+
; COMPILER_SIGNATURE_ID               ; 270938843068849.170196657112204        ; --            ; --                    ; --             ;
; EDA_OUTPUT_DATA_FORMAT              ; Verilog Hdl                            ; --            ; --                    ; eda_simulation ;
; EDA_SIMULATION_TOOL                 ; ModelSim-Altera (Verilog)              ; <None>        ; --                    ; --             ;
; EDA_TIME_SCALE                      ; 1 ps                                   ; --            ; --                    ; eda_simulation ;
; MAX_CORE_JUNCTION_TEMP              ; 85                                     ; --            ; --                    ; --             ;
; MIN_CORE_JUNCTION_TEMP              ; 0                                      ; --            ; --                    ; --             ;
; PARTITION_COLOR                     ; -- (Not supported for targeted family) ; --            ; carry_lookahead_adder ; Top            ;
; PARTITION_FITTER_PRESERVATION_LEVEL ; -- (Not supported for targeted family) ; --            ; carry_lookahead_adder ; Top            ;
; PARTITION_NETLIST_TYPE              ; -- (Not supported for targeted family) ; --            ; carry_lookahead_adder ; Top            ;
; PROJECT_OUTPUT_DIRECTORY            ; output_files                           ; --            ; --                    ; --             ;
; TOP_LEVEL_ENTITY                    ; carry_lookahead_adder                  ; adders_mania  ; --                    ; --             ;
+-------------------------------------+----------------------------------------+---------------+-----------------------+----------------+


+--------------------------------------------------------------------------------------------------------------------------+
; Flow Elapsed Time                                                                                                        ;
+----------------------+--------------+-------------------------+---------------------+------------------------------------+
; Module Name          ; Elapsed Time ; Average Processors Used ; Peak Virtual Memory ; Total CPU Time (on all processors) ;
+----------------------+--------------+-------------------------+---------------------+------------------------------------+
; Analysis & Synthesis ; 00:00:08     ; 1.0                     ; 4841 MB             ; 00:00:03                           ;
; Fitter               ; 00:00:35     ; 1.0                     ; 7251 MB             ; 00:00:26                           ;
; Assembler            ; 00:00:06     ; 1.0                     ; 4831 MB             ; 00:00:01                           ;
; Timing Analyzer      ; 00:00:05     ; 1.2                     ; 5258 MB             ; 00:00:01                           ;
; EDA Netlist Writer   ; 00:00:00     ; 1.0                     ; 4743 MB             ; 00:00:00                           ;
; Total                ; 00:00:54     ; --                      ; --                  ; 00:00:31                           ;
+----------------------+--------------+-------------------------+---------------------+------------------------------------+


+------------------------------------------------------------------------------------+
; Flow OS Summary                                                                    ;
+----------------------+------------------+------------+------------+----------------+
; Module Name          ; Machine Hostname ; OS Name    ; OS Version ; Processor type ;
+----------------------+------------------+------------+------------+----------------+
; Analysis & Synthesis ; DESKTOP-N9AAND9  ; Windows 10 ; 10.0       ; x86_64         ;
; Fitter               ; DESKTOP-N9AAND9  ; Windows 10 ; 10.0       ; x86_64         ;
; Assembler            ; DESKTOP-N9AAND9  ; Windows 10 ; 10.0       ; x86_64         ;
; Timing Analyzer      ; DESKTOP-N9AAND9  ; Windows 10 ; 10.0       ; x86_64         ;
; EDA Netlist Writer   ; DESKTOP-N9AAND9  ; Windows 10 ; 10.0       ; x86_64         ;
+----------------------+------------------+------------+------------+----------------+


------------
; Flow Log ;
------------
quartus_map --read_settings_files=on --write_settings_files=off adders_mania -c adders_mania
quartus_fit --read_settings_files=off --write_settings_files=off adders_mania -c adders_mania
quartus_asm --read_settings_files=off --write_settings_files=off adders_mania -c adders_mania
quartus_sta adders_mania -c adders_mania
quartus_eda --read_settings_files=off --write_settings_files=off adders_mania -c adders_mania



