 
****************************************
Report : area
Design : removeSign
Version: U-2022.12-SP7
Date   : Sat Dec 23 17:06:03 2023
****************************************

Information: Updating design information... (UID-85)
Library(s) Used:

    saed90nm_typ_ht (File: /home/user37/Downloads/Lab4/ref/models/saed90nm_typ_ht.db)

Number of ports:                          128
Number of nets:                           222
Number of cells:                           97
Number of combinational cells:             96
Number of sequential cells:                 0
Number of macros/black boxes:               0
Number of buf/inv:                         33
Number of references:                       4

Combinational area:               1016.524817
Buf/Inv area:                      182.476805
Noncombinational area:               0.000000
Macro/Black Box area:                0.000000
Net Interconnect area:              48.638121

Total cell area:                  1016.524817
Total area:                       1065.162937
1
