 
****************************************
Report : cell
Design : removeSign
Version: U-2022.12-SP7
Date   : Sat Dec 23 17:06:03 2023
****************************************

Attributes:
   BO - reference allows boundary optimization
    b - black box (unknown)
    h - hierarchical
    n - noncombinational
    r - removable
    u - contains unmapped logic

Cell                      Reference       Library             Area  Attributes
--------------------------------------------------------------------------------
U66                       MUX21X1         saed90nm_typ_ht 11.059200 
U67                       MUX21X1         saed90nm_typ_ht 11.059200 
U68                       MUX21X1         saed90nm_typ_ht 11.059200 
U69                       MUX21X1         saed90nm_typ_ht 11.059200 
U70                       MUX21X1         saed90nm_typ_ht 11.059200 
U71                       MUX21X1         saed90nm_typ_ht 11.059200 
U72                       MUX21X1         saed90nm_typ_ht 11.059200 
U73                       AND2X1          saed90nm_typ_ht 7.372800  
U74                       MUX21X1         saed90nm_typ_ht 11.059200 
U75                       MUX21X1         saed90nm_typ_ht 11.059200 
U76                       MUX21X1         saed90nm_typ_ht 11.059200 
U77                       MUX21X1         saed90nm_typ_ht 11.059200 
U78                       MUX21X1         saed90nm_typ_ht 11.059200 
U79                       MUX21X1         saed90nm_typ_ht 11.059200 
U80                       MUX21X1         saed90nm_typ_ht 11.059200 
U81                       MUX21X1         saed90nm_typ_ht 11.059200 
U82                       MUX21X1         saed90nm_typ_ht 11.059200 
U83                       MUX21X1         saed90nm_typ_ht 11.059200 
U84                       MUX21X1         saed90nm_typ_ht 11.059200 
U85                       MUX21X1         saed90nm_typ_ht 11.059200 
U86                       MUX21X1         saed90nm_typ_ht 11.059200 
U87                       MUX21X1         saed90nm_typ_ht 11.059200 
U88                       MUX21X1         saed90nm_typ_ht 11.059200 
U89                       MUX21X1         saed90nm_typ_ht 11.059200 
U90                       MUX21X1         saed90nm_typ_ht 11.059200 
U91                       MUX21X1         saed90nm_typ_ht 11.059200 
U92                       MUX21X1         saed90nm_typ_ht 11.059200 
U93                       MUX21X1         saed90nm_typ_ht 11.059200 
U94                       MUX21X1         saed90nm_typ_ht 11.059200 
U95                       MUX21X1         saed90nm_typ_ht 11.059200 
U96                       MUX21X1         saed90nm_typ_ht 11.059200 
U97                       MUX21X1         saed90nm_typ_ht 11.059200 
U98                       INVX0           saed90nm_typ_ht 5.529600  
U99                       INVX0           saed90nm_typ_ht 5.529600  
U100                      INVX0           saed90nm_typ_ht 5.529600  
U101                      INVX0           saed90nm_typ_ht 5.529600  
U102                      INVX0           saed90nm_typ_ht 5.529600  
U103                      INVX0           saed90nm_typ_ht 5.529600  
U104                      INVX0           saed90nm_typ_ht 5.529600  
U105                      INVX0           saed90nm_typ_ht 5.529600  
U106                      INVX0           saed90nm_typ_ht 5.529600  
U107                      INVX0           saed90nm_typ_ht 5.529600  
U108                      INVX0           saed90nm_typ_ht 5.529600  
U109                      INVX0           saed90nm_typ_ht 5.529600  
U110                      INVX0           saed90nm_typ_ht 5.529600  
U111                      INVX0           saed90nm_typ_ht 5.529600  
U112                      INVX0           saed90nm_typ_ht 5.529600  
U113                      INVX0           saed90nm_typ_ht 5.529600  
U114                      INVX0           saed90nm_typ_ht 5.529600  
U115                      INVX0           saed90nm_typ_ht 5.529600  
U116                      INVX0           saed90nm_typ_ht 5.529600  
U117                      INVX0           saed90nm_typ_ht 5.529600  
U118                      INVX0           saed90nm_typ_ht 5.529600  
U119                      INVX0           saed90nm_typ_ht 5.529600  
U120                      INVX0           saed90nm_typ_ht 5.529600  
U121                      INVX0           saed90nm_typ_ht 5.529600  
U122                      INVX0           saed90nm_typ_ht 5.529600  
U123                      INVX0           saed90nm_typ_ht 5.529600  
U124                      INVX0           saed90nm_typ_ht 5.529600  
U125                      INVX0           saed90nm_typ_ht 5.529600  
U126                      INVX0           saed90nm_typ_ht 5.529600  
U127                      INVX0           saed90nm_typ_ht 5.529600  
U128                      INVX0           saed90nm_typ_ht 5.529600  
U129                      INVX0           saed90nm_typ_ht 5.529600  
add_5                     removeSign_DW01_inc_0           489.369603
                                                                    BO, h
--------------------------------------------------------------------------------
Total 65 cells                                            1016.524817
1
