 
****************************************
Report : qor
Design : removeSign
Version: U-2022.12-SP7
Date   : Sat Dec 23 17:06:03 2023
****************************************


  Timing Path Group (none)
  -----------------------------------
  Levels of Logic:              33.00
  Critical Path Length:          7.54
  Critical Path Slack:         uninit
  Critical Path Clk Period:       n/a
  Total Negative Slack:          0.00
  No. of Violating Paths:        0.00
  Worst Hold Violation:          0.00
  Total Hold Violation:          0.00
  No. of Hold Violations:        0.00
  -----------------------------------


  Cell Count
  -----------------------------------
  Hierarchical Cell Count:          1
  Hierarchical Port Count:         64
  Leaf Cell Count:                 96
  Buf/Inv Cell Count:              33
  Buf Cell Count:                   0
  Inv Cell Count:                  33
  CT Buf/Inv Cell Count:            0
  Combinational Cell Count:        96
  Sequential Cell Count:            0
  Macro Count:                      0
  -----------------------------------


  Area
  -----------------------------------
  Combinational Area:     1016.524817
  Noncombinational Area:     0.000000
  Buf/Inv Area:            182.476805
  Total Buffer Area:             0.00
  Total Inverter Area:         182.48
  Macro/Black Box Area:      0.000000
  Net Area:                 48.638121
  -----------------------------------
  Cell Area:              1016.524817
  Design Area:            1065.162937


  Design Rules
  -----------------------------------
  Total Number of Nets:           158
  Nets With Violations:             0
  Max Trans Violations:             0
  Max Cap Violations:               0
  -----------------------------------


  Hostname: ip-172-31-17-209.ec2.internal

  Compile CPU Statistics
  -----------------------------------------
  Resource Sharing:                    0.43
  Logic Optimization:                  0.03
  Mapping Optimization:                0.10
  -----------------------------------------
  Overall Compile Time:                0.86
  Overall Compile Wall Clock Time:     1.09

  --------------------------------------------------------------------

  Design  WNS: 0.00  TNS: 0.00  Number of Violating Paths: 0


  Design (Hold)  WNS: 0.00  TNS: 0.00  Number of Violating Paths: 0

  --------------------------------------------------------------------


1
