 
****************************************
Report : resources
Design : removeSign
Version: U-2022.12-SP7
Date   : Sat Dec 23 17:06:03 2023
****************************************

Resource Sharing Report for design removeSign in file ./source/removeSign.v

===============================================================================
|          |              |            | Contained     |                      |
| Resource | Module       | Parameters | Resources     | Contained Operations |
===============================================================================
| r56      | DW01_inc     | width=32   |               | add_5                |
===============================================================================


Implementation Report
===============================================================================
|                    |                  | Current            | Set            |
| Cell               | Module           | Implementation     | Implementation |
===============================================================================
| add_5              | DW01_inc         | rpl                |                |
===============================================================================

1
