 
****************************************
Report : qor
Design : FullAdder_16bit
Version: U-2022.12-SP7
Date   : Tue Dec 12 18:07:18 2023
****************************************


  Timing Path Group (none)
  -----------------------------------
  Levels of Logic:              16.00
  Critical Path Length:          5.77
  Critical Path Slack:         uninit
  Critical Path Clk Period:       n/a
  Total Negative Slack:          0.00
  No. of Violating Paths:        0.00
  Worst Hold Violation:          0.00
  Total Hold Violation:          0.00
  No. of Hold Violations:        0.00
  -----------------------------------


  Cell Count
  -----------------------------------
  Hierarchical Cell Count:          1
  Hierarchical Port Count:         53
  Leaf Cell Count:                 16
  Buf/Inv Cell Count:               0
  Buf Cell Count:                   0
  Inv Cell Count:                   0
  CT Buf/Inv Cell Count:            0
  Combinational Cell Count:        16
  Sequential Cell Count:            0
  Macro Count:                      0
  -----------------------------------


  Area
  -----------------------------------
  Combinational Area:      471.859192
  Noncombinational Area:     0.000000
  Buf/Inv Area:              0.000000
  Total Buffer Area:             0.00
  Total Inverter Area:           0.00
  Macro/Black Box Area:      0.000000
  Net Area:                  9.061234
  -----------------------------------
  Cell Area:               471.859192
  Design Area:             480.920426


  Design Rules
  -----------------------------------
  Total Number of Nets:            66
  Nets With Violations:             0
  Max Trans Violations:             0
  Max Cap Violations:               0
  -----------------------------------


  Hostname: ip-172-31-17-209.ec2.internal

  Compile CPU Statistics
  -----------------------------------------
  Resource Sharing:                    0.28
  Logic Optimization:                  0.00
  Mapping Optimization:                0.09
  -----------------------------------------
  Overall Compile Time:                0.69
  Overall Compile Wall Clock Time:     0.92

  --------------------------------------------------------------------

  Design  WNS: 0.00  TNS: 0.00  Number of Violating Paths: 0


  Design (Hold)  WNS: 0.00  TNS: 0.00  Number of Violating Paths: 0

  --------------------------------------------------------------------


1
