 
****************************************
Report : cell
Design : FullAdder_16bit
Version: U-2022.12-SP7
Date   : Tue Dec 12 18:07:18 2023
****************************************

Attributes:
   BO - reference allows boundary optimization
    b - black box (unknown)
    h - hierarchical
    n - noncombinational
    r - removable
    u - contains unmapped logic

Cell                      Reference       Library             Area  Attributes
--------------------------------------------------------------------------------
add_1_root_add_59_2       FullAdder_16bit_DW01_add_0      471.859192
                                                                    BO, h
--------------------------------------------------------------------------------
Total 1 cells                                             471.859192
1
