 
****************************************
Report : area
Design : carry_select_adder
Version: U-2022.12-SP7
Date   : Tue Dec 12 18:06:11 2023
****************************************

Information: Updating design information... (UID-85)
Library(s) Used:

    saed90nm_typ_ht (File: /home/user37/Downloads/Lab4/ref/models/saed90nm_typ_ht.db)

Number of ports:                          408
Number of nets:                           487
Number of cells:                           80
Number of combinational cells:             69
Number of sequential cells:                 0
Number of macros/black boxes:               0
Number of buf/inv:                          1
Number of references:                       7

Combinational area:               1633.075181
Buf/Inv area:                        5.529600
Noncombinational area:               0.000000
Macro/Black Box area:                0.000000
Net Interconnect area:              38.613715

Total cell area:                  1633.075181
Total area:                       1671.688896
1
