 
****************************************
Report : area
Design : FullAdder_16bit
Version: U-2022.12-SP7
Date   : Tue Dec 12 18:07:18 2023
****************************************

Information: Updating design information... (UID-85)
Library(s) Used:

    saed90nm_typ_ht (File: /home/user37/Downloads/Lab4/ref/models/saed90nm_typ_ht.db)

Number of ports:                          103
Number of nets:                           116
Number of cells:                           18
Number of combinational cells:             16
Number of sequential cells:                 0
Number of macros/black boxes:               0
Number of buf/inv:                          0
Number of references:                       1

Combinational area:                471.859192
Buf/Inv area:                        0.000000
Noncombinational area:               0.000000
Macro/Black Box area:                0.000000
Net Interconnect area:               9.061234

Total cell area:                   471.859192
Total area:                        480.920426
1
