 
****************************************
Report : qor
Design : carry_select_adder
Version: U-2022.12-SP7
Date   : Tue Dec 12 18:06:11 2023
****************************************


  Timing Path Group (none)
  -----------------------------------
  Levels of Logic:              19.00
  Critical Path Length:          6.61
  Critical Path Slack:         uninit
  Critical Path Clk Period:       n/a
  Total Negative Slack:          0.00
  No. of Violating Paths:        0.00
  Worst Hold Violation:          0.00
  Total Hold Violation:          0.00
  No. of Hold Violations:        0.00
  -----------------------------------


  Cell Count
  -----------------------------------
  Hierarchical Cell Count:          6
  Hierarchical Port Count:        309
  Leaf Cell Count:                 69
  Buf/Inv Cell Count:               1
  Buf Cell Count:                   0
  Inv Cell Count:                   1
  CT Buf/Inv Cell Count:            0
  Combinational Cell Count:        69
  Sequential Cell Count:            0
  Macro Count:                      0
  -----------------------------------


  Area
  -----------------------------------
  Combinational Area:     1633.075181
  Noncombinational Area:     0.000000
  Buf/Inv Area:              5.529600
  Total Buffer Area:             0.00
  Total Inverter Area:           5.53
  Macro/Black Box Area:      0.000000
  Net Area:                 38.613715
  -----------------------------------
  Cell Area:              1633.075181
  Design Area:            1671.688896


  Design Rules
  -----------------------------------
  Total Number of Nets:           187
  Nets With Violations:             0
  Max Trans Violations:             0
  Max Cap Violations:               0
  -----------------------------------


  Hostname: ip-172-31-17-209.ec2.internal

  Compile CPU Statistics
  -----------------------------------------
  Resource Sharing:                    0.32
  Logic Optimization:                  0.02
  Mapping Optimization:                0.10
  -----------------------------------------
  Overall Compile Time:                0.78
  Overall Compile Wall Clock Time:     1.01

  --------------------------------------------------------------------

  Design  WNS: 0.00  TNS: 0.00  Number of Violating Paths: 0


  Design (Hold)  WNS: 0.00  TNS: 0.00  Number of Violating Paths: 0

  --------------------------------------------------------------------


1
