 
****************************************
Report : qor
Design : FullAdder_16bit
Version: U-2022.12-SP7
Date   : Sat Dec 23 17:31:02 2023
****************************************


  Timing Path Group (none)
  -----------------------------------
  Levels of Logic:              17.00
  Critical Path Length:          3.29
  Critical Path Slack:         uninit
  Critical Path Clk Period:       n/a
  Total Negative Slack:          0.00
  No. of Violating Paths:        0.00
  Worst Hold Violation:          0.00
  Total Hold Violation:          0.00
  No. of Hold Violations:        0.00
  -----------------------------------


  Cell Count
  -----------------------------------
  Hierarchical Cell Count:         16
  Hierarchical Port Count:         80
  Leaf Cell Count:                 48
  Buf/Inv Cell Count:               0
  Buf Cell Count:                   0
  Inv Cell Count:                   0
  CT Buf/Inv Cell Count:            0
  Combinational Cell Count:        48
  Sequential Cell Count:            0
  Macro Count:                      0
  -----------------------------------


  Area
  -----------------------------------
  Combinational Area:      634.060806
  Noncombinational Area:     0.000000
  Buf/Inv Area:              0.000000
  Total Buffer Area:             0.00
  Total Inverter Area:           0.00
  Macro/Black Box Area:      0.000000
  Net Area:                 20.594457
  -----------------------------------
  Cell Area:               634.060806
  Design Area:             654.655263


  Design Rules
  -----------------------------------
  Total Number of Nets:            81
  Nets With Violations:             0
  Max Trans Violations:             0
  Max Cap Violations:               0
  -----------------------------------


  Hostname: ip-172-31-17-209.ec2.internal

  Compile CPU Statistics
  -----------------------------------------
  Resource Sharing:                    0.00
  Logic Optimization:                  0.04
  Mapping Optimization:                0.09
  -----------------------------------------
  Overall Compile Time:                0.46
  Overall Compile Wall Clock Time:     0.68

  --------------------------------------------------------------------

  Design  WNS: 0.00  TNS: 0.00  Number of Violating Paths: 0


  Design (Hold)  WNS: 0.00  TNS: 0.00  Number of Violating Paths: 0

  --------------------------------------------------------------------


1
